<testsuites id="" name="" tests="28" failures="28" skipped="0" errors="0" time="15.776839999999998">
<testsuite name="01-authentication.spec.ts" timestamp="2025-12-12T18:11:18.322Z" hostname="msedge" tests="5" failures="5" skipped="0" time="0.016" errors="0">
<testcase name="Authentication &amp; Account Management › 1.1: Google SSO Signup (New User)" classname="01-authentication.spec.ts" time="0.003">
<failure message="01-authentication.spec.ts:16:3 1.1: Google SSO Signup (New User)" type="FAILURE">
<![CDATA[  [msedge] › 01-authentication.spec.ts:16:3 › Authentication & Account Management › 1.1: Google SSO Signup (New User) 

    Error: browserType.launch: Executable doesn't exist at /home/wyofalcon/.cache/ms-playwright/chromium_headless_shell-1200/chrome-headless-shell-linux64/chrome-headless-shell
    ╔═════════════════════════════════════════════════════════════════════════╗
    ║ Looks like Playwright Test or Playwright was just installed or updated. ║
    ║ Please run the following command to download new browsers:              ║
    ║                                                                         ║
    ║     npx playwright install                                              ║
    ║                                                                         ║
    ║ <3 Playwright Team                                                      ║
    ╚═════════════════════════════════════════════════════════════════════════╝

    attachment #1: trace (application/zip) ─────────────────────────────────────────────────────────
    ../../test-results/01-authentication-Authenti-563aa-Google-SSO-Signup-New-User--msedge/trace.zip
    Usage:

        npx playwright show-trace ../../test-results/01-authentication-Authenti-563aa-Google-SSO-Signup-New-User--msedge/trace.zip

    ────────────────────────────────────────────────────────────────────────────────────────────────
]]>
</failure>
<system-out>
<![CDATA[
[[ATTACHMENT|../../test-results/01-authentication-Authenti-563aa-Google-SSO-Signup-New-User--msedge/trace.zip]]
]]>
</system-out>
</testcase>
<testcase name="Authentication &amp; Account Management › 1.2: Email/Password Signup (New User)" classname="01-authentication.spec.ts" time="0.003">
<failure message="01-authentication.spec.ts:40:3 1.2: Email/Password Signup (New User)" type="FAILURE">
<![CDATA[  [msedge] › 01-authentication.spec.ts:40:3 › Authentication & Account Management › 1.2: Email/Password Signup (New User) 

    Error: browserType.launch: Executable doesn't exist at /home/wyofalcon/.cache/ms-playwright/chromium_headless_shell-1200/chrome-headless-shell-linux64/chrome-headless-shell
    ╔═════════════════════════════════════════════════════════════════════════╗
    ║ Looks like Playwright Test or Playwright was just installed or updated. ║
    ║ Please run the following command to download new browsers:              ║
    ║                                                                         ║
    ║     npx playwright install                                              ║
    ║                                                                         ║
    ║ <3 Playwright Team                                                      ║
    ╚═════════════════════════════════════════════════════════════════════════╝

    attachment #1: trace (application/zip) ─────────────────────────────────────────────────────────
    ../../test-results/01-authentication-Authenti-d5d9f-l-Password-Signup-New-User--msedge/trace.zip
    Usage:

        npx playwright show-trace ../../test-results/01-authentication-Authenti-d5d9f-l-Password-Signup-New-User--msedge/trace.zip

    ────────────────────────────────────────────────────────────────────────────────────────────────
]]>
</failure>
<system-out>
<![CDATA[
[[ATTACHMENT|../../test-results/01-authentication-Authenti-d5d9f-l-Password-Signup-New-User--msedge/trace.zip]]
]]>
</system-out>
</testcase>
<testcase name="Authentication &amp; Account Management › 1.3: Google SSO Login (Existing User)" classname="01-authentication.spec.ts" time="0.004">
<failure message="01-authentication.spec.ts:70:3 1.3: Google SSO Login (Existing User)" type="FAILURE">
<![CDATA[  [msedge] › 01-authentication.spec.ts:70:3 › Authentication & Account Management › 1.3: Google SSO Login (Existing User) 

    Error: browserType.launch: Executable doesn't exist at /home/wyofalcon/.cache/ms-playwright/chromium_headless_shell-1200/chrome-headless-shell-linux64/chrome-headless-shell
    ╔═════════════════════════════════════════════════════════════════════════╗
    ║ Looks like Playwright Test or Playwright was just installed or updated. ║
    ║ Please run the following command to download new browsers:              ║
    ║                                                                         ║
    ║     npx playwright install                                              ║
    ║                                                                         ║
    ║ <3 Playwright Team                                                      ║
    ╚═════════════════════════════════════════════════════════════════════════╝

    attachment #1: trace (application/zip) ─────────────────────────────────────────────────────────
    ../../test-results/01-authentication-Authenti-652ee-le-SSO-Login-Existing-User--msedge/trace.zip
    Usage:

        npx playwright show-trace ../../test-results/01-authentication-Authenti-652ee-le-SSO-Login-Existing-User--msedge/trace.zip

    ────────────────────────────────────────────────────────────────────────────────────────────────
]]>
</failure>
<system-out>
<![CDATA[
[[ATTACHMENT|../../test-results/01-authentication-Authenti-652ee-le-SSO-Login-Existing-User--msedge/trace.zip]]
]]>
</system-out>
</testcase>
<testcase name="Authentication &amp; Account Management › 1.6: Logout Functionality" classname="01-authentication.spec.ts" time="0.003">
<failure message="01-authentication.spec.ts:86:3 1.6: Logout Functionality" type="FAILURE">
<![CDATA[  [msedge] › 01-authentication.spec.ts:86:3 › Authentication & Account Management › 1.6: Logout Functionality 

    Error: browserType.launch: Executable doesn't exist at /home/wyofalcon/.cache/ms-playwright/chromium_headless_shell-1200/chrome-headless-shell-linux64/chrome-headless-shell
    ╔═════════════════════════════════════════════════════════════════════════╗
    ║ Looks like Playwright Test or Playwright was just installed or updated. ║
    ║ Please run the following command to download new browsers:              ║
    ║                                                                         ║
    ║     npx playwright install                                              ║
    ║                                                                         ║
    ║ <3 Playwright Team                                                      ║
    ╚═════════════════════════════════════════════════════════════════════════╝

    attachment #1: trace (application/zip) ─────────────────────────────────────────────────────────
    ../../test-results/01-authentication-Authenti-b73d6-nt-1-6-Logout-Functionality-msedge/trace.zip
    Usage:

        npx playwright show-trace ../../test-results/01-authentication-Authenti-b73d6-nt-1-6-Logout-Functionality-msedge/trace.zip

    ────────────────────────────────────────────────────────────────────────────────────────────────
]]>
</failure>
<system-out>
<![CDATA[
[[ATTACHMENT|../../test-results/01-authentication-Authenti-b73d6-nt-1-6-Logout-Functionality-msedge/trace.zip]]
]]>
</system-out>
</testcase>
<testcase name="Authentication &amp; Account Management › 1.7: Profile Completion Modal" classname="01-authentication.spec.ts" time="0.003">
<failure message="01-authentication.spec.ts:103:3 1.7: Profile Completion Modal" type="FAILURE">
<![CDATA[  [msedge] › 01-authentication.spec.ts:103:3 › Authentication & Account Management › 1.7: Profile Completion Modal 

    Error: browserType.launch: Executable doesn't exist at /home/wyofalcon/.cache/ms-playwright/chromium_headless_shell-1200/chrome-headless-shell-linux64/chrome-headless-shell
    ╔═════════════════════════════════════════════════════════════════════════╗
    ║ Looks like Playwright Test or Playwright was just installed or updated. ║
    ║ Please run the following command to download new browsers:              ║
    ║                                                                         ║
    ║     npx playwright install                                              ║
    ║                                                                         ║
    ║ <3 Playwright Team                                                      ║
    ╚═════════════════════════════════════════════════════════════════════════╝

    attachment #1: trace (application/zip) ─────────────────────────────────────────────────────────
    ../../test-results/01-authentication-Authenti-50a28--7-Profile-Completion-Modal-msedge/trace.zip
    Usage:

        npx playwright show-trace ../../test-results/01-authentication-Authenti-50a28--7-Profile-Completion-Modal-msedge/trace.zip

    ────────────────────────────────────────────────────────────────────────────────────────────────
]]>
</failure>
<system-out>
<![CDATA[
[[ATTACHMENT|../../test-results/01-authentication-Authenti-50a28--7-Profile-Completion-Modal-msedge/trace.zip]]
]]>
</system-out>
</testcase>
</testsuite>
<testsuite name="02-resume-generation.spec.ts" timestamp="2025-12-12T18:11:18.322Z" hostname="msedge" tests="1" failures="1" skipped="0" time="0.003" errors="0">
<testcase name="Resume Generation - Without Upload › 2.1-2.6: Complete Resume Generation Flow" classname="02-resume-generation.spec.ts" time="0.003">
<failure message="02-resume-generation.spec.ts:16:3 2.1-2.6: Complete Resume Generation Flow" type="FAILURE">
<![CDATA[  [msedge] › 02-resume-generation.spec.ts:16:3 › Resume Generation - Without Upload › 2.1-2.6: Complete Resume Generation Flow 

    Error: browserType.launch: Executable doesn't exist at /home/wyofalcon/.cache/ms-playwright/chromium_headless_shell-1200/chrome-headless-shell-linux64/chrome-headless-shell
    ╔═════════════════════════════════════════════════════════════════════════╗
    ║ Looks like Playwright Test or Playwright was just installed or updated. ║
    ║ Please run the following command to download new browsers:              ║
    ║                                                                         ║
    ║     npx playwright install                                              ║
    ║                                                                         ║
    ║ <3 Playwright Team                                                      ║
    ╚═════════════════════════════════════════════════════════════════════════╝

    attachment #1: trace (application/zip) ─────────────────────────────────────────────────────────
    ../../test-results/02-resume-generation-Resum-7572f-lete-Resume-Generation-Flow-msedge/trace.zip
    Usage:

        npx playwright show-trace ../../test-results/02-resume-generation-Resum-7572f-lete-Resume-Generation-Flow-msedge/trace.zip

    ────────────────────────────────────────────────────────────────────────────────────────────────
]]>
</failure>
<system-out>
<![CDATA[
[[ATTACHMENT|../../test-results/02-resume-generation-Resum-7572f-lete-Resume-Generation-Flow-msedge/trace.zip]]
]]>
</system-out>
</testcase>
</testsuite>
<testsuite name="03-resume-with-upload.spec.ts" timestamp="2025-12-12T18:11:18.322Z" hostname="msedge" tests="5" failures="5" skipped="0" time="0.014" errors="0">
<testcase name="Resume Generation - With Upload › 3.1-3.2: Upload Existing Resume" classname="03-resume-with-upload.spec.ts" time="0.002">
<failure message="03-resume-with-upload.spec.ts:21:3 3.1-3.2: Upload Existing Resume" type="FAILURE">
<![CDATA[  [msedge] › 03-resume-with-upload.spec.ts:21:3 › Resume Generation - With Upload › 3.1-3.2: Upload Existing Resume 

    Error: browserType.launch: Executable doesn't exist at /home/wyofalcon/.cache/ms-playwright/chromium_headless_shell-1200/chrome-headless-shell-linux64/chrome-headless-shell
    ╔═════════════════════════════════════════════════════════════════════════╗
    ║ Looks like Playwright Test or Playwright was just installed or updated. ║
    ║ Please run the following command to download new browsers:              ║
    ║                                                                         ║
    ║     npx playwright install                                              ║
    ║                                                                         ║
    ║ <3 Playwright Team                                                      ║
    ╚═════════════════════════════════════════════════════════════════════════╝

    attachment #1: trace (application/zip) ─────────────────────────────────────────────────────────
    ../../test-results/03-resume-with-upload-Resu-be969--3-2-Upload-Existing-Resume-msedge/trace.zip
    Usage:

        npx playwright show-trace ../../test-results/03-resume-with-upload-Resu-be969--3-2-Upload-Existing-Resume-msedge/trace.zip

    ────────────────────────────────────────────────────────────────────────────────────────────────
]]>
</failure>
<system-out>
<![CDATA[
[[ATTACHMENT|../../test-results/03-resume-with-upload-Resu-be969--3-2-Upload-Existing-Resume-msedge/trace.zip]]
]]>
</system-out>
</testcase>
<testcase name="Resume Generation - With Upload › 3.3: Job Description Input (With Uploaded Resume)" classname="03-resume-with-upload.spec.ts" time="0.003">
<failure message="03-resume-with-upload.spec.ts:59:3 3.3: Job Description Input (With Uploaded Resume)" type="FAILURE">
<![CDATA[  [msedge] › 03-resume-with-upload.spec.ts:59:3 › Resume Generation - With Upload › 3.3: Job Description Input (With Uploaded Resume) 

    Error: browserType.launch: Executable doesn't exist at /home/wyofalcon/.cache/ms-playwright/chromium_headless_shell-1200/chrome-headless-shell-linux64/chrome-headless-shell
    ╔═════════════════════════════════════════════════════════════════════════╗
    ║ Looks like Playwright Test or Playwright was just installed or updated. ║
    ║ Please run the following command to download new browsers:              ║
    ║                                                                         ║
    ║     npx playwright install                                              ║
    ║                                                                         ║
    ║ <3 Playwright Team                                                      ║
    ╚═════════════════════════════════════════════════════════════════════════╝

    attachment #1: trace (application/zip) ─────────────────────────────────────────────────────────
    ../../test-results/03-resume-with-upload-Resu-c1c60-Input-With-Uploaded-Resume--msedge/trace.zip
    Usage:

        npx playwright show-trace ../../test-results/03-resume-with-upload-Resu-c1c60-Input-With-Uploaded-Resume--msedge/trace.zip

    ────────────────────────────────────────────────────────────────────────────────────────────────
]]>
</failure>
<system-out>
<![CDATA[
[[ATTACHMENT|../../test-results/03-resume-with-upload-Resu-c1c60-Input-With-Uploaded-Resume--msedge/trace.zip]]
]]>
</system-out>
</testcase>
<testcase name="Resume Generation - With Upload › 3.4: Gap Analysis Questions (Resume-First Mode)" classname="03-resume-with-upload.spec.ts" time="0.003">
<failure message="03-resume-with-upload.spec.ts:87:3 3.4: Gap Analysis Questions (Resume-First Mode)" type="FAILURE">
<![CDATA[  [msedge] › 03-resume-with-upload.spec.ts:87:3 › Resume Generation - With Upload › 3.4: Gap Analysis Questions (Resume-First Mode) 

    Error: browserType.launch: Executable doesn't exist at /home/wyofalcon/.cache/ms-playwright/chromium_headless_shell-1200/chrome-headless-shell-linux64/chrome-headless-shell
    ╔═════════════════════════════════════════════════════════════════════════╗
    ║ Looks like Playwright Test or Playwright was just installed or updated. ║
    ║ Please run the following command to download new browsers:              ║
    ║                                                                         ║
    ║     npx playwright install                                              ║
    ║                                                                         ║
    ║ <3 Playwright Team                                                      ║
    ╚═════════════════════════════════════════════════════════════════════════╝

    attachment #1: trace (application/zip) ─────────────────────────────────────────────────────────
    ../../test-results/03-resume-with-upload-Resu-45d20-uestions-Resume-First-Mode--msedge/trace.zip
    Usage:

        npx playwright show-trace ../../test-results/03-resume-with-upload-Resu-45d20-uestions-Resume-First-Mode--msedge/trace.zip

    ────────────────────────────────────────────────────────────────────────────────────────────────
]]>
</failure>
<system-out>
<![CDATA[
[[ATTACHMENT|../../test-results/03-resume-with-upload-Resu-45d20-uestions-Resume-First-Mode--msedge/trace.zip]]
]]>
</system-out>
</testcase>
<testcase name="Resume Generation - With Upload › 3.5: Answer Gap Analysis Questions" classname="03-resume-with-upload.spec.ts" time="0.003">
<failure message="03-resume-with-upload.spec.ts:119:3 3.5: Answer Gap Analysis Questions" type="FAILURE">
<![CDATA[  [msedge] › 03-resume-with-upload.spec.ts:119:3 › Resume Generation - With Upload › 3.5: Answer Gap Analysis Questions 

    Error: browserType.launch: Executable doesn't exist at /home/wyofalcon/.cache/ms-playwright/chromium_headless_shell-1200/chrome-headless-shell-linux64/chrome-headless-shell
    ╔═════════════════════════════════════════════════════════════════════════╗
    ║ Looks like Playwright Test or Playwright was just installed or updated. ║
    ║ Please run the following command to download new browsers:              ║
    ║                                                                         ║
    ║     npx playwright install                                              ║
    ║                                                                         ║
    ║ <3 Playwright Team                                                      ║
    ╚═════════════════════════════════════════════════════════════════════════╝

    attachment #1: trace (application/zip) ─────────────────────────────────────────────────────────
    ../../test-results/03-resume-with-upload-Resu-55d9a-swer-Gap-Analysis-Questions-msedge/trace.zip
    Usage:

        npx playwright show-trace ../../test-results/03-resume-with-upload-Resu-55d9a-swer-Gap-Analysis-Questions-msedge/trace.zip

    ────────────────────────────────────────────────────────────────────────────────────────────────
]]>
</failure>
<system-out>
<![CDATA[
[[ATTACHMENT|../../test-results/03-resume-with-upload-Resu-55d9a-swer-Gap-Analysis-Questions-msedge/trace.zip]]
]]>
</system-out>
</testcase>
<testcase name="Resume Generation - With Upload › 3.6: Generate Hybrid Resume" classname="03-resume-with-upload.spec.ts" time="0.003">
<failure message="03-resume-with-upload.spec.ts:140:3 3.6: Generate Hybrid Resume" type="FAILURE">
<![CDATA[  [msedge] › 03-resume-with-upload.spec.ts:140:3 › Resume Generation - With Upload › 3.6: Generate Hybrid Resume 

    Error: browserType.launch: Executable doesn't exist at /home/wyofalcon/.cache/ms-playwright/chromium_headless_shell-1200/chrome-headless-shell-linux64/chrome-headless-shell
    ╔═════════════════════════════════════════════════════════════════════════╗
    ║ Looks like Playwright Test or Playwright was just installed or updated. ║
    ║ Please run the following command to download new browsers:              ║
    ║                                                                         ║
    ║     npx playwright install                                              ║
    ║                                                                         ║
    ║ <3 Playwright Team                                                      ║
    ╚═════════════════════════════════════════════════════════════════════════╝

    attachment #1: trace (application/zip) ─────────────────────────────────────────────────────────
    ../../test-results/03-resume-with-upload-Resu-fab99--3-6-Generate-Hybrid-Resume-msedge/trace.zip
    Usage:

        npx playwright show-trace ../../test-results/03-resume-with-upload-Resu-fab99--3-6-Generate-Hybrid-Resume-msedge/trace.zip

    ────────────────────────────────────────────────────────────────────────────────────────────────
]]>
</failure>
<system-out>
<![CDATA[
[[ATTACHMENT|../../test-results/03-resume-with-upload-Resu-fab99--3-6-Generate-Hybrid-Resume-msedge/trace.zip]]
]]>
</system-out>
</testcase>
</testsuite>
<testsuite name="04-resume-history.spec.ts" timestamp="2025-12-12T18:11:18.322Z" hostname="msedge" tests="8" failures="8" skipped="0" time="0.028" errors="0">
<testcase name="Resume History &amp; Management › 4.1: Navigate to Resume History" classname="04-resume-history.spec.ts" time="0.003">
<failure message="04-resume-history.spec.ts:17:3 4.1: Navigate to Resume History" type="FAILURE">
<![CDATA[  [msedge] › 04-resume-history.spec.ts:17:3 › Resume History & Management › 4.1: Navigate to Resume History 

    Error: browserType.launch: Executable doesn't exist at /home/wyofalcon/.cache/ms-playwright/chromium_headless_shell-1200/chrome-headless-shell-linux64/chrome-headless-shell
    ╔═════════════════════════════════════════════════════════════════════════╗
    ║ Looks like Playwright Test or Playwright was just installed or updated. ║
    ║ Please run the following command to download new browsers:              ║
    ║                                                                         ║
    ║     npx playwright install                                              ║
    ║                                                                         ║
    ║ <3 Playwright Team                                                      ║
    ╚═════════════════════════════════════════════════════════════════════════╝

    attachment #1: trace (application/zip) ─────────────────────────────────────────────────────────
    ../../test-results/04-resume-history-Resume-H-ed166--Navigate-to-Resume-History-msedge/trace.zip
    Usage:

        npx playwright show-trace ../../test-results/04-resume-history-Resume-H-ed166--Navigate-to-Resume-History-msedge/trace.zip

    ────────────────────────────────────────────────────────────────────────────────────────────────
]]>
</failure>
<system-out>
<![CDATA[
[[ATTACHMENT|../../test-results/04-resume-history-Resume-H-ed166--Navigate-to-Resume-History-msedge/trace.zip]]
]]>
</system-out>
</testcase>
<testcase name="Resume History &amp; Management › 4.2: Resume Cards Display" classname="04-resume-history.spec.ts" time="0.003">
<failure message="04-resume-history.spec.ts:38:3 4.2: Resume Cards Display" type="FAILURE">
<![CDATA[  [msedge] › 04-resume-history.spec.ts:38:3 › Resume History & Management › 4.2: Resume Cards Display 

    Error: browserType.launch: Executable doesn't exist at /home/wyofalcon/.cache/ms-playwright/chromium_headless_shell-1200/chrome-headless-shell-linux64/chrome-headless-shell
    ╔═════════════════════════════════════════════════════════════════════════╗
    ║ Looks like Playwright Test or Playwright was just installed or updated. ║
    ║ Please run the following command to download new browsers:              ║
    ║                                                                         ║
    ║     npx playwright install                                              ║
    ║                                                                         ║
    ║ <3 Playwright Team                                                      ║
    ╚═════════════════════════════════════════════════════════════════════════╝

    attachment #1: trace (application/zip) ─────────────────────────────────────────────────────────
    ../../test-results/04-resume-history-Resume-H-c2e7f-nt-4-2-Resume-Cards-Display-msedge/trace.zip
    Usage:

        npx playwright show-trace ../../test-results/04-resume-history-Resume-H-c2e7f-nt-4-2-Resume-Cards-Display-msedge/trace.zip

    ────────────────────────────────────────────────────────────────────────────────────────────────
]]>
</failure>
<system-out>
<![CDATA[
[[ATTACHMENT|../../test-results/04-resume-history-Resume-H-c2e7f-nt-4-2-Resume-Cards-Display-msedge/trace.zip]]
]]>
</system-out>
</testcase>
<testcase name="Resume History &amp; Management › 4.3: Search Functionality" classname="04-resume-history.spec.ts" time="0.004">
<failure message="04-resume-history.spec.ts:92:3 4.3: Search Functionality" type="FAILURE">
<![CDATA[  [msedge] › 04-resume-history.spec.ts:92:3 › Resume History & Management › 4.3: Search Functionality 

    Error: browserType.launch: Executable doesn't exist at /home/wyofalcon/.cache/ms-playwright/chromium_headless_shell-1200/chrome-headless-shell-linux64/chrome-headless-shell
    ╔═════════════════════════════════════════════════════════════════════════╗
    ║ Looks like Playwright Test or Playwright was just installed or updated. ║
    ║ Please run the following command to download new browsers:              ║
    ║                                                                         ║
    ║     npx playwright install                                              ║
    ║                                                                         ║
    ║ <3 Playwright Team                                                      ║
    ╚═════════════════════════════════════════════════════════════════════════╝

    attachment #1: trace (application/zip) ─────────────────────────────────────────────────────────
    ../../test-results/04-resume-history-Resume-H-46ed5-nt-4-3-Search-Functionality-msedge/trace.zip
    Usage:

        npx playwright show-trace ../../test-results/04-resume-history-Resume-H-46ed5-nt-4-3-Search-Functionality-msedge/trace.zip

    ────────────────────────────────────────────────────────────────────────────────────────────────
]]>
</failure>
<system-out>
<![CDATA[
[[ATTACHMENT|../../test-results/04-resume-history-Resume-H-46ed5-nt-4-3-Search-Functionality-msedge/trace.zip]]
]]>
</system-out>
</testcase>
<testcase name="Resume History &amp; Management › 4.4: Filter Dropdown" classname="04-resume-history.spec.ts" time="0.004">
<failure message="04-resume-history.spec.ts:152:3 4.4: Filter Dropdown" type="FAILURE">
<![CDATA[  [msedge] › 04-resume-history.spec.ts:152:3 › Resume History & Management › 4.4: Filter Dropdown ──

    Error: browserType.launch: Executable doesn't exist at /home/wyofalcon/.cache/ms-playwright/chromium_headless_shell-1200/chrome-headless-shell-linux64/chrome-headless-shell
    ╔═════════════════════════════════════════════════════════════════════════╗
    ║ Looks like Playwright Test or Playwright was just installed or updated. ║
    ║ Please run the following command to download new browsers:              ║
    ║                                                                         ║
    ║     npx playwright install                                              ║
    ║                                                                         ║
    ║ <3 Playwright Team                                                      ║
    ╚═════════════════════════════════════════════════════════════════════════╝

    attachment #1: trace (application/zip) ─────────────────────────────────────────────────────────
    ../../test-results/04-resume-history-Resume-H-58419-agement-4-4-Filter-Dropdown-msedge/trace.zip
    Usage:

        npx playwright show-trace ../../test-results/04-resume-history-Resume-H-58419-agement-4-4-Filter-Dropdown-msedge/trace.zip

    ────────────────────────────────────────────────────────────────────────────────────────────────
]]>
</failure>
<system-out>
<![CDATA[
[[ATTACHMENT|../../test-results/04-resume-history-Resume-H-58419-agement-4-4-Filter-Dropdown-msedge/trace.zip]]
]]>
</system-out>
</testcase>
<testcase name="Resume History &amp; Management › 4.5: View Resume (Detail Page)" classname="04-resume-history.spec.ts" time="0.005">
<failure message="04-resume-history.spec.ts:190:3 4.5: View Resume (Detail Page)" type="FAILURE">
<![CDATA[  [msedge] › 04-resume-history.spec.ts:190:3 › Resume History & Management › 4.5: View Resume (Detail Page) 

    Error: browserType.launch: Executable doesn't exist at /home/wyofalcon/.cache/ms-playwright/chromium_headless_shell-1200/chrome-headless-shell-linux64/chrome-headless-shell
    ╔═════════════════════════════════════════════════════════════════════════╗
    ║ Looks like Playwright Test or Playwright was just installed or updated. ║
    ║ Please run the following command to download new browsers:              ║
    ║                                                                         ║
    ║     npx playwright install                                              ║
    ║                                                                         ║
    ║ <3 Playwright Team                                                      ║
    ╚═════════════════════════════════════════════════════════════════════════╝

    attachment #1: trace (application/zip) ─────────────────────────────────────────────────────────
    ../../test-results/04-resume-history-Resume-H-ba149--5-View-Resume-Detail-Page--msedge/trace.zip
    Usage:

        npx playwright show-trace ../../test-results/04-resume-history-Resume-H-ba149--5-View-Resume-Detail-Page--msedge/trace.zip

    ────────────────────────────────────────────────────────────────────────────────────────────────
]]>
</failure>
<system-out>
<![CDATA[
[[ATTACHMENT|../../test-results/04-resume-history-Resume-H-ba149--5-View-Resume-Detail-Page--msedge/trace.zip]]
]]>
</system-out>
</testcase>
<testcase name="Resume History &amp; Management › 4.6: Download from History" classname="04-resume-history.spec.ts" time="0.003">
<failure message="04-resume-history.spec.ts:219:3 4.6: Download from History" type="FAILURE">
<![CDATA[  [msedge] › 04-resume-history.spec.ts:219:3 › Resume History & Management › 4.6: Download from History 

    Error: browserType.launch: Executable doesn't exist at /home/wyofalcon/.cache/ms-playwright/chromium_headless_shell-1200/chrome-headless-shell-linux64/chrome-headless-shell
    ╔═════════════════════════════════════════════════════════════════════════╗
    ║ Looks like Playwright Test or Playwright was just installed or updated. ║
    ║ Please run the following command to download new browsers:              ║
    ║                                                                         ║
    ║     npx playwright install                                              ║
    ║                                                                         ║
    ║ <3 Playwright Team                                                      ║
    ╚═════════════════════════════════════════════════════════════════════════╝

    attachment #1: trace (application/zip) ─────────────────────────────────────────────────────────
    ../../test-results/04-resume-history-Resume-H-6c8ba-t-4-6-Download-from-History-msedge/trace.zip
    Usage:

        npx playwright show-trace ../../test-results/04-resume-history-Resume-H-6c8ba-t-4-6-Download-from-History-msedge/trace.zip

    ────────────────────────────────────────────────────────────────────────────────────────────────
]]>
</failure>
<system-out>
<![CDATA[
[[ATTACHMENT|../../test-results/04-resume-history-Resume-H-6c8ba-t-4-6-Download-from-History-msedge/trace.zip]]
]]>
</system-out>
</testcase>
<testcase name="Resume History &amp; Management › 4.7: Delete Resume" classname="04-resume-history.spec.ts" time="0.003">
<failure message="04-resume-history.spec.ts:241:3 4.7: Delete Resume" type="FAILURE">
<![CDATA[  [msedge] › 04-resume-history.spec.ts:241:3 › Resume History & Management › 4.7: Delete Resume ────

    Error: browserType.launch: Executable doesn't exist at /home/wyofalcon/.cache/ms-playwright/chromium_headless_shell-1200/chrome-headless-shell-linux64/chrome-headless-shell
    ╔═════════════════════════════════════════════════════════════════════════╗
    ║ Looks like Playwright Test or Playwright was just installed or updated. ║
    ║ Please run the following command to download new browsers:              ║
    ║                                                                         ║
    ║     npx playwright install                                              ║
    ║                                                                         ║
    ║ <3 Playwright Team                                                      ║
    ╚═════════════════════════════════════════════════════════════════════════╝

    attachment #1: trace (application/zip) ─────────────────────────────────────────────────────────
    ../../test-results/04-resume-history-Resume-H-6890c-anagement-4-7-Delete-Resume-msedge/trace.zip
    Usage:

        npx playwright show-trace ../../test-results/04-resume-history-Resume-H-6890c-anagement-4-7-Delete-Resume-msedge/trace.zip

    ────────────────────────────────────────────────────────────────────────────────────────────────
]]>
</failure>
<system-out>
<![CDATA[
[[ATTACHMENT|../../test-results/04-resume-history-Resume-H-6890c-anagement-4-7-Delete-Resume-msedge/trace.zip]]
]]>
</system-out>
</testcase>
<testcase name="Resume History &amp; Management › 4.8: Empty State (No Resumes)" classname="04-resume-history.spec.ts" time="0.003">
<failure message="04-resume-history.spec.ts:279:3 4.8: Empty State (No Resumes)" type="FAILURE">
<![CDATA[  [msedge] › 04-resume-history.spec.ts:279:3 › Resume History & Management › 4.8: Empty State (No Resumes) 

    Error: browserType.launch: Executable doesn't exist at /home/wyofalcon/.cache/ms-playwright/chromium_headless_shell-1200/chrome-headless-shell-linux64/chrome-headless-shell
    ╔═════════════════════════════════════════════════════════════════════════╗
    ║ Looks like Playwright Test or Playwright was just installed or updated. ║
    ║ Please run the following command to download new browsers:              ║
    ║                                                                         ║
    ║     npx playwright install                                              ║
    ║                                                                         ║
    ║ <3 Playwright Team                                                      ║
    ╚═════════════════════════════════════════════════════════════════════════╝

    attachment #1: trace (application/zip) ─────────────────────────────────────────────────────────
    ../../test-results/04-resume-history-Resume-H-d46ed-4-8-Empty-State-No-Resumes--msedge/trace.zip
    Usage:

        npx playwright show-trace ../../test-results/04-resume-history-Resume-H-d46ed-4-8-Empty-State-No-Resumes--msedge/trace.zip

    ────────────────────────────────────────────────────────────────────────────────────────────────
]]>
</failure>
<system-out>
<![CDATA[
[[ATTACHMENT|../../test-results/04-resume-history-Resume-H-d46ed-4-8-Empty-State-No-Resumes--msedge/trace.zip]]
]]>
</system-out>
</testcase>
</testsuite>
<testsuite name="05-profile.spec.ts" timestamp="2025-12-12T18:11:18.322Z" hostname="msedge" tests="4" failures="4" skipped="0" time="0.012" errors="0">
<testcase name="Profile Management › 5.1: View Profile" classname="05-profile.spec.ts" time="0.003">
<failure message="05-profile.spec.ts:17:3 5.1: View Profile" type="FAILURE">
<![CDATA[  [msedge] › 05-profile.spec.ts:17:3 › Profile Management › 5.1: View Profile ──────────────────────

    Error: browserType.launch: Executable doesn't exist at /home/wyofalcon/.cache/ms-playwright/chromium_headless_shell-1200/chrome-headless-shell-linux64/chrome-headless-shell
    ╔═════════════════════════════════════════════════════════════════════════╗
    ║ Looks like Playwright Test or Playwright was just installed or updated. ║
    ║ Please run the following command to download new browsers:              ║
    ║                                                                         ║
    ║     npx playwright install                                              ║
    ║                                                                         ║
    ║ <3 Playwright Team                                                      ║
    ╚═════════════════════════════════════════════════════════════════════════╝

    attachment #1: trace (application/zip) ─────────────────────────────────────────────────────────
    ../../test-results/05-profile-Profile-Management-5-1-View-Profile-msedge/trace.zip
    Usage:

        npx playwright show-trace ../../test-results/05-profile-Profile-Management-5-1-View-Profile-msedge/trace.zip

    ────────────────────────────────────────────────────────────────────────────────────────────────
]]>
</failure>
<system-out>
<![CDATA[
[[ATTACHMENT|../../test-results/05-profile-Profile-Management-5-1-View-Profile-msedge/trace.zip]]
]]>
</system-out>
</testcase>
<testcase name="Profile Management › 5.2: Edit Profile" classname="05-profile.spec.ts" time="0.003">
<failure message="05-profile.spec.ts:52:3 5.2: Edit Profile" type="FAILURE">
<![CDATA[  [msedge] › 05-profile.spec.ts:52:3 › Profile Management › 5.2: Edit Profile ──────────────────────

    Error: browserType.launch: Executable doesn't exist at /home/wyofalcon/.cache/ms-playwright/chromium_headless_shell-1200/chrome-headless-shell-linux64/chrome-headless-shell
    ╔═════════════════════════════════════════════════════════════════════════╗
    ║ Looks like Playwright Test or Playwright was just installed or updated. ║
    ║ Please run the following command to download new browsers:              ║
    ║                                                                         ║
    ║     npx playwright install                                              ║
    ║                                                                         ║
    ║ <3 Playwright Team                                                      ║
    ╚═════════════════════════════════════════════════════════════════════════╝

    attachment #1: trace (application/zip) ─────────────────────────────────────────────────────────
    ../../test-results/05-profile-Profile-Management-5-2-Edit-Profile-msedge/trace.zip
    Usage:

        npx playwright show-trace ../../test-results/05-profile-Profile-Management-5-2-Edit-Profile-msedge/trace.zip

    ────────────────────────────────────────────────────────────────────────────────────────────────
]]>
</failure>
<system-out>
<![CDATA[
[[ATTACHMENT|../../test-results/05-profile-Profile-Management-5-2-Edit-Profile-msedge/trace.zip]]
]]>
</system-out>
</testcase>
<testcase name="Profile Management › 5.3: User Avatar Display" classname="05-profile.spec.ts" time="0.003">
<failure message="05-profile.spec.ts:90:3 5.3: User Avatar Display" type="FAILURE">
<![CDATA[  [msedge] › 05-profile.spec.ts:90:3 › Profile Management › 5.3: User Avatar Display ───────────────

    Error: browserType.launch: Executable doesn't exist at /home/wyofalcon/.cache/ms-playwright/chromium_headless_shell-1200/chrome-headless-shell-linux64/chrome-headless-shell
    ╔═════════════════════════════════════════════════════════════════════════╗
    ║ Looks like Playwright Test or Playwright was just installed or updated. ║
    ║ Please run the following command to download new browsers:              ║
    ║                                                                         ║
    ║     npx playwright install                                              ║
    ║                                                                         ║
    ║ <3 Playwright Team                                                      ║
    ╚═════════════════════════════════════════════════════════════════════════╝

    attachment #1: trace (application/zip) ─────────────────────────────────────────────────────────
    ../../test-results/05-profile-Profile-Management-5-3-User-Avatar-Display-msedge/trace.zip
    Usage:

        npx playwright show-trace ../../test-results/05-profile-Profile-Management-5-3-User-Avatar-Display-msedge/trace.zip

    ────────────────────────────────────────────────────────────────────────────────────────────────
]]>
</failure>
<system-out>
<![CDATA[
[[ATTACHMENT|../../test-results/05-profile-Profile-Management-5-3-User-Avatar-Display-msedge/trace.zip]]
]]>
</system-out>
</testcase>
<testcase name="Profile Management › 5.4: Resume Counter Display" classname="05-profile.spec.ts" time="0.003">
<failure message="05-profile.spec.ts:145:3 5.4: Resume Counter Display" type="FAILURE">
<![CDATA[  [msedge] › 05-profile.spec.ts:145:3 › Profile Management › 5.4: Resume Counter Display ───────────

    Error: browserType.launch: Executable doesn't exist at /home/wyofalcon/.cache/ms-playwright/chromium_headless_shell-1200/chrome-headless-shell-linux64/chrome-headless-shell
    ╔═════════════════════════════════════════════════════════════════════════╗
    ║ Looks like Playwright Test or Playwright was just installed or updated. ║
    ║ Please run the following command to download new browsers:              ║
    ║                                                                         ║
    ║     npx playwright install                                              ║
    ║                                                                         ║
    ║ <3 Playwright Team                                                      ║
    ╚═════════════════════════════════════════════════════════════════════════╝

    attachment #1: trace (application/zip) ─────────────────────────────────────────────────────────
    ../../test-results/05-profile-Profile-Management-5-4-Resume-Counter-Display-msedge/trace.zip
    Usage:

        npx playwright show-trace ../../test-results/05-profile-Profile-Management-5-4-Resume-Counter-Display-msedge/trace.zip

    ────────────────────────────────────────────────────────────────────────────────────────────────
]]>
</failure>
<system-out>
<![CDATA[
[[ATTACHMENT|../../test-results/05-profile-Profile-Management-5-4-Resume-Counter-Display-msedge/trace.zip]]
]]>
</system-out>
</testcase>
</testsuite>
<testsuite name="06-downloads.spec.ts" timestamp="2025-12-12T18:11:18.322Z" hostname="msedge" tests="5" failures="5" skipped="0" time="0.015" errors="0">
<testcase name="Downloads &amp; Export Features › 6.1: Download Markdown (.md)" classname="06-downloads.spec.ts" time="0.003">
<failure message="06-downloads.spec.ts:20:3 6.1: Download Markdown (.md)" type="FAILURE">
<![CDATA[  [msedge] › 06-downloads.spec.ts:20:3 › Downloads & Export Features › 6.1: Download Markdown (.md) 

    Error: browserType.launch: Executable doesn't exist at /home/wyofalcon/.cache/ms-playwright/chromium_headless_shell-1200/chrome-headless-shell-linux64/chrome-headless-shell
    ╔═════════════════════════════════════════════════════════════════════════╗
    ║ Looks like Playwright Test or Playwright was just installed or updated. ║
    ║ Please run the following command to download new browsers:              ║
    ║                                                                         ║
    ║     npx playwright install                                              ║
    ║                                                                         ║
    ║ <3 Playwright Team                                                      ║
    ╚═════════════════════════════════════════════════════════════════════════╝

    attachment #1: trace (application/zip) ─────────────────────────────────────────────────────────
    ../../test-results/06-downloads-Downloads-Exp-2ca40-s-6-1-Download-Markdown-md--msedge/trace.zip
    Usage:

        npx playwright show-trace ../../test-results/06-downloads-Downloads-Exp-2ca40-s-6-1-Download-Markdown-md--msedge/trace.zip

    ────────────────────────────────────────────────────────────────────────────────────────────────
]]>
</failure>
<system-out>
<![CDATA[
[[ATTACHMENT|../../test-results/06-downloads-Downloads-Exp-2ca40-s-6-1-Download-Markdown-md--msedge/trace.zip]]
]]>
</system-out>
</testcase>
<testcase name="Downloads &amp; Export Features › 6.2: Download PDF - Modern Template" classname="06-downloads.spec.ts" time="0.003">
<failure message="06-downloads.spec.ts:39:3 6.2: Download PDF - Modern Template" type="FAILURE">
<![CDATA[  [msedge] › 06-downloads.spec.ts:39:3 › Downloads & Export Features › 6.2: Download PDF - Modern Template 

    Error: browserType.launch: Executable doesn't exist at /home/wyofalcon/.cache/ms-playwright/chromium_headless_shell-1200/chrome-headless-shell-linux64/chrome-headless-shell
    ╔═════════════════════════════════════════════════════════════════════════╗
    ║ Looks like Playwright Test or Playwright was just installed or updated. ║
    ║ Please run the following command to download new browsers:              ║
    ║                                                                         ║
    ║     npx playwright install                                              ║
    ║                                                                         ║
    ║ <3 Playwright Team                                                      ║
    ╚═════════════════════════════════════════════════════════════════════════╝

    attachment #1: trace (application/zip) ─────────────────────────────────────────────────────────
    ../../test-results/06-downloads-Downloads-Exp-6ae3b-nload-PDF---Modern-Template-msedge/trace.zip
    Usage:

        npx playwright show-trace ../../test-results/06-downloads-Downloads-Exp-6ae3b-nload-PDF---Modern-Template-msedge/trace.zip

    ────────────────────────────────────────────────────────────────────────────────────────────────
]]>
</failure>
<system-out>
<![CDATA[
[[ATTACHMENT|../../test-results/06-downloads-Downloads-Exp-6ae3b-nload-PDF---Modern-Template-msedge/trace.zip]]
]]>
</system-out>
</testcase>
<testcase name="Downloads &amp; Export Features › 6.3: Download PDF - Classic Template" classname="06-downloads.spec.ts" time="0.003">
<failure message="06-downloads.spec.ts:57:3 6.3: Download PDF - Classic Template" type="FAILURE">
<![CDATA[  [msedge] › 06-downloads.spec.ts:57:3 › Downloads & Export Features › 6.3: Download PDF - Classic Template 

    Error: browserType.launch: Executable doesn't exist at /home/wyofalcon/.cache/ms-playwright/chromium_headless_shell-1200/chrome-headless-shell-linux64/chrome-headless-shell
    ╔═════════════════════════════════════════════════════════════════════════╗
    ║ Looks like Playwright Test or Playwright was just installed or updated. ║
    ║ Please run the following command to download new browsers:              ║
    ║                                                                         ║
    ║     npx playwright install                                              ║
    ║                                                                         ║
    ║ <3 Playwright Team                                                      ║
    ╚═════════════════════════════════════════════════════════════════════════╝

    attachment #1: trace (application/zip) ─────────────────────────────────────────────────────────
    ../../test-results/06-downloads-Downloads-Exp-10ba7-load-PDF---Classic-Template-msedge/trace.zip
    Usage:

        npx playwright show-trace ../../test-results/06-downloads-Downloads-Exp-10ba7-load-PDF---Classic-Template-msedge/trace.zip

    ────────────────────────────────────────────────────────────────────────────────────────────────
]]>
</failure>
<system-out>
<![CDATA[
[[ATTACHMENT|../../test-results/06-downloads-Downloads-Exp-10ba7-load-PDF---Classic-Template-msedge/trace.zip]]
]]>
</system-out>
</testcase>
<testcase name="Downloads &amp; Export Features › 6.4: Download PDF - Minimal Template" classname="06-downloads.spec.ts" time="0.003">
<failure message="06-downloads.spec.ts:73:3 6.4: Download PDF - Minimal Template" type="FAILURE">
<![CDATA[  [msedge] › 06-downloads.spec.ts:73:3 › Downloads & Export Features › 6.4: Download PDF - Minimal Template 

    Error: browserType.launch: Executable doesn't exist at /home/wyofalcon/.cache/ms-playwright/chromium_headless_shell-1200/chrome-headless-shell-linux64/chrome-headless-shell
    ╔═════════════════════════════════════════════════════════════════════════╗
    ║ Looks like Playwright Test or Playwright was just installed or updated. ║
    ║ Please run the following command to download new browsers:              ║
    ║                                                                         ║
    ║     npx playwright install                                              ║
    ║                                                                         ║
    ║ <3 Playwright Team                                                      ║
    ╚═════════════════════════════════════════════════════════════════════════╝

    attachment #1: trace (application/zip) ─────────────────────────────────────────────────────────
    ../../test-results/06-downloads-Downloads-Exp-23ebd-load-PDF---Minimal-Template-msedge/trace.zip
    Usage:

        npx playwright show-trace ../../test-results/06-downloads-Downloads-Exp-23ebd-load-PDF---Minimal-Template-msedge/trace.zip

    ────────────────────────────────────────────────────────────────────────────────────────────────
]]>
</failure>
<system-out>
<![CDATA[
[[ATTACHMENT|../../test-results/06-downloads-Downloads-Exp-23ebd-load-PDF---Minimal-Template-msedge/trace.zip]]
]]>
</system-out>
</testcase>
<testcase name="Downloads &amp; Export Features › 6.5: Multiple Downloads (Same Resume)" classname="06-downloads.spec.ts" time="0.003">
<failure message="06-downloads.spec.ts:89:3 6.5: Multiple Downloads (Same Resume)" type="FAILURE">
<![CDATA[  [msedge] › 06-downloads.spec.ts:89:3 › Downloads & Export Features › 6.5: Multiple Downloads (Same Resume) 

    Error: browserType.launch: Executable doesn't exist at /home/wyofalcon/.cache/ms-playwright/chromium_headless_shell-1200/chrome-headless-shell-linux64/chrome-headless-shell
    ╔═════════════════════════════════════════════════════════════════════════╗
    ║ Looks like Playwright Test or Playwright was just installed or updated. ║
    ║ Please run the following command to download new browsers:              ║
    ║                                                                         ║
    ║     npx playwright install                                              ║
    ║                                                                         ║
    ║ <3 Playwright Team                                                      ║
    ╚═════════════════════════════════════════════════════════════════════════╝

    attachment #1: trace (application/zip) ─────────────────────────────────────────────────────────
    ../../test-results/06-downloads-Downloads-Exp-2b5f3-iple-Downloads-Same-Resume--msedge/trace.zip
    Usage:

        npx playwright show-trace ../../test-results/06-downloads-Downloads-Exp-2b5f3-iple-Downloads-Same-Resume--msedge/trace.zip

    ────────────────────────────────────────────────────────────────────────────────────────────────
]]>
</failure>
<system-out>
<![CDATA[
[[ATTACHMENT|../../test-results/06-downloads-Downloads-Exp-2b5f3-iple-Downloads-Same-Resume--msedge/trace.zip]]
]]>
</system-out>
</testcase>
</testsuite>
</testsuites>