<?xml version="1.0" encoding="UTF-8"?>
<coverage generated="1762390443884" clover="3.2.0">
  <project timestamp="1762390443884" name="All files">
    <metrics statements="898" coveredstatements="577" conditionals="395" coveredconditionals="259" methods="128" coveredmethods="81" elements="1421" coveredelements="917" complexity="0" loc="898" ncloc="898" packages="6" files="23" classes="23"/>
    <package name="api">
      <metrics statements="158" coveredstatements="46" conditionals="48" coveredconditionals="4" methods="17" coveredmethods="3"/>
      <file name="generate-cv.js" path="/mnt/storage/shared_windows/Cvstomize/api/generate-cv.js">
        <metrics statements="73" coveredstatements="0" conditionals="28" coveredconditionals="0" methods="6" coveredmethods="0"/>
        <line num="8" count="0" type="stmt"/>
        <line num="10" count="0" type="stmt"/>
        <line num="16" count="0" type="stmt"/>
        <line num="17" count="0" type="stmt"/>
        <line num="18" count="0" type="stmt"/>
        <line num="19" count="0" type="stmt"/>
        <line num="20" count="0" type="cond" truecount="0" falsecount="2"/>
        <line num="21" count="0" type="stmt"/>
        <line num="23" count="0" type="stmt"/>
        <line num="24" count="0" type="stmt"/>
        <line num="25" count="0" type="cond" truecount="0" falsecount="2"/>
        <line num="27" count="0" type="stmt"/>
        <line num="28" count="0" type="stmt"/>
        <line num="29" count="0" type="cond" truecount="0" falsecount="2"/>
        <line num="31" count="0" type="stmt"/>
        <line num="37" count="0" type="stmt"/>
        <line num="38" count="0" type="stmt"/>
        <line num="39" count="0" type="stmt"/>
        <line num="40" count="0" type="cond" truecount="0" falsecount="2"/>
        <line num="41" count="0" type="stmt"/>
        <line num="42" count="0" type="stmt"/>
        <line num="44" count="0" type="stmt"/>
        <line num="46" count="0" type="cond" truecount="0" falsecount="2"/>
        <line num="47" count="0" type="stmt"/>
        <line num="48" count="0" type="stmt"/>
        <line num="49" count="0" type="cond" truecount="0" falsecount="2"/>
        <line num="50" count="0" type="stmt"/>
        <line num="51" count="0" type="stmt"/>
        <line num="52" count="0" type="stmt"/>
        <line num="53" count="0" type="stmt"/>
        <line num="54" count="0" type="stmt"/>
        <line num="55" count="0" type="stmt"/>
        <line num="56" count="0" type="stmt"/>
        <line num="57" count="0" type="stmt"/>
        <line num="58" count="0" type="stmt"/>
        <line num="60" count="0" type="stmt"/>
        <line num="62" count="0" type="stmt"/>
        <line num="65" count="0" type="stmt"/>
        <line num="66" count="0" type="stmt"/>
        <line num="71" count="0" type="cond" truecount="0" falsecount="2"/>
        <line num="72" count="0" type="stmt"/>
        <line num="75" count="0" type="stmt"/>
        <line num="76" count="0" type="stmt"/>
        <line num="77" count="0" type="stmt"/>
        <line num="78" count="0" type="cond" truecount="0" falsecount="2"/>
        <line num="80" count="0" type="cond" truecount="0" falsecount="2"/>
        <line num="82" count="0" type="cond" truecount="0" falsecount="6"/>
        <line num="83" count="0" type="stmt"/>
        <line num="86" count="0" type="stmt"/>
        <line num="87" count="0" type="cond" truecount="0" falsecount="2"/>
        <line num="88" count="0" type="stmt"/>
        <line num="90" count="0" type="stmt"/>
        <line num="91" count="0" type="stmt"/>
        <line num="92" count="0" type="stmt"/>
        <line num="93" count="0" type="cond" truecount="0" falsecount="2"/>
        <line num="94" count="0" type="stmt"/>
        <line num="99" count="0" type="stmt"/>
        <line num="101" count="0" type="stmt"/>
        <line num="102" count="0" type="stmt"/>
        <line num="104" count="0" type="stmt"/>
        <line num="150" count="0" type="stmt"/>
        <line num="151" count="0" type="stmt"/>
        <line num="152" count="0" type="stmt"/>
        <line num="154" count="0" type="stmt"/>
        <line num="155" count="0" type="stmt"/>
        <line num="156" count="0" type="stmt"/>
        <line num="157" count="0" type="stmt"/>
        <line num="158" count="0" type="stmt"/>
        <line num="160" count="0" type="stmt"/>
        <line num="161" count="0" type="stmt"/>
        <line num="162" count="0" type="stmt"/>
        <line num="165" count="0" type="stmt"/>
        <line num="166" count="0" type="stmt"/>
      </file>
      <file name="index.js" path="/mnt/storage/shared_windows/Cvstomize/api/index.js">
        <metrics statements="84" coveredstatements="46" conditionals="20" coveredconditionals="4" methods="11" coveredmethods="3"/>
        <line num="1" count="3" type="stmt"/>
        <line num="2" count="3" type="stmt"/>
        <line num="3" count="3" type="stmt"/>
        <line num="4" count="3" type="stmt"/>
        <line num="5" count="3" type="stmt"/>
        <line num="6" count="3" type="stmt"/>
        <line num="9" count="3" type="stmt"/>
        <line num="10" count="3" type="stmt"/>
        <line num="13" count="3" type="stmt"/>
        <line num="14" count="3" type="cond" truecount="1" falsecount="1"/>
        <line num="17" count="3" type="stmt"/>
        <line num="20" count="3" type="stmt"/>
        <line num="27" count="3" type="stmt"/>
        <line num="31" count="3" type="stmt"/>
        <line num="34" count="3" type="stmt"/>
        <line num="43" count="3" type="stmt"/>
        <line num="46" count="3" type="stmt"/>
        <line num="47" count="3" type="stmt"/>
        <line num="50" count="3" type="stmt"/>
        <line num="51" count="49" type="stmt"/>
        <line num="52" count="49" type="stmt"/>
        <line num="53" count="49" type="stmt"/>
        <line num="54" count="49" type="stmt"/>
        <line num="62" count="49" type="stmt"/>
        <line num="66" count="3" type="stmt"/>
        <line num="67" count="1" type="stmt"/>
        <line num="69" count="1" type="stmt"/>
        <line num="76" count="0" type="stmt"/>
        <line num="77" count="0" type="stmt"/>
        <line num="85" count="3" type="stmt"/>
        <line num="86" count="0" type="stmt"/>
        <line num="92" count="0" type="stmt"/>
        <line num="94" count="0" type="stmt"/>
        <line num="95" count="0" type="stmt"/>
        <line num="97" count="0" type="stmt"/>
        <line num="98" count="0" type="stmt"/>
        <line num="101" count="0" type="stmt"/>
        <line num="103" count="0" type="stmt"/>
        <line num="104" count="0" type="cond" truecount="0" falsecount="2"/>
        <line num="106" count="0" type="stmt"/>
        <line num="107" count="0" type="stmt"/>
        <line num="110" count="0" type="stmt"/>
        <line num="111" count="0" type="cond" truecount="0" falsecount="2"/>
        <line num="113" count="0" type="stmt"/>
        <line num="123" count="3" type="stmt"/>
        <line num="124" count="3" type="stmt"/>
        <line num="125" count="3" type="stmt"/>
        <line num="126" count="3" type="stmt"/>
        <line num="127" count="3" type="stmt"/>
        <line num="129" count="3" type="stmt"/>
        <line num="130" count="3" type="stmt"/>
        <line num="131" count="3" type="stmt"/>
        <line num="132" count="3" type="stmt"/>
        <line num="133" count="3" type="stmt"/>
        <line num="136" count="3" type="stmt"/>
        <line num="137" count="0" type="stmt"/>
        <line num="144" count="3" type="stmt"/>
        <line num="145" count="3" type="stmt"/>
        <line num="148" count="3" type="stmt"/>
        <line num="149" count="0" type="stmt"/>
        <line num="150" count="0" type="stmt"/>
        <line num="151" count="0" type="stmt"/>
        <line num="154" count="3" type="stmt"/>
        <line num="155" count="0" type="stmt"/>
        <line num="156" count="0" type="stmt"/>
        <line num="157" count="0" type="stmt"/>
        <line num="162" count="0" type="stmt"/>
        <line num="164" count="0" type="cond" truecount="0" falsecount="2"/>
        <line num="165" count="0" type="stmt"/>
        <line num="166" count="0" type="stmt"/>
        <line num="168" count="0" type="stmt"/>
        <line num="172" count="0" type="stmt"/>
        <line num="173" count="0" type="stmt"/>
        <line num="176" count="0" type="stmt"/>
        <line num="177" count="0" type="cond" truecount="0" falsecount="2"/>
        <line num="178" count="0" type="stmt"/>
        <line num="179" count="0" type="stmt"/>
        <line num="182" count="0" type="stmt"/>
        <line num="184" count="0" type="stmt"/>
        <line num="185" count="0" type="stmt"/>
        <line num="191" count="3" type="cond" truecount="1" falsecount="1"/>
        <line num="192" count="0" type="stmt"/>
        <line num="195" count="3" type="stmt"/>
        <line num="199" count="3" type="stmt"/>
      </file>
      <file name="jest.config.js" path="/mnt/storage/shared_windows/Cvstomize/api/jest.config.js">
        <metrics statements="1" coveredstatements="0" conditionals="0" coveredconditionals="0" methods="0" coveredmethods="0"/>
        <line num="1" count="0" type="stmt"/>
      </file>
    </package>
    <package name="api.config">
      <metrics statements="55" coveredstatements="15" conditionals="24" coveredconditionals="7" methods="7" coveredmethods="1"/>
      <file name="database.js" path="/mnt/storage/shared_windows/Cvstomize/api/config/database.js">
        <metrics statements="20" coveredstatements="15" conditionals="16" coveredconditionals="7" methods="2" coveredmethods="1"/>
        <line num="1" count="2" type="stmt"/>
        <line num="17" count="2" type="stmt"/>
        <line num="32" count="2" type="cond" truecount="1" falsecount="1"/>
        <line num="33" count="2" type="cond" truecount="1" falsecount="1"/>
        <line num="37" count="2" type="stmt"/>
        <line num="38" count="2" type="cond" truecount="1" falsecount="1"/>
        <line num="39" count="0" type="stmt"/>
        <line num="43" count="2" type="cond" truecount="1" falsecount="1"/>
        <line num="44" count="2" type="stmt"/>
        <line num="47" count="0" type="cond" truecount="0" falsecount="2"/>
        <line num="48" count="0" type="stmt"/>
        <line num="51" count="2" type="stmt"/>
        <line num="60" count="2" type="cond" truecount="1" falsecount="1"/>
        <line num="61" count="0" type="stmt"/>
        <line num="64" count="2" type="cond" truecount="1" falsecount="1"/>
        <line num="65" count="2" type="stmt"/>
        <line num="67" count="2" type="stmt"/>
        <line num="71" count="2" type="stmt"/>
        <line num="72" count="0" type="stmt"/>
        <line num="75" count="2" type="stmt"/>
      </file>
      <file name="firebase.js" path="/mnt/storage/shared_windows/Cvstomize/api/config/firebase.js">
        <metrics statements="35" coveredstatements="0" conditionals="8" coveredconditionals="0" methods="5" coveredmethods="0"/>
        <line num="1" count="0" type="stmt"/>
        <line num="2" count="0" type="stmt"/>
        <line num="5" count="0" type="stmt"/>
        <line num="6" count="0" type="stmt"/>
        <line num="13" count="0" type="stmt"/>
        <line num="14" count="0" type="stmt"/>
        <line num="17" count="0" type="stmt"/>
        <line num="20" count="0" type="stmt"/>
        <line num="23" count="0" type="stmt"/>
        <line num="26" count="0" type="stmt"/>
        <line num="31" count="0" type="stmt"/>
        <line num="36" count="0" type="stmt"/>
        <line num="37" count="0" type="stmt"/>
        <line num="39" count="0" type="stmt"/>
        <line num="40" count="0" type="stmt"/>
        <line num="50" count="0" type="cond" truecount="0" falsecount="2"/>
        <line num="51" count="0" type="stmt"/>
        <line num="52" count="0" type="stmt"/>
        <line num="56" count="0" type="cond" truecount="0" falsecount="2"/>
        <line num="57" count="0" type="stmt"/>
        <line num="58" count="0" type="stmt"/>
        <line num="62" count="0" type="cond" truecount="0" falsecount="2"/>
        <line num="63" count="0" type="stmt"/>
        <line num="65" count="0" type="stmt"/>
        <line num="69" count="0" type="stmt"/>
        <line num="70" count="0" type="stmt"/>
        <line num="72" count="0" type="stmt"/>
        <line num="73" count="0" type="stmt"/>
        <line num="76" count="0" type="stmt"/>
        <line num="77" count="0" type="stmt"/>
        <line num="80" count="0" type="stmt"/>
        <line num="88" count="0" type="cond" truecount="0" falsecount="2"/>
        <line num="89" count="0" type="stmt"/>
        <line num="91" count="0" type="stmt"/>
        <line num="94" count="0" type="stmt"/>
      </file>
    </package>
    <package name="api.middleware">
      <metrics statements="112" coveredstatements="88" conditionals="67" coveredconditionals="56" methods="16" coveredmethods="12"/>
      <file name="authMiddleware.js" path="/mnt/storage/shared_windows/Cvstomize/api/middleware/authMiddleware.js">
        <metrics statements="37" coveredstatements="37" conditionals="18" coveredconditionals="18" methods="4" coveredmethods="4"/>
        <line num="1" count="5" type="stmt"/>
        <line num="2" count="5" type="stmt"/>
        <line num="12" count="63" type="stmt"/>
        <line num="14" count="63" type="stmt"/>
        <line num="17" count="63" type="stmt"/>
        <line num="18" count="63" type="cond" truecount="4" falsecount="0"/>
        <line num="19" count="14" type="stmt"/>
        <line num="25" count="49" type="stmt"/>
        <line num="28" count="49" type="stmt"/>
        <line num="31" count="43" type="stmt"/>
        <line num="40" count="42" type="stmt"/>
        <line num="42" count="7" type="cond" truecount="2" falsecount="0"/>
        <line num="43" count="2" type="stmt"/>
        <line num="49" count="5" type="cond" truecount="2" falsecount="0"/>
        <line num="50" count="1" type="stmt"/>
        <line num="56" count="4" type="stmt"/>
        <line num="68" count="12" type="stmt"/>
        <line num="69" count="12" type="stmt"/>
        <line num="70" count="12" type="stmt"/>
        <line num="75" count="10" type="cond" truecount="2" falsecount="0"/>
        <line num="76" count="1" type="stmt"/>
        <line num="82" count="9" type="cond" truecount="2" falsecount="0"/>
        <line num="83" count="4" type="stmt"/>
        <line num="90" count="5" type="stmt"/>
        <line num="91" count="5" type="stmt"/>
        <line num="93" count="2" type="stmt"/>
        <line num="103" count="15" type="stmt"/>
        <line num="104" count="15" type="stmt"/>
        <line num="113" count="12" type="cond" truecount="2" falsecount="0"/>
        <line num="114" count="1" type="stmt"/>
        <line num="121" count="11" type="cond" truecount="2" falsecount="0"/>
        <line num="122" count="5" type="stmt"/>
        <line num="131" count="6" type="stmt"/>
        <line num="132" count="6" type="stmt"/>
        <line num="133" count="6" type="stmt"/>
        <line num="135" count="3" type="stmt"/>
        <line num="139" count="5" type="stmt"/>
      </file>
      <file name="devTools.js" path="/mnt/storage/shared_windows/Cvstomize/api/middleware/devTools.js">
        <metrics statements="29" coveredstatements="5" conditionals="12" coveredconditionals="2" methods="6" coveredmethods="2"/>
        <line num="8" count="3" type="stmt"/>
        <line num="9" count="3" type="stmt"/>
        <line num="20" count="0" type="cond" truecount="0" falsecount="2"/>
        <line num="21" count="0" type="stmt"/>
        <line num="28" count="0" type="cond" truecount="0" falsecount="2"/>
        <line num="29" count="0" type="stmt"/>
        <line num="36" count="0" type="stmt"/>
        <line num="41" count="0" type="stmt"/>
        <line num="52" count="0" type="cond" truecount="0" falsecount="2"/>
        <line num="53" count="0" type="stmt"/>
        <line num="57" count="0" type="cond" truecount="0" falsecount="2"/>
        <line num="58" count="0" type="stmt"/>
        <line num="61" count="0" type="stmt"/>
        <line num="63" count="0" type="stmt"/>
        <line num="65" count="0" type="stmt"/>
        <line num="73" count="0" type="stmt"/>
        <line num="78" count="0" type="stmt"/>
        <line num="80" count="0" type="stmt"/>
        <line num="81" count="0" type="stmt"/>
        <line num="90" count="0" type="stmt"/>
        <line num="91" count="0" type="stmt"/>
        <line num="93" count="0" type="stmt"/>
        <line num="108" count="0" type="stmt"/>
        <line num="112" count="0" type="stmt"/>
        <line num="117" count="0" type="stmt"/>
        <line num="125" count="3" type="stmt"/>
        <line num="132" count="0" type="cond" truecount="0" falsecount="2"/>
        <line num="139" count="3" type="cond" truecount="2" falsecount="0"/>
        <line num="142" count="3" type="stmt"/>
      </file>
      <file name="errorHandler.js" path="/mnt/storage/shared_windows/Cvstomize/api/middleware/errorHandler.js">
        <metrics statements="20" coveredstatements="20" conditionals="23" coveredconditionals="22" methods="1" coveredmethods="1"/>
        <line num="1" count="4" type="stmt"/>
        <line num="7" count="4" type="stmt"/>
        <line num="9" count="50" type="stmt"/>
        <line num="18" count="50" type="cond" truecount="4" falsecount="0"/>
        <line num="19" count="11" type="cond" truecount="3" falsecount="0"/>
        <line num="21" count="4" type="stmt"/>
        <line num="27" count="3" type="stmt"/>
        <line num="32" count="4" type="stmt"/>
        <line num="40" count="39" type="cond" truecount="4" falsecount="0"/>
        <line num="41" count="6" type="stmt"/>
        <line num="49" count="33" type="cond" truecount="2" falsecount="0"/>
        <line num="50" count="3" type="stmt"/>
        <line num="56" count="30" type="cond" truecount="2" falsecount="0"/>
        <line num="57" count="1" type="stmt"/>
        <line num="64" count="29" type="cond" truecount="2" falsecount="0"/>
        <line num="65" count="4" type="stmt"/>
        <line num="73" count="25" type="cond" truecount="2" falsecount="0"/>
        <line num="74" count="6" type="stmt"/>
        <line num="81" count="19" type="stmt"/>
        <line num="89" count="4" type="stmt"/>
      </file>
      <file name="security.js" path="/mnt/storage/shared_windows/Cvstomize/api/middleware/security.js">
        <metrics statements="26" coveredstatements="26" conditionals="14" coveredconditionals="14" methods="5" coveredmethods="5"/>
        <line num="6" count="1" type="stmt"/>
        <line num="7" count="1" type="stmt"/>
        <line num="17" count="1" type="stmt"/>
        <line num="47" count="1" type="stmt"/>
        <line num="61" count="1" type="stmt"/>
        <line num="75" count="1" type="stmt"/>
        <line num="88" count="1" type="stmt"/>
        <line num="106" count="32" type="cond" truecount="2" falsecount="0"/>
        <line num="107" count="31" type="stmt"/>
        <line num="108" count="15" type="cond" truecount="2" falsecount="0"/>
        <line num="110" count="12" type="stmt"/>
        <line num="119" count="32" type="cond" truecount="4" falsecount="0"/>
        <line num="120" count="31" type="stmt"/>
        <line num="123" count="31" type="stmt"/>
        <line num="130" count="2610" type="stmt"/>
        <line num="131" count="5176" type="cond" truecount="2" falsecount="0"/>
        <line num="133" count="2589" type="stmt"/>
        <line num="134" count="2587" type="cond" truecount="4" falsecount="0"/>
        <line num="135" count="2579" type="stmt"/>
        <line num="146" count="14" type="stmt"/>
        <line num="149" count="14" type="stmt"/>
        <line num="152" count="14" type="stmt"/>
        <line num="155" count="14" type="stmt"/>
        <line num="158" count="14" type="stmt"/>
        <line num="160" count="14" type="stmt"/>
        <line num="163" count="1" type="stmt"/>
      </file>
    </package>
    <package name="api.routes">
      <metrics statements="328" coveredstatements="246" conditionals="137" coveredconditionals="101" methods="28" coveredmethods="18"/>
      <file name="auth.js" path="/mnt/storage/shared_windows/Cvstomize/api/routes/auth.js">
        <metrics statements="78" coveredstatements="44" conditionals="10" coveredconditionals="4" methods="8" coveredmethods="3"/>
        <line num="1" count="3" type="stmt"/>
        <line num="2" count="3" type="stmt"/>
        <line num="3" count="3" type="stmt"/>
        <line num="4" count="3" type="stmt"/>
        <line num="6" count="3" type="stmt"/>
        <line num="12" count="3" type="stmt"/>
        <line num="13" count="0" type="stmt"/>
        <line num="14" count="0" type="stmt"/>
        <line num="15" count="0" type="stmt"/>
        <line num="16" count="0" type="stmt"/>
        <line num="17" count="0" type="stmt"/>
        <line num="24" count="0" type="stmt"/>
        <line num="30" count="0" type="stmt"/>
        <line num="43" count="3" type="stmt"/>
        <line num="44" count="0" type="stmt"/>
        <line num="45" count="0" type="stmt"/>
        <line num="57" count="3" type="stmt"/>
        <line num="58" count="2" type="stmt"/>
        <line num="59" count="2" type="stmt"/>
        <line num="60" count="2" type="stmt"/>
        <line num="62" count="2" type="stmt"/>
        <line num="65" count="2" type="stmt"/>
        <line num="66" count="2" type="stmt"/>
        <line num="69" count="2" type="stmt"/>
        <line num="71" count="2" type="cond" truecount="2" falsecount="0"/>
        <line num="72" count="1" type="stmt"/>
        <line num="73" count="1" type="stmt"/>
        <line num="87" count="1" type="stmt"/>
        <line num="88" count="1" type="stmt"/>
        <line num="102" count="1" type="stmt"/>
        <line num="121" count="1" type="stmt"/>
        <line num="122" count="1" type="stmt"/>
        <line num="134" count="0" type="stmt"/>
        <line num="143" count="0" type="stmt"/>
        <line num="152" count="3" type="stmt"/>
        <line num="153" count="0" type="stmt"/>
        <line num="154" count="0" type="stmt"/>
        <line num="157" count="0" type="stmt"/>
        <line num="166" count="0" type="cond" truecount="0" falsecount="2"/>
        <line num="167" count="0" type="stmt"/>
        <line num="184" count="0" type="stmt"/>
        <line num="199" count="0" type="stmt"/>
        <line num="208" count="3" type="stmt"/>
        <line num="209" count="0" type="stmt"/>
        <line num="210" count="0" type="stmt"/>
        <line num="212" count="0" type="stmt"/>
        <line num="226" count="0" type="cond" truecount="0" falsecount="2"/>
        <line num="227" count="0" type="stmt"/>
        <line num="233" count="0" type="stmt"/>
        <line num="238" count="0" type="stmt"/>
        <line num="247" count="3" type="stmt"/>
        <line num="248" count="1" type="stmt"/>
        <line num="249" count="1" type="stmt"/>
        <line num="251" count="1" type="stmt"/>
        <line num="256" count="1" type="cond" truecount="1" falsecount="1"/>
        <line num="269" count="1" type="stmt"/>
        <line num="273" count="0" type="stmt"/>
        <line num="282" count="3" type="stmt"/>
        <line num="283" count="1" type="stmt"/>
        <line num="284" count="1" type="stmt"/>
        <line num="285" count="1" type="stmt"/>
        <line num="287" count="1" type="stmt"/>
        <line num="289" count="1" type="stmt"/>
        <line num="303" count="1" type="stmt"/>
        <line num="305" count="1" type="cond" truecount="1" falsecount="1"/>
        <line num="306" count="0" type="stmt"/>
        <line num="312" count="1" type="stmt"/>
        <line num="316" count="0" type="stmt"/>
        <line num="322" count="0" type="stmt"/>
        <line num="333" count="3" type="stmt"/>
        <line num="335" count="3" type="stmt"/>
        <line num="347" count="3" type="stmt"/>
        <line num="351" count="0" type="stmt"/>
        <line num="352" count="0" type="stmt"/>
        <line num="354" count="0" type="stmt"/>
        <line num="365" count="0" type="stmt"/>
        <line num="370" count="0" type="stmt"/>
        <line num="375" count="3" type="stmt"/>
      </file>
      <file name="conversation.js" path="/mnt/storage/shared_windows/Cvstomize/api/routes/conversation.js">
        <metrics statements="96" coveredstatements="92" conditionals="46" coveredconditionals="40" methods="6" coveredmethods="6"/>
        <line num="1" count="4" type="stmt"/>
        <line num="2" count="4" type="stmt"/>
        <line num="3" count="4" type="stmt"/>
        <line num="4" count="4" type="stmt"/>
        <line num="6" count="4" type="stmt"/>
        <line num="12" count="4" type="stmt"/>
        <line num="13" count="4" type="stmt"/>
        <line num="14" count="4" type="stmt"/>
        <line num="16" count="4" type="stmt"/>
        <line num="22" count="4" type="stmt"/>
        <line num="23" count="6" type="stmt"/>
        <line num="24" count="6" type="stmt"/>
        <line num="26" count="6" type="stmt"/>
        <line num="31" count="5" type="cond" truecount="2" falsecount="0"/>
        <line num="32" count="1" type="stmt"/>
        <line num="39" count="4" type="stmt"/>
        <line num="42" count="4" type="stmt"/>
        <line num="44" count="4" type="cond" truecount="2" falsecount="0"/>
        <line num="45" count="1" type="stmt"/>
        <line num="52" count="3" type="cond" truecount="2" falsecount="0"/>
        <line num="61" count="3" type="stmt"/>
        <line num="77" count="3" type="stmt"/>
        <line num="92" count="3" type="stmt"/>
        <line num="108" count="1" type="stmt"/>
        <line num="109" count="1" type="stmt"/>
        <line num="117" count="4" type="stmt"/>
        <line num="118" count="9" type="stmt"/>
        <line num="119" count="9" type="stmt"/>
        <line num="120" count="9" type="stmt"/>
        <line num="122" count="9" type="cond" truecount="4" falsecount="0"/>
        <line num="123" count="2" type="stmt"/>
        <line num="129" count="7" type="stmt"/>
        <line num="134" count="7" type="cond" truecount="2" falsecount="0"/>
        <line num="135" count="1" type="stmt"/>
        <line num="141" count="6" type="stmt"/>
        <line num="144" count="6" type="stmt"/>
        <line num="152" count="5" type="cond" truecount="2" falsecount="0"/>
        <line num="153" count="1" type="stmt"/>
        <line num="160" count="4" type="cond" truecount="1" falsecount="1"/>
        <line num="161" count="4" type="cond" truecount="1" falsecount="1"/>
        <line num="164" count="4" type="stmt"/>
        <line num="180" count="4" type="stmt"/>
        <line num="181" count="4" type="stmt"/>
        <line num="183" count="4" type="cond" truecount="2" falsecount="0"/>
        <line num="185" count="1" type="stmt"/>
        <line num="186" count="1" type="stmt"/>
        <line num="189" count="3" type="stmt"/>
        <line num="191" count="3" type="cond" truecount="2" falsecount="0"/>
        <line num="192" count="2" type="stmt"/>
        <line num="193" count="2" type="stmt"/>
        <line num="196" count="1" type="stmt"/>
        <line num="201" count="1" type="stmt"/>
        <line num="206" count="4" type="stmt"/>
        <line num="221" count="4" type="stmt"/>
        <line num="222" count="4" type="stmt"/>
        <line num="224" count="4" type="stmt"/>
        <line num="243" count="1" type="stmt"/>
        <line num="244" count="1" type="stmt"/>
        <line num="252" count="4" type="stmt"/>
        <line num="253" count="4" type="stmt"/>
        <line num="254" count="4" type="stmt"/>
        <line num="255" count="4" type="stmt"/>
        <line num="257" count="4" type="stmt"/>
        <line num="262" count="4" type="cond" truecount="2" falsecount="0"/>
        <line num="263" count="1" type="stmt"/>
        <line num="269" count="3" type="stmt"/>
        <line num="286" count="3" type="cond" truecount="2" falsecount="0"/>
        <line num="287" count="1" type="stmt"/>
        <line num="294" count="2" type="stmt"/>
        <line num="296" count="3" type="stmt"/>
        <line num="298" count="2" type="cond" truecount="1" falsecount="1"/>
        <line num="302" count="2" type="cond" truecount="1" falsecount="1"/>
        <line num="304" count="2" type="stmt"/>
        <line num="322" count="0" type="stmt"/>
        <line num="323" count="0" type="stmt"/>
        <line num="331" count="4" type="stmt"/>
        <line num="332" count="6" type="stmt"/>
        <line num="333" count="6" type="stmt"/>
        <line num="334" count="6" type="stmt"/>
        <line num="336" count="6" type="cond" truecount="2" falsecount="0"/>
        <line num="337" count="1" type="stmt"/>
        <line num="343" count="5" type="stmt"/>
        <line num="348" count="5" type="cond" truecount="2" falsecount="0"/>
        <line num="349" count="1" type="stmt"/>
        <line num="356" count="4" type="stmt"/>
        <line num="364" count="4" type="cond" truecount="2" falsecount="0"/>
        <line num="365" count="1" type="stmt"/>
        <line num="372" count="3" type="stmt"/>
        <line num="375" count="37" type="stmt"/>
        <line num="376" count="3" type="stmt"/>
        <line num="379" count="3" type="stmt"/>
        <line num="394" count="3" type="stmt"/>
        <line num="428" count="3" type="stmt"/>
        <line num="435" count="0" type="stmt"/>
        <line num="436" count="0" type="stmt"/>
        <line num="440" count="4" type="stmt"/>
      </file>
      <file name="profile.js" path="/mnt/storage/shared_windows/Cvstomize/api/routes/profile.js">
        <metrics statements="24" coveredstatements="8" conditionals="4" coveredconditionals="0" methods="2" coveredmethods="0"/>
        <line num="1" count="3" type="stmt"/>
        <line num="2" count="3" type="stmt"/>
        <line num="3" count="3" type="stmt"/>
        <line num="4" count="3" type="stmt"/>
        <line num="6" count="3" type="stmt"/>
        <line num="13" count="3" type="stmt"/>
        <line num="14" count="0" type="stmt"/>
        <line num="15" count="0" type="stmt"/>
        <line num="16" count="0" type="stmt"/>
        <line num="19" count="0" type="stmt"/>
        <line num="24" count="0" type="cond" truecount="0" falsecount="2"/>
        <line num="25" count="0" type="stmt"/>
        <line num="32" count="0" type="stmt"/>
        <line num="41" count="0" type="stmt"/>
        <line num="46" count="0" type="stmt"/>
        <line num="55" count="3" type="stmt"/>
        <line num="56" count="0" type="stmt"/>
        <line num="57" count="0" type="stmt"/>
        <line num="59" count="0" type="stmt"/>
        <line num="64" count="0" type="cond" truecount="0" falsecount="2"/>
        <line num="65" count="0" type="stmt"/>
        <line num="71" count="0" type="stmt"/>
        <line num="75" count="0" type="stmt"/>
        <line num="79" count="3" type="stmt"/>
      </file>
      <file name="proxy.js" path="/mnt/storage/shared_windows/Cvstomize/api/routes/proxy.js">
        <metrics statements="19" coveredstatements="5" conditionals="6" coveredconditionals="0" methods="3" coveredmethods="0"/>
        <line num="1" count="3" type="stmt"/>
        <line num="2" count="3" type="stmt"/>
        <line num="3" count="3" type="stmt"/>
        <line num="9" count="3" type="stmt"/>
        <line num="10" count="0" type="stmt"/>
        <line num="11" count="0" type="stmt"/>
        <line num="13" count="0" type="cond" truecount="0" falsecount="2"/>
        <line num="14" count="0" type="stmt"/>
        <line num="18" count="0" type="cond" truecount="0" falsecount="2"/>
        <line num="19" count="0" type="stmt"/>
        <line num="23" count="0" type="stmt"/>
        <line num="25" count="0" type="cond" truecount="0" falsecount="2"/>
        <line num="26" count="0" type="stmt"/>
        <line num="29" count="0" type="stmt"/>
        <line num="31" count="0" type="stmt"/>
        <line num="32" count="0" type="stmt"/>
        <line num="35" count="0" type="stmt"/>
        <line num="36" count="0" type="stmt"/>
        <line num="40" count="3" type="stmt"/>
      </file>
      <file name="resume.js" path="/mnt/storage/shared_windows/Cvstomize/api/routes/resume.js">
        <metrics statements="111" coveredstatements="97" conditionals="71" coveredconditionals="57" methods="9" coveredmethods="9"/>
        <line num="1" count="3" type="stmt"/>
        <line num="2" count="3" type="stmt"/>
        <line num="3" count="3" type="stmt"/>
        <line num="4" count="3" type="stmt"/>
        <line num="5" count="3" type="stmt"/>
        <line num="6" count="3" type="stmt"/>
        <line num="7" count="3" type="stmt"/>
        <line num="8" count="3" type="stmt"/>
        <line num="12" count="4" type="stmt"/>
        <line num="14" count="4" type="cond" truecount="2" falsecount="0"/>
        <line num="15" count="2" type="stmt"/>
        <line num="27" count="4" type="cond" truecount="4" falsecount="0"/>
        <line num="29" count="4" type="stmt"/>
        <line num="100" count="3" type="stmt"/>
        <line num="102" count="3" type="stmt"/>
        <line num="105" count="7" type="cond" truecount="1" falsecount="1"/>
        <line num="107" count="7" type="stmt"/>
        <line num="108" count="7" type="stmt"/>
        <line num="111" count="7" type="stmt"/>
        <line num="116" count="7" type="cond" truecount="2" falsecount="0"/>
        <line num="117" count="1" type="stmt"/>
        <line num="125" count="6" type="stmt"/>
        <line num="127" count="6" type="cond" truecount="5" falsecount="0"/>
        <line num="128" count="2" type="stmt"/>
        <line num="131" count="4" type="stmt"/>
        <line num="134" count="4" type="stmt"/>
        <line num="148" count="4" type="cond" truecount="4" falsecount="0"/>
        <line num="149" count="1" type="stmt"/>
        <line num="150" count="1" type="stmt"/>
        <line num="153" count="1" type="stmt"/>
        <line num="155" count="1" type="stmt"/>
        <line num="170" count="4" type="stmt"/>
        <line num="177" count="4" type="stmt"/>
        <line num="178" count="4" type="stmt"/>
        <line num="179" count="4" type="stmt"/>
        <line num="180" count="4" type="stmt"/>
        <line num="182" count="4" type="cond" truecount="1" falsecount="1"/>
        <line num="183" count="4" type="cond" truecount="1" falsecount="1"/>
        <line num="185" count="4" type="cond" truecount="1" falsecount="1"/>
        <line num="186" count="4" type="stmt"/>
        <line num="189" count="4" type="stmt"/>
        <line num="205" count="4" type="stmt"/>
        <line num="210" count="4" type="stmt"/>
        <line num="212" count="4" type="stmt"/>
        <line num="229" count="0" type="stmt"/>
        <line num="230" count="0" type="stmt"/>
        <line num="238" count="3" type="stmt"/>
        <line num="239" count="7" type="stmt"/>
        <line num="240" count="7" type="stmt"/>
        <line num="242" count="7" type="cond" truecount="2" falsecount="0"/>
        <line num="243" count="1" type="stmt"/>
        <line num="247" count="6" type="stmt"/>
        <line num="248" count="6" type="stmt"/>
        <line num="250" count="6" type="cond" truecount="2" falsecount="0"/>
        <line num="251" count="1" type="stmt"/>
        <line num="254" count="5" type="stmt"/>
        <line num="257" count="5" type="stmt"/>
        <line num="259" count="5" type="stmt"/>
        <line num="266" count="5" type="stmt"/>
        <line num="277" count="0" type="stmt"/>
        <line num="278" count="0" type="stmt"/>
        <line num="286" count="3" type="stmt"/>
        <line num="287" count="8" type="stmt"/>
        <line num="288" count="8" type="stmt"/>
        <line num="290" count="8" type="cond" truecount="4" falsecount="0"/>
        <line num="291" count="2" type="stmt"/>
        <line num="297" count="6" type="stmt"/>
        <line num="299" count="6" type="stmt"/>
        <line num="312" count="0" type="stmt"/>
        <line num="313" count="0" type="stmt"/>
        <line num="321" count="3" type="stmt"/>
        <line num="322" count="6" type="stmt"/>
        <line num="323" count="6" type="stmt"/>
        <line num="325" count="6" type="cond" truecount="4" falsecount="0"/>
        <line num="326" count="2" type="stmt"/>
        <line num="329" count="4" type="stmt"/>
        <line num="331" count="4" type="stmt"/>
        <line num="338" count="0" type="stmt"/>
        <line num="339" count="0" type="stmt"/>
        <line num="348" count="3" type="stmt"/>
        <line num="349" count="2" type="stmt"/>
        <line num="350" count="2" type="stmt"/>
        <line num="353" count="2" type="stmt"/>
        <line num="358" count="2" type="cond" truecount="1" falsecount="1"/>
        <line num="359" count="0" type="stmt"/>
        <line num="362" count="2" type="stmt"/>
        <line num="376" count="2" type="stmt"/>
        <line num="378" count="0" type="stmt"/>
        <line num="387" count="3" type="stmt"/>
        <line num="388" count="2" type="stmt"/>
        <line num="389" count="2" type="stmt"/>
        <line num="390" count="2" type="stmt"/>
        <line num="392" count="2" type="stmt"/>
        <line num="397" count="2" type="cond" truecount="1" falsecount="1"/>
        <line num="398" count="0" type="stmt"/>
        <line num="405" count="2" type="stmt"/>
        <line num="412" count="2" type="cond" truecount="2" falsecount="0"/>
        <line num="413" count="1" type="stmt"/>
        <line num="419" count="1" type="stmt"/>
        <line num="423" count="0" type="stmt"/>
        <line num="431" count="3" type="stmt"/>
        <line num="432" count="1" type="stmt"/>
        <line num="433" count="1" type="stmt"/>
        <line num="434" count="1" type="stmt"/>
        <line num="436" count="1" type="stmt"/>
        <line num="440" count="1" type="cond" truecount="1" falsecount="1"/>
        <line num="441" count="0" type="stmt"/>
        <line num="445" count="1" type="stmt"/>
        <line num="450" count="1" type="stmt"/>
        <line num="455" count="0" type="stmt"/>
        <line num="459" count="3" type="stmt"/>
      </file>
    </package>
    <package name="api.services">
      <metrics statements="225" coveredstatements="177" conditionals="115" coveredconditionals="89" methods="58" coveredmethods="47"/>
      <file name="geminiService.js" path="/mnt/storage/shared_windows/Cvstomize/api/services/geminiService.js">
        <metrics statements="25" coveredstatements="0" conditionals="11" coveredconditionals="0" methods="6" coveredmethods="0"/>
        <line num="1" count="0" type="stmt"/>
        <line num="9" count="0" type="stmt"/>
        <line num="11" count="0" type="cond" truecount="0" falsecount="2"/>
        <line num="12" count="0" type="stmt"/>
        <line num="13" count="0" type="stmt"/>
        <line num="15" count="0" type="stmt"/>
        <line num="24" count="0" type="cond" truecount="0" falsecount="2"/>
        <line num="25" count="0" type="stmt"/>
        <line num="27" count="0" type="stmt"/>
        <line num="35" count="0" type="cond" truecount="0" falsecount="2"/>
        <line num="36" count="0" type="stmt"/>
        <line num="38" count="0" type="stmt"/>
        <line num="48" count="0" type="stmt"/>
        <line num="51" count="0" type="stmt"/>
        <line num="59" count="0" type="stmt"/>
        <line num="60" count="0" type="stmt"/>
        <line num="62" count="0" type="stmt"/>
        <line num="76" count="0" type="stmt"/>
        <line num="79" count="0" type="stmt"/>
        <line num="81" count="0" type="stmt"/>
        <line num="82" count="0" type="stmt"/>
        <line num="84" count="0" type="stmt"/>
        <line num="95" count="0" type="stmt"/>
        <line num="114" count="0" type="stmt"/>
        <line num="116" count="0" type="stmt"/>
      </file>
      <file name="geminiServiceVertex.js" path="/mnt/storage/shared_windows/Cvstomize/api/services/geminiServiceVertex.js">
        <metrics statements="27" coveredstatements="8" conditionals="11" coveredconditionals="2" methods="6" coveredmethods="1"/>
        <line num="6" count="2" type="stmt"/>
        <line num="11" count="2" type="cond" truecount="2" falsecount="0"/>
        <line num="12" count="2" type="stmt"/>
        <line num="14" count="2" type="stmt"/>
        <line num="15" count="2" type="stmt"/>
        <line num="19" count="2" type="stmt"/>
        <line num="21" count="0" type="stmt"/>
        <line num="22" count="0" type="stmt"/>
        <line num="30" count="0" type="cond" truecount="0" falsecount="2"/>
        <line num="31" count="0" type="stmt"/>
        <line num="33" count="0" type="stmt"/>
        <line num="42" count="0" type="cond" truecount="0" falsecount="2"/>
        <line num="43" count="0" type="stmt"/>
        <line num="45" count="0" type="stmt"/>
        <line num="54" count="0" type="stmt"/>
        <line num="56" count="0" type="stmt"/>
        <line num="64" count="0" type="stmt"/>
        <line num="65" count="0" type="stmt"/>
        <line num="67" count="0" type="stmt"/>
        <line num="77" count="0" type="stmt"/>
        <line num="78" count="0" type="stmt"/>
        <line num="80" count="0" type="stmt"/>
        <line num="81" count="0" type="stmt"/>
        <line num="83" count="0" type="stmt"/>
        <line num="90" count="0" type="stmt"/>
        <line num="109" count="2" type="stmt"/>
        <line num="110" count="2" type="stmt"/>
      </file>
      <file name="jobDescriptionAnalyzer.js" path="/mnt/storage/shared_windows/Cvstomize/api/services/jobDescriptionAnalyzer.js">
        <metrics statements="78" coveredstatements="74" conditionals="54" coveredconditionals="48" methods="11" coveredmethods="11"/>
        <line num="16" count="33" type="stmt"/>
        <line num="25" count="9" type="cond" truecount="4" falsecount="0"/>
        <line num="26" count="1" type="stmt"/>
        <line num="30" count="8" type="stmt"/>
        <line num="33" count="8" type="stmt"/>
        <line num="35" count="8" type="stmt"/>
        <line num="47" count="8" type="stmt"/>
        <line num="95" count="8" type="stmt"/>
        <line num="96" count="8" type="stmt"/>
        <line num="97" count="8" type="stmt"/>
        <line num="98" count="7" type="stmt"/>
        <line num="101" count="7" type="stmt"/>
        <line num="103" count="7" type="stmt"/>
        <line num="105" count="7" type="stmt"/>
        <line num="108" count="7" type="cond" truecount="4" falsecount="1"/>
        <line num="109" count="0" type="stmt"/>
        <line num="112" count="7" type="stmt"/>
        <line num="115" count="1" type="stmt"/>
        <line num="118" count="1" type="stmt"/>
        <line num="126" count="7" type="stmt"/>
        <line num="129" count="7" type="stmt"/>
        <line num="130" count="7" type="cond" truecount="5" falsecount="0"/>
        <line num="131" count="2" type="stmt"/>
        <line num="132" count="5" type="cond" truecount="5" falsecount="0"/>
        <line num="133" count="1" type="stmt"/>
        <line num="134" count="4" type="cond" truecount="5" falsecount="0"/>
        <line num="135" count="1" type="stmt"/>
        <line num="139" count="7" type="stmt"/>
        <line num="144" count="161" type="stmt"/>
        <line num="147" count="7" type="stmt"/>
        <line num="151" count="70" type="stmt"/>
        <line num="154" count="7" type="cond" truecount="2" falsecount="0"/>
        <line num="155" count="7" type="stmt"/>
        <line num="157" count="7" type="stmt"/>
        <line num="196" count="12" type="stmt"/>
        <line num="199" count="12" type="cond" truecount="1" falsecount="1"/>
        <line num="200" count="12" type="stmt"/>
        <line num="201" count="12" type="stmt"/>
        <line num="210" count="0" type="stmt"/>
        <line num="221" count="12" type="cond" truecount="1" falsecount="1"/>
        <line num="222" count="12" type="stmt"/>
        <line num="223" count="12" type="stmt"/>
        <line num="234" count="12" type="cond" truecount="1" falsecount="1"/>
        <line num="235" count="12" type="stmt"/>
        <line num="245" count="12" type="stmt"/>
        <line num="246" count="12" type="stmt"/>
        <line num="249" count="12" type="stmt"/>
        <line num="250" count="12" type="stmt"/>
        <line num="252" count="12" type="stmt"/>
        <line num="259" count="17" type="stmt"/>
        <line num="290" count="17" type="cond" truecount="2" falsecount="0"/>
        <line num="297" count="16" type="stmt"/>
        <line num="299" count="16" type="stmt"/>
        <line num="300" count="16" type="stmt"/>
        <line num="302" count="16" type="cond" truecount="4" falsecount="0"/>
        <line num="303" count="12" type="stmt"/>
        <line num="304" count="12" type="stmt"/>
        <line num="305" count="4" type="cond" truecount="2" falsecount="0"/>
        <line num="306" count="3" type="stmt"/>
        <line num="307" count="3" type="stmt"/>
        <line num="308" count="1" type="cond" truecount="2" falsecount="2"/>
        <line num="309" count="1" type="stmt"/>
        <line num="310" count="1" type="stmt"/>
        <line num="312" count="0" type="stmt"/>
        <line num="313" count="0" type="stmt"/>
        <line num="316" count="16" type="stmt"/>
        <line num="330" count="4" type="stmt"/>
        <line num="332" count="4" type="cond" truecount="2" falsecount="0"/>
        <line num="333" count="1" type="stmt"/>
        <line num="336" count="3" type="cond" truecount="2" falsecount="0"/>
        <line num="337" count="1" type="stmt"/>
        <line num="341" count="2" type="stmt"/>
        <line num="346" count="2" type="stmt"/>
        <line num="347" count="13" type="stmt"/>
        <line num="349" count="2" type="cond" truecount="2" falsecount="0"/>
        <line num="350" count="1" type="stmt"/>
        <line num="356" count="1" type="stmt"/>
        <line num="360" count="3" type="stmt"/>
      </file>
      <file name="personalityInference.js" path="/mnt/storage/shared_windows/Cvstomize/api/services/personalityInference.js">
        <metrics statements="52" coveredstatements="52" conditionals="18" coveredconditionals="18" methods="17" coveredmethods="17"/>
        <line num="16" count="4" type="stmt"/>
        <line num="125" count="4" type="stmt"/>
        <line num="133" count="4" type="stmt"/>
        <line num="142" count="4" type="stmt"/>
        <line num="152" count="4" type="stmt"/>
        <line num="163" count="742" type="stmt"/>
        <line num="164" count="742" type="stmt"/>
        <line num="165" count="5185" type="cond" truecount="2" falsecount="0"/>
        <line num="174" count="153" type="stmt"/>
        <line num="175" count="153" type="stmt"/>
        <line num="180" count="153" type="stmt"/>
        <line num="183" count="153" type="stmt"/>
        <line num="190" count="33" type="stmt"/>
        <line num="194" count="33" type="stmt"/>
        <line num="199" count="33" type="cond" truecount="2" falsecount="0"/>
        <line num="200" count="9" type="stmt"/>
        <line num="201" count="24" type="cond" truecount="2" falsecount="0"/>
        <line num="202" count="3" type="stmt"/>
        <line num="204" count="21" type="stmt"/>
        <line num="212" count="34" type="stmt"/>
        <line num="222" count="88" type="cond" truecount="2" falsecount="0"/>
        <line num="223" count="24" type="stmt"/>
        <line num="227" count="20" type="cond" truecount="2" falsecount="0"/>
        <line num="234" count="34" type="stmt"/>
        <line num="241" count="102" type="cond" truecount="2" falsecount="0"/>
        <line num="248" count="33" type="stmt"/>
        <line num="255" count="99" type="cond" truecount="2" falsecount="0"/>
        <line num="262" count="29" type="cond" truecount="2" falsecount="0"/>
        <line num="263" count="1" type="stmt"/>
        <line num="264" count="28" type="cond" truecount="2" falsecount="0"/>
        <line num="265" count="1" type="stmt"/>
        <line num="267" count="27" type="stmt"/>
        <line num="279" count="29" type="stmt"/>
        <line num="282" count="29" type="stmt"/>
        <line num="292" count="29" type="stmt"/>
        <line num="293" count="69" type="stmt"/>
        <line num="294" count="46" type="stmt"/>
        <line num="298" count="29" type="stmt"/>
        <line num="299" count="29" type="stmt"/>
        <line num="303" count="29" type="stmt"/>
        <line num="304" count="29" type="stmt"/>
        <line num="308" count="29" type="stmt"/>
        <line num="311" count="29" type="stmt"/>
        <line num="312" count="29" type="stmt"/>
        <line num="313" count="29" type="stmt"/>
        <line num="314" count="29" type="stmt"/>
        <line num="315" count="29" type="stmt"/>
        <line num="318" count="69" type="stmt"/>
        <line num="319" count="29" type="stmt"/>
        <line num="320" count="29" type="stmt"/>
        <line num="322" count="29" type="stmt"/>
        <line num="343" count="4" type="stmt"/>
      </file>
      <file name="personalityQuestions.js" path="/mnt/storage/shared_windows/Cvstomize/api/services/personalityQuestions.js">
        <metrics statements="32" coveredstatements="32" conditionals="18" coveredconditionals="18" methods="11" coveredmethods="11"/>
        <line num="16" count="3" type="stmt"/>
        <line num="126" count="65" type="stmt"/>
        <line num="133" count="104" type="stmt"/>
        <line num="140" count="6" type="stmt"/>
        <line num="141" count="6" type="cond" truecount="2" falsecount="0"/>
        <line num="142" count="1" type="stmt"/>
        <line num="145" count="5" type="stmt"/>
        <line num="147" count="5" type="cond" truecount="2" falsecount="0"/>
        <line num="148" count="2" type="stmt"/>
        <line num="154" count="3" type="cond" truecount="2" falsecount="0"/>
        <line num="155" count="1" type="stmt"/>
        <line num="161" count="2" type="stmt"/>
        <line num="168" count="68" type="stmt"/>
        <line num="177" count="68" type="cond" truecount="2" falsecount="0"/>
        <line num="184" count="4" type="stmt"/>
        <line num="185" count="4" type="cond" truecount="2" falsecount="0"/>
        <line num="187" count="3" type="stmt"/>
        <line num="190" count="3" type="stmt"/>
        <line num="191" count="3" type="cond" truecount="3" falsecount="0"/>
        <line num="195" count="3" type="cond" truecount="5" falsecount="0"/>
        <line num="196" count="1" type="stmt"/>
        <line num="200" count="2" type="stmt"/>
        <line num="208" count="10" type="stmt"/>
        <line num="220" count="10" type="stmt"/>
        <line num="221" count="50" type="stmt"/>
        <line num="236" count="10" type="stmt"/>
        <line num="237" count="10" type="stmt"/>
        <line num="238" count="60" type="stmt"/>
        <line num="243" count="80" type="stmt"/>
        <line num="255" count="10" type="stmt"/>
        <line num="264" count="10" type="stmt"/>
        <line num="267" count="3" type="stmt"/>
      </file>
      <file name="questionFramework.js" path="/mnt/storage/shared_windows/Cvstomize/api/services/questionFramework.js">
        <metrics statements="11" coveredstatements="11" conditionals="3" coveredconditionals="3" methods="7" coveredmethods="7"/>
        <line num="6" count="5" type="stmt"/>
        <line num="14" count="5" type="stmt"/>
        <line num="182" count="1692" type="stmt"/>
        <line num="185" count="94" type="cond" truecount="2" falsecount="0"/>
        <line num="186" count="7" type="stmt"/>
        <line num="189" count="87" type="stmt"/>
        <line num="196" count="368" type="stmt"/>
        <line num="203" count="1602" type="stmt"/>
        <line num="210" count="43" type="stmt"/>
        <line num="211" count="43" type="stmt"/>
        <line num="214" count="5" type="stmt"/>
      </file>
    </package>
    <package name="api.utils">
      <metrics statements="20" coveredstatements="5" conditionals="4" coveredconditionals="2" methods="2" coveredmethods="0"/>
      <file name="docx-parser.js" path="/mnt/storage/shared_windows/Cvstomize/api/utils/docx-parser.js">
        <metrics statements="7" coveredstatements="0" conditionals="0" coveredconditionals="0" methods="1" coveredmethods="0"/>
        <line num="1" count="0" type="stmt"/>
        <line num="4" count="0" type="stmt"/>
        <line num="5" count="0" type="stmt"/>
        <line num="6" count="0" type="stmt"/>
        <line num="8" count="0" type="stmt"/>
        <line num="9" count="0" type="stmt"/>
        <line num="13" count="0" type="stmt"/>
      </file>
      <file name="logger.js" path="/mnt/storage/shared_windows/Cvstomize/api/utils/logger.js">
        <metrics statements="5" coveredstatements="5" conditionals="4" coveredconditionals="2" methods="0" coveredmethods="0"/>
        <line num="1" count="3" type="stmt"/>
        <line num="4" count="3" type="stmt"/>
        <line num="18" count="3" type="cond" truecount="1" falsecount="1"/>
        <line num="19" count="3" type="stmt"/>
        <line num="27" count="3" type="stmt"/>
      </file>
      <file name="pdf-parser.js" path="/mnt/storage/shared_windows/Cvstomize/api/utils/pdf-parser.js">
        <metrics statements="8" coveredstatements="0" conditionals="0" coveredconditionals="0" methods="1" coveredmethods="0"/>
        <line num="1" count="0" type="stmt"/>
        <line num="4" count="0" type="stmt"/>
        <line num="5" count="0" type="stmt"/>
        <line num="6" count="0" type="stmt"/>
        <line num="7" count="0" type="stmt"/>
        <line num="9" count="0" type="stmt"/>
        <line num="10" count="0" type="stmt"/>
        <line num="14" count="0" type="stmt"/>
      </file>
    </package>
  </project>
</coverage>
