{"/mnt/storage/shared_windows/Cvstomize/api/generate-cv.js": {"path":"/mnt/storage/shared_windows/Cvstomize/api/generate-cv.js","statementMap":{"0":{"start":{"line":8,"column":24},"end":{"line":8,"column":33}},"1":{"start":{"line":10,"column":22},"end":{"line":14,"column":1}},"2":{"start":{"line":16,"column":22},"end":{"line":35,"column":1}},"3":{"start":{"line":17,"column":2},"end":{"line":34,"column":5}},"4":{"start":{"line":18,"column":17},"end":{"line":18,"column":53}},"5":{"start":{"line":19,"column":4},"end":{"line":33,"column":7}},"6":{"start":{"line":20,"column":6},"end":{"line":32,"column":7}},"7":{"start":{"line":21,"column":8},"end":{"line":21,"column":20}},"8":{"start":{"line":23,"column":29},"end":{"line":23,"column":31}},"9":{"start":{"line":24,"column":8},"end":{"line":26,"column":9}},"10":{"start":{"line":25,"column":10},"end":{"line":25,"column":88}},"11":{"start":{"line":27,"column":28},"end":{"line":27,"column":30}},"12":{"start":{"line":28,"column":8},"end":{"line":30,"column":9}},"13":{"start":{"line":29,"column":12},"end":{"line":29,"column":85}},"14":{"start":{"line":31,"column":8},"end":{"line":31,"column":62}},"15":{"start":{"line":37,"column":28},"end":{"line":68,"column":1}},"16":{"start":{"line":38,"column":22},"end":{"line":38,"column":61}},"17":{"start":{"line":39,"column":4},"end":{"line":67,"column":5}},"18":{"start":{"line":40,"column":8},"end":{"line":43,"column":9}},"19":{"start":{"line":41,"column":12},"end":{"line":41,"column":57}},"20":{"start":{"line":42,"column":12},"end":{"line":42,"column":22}},"21":{"start":{"line":44,"column":27},"end":{"line":44,"column":52}},"22":{"start":{"line":46,"column":8},"end":{"line":63,"column":9}},"23":{"start":{"line":47,"column":30},"end":{"line":47,"column":82}},"24":{"start":{"line":48,"column":12},"end":{"line":48,"column":25}},"25":{"start":{"line":49,"column":15},"end":{"line":63,"column":9}},"26":{"start":{"line":50,"column":31},"end":{"line":50,"column":57}},"27":{"start":{"line":51,"column":32},"end":{"line":51,"column":55}},"28":{"start":{"line":52,"column":24},"end":{"line":52,"column":49}},"29":{"start":{"line":53,"column":23},"end":{"line":53,"column":25}},"30":{"start":{"line":54,"column":12},"end":{"line":59,"column":13}},"31":{"start":{"line":54,"column":25},"end":{"line":54,"column":26}},"32":{"start":{"line":55,"column":29},"end":{"line":55,"column":49}},"33":{"start":{"line":56,"column":32},"end":{"line":56,"column":59}},"34":{"start":{"line":57,"column":32},"end":{"line":57,"column":67}},"35":{"start":{"line":57,"column":58},"end":{"line":57,"column":66}},"36":{"start":{"line":58,"column":16},"end":{"line":58,"column":49}},"37":{"start":{"line":60,"column":12},"end":{"line":60,"column":24}},"38":{"start":{"line":62,"column":12},"end":{"line":62,"column":47}},"39":{"start":{"line":65,"column":8},"end":{"line":65,"column":72}},"40":{"start":{"line":66,"column":8},"end":{"line":66,"column":18}},"41":{"start":{"line":71,"column":2},"end":{"line":73,"column":3}},"42":{"start":{"line":72,"column":4},"end":{"line":72,"column":65}},"43":{"start":{"line":75,"column":2},"end":{"line":167,"column":3}},"44":{"start":{"line":76,"column":30},"end":{"line":76,"column":54}},"45":{"start":{"line":77,"column":94},"end":{"line":77,"column":100}},"46":{"start":{"line":78,"column":22},"end":{"line":78,"column":43}},"47":{"start":{"line":80,"column":29},"end":{"line":80,"column":76}},"48":{"start":{"line":82,"column":4},"end":{"line":84,"column":5}},"49":{"start":{"line":83,"column":6},"end":{"line":83,"column":112}},"50":{"start":{"line":86,"column":25},"end":{"line":86,"column":27}},"51":{"start":{"line":87,"column":4},"end":{"line":97,"column":5}},"52":{"start":{"line":88,"column":6},"end":{"line":88,"column":34}},"53":{"start":{"line":90,"column":6},"end":{"line":96,"column":7}},"54":{"start":{"line":91,"column":21},"end":{"line":91,"column":61}},"55":{"start":{"line":92,"column":8},"end":{"line":92,"column":47}},"56":{"start":{"line":93,"column":8},"end":{"line":95,"column":9}},"57":{"start":{"line":94,"column":10},"end":{"line":94,"column":39}},"58":{"start":{"line":99,"column":4},"end":{"line":99,"column":54}},"59":{"start":{"line":101,"column":18},"end":{"line":101,"column":68}},"60":{"start":{"line":102,"column":18},"end":{"line":102,"column":74}},"61":{"start":{"line":104,"column":19},"end":{"line":148,"column":5}},"62":{"start":{"line":150,"column":19},"end":{"line":150,"column":54}},"63":{"start":{"line":151,"column":21},"end":{"line":151,"column":42}},"64":{"start":{"line":152,"column":26},"end":{"line":152,"column":41}},"65":{"start":{"line":154,"column":20},"end":{"line":154,"column":44}},"66":{"start":{"line":155,"column":17},"end":{"line":155,"column":40}},"67":{"start":{"line":156,"column":4},"end":{"line":156,"column":41}},"68":{"start":{"line":157,"column":22},"end":{"line":157,"column":54}},"69":{"start":{"line":158,"column":4},"end":{"line":158,"column":26}},"70":{"start":{"line":160,"column":4},"end":{"line":160,"column":53}},"71":{"start":{"line":161,"column":4},"end":{"line":161,"column":76}},"72":{"start":{"line":162,"column":4},"end":{"line":162,"column":24}},"73":{"start":{"line":165,"column":4},"end":{"line":165,"column":55}},"74":{"start":{"line":166,"column":4},"end":{"line":166,"column":98}}},"fnMap":{"0":{"name":"(anonymous_0)","decl":{"start":{"line":16,"column":22},"end":{"line":16,"column":23}},"loc":{"start":{"line":16,"column":37},"end":{"line":35,"column":1}},"line":16},"1":{"name":"(anonymous_1)","decl":{"start":{"line":17,"column":21},"end":{"line":17,"column":22}},"loc":{"start":{"line":17,"column":42},"end":{"line":34,"column":3}},"line":17},"2":{"name":"(anonymous_2)","decl":{"start":{"line":19,"column":20},"end":{"line":19,"column":21}},"loc":{"start":{"line":19,"column":44},"end":{"line":33,"column":5}},"line":19},"3":{"name":"(anonymous_3)","decl":{"start":{"line":37,"column":28},"end":{"line":37,"column":29}},"loc":{"start":{"line":37,"column":48},"end":{"line":68,"column":1}},"line":37},"4":{"name":"(anonymous_4)","decl":{"start":{"line":57,"column":50},"end":{"line":57,"column":51}},"loc":{"start":{"line":57,"column":58},"end":{"line":57,"column":66}},"line":57},"5":{"name":"handler","decl":{"start":{"line":70,"column":30},"end":{"line":70,"column":37}},"loc":{"start":{"line":70,"column":48},"end":{"line":168,"column":1}},"line":70}},"branchMap":{"0":{"loc":{"start":{"line":20,"column":6},"end":{"line":32,"column":7}},"type":"if","locations":[{"start":{"line":20,"column":6},"end":{"line":32,"column":7}},{"start":{"line":22,"column":13},"end":{"line":32,"column":7}}],"line":20},"1":{"loc":{"start":{"line":25,"column":30},"end":{"line":25,"column":87}},"type":"cond-expr","locations":[{"start":{"line":25,"column":59},"end":{"line":25,"column":73}},{"start":{"line":25,"column":76},"end":{"line":25,"column":87}}],"line":25},"2":{"loc":{"start":{"line":29,"column":31},"end":{"line":29,"column":84}},"type":"cond-expr","locations":[{"start":{"line":29,"column":59},"end":{"line":29,"column":69}},{"start":{"line":29,"column":72},"end":{"line":29,"column":84}}],"line":29},"3":{"loc":{"start":{"line":40,"column":8},"end":{"line":43,"column":9}},"type":"if","locations":[{"start":{"line":40,"column":8},"end":{"line":43,"column":9}},{"start":{},"end":{}}],"line":40},"4":{"loc":{"start":{"line":46,"column":8},"end":{"line":63,"column":9}},"type":"if","locations":[{"start":{"line":46,"column":8},"end":{"line":63,"column":9}},{"start":{"line":49,"column":15},"end":{"line":63,"column":9}}],"line":46},"5":{"loc":{"start":{"line":49,"column":15},"end":{"line":63,"column":9}},"type":"if","locations":[{"start":{"line":49,"column":15},"end":{"line":63,"column":9}},{"start":{"line":61,"column":15},"end":{"line":63,"column":9}}],"line":49},"6":{"loc":{"start":{"line":71,"column":2},"end":{"line":73,"column":3}},"type":"if","locations":[{"start":{"line":71,"column":2},"end":{"line":73,"column":3}},{"start":{},"end":{}}],"line":71},"7":{"loc":{"start":{"line":78,"column":22},"end":{"line":78,"column":43}},"type":"binary-expr","locations":[{"start":{"line":78,"column":22},"end":{"line":78,"column":37}},{"start":{"line":78,"column":41},"end":{"line":78,"column":43}}],"line":78},"8":{"loc":{"start":{"line":80,"column":29},"end":{"line":80,"column":76}},"type":"cond-expr","locations":[{"start":{"line":80,"column":46},"end":{"line":80,"column":71}},{"start":{"line":80,"column":74},"end":{"line":80,"column":76}}],"line":80},"9":{"loc":{"start":{"line":82,"column":4},"end":{"line":84,"column":5}},"type":"if","locations":[{"start":{"line":82,"column":4},"end":{"line":84,"column":5}},{"start":{},"end":{}}],"line":82},"10":{"loc":{"start":{"line":82,"column":8},"end":{"line":82,"column":99}},"type":"binary-expr","locations":[{"start":{"line":82,"column":9},"end":{"line":82,"column":31}},{"start":{"line":82,"column":35},"end":{"line":82,"column":46}},{"start":{"line":82,"column":51},"end":{"line":82,"column":66}},{"start":{"line":82,"column":70},"end":{"line":82,"column":99}}],"line":82},"11":{"loc":{"start":{"line":87,"column":4},"end":{"line":97,"column":5}},"type":"if","locations":[{"start":{"line":87,"column":4},"end":{"line":97,"column":5}},{"start":{"line":89,"column":11},"end":{"line":97,"column":5}}],"line":87},"12":{"loc":{"start":{"line":93,"column":8},"end":{"line":95,"column":9}},"type":"if","locations":[{"start":{"line":93,"column":8},"end":{"line":95,"column":9}},{"start":{},"end":{}}],"line":93}},"s":{"0":0,"1":0,"2":0,"3":0,"4":0,"5":0,"6":0,"7":0,"8":0,"9":0,"10":0,"11":0,"12":0,"13":0,"14":0,"15":0,"16":0,"17":0,"18":0,"19":0,"20":0,"21":0,"22":0,"23":0,"24":0,"25":0,"26":0,"27":0,"28":0,"29":0,"30":0,"31":0,"32":0,"33":0,"34":0,"35":0,"36":0,"37":0,"38":0,"39":0,"40":0,"41":0,"42":0,"43":0,"44":0,"45":0,"46":0,"47":0,"48":0,"49":0,"50":0,"51":0,"52":0,"53":0,"54":0,"55":0,"56":0,"57":0,"58":0,"59":0,"60":0,"61":0,"62":0,"63":0,"64":0,"65":0,"66":0,"67":0,"68":0,"69":0,"70":0,"71":0,"72":0,"73":0,"74":0},"f":{"0":0,"1":0,"2":0,"3":0,"4":0,"5":0},"b":{"0":[0,0],"1":[0,0],"2":[0,0],"3":[0,0],"4":[0,0],"5":[0,0],"6":[0,0],"7":[0,0],"8":[0,0],"9":[0,0],"10":[0,0,0,0],"11":[0,0],"12":[0,0]}}
,"/mnt/storage/shared_windows/Cvstomize/api/index.js": {"path":"/mnt/storage/shared_windows/Cvstomize/api/index.js","statementMap":{"0":{"start":{"line":1,"column":0},"end":{"line":1,"column":27}},"1":{"start":{"line":2,"column":16},"end":{"line":2,"column":34}},"2":{"start":{"line":3,"column":13},"end":{"line":3,"column":28}},"3":{"start":{"line":4,"column":15},"end":{"line":4,"column":32}},"4":{"start":{"line":5,"column":18},"end":{"line":5,"column":47}},"5":{"start":{"line":6,"column":15},"end":{"line":6,"column":40}},"6":{"start":{"line":9,"column":15},"end":{"line":9,"column":43}},"7":{"start":{"line":10,"column":31},"end":{"line":10,"column":59}},"8":{"start":{"line":13,"column":12},"end":{"line":13,"column":21}},"9":{"start":{"line":14,"column":13},"end":{"line":14,"column":37}},"10":{"start":{"line":17,"column":0},"end":{"line":17,"column":18}},"11":{"start":{"line":20,"column":20},"end":{"line":33,"column":1}},"12":{"start":{"line":34,"column":0},"end":{"line":34,"column":27}},"13":{"start":{"line":38,"column":0},"end":{"line":38,"column":26}},"14":{"start":{"line":41,"column":16},"end":{"line":49,"column":2}},"15":{"start":{"line":50,"column":0},"end":{"line":50,"column":26}},"16":{"start":{"line":53,"column":0},"end":{"line":53,"column":41}},"17":{"start":{"line":54,"column":0},"end":{"line":54,"column":63}},"18":{"start":{"line":57,"column":0},"end":{"line":70,"column":3}},"19":{"start":{"line":58,"column":16},"end":{"line":58,"column":26}},"20":{"start":{"line":59,"column":2},"end":{"line":68,"column":5}},"21":{"start":{"line":60,"column":21},"end":{"line":60,"column":39}},"22":{"start":{"line":61,"column":4},"end":{"line":67,"column":7}},"23":{"start":{"line":69,"column":2},"end":{"line":69,"column":9}},"24":{"start":{"line":73,"column":0},"end":{"line":89,"column":3}},"25":{"start":{"line":74,"column":2},"end":{"line":88,"column":3}},"26":{"start":{"line":76,"column":4},"end":{"line":81,"column":7}},"27":{"start":{"line":83,"column":4},"end":{"line":83,"column":48}},"28":{"start":{"line":84,"column":4},"end":{"line":87,"column":7}},"29":{"start":{"line":92,"column":0},"end":{"line":127,"column":3}},"30":{"start":{"line":93,"column":17},"end":{"line":97,"column":3}},"31":{"start":{"line":99,"column":2},"end":{"line":106,"column":3}},"32":{"start":{"line":101,"column":4},"end":{"line":101,"column":37}},"33":{"start":{"line":102,"column":4},"end":{"line":102,"column":32}},"34":{"start":{"line":104,"column":4},"end":{"line":104,"column":34}},"35":{"start":{"line":105,"column":4},"end":{"line":105,"column":57}},"36":{"start":{"line":108,"column":2},"end":{"line":115,"column":3}},"37":{"start":{"line":110,"column":18},"end":{"line":110,"column":43}},"38":{"start":{"line":111,"column":4},"end":{"line":111,"column":76}},"39":{"start":{"line":113,"column":4},"end":{"line":113,"column":34}},"40":{"start":{"line":114,"column":4},"end":{"line":114,"column":57}},"41":{"start":{"line":117,"column":21},"end":{"line":117,"column":80}},"42":{"start":{"line":117,"column":59},"end":{"line":117,"column":79}},"43":{"start":{"line":118,"column":21},"end":{"line":118,"column":43}},"44":{"start":{"line":120,"column":2},"end":{"line":126,"column":5}},"45":{"start":{"line":130,"column":19},"end":{"line":130,"column":43}},"46":{"start":{"line":131,"column":22},"end":{"line":131,"column":49}},"47":{"start":{"line":132,"column":27},"end":{"line":132,"column":59}},"48":{"start":{"line":133,"column":21},"end":{"line":133,"column":47}},"49":{"start":{"line":134,"column":20},"end":{"line":134,"column":45}},"50":{"start":{"line":136,"column":0},"end":{"line":136,"column":33}},"51":{"start":{"line":137,"column":0},"end":{"line":137,"column":39}},"52":{"start":{"line":138,"column":0},"end":{"line":138,"column":49}},"53":{"start":{"line":139,"column":0},"end":{"line":139,"column":37}},"54":{"start":{"line":140,"column":0},"end":{"line":140,"column":35}},"55":{"start":{"line":143,"column":0},"end":{"line":148,"column":3}},"56":{"start":{"line":144,"column":2},"end":{"line":147,"column":5}},"57":{"start":{"line":151,"column":21},"end":{"line":151,"column":57}},"58":{"start":{"line":152,"column":0},"end":{"line":152,"column":22}},"59":{"start":{"line":155,"column":0},"end":{"line":159,"column":3}},"60":{"start":{"line":156,"column":2},"end":{"line":156,"column":62}},"61":{"start":{"line":157,"column":2},"end":{"line":157,"column":29}},"62":{"start":{"line":158,"column":2},"end":{"line":158,"column":18}},"63":{"start":{"line":161,"column":0},"end":{"line":165,"column":3}},"64":{"start":{"line":162,"column":2},"end":{"line":162,"column":61}},"65":{"start":{"line":163,"column":2},"end":{"line":163,"column":29}},"66":{"start":{"line":164,"column":2},"end":{"line":164,"column":18}},"67":{"start":{"line":169,"column":2},"end":{"line":193,"column":3}},"68":{"start":{"line":171,"column":4},"end":{"line":176,"column":5}},"69":{"start":{"line":172,"column":6},"end":{"line":172,"column":33}},"70":{"start":{"line":173,"column":6},"end":{"line":173,"column":54}},"71":{"start":{"line":175,"column":6},"end":{"line":175,"column":68}},"72":{"start":{"line":179,"column":4},"end":{"line":179,"column":37}},"73":{"start":{"line":180,"column":4},"end":{"line":180,"column":50}},"74":{"start":{"line":183,"column":19},"end":{"line":187,"column":6}},"75":{"start":{"line":184,"column":6},"end":{"line":184,"column":104}},"76":{"start":{"line":185,"column":6},"end":{"line":185,"column":70}},"77":{"start":{"line":186,"column":6},"end":{"line":186,"column":82}},"78":{"start":{"line":189,"column":4},"end":{"line":189,"column":18}},"79":{"start":{"line":191,"column":4},"end":{"line":191,"column":63}},"80":{"start":{"line":192,"column":4},"end":{"line":192,"column":20}},"81":{"start":{"line":198,"column":0},"end":{"line":203,"column":1}},"82":{"start":{"line":199,"column":2},"end":{"line":199,"column":40}},"83":{"start":{"line":199,"column":28},"end":{"line":199,"column":38}},"84":{"start":{"line":202,"column":2},"end":{"line":202,"column":16}},"85":{"start":{"line":206,"column":0},"end":{"line":206,"column":56}}},"fnMap":{"0":{"name":"(anonymous_0)","decl":{"start":{"line":57,"column":8},"end":{"line":57,"column":9}},"loc":{"start":{"line":57,"column":28},"end":{"line":70,"column":1}},"line":57},"1":{"name":"(anonymous_1)","decl":{"start":{"line":59,"column":19},"end":{"line":59,"column":20}},"loc":{"start":{"line":59,"column":25},"end":{"line":68,"column":3}},"line":59},"2":{"name":"(anonymous_2)","decl":{"start":{"line":73,"column":19},"end":{"line":73,"column":20}},"loc":{"start":{"line":73,"column":39},"end":{"line":89,"column":1}},"line":73},"3":{"name":"(anonymous_3)","decl":{"start":{"line":92,"column":28},"end":{"line":92,"column":29}},"loc":{"start":{"line":92,"column":48},"end":{"line":127,"column":1}},"line":92},"4":{"name":"(anonymous_4)","decl":{"start":{"line":117,"column":49},"end":{"line":117,"column":50}},"loc":{"start":{"line":117,"column":59},"end":{"line":117,"column":79}},"line":117},"5":{"name":"(anonymous_5)","decl":{"start":{"line":143,"column":8},"end":{"line":143,"column":9}},"loc":{"start":{"line":143,"column":22},"end":{"line":148,"column":1}},"line":143},"6":{"name":"(anonymous_6)","decl":{"start":{"line":155,"column":22},"end":{"line":155,"column":23}},"loc":{"start":{"line":155,"column":34},"end":{"line":159,"column":1}},"line":155},"7":{"name":"(anonymous_7)","decl":{"start":{"line":161,"column":21},"end":{"line":161,"column":22}},"loc":{"start":{"line":161,"column":33},"end":{"line":165,"column":1}},"line":161},"8":{"name":"initializeApp","decl":{"start":{"line":168,"column":15},"end":{"line":168,"column":28}},"loc":{"start":{"line":168,"column":31},"end":{"line":194,"column":1}},"line":168},"9":{"name":"(anonymous_9)","decl":{"start":{"line":183,"column":36},"end":{"line":183,"column":37}},"loc":{"start":{"line":183,"column":42},"end":{"line":187,"column":5}},"line":183},"10":{"name":"(anonymous_10)","decl":{"start":{"line":199,"column":23},"end":{"line":199,"column":24}},"loc":{"start":{"line":199,"column":28},"end":{"line":199,"column":38}},"line":199}},"branchMap":{"0":{"loc":{"start":{"line":14,"column":13},"end":{"line":14,"column":37}},"type":"binary-expr","locations":[{"start":{"line":14,"column":13},"end":{"line":14,"column":29}},{"start":{"line":14,"column":33},"end":{"line":14,"column":37}}],"line":14},"1":{"loc":{"start":{"line":21,"column":10},"end":{"line":30,"column":106}},"type":"cond-expr","locations":[{"start":{"line":22,"column":6},"end":{"line":29,"column":7}},{"start":{"line":30,"column":6},"end":{"line":30,"column":106}}],"line":21},"2":{"loc":{"start":{"line":80,"column":19},"end":{"line":80,"column":56}},"type":"binary-expr","locations":[{"start":{"line":80,"column":19},"end":{"line":80,"column":39}},{"start":{"line":80,"column":43},"end":{"line":80,"column":56}}],"line":80},"3":{"loc":{"start":{"line":111,"column":22},"end":{"line":111,"column":75}},"type":"cond-expr","locations":[{"start":{"line":111,"column":46},"end":{"line":111,"column":55}},{"start":{"line":111,"column":58},"end":{"line":111,"column":75}}],"line":111},"4":{"loc":{"start":{"line":118,"column":21},"end":{"line":118,"column":43}},"type":"cond-expr","locations":[{"start":{"line":118,"column":34},"end":{"line":118,"column":37}},{"start":{"line":118,"column":40},"end":{"line":118,"column":43}}],"line":118},"5":{"loc":{"start":{"line":121,"column":12},"end":{"line":121,"column":47}},"type":"cond-expr","locations":[{"start":{"line":121,"column":25},"end":{"line":121,"column":34}},{"start":{"line":121,"column":37},"end":{"line":121,"column":47}}],"line":121},"6":{"loc":{"start":{"line":124,"column":17},"end":{"line":124,"column":54}},"type":"binary-expr","locations":[{"start":{"line":124,"column":17},"end":{"line":124,"column":37}},{"start":{"line":124,"column":41},"end":{"line":124,"column":54}}],"line":124},"7":{"loc":{"start":{"line":171,"column":4},"end":{"line":176,"column":5}},"type":"if","locations":[{"start":{"line":171,"column":4},"end":{"line":176,"column":5}},{"start":{"line":174,"column":11},"end":{"line":176,"column":5}}],"line":171},"8":{"loc":{"start":{"line":184,"column":58},"end":{"line":184,"column":95}},"type":"binary-expr","locations":[{"start":{"line":184,"column":58},"end":{"line":184,"column":78}},{"start":{"line":184,"column":82},"end":{"line":184,"column":95}}],"line":184},"9":{"loc":{"start":{"line":198,"column":0},"end":{"line":203,"column":1}},"type":"if","locations":[{"start":{"line":198,"column":0},"end":{"line":203,"column":1}},{"start":{"line":200,"column":7},"end":{"line":203,"column":1}}],"line":198}},"s":{"0":0,"1":0,"2":0,"3":0,"4":0,"5":0,"6":0,"7":0,"8":0,"9":0,"10":0,"11":0,"12":0,"13":0,"14":0,"15":0,"16":0,"17":0,"18":0,"19":0,"20":0,"21":0,"22":0,"23":0,"24":0,"25":0,"26":0,"27":0,"28":0,"29":0,"30":0,"31":0,"32":0,"33":0,"34":0,"35":0,"36":0,"37":0,"38":0,"39":0,"40":0,"41":0,"42":0,"43":0,"44":0,"45":0,"46":0,"47":0,"48":0,"49":0,"50":0,"51":0,"52":0,"53":0,"54":0,"55":0,"56":0,"57":0,"58":0,"59":0,"60":0,"61":0,"62":0,"63":0,"64":0,"65":0,"66":0,"67":0,"68":0,"69":0,"70":0,"71":0,"72":0,"73":0,"74":0,"75":0,"76":0,"77":0,"78":0,"79":0,"80":0,"81":0,"82":0,"83":0,"84":0,"85":0},"f":{"0":0,"1":0,"2":0,"3":0,"4":0,"5":0,"6":0,"7":0,"8":0,"9":0,"10":0},"b":{"0":[0,0],"1":[0,0],"2":[0,0],"3":[0,0],"4":[0,0],"5":[0,0],"6":[0,0],"7":[0,0],"8":[0,0],"9":[0,0]}}
,"/mnt/storage/shared_windows/Cvstomize/api/jest.config.js": {"path":"/mnt/storage/shared_windows/Cvstomize/api/jest.config.js","statementMap":{"0":{"start":{"line":1,"column":0},"end":{"line":15,"column":2}}},"fnMap":{},"branchMap":{},"s":{"0":0},"f":{},"b":{}}
,"/mnt/storage/shared_windows/Cvstomize/api/run-as-postgres.js": {"path":"/mnt/storage/shared_windows/Cvstomize/api/run-as-postgres.js","statementMap":{"0":{"start":{"line":6,"column":25},"end":{"line":6,"column":50}},"1":{"start":{"line":9,"column":2},"end":{"line":9,"column":48}},"2":{"start":{"line":12,"column":17},"end":{"line":12,"column":35}},"3":{"start":{"line":14,"column":2},"end":{"line":40,"column":3}},"4":{"start":{"line":15,"column":19},"end":{"line":15,"column":78}},"5":{"start":{"line":17,"column":4},"end":{"line":21,"column":5}},"6":{"start":{"line":18,"column":6},"end":{"line":18,"column":68}},"7":{"start":{"line":19,"column":6},"end":{"line":19,"column":84}},"8":{"start":{"line":20,"column":6},"end":{"line":20,"column":52}},"9":{"start":{"line":24,"column":4},"end":{"line":24,"column":45}},"10":{"start":{"line":25,"column":19},"end":{"line":30,"column":5}},"11":{"start":{"line":31,"column":4},"end":{"line":31,"column":46}},"12":{"start":{"line":33,"column":4},"end":{"line":33,"column":55}},"13":{"start":{"line":36,"column":4},"end":{"line":36,"column":45}},"14":{"start":{"line":37,"column":4},"end":{"line":37,"column":16}},"15":{"start":{"line":39,"column":4},"end":{"line":39,"column":31}},"16":{"start":{"line":43,"column":0},"end":{"line":43,"column":15}}},"fnMap":{"0":{"name":"fixOwnership","decl":{"start":{"line":8,"column":15},"end":{"line":8,"column":27}},"loc":{"start":{"line":8,"column":30},"end":{"line":41,"column":1}},"line":8}},"branchMap":{},"s":{"0":0,"1":0,"2":0,"3":0,"4":0,"5":0,"6":0,"7":0,"8":0,"9":0,"10":0,"11":0,"12":0,"13":0,"14":0,"15":0,"16":0},"f":{"0":0},"b":{}}
,"/mnt/storage/shared_windows/Cvstomize/api/run-migrations.js": {"path":"/mnt/storage/shared_windows/Cvstomize/api/run-migrations.js","statementMap":{"0":{"start":{"line":6,"column":25},"end":{"line":6,"column":50}},"1":{"start":{"line":7,"column":11},"end":{"line":7,"column":24}},"2":{"start":{"line":8,"column":13},"end":{"line":8,"column":28}},"3":{"start":{"line":10,"column":15},"end":{"line":10,"column":33}},"4":{"start":{"line":13,"column":2},"end":{"line":13,"column":56}},"5":{"start":{"line":15,"column":21},"end":{"line":18,"column":3}},"6":{"start":{"line":20,"column":2},"end":{"line":55,"column":3}},"7":{"start":{"line":21,"column":26},"end":{"line":21,"column":57}},"8":{"start":{"line":23,"column":4},"end":{"line":26,"column":5}},"9":{"start":{"line":24,"column":6},"end":{"line":24,"column":64}},"10":{"start":{"line":25,"column":6},"end":{"line":25,"column":15}},"11":{"start":{"line":28,"column":16},"end":{"line":28,"column":54}},"12":{"start":{"line":29,"column":4},"end":{"line":29,"column":54}},"13":{"start":{"line":31,"column":4},"end":{"line":54,"column":5}},"14":{"start":{"line":33,"column":25},"end":{"line":36,"column":57}},"15":{"start":{"line":35,"column":18},"end":{"line":35,"column":26}},"16":{"start":{"line":36,"column":21},"end":{"line":36,"column":56}},"17":{"start":{"line":38,"column":6},"end":{"line":42,"column":7}},"18":{"start":{"line":39,"column":8},"end":{"line":41,"column":9}},"19":{"start":{"line":40,"column":10},"end":{"line":40,"column":52}},"20":{"start":{"line":44,"column":6},"end":{"line":44,"column":58}},"21":{"start":{"line":47,"column":6},"end":{"line":53,"column":7}},"22":{"start":{"line":48,"column":8},"end":{"line":48,"column":69}},"23":{"start":{"line":50,"column":8},"end":{"line":50,"column":58}},"24":{"start":{"line":51,"column":8},"end":{"line":51,"column":54}},"25":{"start":{"line":52,"column":8},"end":{"line":52,"column":20}},"26":{"start":{"line":57,"column":2},"end":{"line":57,"column":60}},"27":{"start":{"line":61,"column":2},"end":{"line":81,"column":3}},"28":{"start":{"line":62,"column":4},"end":{"line":62,"column":26}},"29":{"start":{"line":65,"column":4},"end":{"line":65,"column":51}},"30":{"start":{"line":66,"column":20},"end":{"line":71,"column":5}},"31":{"start":{"line":73,"column":4},"end":{"line":73,"column":78}},"32":{"start":{"line":73,"column":51},"end":{"line":73,"column":64}},"33":{"start":{"line":74,"column":4},"end":{"line":74,"column":53}},"34":{"start":{"line":77,"column":4},"end":{"line":77,"column":63}},"35":{"start":{"line":78,"column":4},"end":{"line":78,"column":20}},"36":{"start":{"line":80,"column":4},"end":{"line":80,"column":31}},"37":{"start":{"line":84,"column":0},"end":{"line":84,"column":7}}},"fnMap":{"0":{"name":"runMigrations","decl":{"start":{"line":12,"column":15},"end":{"line":12,"column":28}},"loc":{"start":{"line":12,"column":31},"end":{"line":58,"column":1}},"line":12},"1":{"name":"(anonymous_1)","decl":{"start":{"line":35,"column":13},"end":{"line":35,"column":14}},"loc":{"start":{"line":35,"column":18},"end":{"line":35,"column":26}},"line":35},"2":{"name":"(anonymous_2)","decl":{"start":{"line":36,"column":16},"end":{"line":36,"column":17}},"loc":{"start":{"line":36,"column":21},"end":{"line":36,"column":56}},"line":36},"3":{"name":"main","decl":{"start":{"line":60,"column":15},"end":{"line":60,"column":19}},"loc":{"start":{"line":60,"column":22},"end":{"line":82,"column":1}},"line":60},"4":{"name":"(anonymous_4)","decl":{"start":{"line":73,"column":46},"end":{"line":73,"column":47}},"loc":{"start":{"line":73,"column":51},"end":{"line":73,"column":64}},"line":73}},"branchMap":{"0":{"loc":{"start":{"line":23,"column":4},"end":{"line":26,"column":5}},"type":"if","locations":[{"start":{"line":23,"column":4},"end":{"line":26,"column":5}},{"start":{},"end":{}}],"line":23},"1":{"loc":{"start":{"line":36,"column":21},"end":{"line":36,"column":56}},"type":"binary-expr","locations":[{"start":{"line":36,"column":21},"end":{"line":36,"column":33}},{"start":{"line":36,"column":37},"end":{"line":36,"column":56}}],"line":36},"2":{"loc":{"start":{"line":39,"column":8},"end":{"line":41,"column":9}},"type":"if","locations":[{"start":{"line":39,"column":8},"end":{"line":41,"column":9}},{"start":{},"end":{}}],"line":39},"3":{"loc":{"start":{"line":47,"column":6},"end":{"line":53,"column":7}},"type":"if","locations":[{"start":{"line":47,"column":6},"end":{"line":53,"column":7}},{"start":{"line":49,"column":13},"end":{"line":53,"column":7}}],"line":47},"4":{"loc":{"start":{"line":47,"column":10},"end":{"line":47,"column":89}},"type":"binary-expr","locations":[{"start":{"line":47,"column":10},"end":{"line":47,"column":50}},{"start":{"line":47,"column":54},"end":{"line":47,"column":89}}],"line":47}},"s":{"0":0,"1":0,"2":0,"3":0,"4":0,"5":0,"6":0,"7":0,"8":0,"9":0,"10":0,"11":0,"12":0,"13":0,"14":0,"15":0,"16":0,"17":0,"18":0,"19":0,"20":0,"21":0,"22":0,"23":0,"24":0,"25":0,"26":0,"27":0,"28":0,"29":0,"30":0,"31":0,"32":0,"33":0,"34":0,"35":0,"36":0,"37":0},"f":{"0":0,"1":0,"2":0,"3":0,"4":0},"b":{"0":[0,0],"1":[0,0],"2":[0,0],"3":[0,0],"4":[0,0]}}
,"/mnt/storage/shared_windows/Cvstomize/api/config/database.js": {"path":"/mnt/storage/shared_windows/Cvstomize/api/config/database.js","statementMap":{"0":{"start":{"line":1,"column":25},"end":{"line":1,"column":50}},"1":{"start":{"line":17,"column":19},"end":{"line":30,"column":1}},"2":{"start":{"line":32,"column":12},"end":{"line":32,"column":49}},"3":{"start":{"line":33,"column":15},"end":{"line":33,"column":56}},"4":{"start":{"line":37,"column":18},"end":{"line":37,"column":42}},"5":{"start":{"line":38,"column":2},"end":{"line":40,"column":3}},"6":{"start":{"line":39,"column":4},"end":{"line":39,"column":68}},"7":{"start":{"line":43,"column":2},"end":{"line":45,"column":3}},"8":{"start":{"line":44,"column":4},"end":{"line":44,"column":19}},"9":{"start":{"line":47,"column":20},"end":{"line":47,"column":53}},"10":{"start":{"line":48,"column":2},"end":{"line":48,"column":113}},"11":{"start":{"line":51,"column":21},"end":{"line":58,"column":1}},"12":{"start":{"line":60,"column":0},"end":{"line":68,"column":1}},"13":{"start":{"line":61,"column":2},"end":{"line":61,"column":42}},"14":{"start":{"line":64,"column":2},"end":{"line":66,"column":3}},"15":{"start":{"line":65,"column":4},"end":{"line":65,"column":51}},"16":{"start":{"line":67,"column":2},"end":{"line":67,"column":25}},"17":{"start":{"line":71,"column":0},"end":{"line":73,"column":3}},"18":{"start":{"line":72,"column":2},"end":{"line":72,"column":29}},"19":{"start":{"line":75,"column":0},"end":{"line":75,"column":24}}},"fnMap":{"0":{"name":"getDatabaseUrl","decl":{"start":{"line":36,"column":9},"end":{"line":36,"column":23}},"loc":{"start":{"line":36,"column":26},"end":{"line":49,"column":1}},"line":36},"1":{"name":"(anonymous_1)","decl":{"start":{"line":71,"column":25},"end":{"line":71,"column":26}},"loc":{"start":{"line":71,"column":37},"end":{"line":73,"column":1}},"line":71}},"branchMap":{"0":{"loc":{"start":{"line":32,"column":12},"end":{"line":32,"column":49}},"type":"binary-expr","locations":[{"start":{"line":32,"column":12},"end":{"line":32,"column":32}},{"start":{"line":32,"column":36},"end":{"line":32,"column":49}}],"line":32},"1":{"loc":{"start":{"line":33,"column":15},"end":{"line":33,"column":56}},"type":"binary-expr","locations":[{"start":{"line":33,"column":15},"end":{"line":33,"column":30}},{"start":{"line":33,"column":34},"end":{"line":33,"column":56}}],"line":33},"2":{"loc":{"start":{"line":38,"column":2},"end":{"line":40,"column":3}},"type":"if","locations":[{"start":{"line":38,"column":2},"end":{"line":40,"column":3}},{"start":{},"end":{}}],"line":38},"3":{"loc":{"start":{"line":43,"column":2},"end":{"line":45,"column":3}},"type":"if","locations":[{"start":{"line":43,"column":2},"end":{"line":45,"column":3}},{"start":{},"end":{}}],"line":43},"4":{"loc":{"start":{"line":47,"column":20},"end":{"line":47,"column":53}},"type":"cond-expr","locations":[{"start":{"line":47,"column":44},"end":{"line":47,"column":47}},{"start":{"line":47,"column":50},"end":{"line":47,"column":53}}],"line":47},"5":{"loc":{"start":{"line":57,"column":7},"end":{"line":57,"column":76}},"type":"cond-expr","locations":[{"start":{"line":57,"column":30},"end":{"line":57,"column":47}},{"start":{"line":57,"column":50},"end":{"line":57,"column":76}}],"line":57},"6":{"loc":{"start":{"line":60,"column":0},"end":{"line":68,"column":1}},"type":"if","locations":[{"start":{"line":60,"column":0},"end":{"line":68,"column":1}},{"start":{"line":62,"column":7},"end":{"line":68,"column":1}}],"line":60},"7":{"loc":{"start":{"line":64,"column":2},"end":{"line":66,"column":3}},"type":"if","locations":[{"start":{"line":64,"column":2},"end":{"line":66,"column":3}},{"start":{},"end":{}}],"line":64}},"s":{"0":0,"1":0,"2":0,"3":0,"4":0,"5":0,"6":0,"7":0,"8":0,"9":0,"10":0,"11":0,"12":0,"13":0,"14":0,"15":0,"16":0,"17":0,"18":0,"19":0},"f":{"0":0,"1":0},"b":{"0":[0,0],"1":[0,0],"2":[0,0],"3":[0,0],"4":[0,0],"5":[0,0],"6":[0,0],"7":[0,0]}}
,"/mnt/storage/shared_windows/Cvstomize/api/config/firebase.js": {"path":"/mnt/storage/shared_windows/Cvstomize/api/config/firebase.js","statementMap":{"0":{"start":{"line":1,"column":14},"end":{"line":1,"column":39}},"1":{"start":{"line":2,"column":39},"end":{"line":2,"column":78}},"2":{"start":{"line":5,"column":26},"end":{"line":5,"column":30}},"3":{"start":{"line":6,"column":18},"end":{"line":6,"column":22}},"4":{"start":{"line":13,"column":2},"end":{"line":46,"column":3}},"5":{"start":{"line":14,"column":19},"end":{"line":14,"column":51}},"6":{"start":{"line":18,"column":22},"end":{"line":18,"column":56}},"7":{"start":{"line":19,"column":30},"end":{"line":19,"column":75}},"8":{"start":{"line":22,"column":32},"end":{"line":24,"column":6}},"9":{"start":{"line":25,"column":22},"end":{"line":25,"column":76}},"10":{"start":{"line":28,"column":37},"end":{"line":30,"column":6}},"11":{"start":{"line":31,"column":30},"end":{"line":33,"column":5}},"12":{"start":{"line":36,"column":16},"end":{"line":39,"column":6}},"13":{"start":{"line":41,"column":4},"end":{"line":41,"column":72}},"14":{"start":{"line":42,"column":4},"end":{"line":42,"column":15}},"15":{"start":{"line":44,"column":4},"end":{"line":44,"column":81}},"16":{"start":{"line":45,"column":4},"end":{"line":45,"column":16}},"17":{"start":{"line":55,"column":2},"end":{"line":58,"column":3}},"18":{"start":{"line":56,"column":4},"end":{"line":56,"column":62}},"19":{"start":{"line":57,"column":4},"end":{"line":57,"column":23}},"20":{"start":{"line":61,"column":2},"end":{"line":64,"column":3}},"21":{"start":{"line":62,"column":4},"end":{"line":62,"column":69}},"22":{"start":{"line":63,"column":4},"end":{"line":63,"column":31}},"23":{"start":{"line":67,"column":2},"end":{"line":71,"column":3}},"24":{"start":{"line":68,"column":4},"end":{"line":68,"column":72}},"25":{"start":{"line":70,"column":4},"end":{"line":70,"column":23}},"26":{"start":{"line":74,"column":2},"end":{"line":74,"column":55}},"27":{"start":{"line":75,"column":2},"end":{"line":83,"column":7}},"28":{"start":{"line":77,"column":6},"end":{"line":77,"column":24}},"29":{"start":{"line":78,"column":6},"end":{"line":78,"column":17}},"30":{"start":{"line":81,"column":6},"end":{"line":81,"column":33}},"31":{"start":{"line":82,"column":6},"end":{"line":82,"column":18}},"32":{"start":{"line":85,"column":2},"end":{"line":85,"column":29}},"33":{"start":{"line":93,"column":2},"end":{"line":95,"column":3}},"34":{"start":{"line":94,"column":4},"end":{"line":94,"column":17}},"35":{"start":{"line":96,"column":2},"end":{"line":96,"column":15}},"36":{"start":{"line":99,"column":0},"end":{"line":102,"column":2}}},"fnMap":{"0":{"name":"initializeFromSecretManager","decl":{"start":{"line":12,"column":15},"end":{"line":12,"column":42}},"loc":{"start":{"line":12,"column":45},"end":{"line":47,"column":1}},"line":12},"1":{"name":"initializeFirebase","decl":{"start":{"line":53,"column":15},"end":{"line":53,"column":33}},"loc":{"start":{"line":53,"column":36},"end":{"line":86,"column":1}},"line":53},"2":{"name":"(anonymous_2)","decl":{"start":{"line":76,"column":10},"end":{"line":76,"column":11}},"loc":{"start":{"line":76,"column":17},"end":{"line":79,"column":5}},"line":76},"3":{"name":"(anonymous_3)","decl":{"start":{"line":80,"column":11},"end":{"line":80,"column":12}},"loc":{"start":{"line":80,"column":20},"end":{"line":83,"column":5}},"line":80},"4":{"name":"getFirebaseAdmin","decl":{"start":{"line":92,"column":9},"end":{"line":92,"column":25}},"loc":{"start":{"line":92,"column":28},"end":{"line":97,"column":1}},"line":92}},"branchMap":{"0":{"loc":{"start":{"line":19,"column":30},"end":{"line":19,"column":75}},"type":"cond-expr","locations":[{"start":{"line":19,"column":42},"end":{"line":19,"column":61}},{"start":{"line":19,"column":64},"end":{"line":19,"column":75}}],"line":19},"1":{"loc":{"start":{"line":55,"column":2},"end":{"line":58,"column":3}},"type":"if","locations":[{"start":{"line":55,"column":2},"end":{"line":58,"column":3}},{"start":{},"end":{}}],"line":55},"2":{"loc":{"start":{"line":61,"column":2},"end":{"line":64,"column":3}},"type":"if","locations":[{"start":{"line":61,"column":2},"end":{"line":64,"column":3}},{"start":{},"end":{}}],"line":61},"3":{"loc":{"start":{"line":67,"column":2},"end":{"line":71,"column":3}},"type":"if","locations":[{"start":{"line":67,"column":2},"end":{"line":71,"column":3}},{"start":{},"end":{}}],"line":67},"4":{"loc":{"start":{"line":93,"column":2},"end":{"line":95,"column":3}},"type":"if","locations":[{"start":{"line":93,"column":2},"end":{"line":95,"column":3}},{"start":{},"end":{}}],"line":93}},"s":{"0":0,"1":0,"2":0,"3":0,"4":0,"5":0,"6":0,"7":0,"8":0,"9":0,"10":0,"11":0,"12":0,"13":0,"14":0,"15":0,"16":0,"17":0,"18":0,"19":0,"20":0,"21":0,"22":0,"23":0,"24":0,"25":0,"26":0,"27":0,"28":0,"29":0,"30":0,"31":0,"32":0,"33":0,"34":0,"35":0,"36":0},"f":{"0":0,"1":0,"2":0,"3":0,"4":0},"b":{"0":[0,0],"1":[0,0],"2":[0,0],"3":[0,0],"4":[0,0]}}
,"/mnt/storage/shared_windows/Cvstomize/api/middleware/authMiddleware.js": {"path":"/mnt/storage/shared_windows/Cvstomize/api/middleware/authMiddleware.js","statementMap":{"0":{"start":{"line":1,"column":29},"end":{"line":1,"column":58}},"1":{"start":{"line":2,"column":15},"end":{"line":2,"column":44}},"2":{"start":{"line":12,"column":2},"end":{"line":60,"column":3}},"3":{"start":{"line":14,"column":18},"end":{"line":14,"column":36}},"4":{"start":{"line":17,"column":23},"end":{"line":17,"column":48}},"5":{"start":{"line":18,"column":4},"end":{"line":23,"column":5}},"6":{"start":{"line":19,"column":6},"end":{"line":22,"column":9}},"7":{"start":{"line":25,"column":18},"end":{"line":25,"column":48}},"8":{"start":{"line":28,"column":25},"end":{"line":28,"column":64}},"9":{"start":{"line":31,"column":4},"end":{"line":38,"column":6}},"10":{"start":{"line":40,"column":4},"end":{"line":40,"column":11}},"11":{"start":{"line":42,"column":4},"end":{"line":47,"column":5}},"12":{"start":{"line":43,"column":6},"end":{"line":46,"column":9}},"13":{"start":{"line":49,"column":4},"end":{"line":54,"column":5}},"14":{"start":{"line":50,"column":6},"end":{"line":53,"column":9}},"15":{"start":{"line":56,"column":4},"end":{"line":59,"column":7}},"16":{"start":{"line":68,"column":2},"end":{"line":95,"column":4}},"17":{"start":{"line":69,"column":4},"end":{"line":94,"column":5}},"18":{"start":{"line":70,"column":19},"end":{"line":73,"column":8}},"19":{"start":{"line":75,"column":6},"end":{"line":80,"column":7}},"20":{"start":{"line":76,"column":8},"end":{"line":79,"column":11}},"21":{"start":{"line":82,"column":6},"end":{"line":88,"column":7}},"22":{"start":{"line":83,"column":8},"end":{"line":87,"column":11}},"23":{"start":{"line":90,"column":6},"end":{"line":90,"column":56}},"24":{"start":{"line":91,"column":6},"end":{"line":91,"column":13}},"25":{"start":{"line":93,"column":6},"end":{"line":93,"column":18}},"26":{"start":{"line":103,"column":2},"end":{"line":136,"column":3}},"27":{"start":{"line":104,"column":17},"end":{"line":111,"column":6}},"28":{"start":{"line":113,"column":4},"end":{"line":118,"column":5}},"29":{"start":{"line":114,"column":6},"end":{"line":117,"column":9}},"30":{"start":{"line":121,"column":4},"end":{"line":129,"column":5}},"31":{"start":{"line":122,"column":6},"end":{"line":128,"column":9}},"32":{"start":{"line":131,"column":4},"end":{"line":131,"column":54}},"33":{"start":{"line":132,"column":4},"end":{"line":132,"column":46}},"34":{"start":{"line":133,"column":4},"end":{"line":133,"column":11}},"35":{"start":{"line":135,"column":4},"end":{"line":135,"column":16}},"36":{"start":{"line":139,"column":0},"end":{"line":144,"column":2}}},"fnMap":{"0":{"name":"verifyFirebaseToken","decl":{"start":{"line":11,"column":15},"end":{"line":11,"column":34}},"loc":{"start":{"line":11,"column":51},"end":{"line":61,"column":1}},"line":11},"1":{"name":"requireSubscription","decl":{"start":{"line":67,"column":9},"end":{"line":67,"column":28}},"loc":{"start":{"line":67,"column":46},"end":{"line":96,"column":1}},"line":67},"2":{"name":"(anonymous_2)","decl":{"start":{"line":68,"column":9},"end":{"line":68,"column":10}},"loc":{"start":{"line":68,"column":35},"end":{"line":95,"column":3}},"line":68},"3":{"name":"checkResumeLimit","decl":{"start":{"line":102,"column":15},"end":{"line":102,"column":31}},"loc":{"start":{"line":102,"column":48},"end":{"line":137,"column":1}},"line":102}},"branchMap":{"0":{"loc":{"start":{"line":18,"column":4},"end":{"line":23,"column":5}},"type":"if","locations":[{"start":{"line":18,"column":4},"end":{"line":23,"column":5}},{"start":{},"end":{}}],"line":18},"1":{"loc":{"start":{"line":18,"column":8},"end":{"line":18,"column":56}},"type":"binary-expr","locations":[{"start":{"line":18,"column":8},"end":{"line":18,"column":19}},{"start":{"line":18,"column":23},"end":{"line":18,"column":56}}],"line":18},"2":{"loc":{"start":{"line":34,"column":21},"end":{"line":34,"column":57}},"type":"binary-expr","locations":[{"start":{"line":34,"column":21},"end":{"line":34,"column":48}},{"start":{"line":34,"column":52},"end":{"line":34,"column":57}}],"line":34},"3":{"loc":{"start":{"line":42,"column":4},"end":{"line":47,"column":5}},"type":"if","locations":[{"start":{"line":42,"column":4},"end":{"line":47,"column":5}},{"start":{},"end":{}}],"line":42},"4":{"loc":{"start":{"line":49,"column":4},"end":{"line":54,"column":5}},"type":"if","locations":[{"start":{"line":49,"column":4},"end":{"line":54,"column":5}},{"start":{},"end":{}}],"line":49},"5":{"loc":{"start":{"line":75,"column":6},"end":{"line":80,"column":7}},"type":"if","locations":[{"start":{"line":75,"column":6},"end":{"line":80,"column":7}},{"start":{},"end":{}}],"line":75},"6":{"loc":{"start":{"line":82,"column":6},"end":{"line":88,"column":7}},"type":"if","locations":[{"start":{"line":82,"column":6},"end":{"line":88,"column":7}},{"start":{},"end":{}}],"line":82},"7":{"loc":{"start":{"line":113,"column":4},"end":{"line":118,"column":5}},"type":"if","locations":[{"start":{"line":113,"column":4},"end":{"line":118,"column":5}},{"start":{},"end":{}}],"line":113},"8":{"loc":{"start":{"line":121,"column":4},"end":{"line":129,"column":5}},"type":"if","locations":[{"start":{"line":121,"column":4},"end":{"line":129,"column":5}},{"start":{},"end":{}}],"line":121}},"s":{"0":0,"1":0,"2":0,"3":0,"4":0,"5":0,"6":0,"7":0,"8":0,"9":0,"10":0,"11":0,"12":0,"13":0,"14":0,"15":0,"16":0,"17":0,"18":0,"19":0,"20":0,"21":0,"22":0,"23":0,"24":0,"25":0,"26":0,"27":0,"28":0,"29":0,"30":0,"31":0,"32":0,"33":0,"34":0,"35":0,"36":0},"f":{"0":0,"1":0,"2":0,"3":0},"b":{"0":[0,0],"1":[0,0],"2":[0,0],"3":[0,0],"4":[0,0],"5":[0,0],"6":[0,0],"7":[0,0],"8":[0,0]}}
,"/mnt/storage/shared_windows/Cvstomize/api/middleware/devTools.js": {"path":"/mnt/storage/shared_windows/Cvstomize/api/middleware/devTools.js","statementMap":{"0":{"start":{"line":8,"column":15},"end":{"line":8,"column":44}},"1":{"start":{"line":9,"column":15},"end":{"line":9,"column":41}},"2":{"start":{"line":20,"column":2},"end":{"line":25,"column":3}},"3":{"start":{"line":21,"column":4},"end":{"line":24,"column":7}},"4":{"start":{"line":28,"column":2},"end":{"line":34,"column":3}},"5":{"start":{"line":29,"column":4},"end":{"line":33,"column":7}},"6":{"start":{"line":36,"column":2},"end":{"line":39,"column":5}},"7":{"start":{"line":41,"column":2},"end":{"line":41,"column":9}},"8":{"start":{"line":52,"column":2},"end":{"line":54,"column":3}},"9":{"start":{"line":53,"column":4},"end":{"line":53,"column":18}},"10":{"start":{"line":57,"column":2},"end":{"line":59,"column":3}},"11":{"start":{"line":58,"column":4},"end":{"line":58,"column":18}},"12":{"start":{"line":61,"column":2},"end":{"line":82,"column":3}},"13":{"start":{"line":63,"column":28},"end":{"line":63,"column":36}},"14":{"start":{"line":65,"column":4},"end":{"line":71,"column":7}},"15":{"start":{"line":73,"column":4},"end":{"line":76,"column":7}},"16":{"start":{"line":78,"column":4},"end":{"line":78,"column":11}},"17":{"start":{"line":80,"column":4},"end":{"line":80,"column":69}},"18":{"start":{"line":81,"column":4},"end":{"line":81,"column":16}},"19":{"start":{"line":90,"column":2},"end":{"line":118,"column":3}},"20":{"start":{"line":91,"column":28},"end":{"line":91,"column":36}},"21":{"start":{"line":93,"column":20},"end":{"line":106,"column":6}},"22":{"start":{"line":108,"column":4},"end":{"line":110,"column":7}},"23":{"start":{"line":112,"column":4},"end":{"line":115,"column":7}},"24":{"start":{"line":117,"column":4},"end":{"line":117,"column":16}},"25":{"start":{"line":125,"column":2},"end":{"line":125,"column":47}},"26":{"start":{"line":132,"column":2},"end":{"line":132,"column":66}},"27":{"start":{"line":139,"column":2},"end":{"line":139,"column":73}},"28":{"start":{"line":142,"column":0},"end":{"line":149,"column":2}}},"fnMap":{"0":{"name":"requireDevAdmin","decl":{"start":{"line":18,"column":9},"end":{"line":18,"column":24}},"loc":{"start":{"line":18,"column":41},"end":{"line":42,"column":1}},"line":18},"1":{"name":"bypassResumeLimit","decl":{"start":{"line":50,"column":15},"end":{"line":50,"column":32}},"loc":{"start":{"line":50,"column":49},"end":{"line":83,"column":1}},"line":50},"2":{"name":"resetResumeCount","decl":{"start":{"line":89,"column":15},"end":{"line":89,"column":31}},"loc":{"start":{"line":89,"column":48},"end":{"line":119,"column":1}},"line":89},"3":{"name":"isDevelopment","decl":{"start":{"line":124,"column":9},"end":{"line":124,"column":22}},"loc":{"start":{"line":124,"column":25},"end":{"line":126,"column":1}},"line":124},"4":{"name":"isDevAdminEnabled","decl":{"start":{"line":131,"column":9},"end":{"line":131,"column":26}},"loc":{"start":{"line":131,"column":29},"end":{"line":133,"column":1}},"line":131},"5":{"name":"isDevUnlimitedEnabled","decl":{"start":{"line":138,"column":9},"end":{"line":138,"column":30}},"loc":{"start":{"line":138,"column":33},"end":{"line":140,"column":1}},"line":138}},"branchMap":{"0":{"loc":{"start":{"line":20,"column":2},"end":{"line":25,"column":3}},"type":"if","locations":[{"start":{"line":20,"column":2},"end":{"line":25,"column":3}},{"start":{},"end":{}}],"line":20},"1":{"loc":{"start":{"line":28,"column":2},"end":{"line":34,"column":3}},"type":"if","locations":[{"start":{"line":28,"column":2},"end":{"line":34,"column":3}},{"start":{},"end":{}}],"line":28},"2":{"loc":{"start":{"line":52,"column":2},"end":{"line":54,"column":3}},"type":"if","locations":[{"start":{"line":52,"column":2},"end":{"line":54,"column":3}},{"start":{},"end":{}}],"line":52},"3":{"loc":{"start":{"line":57,"column":2},"end":{"line":59,"column":3}},"type":"if","locations":[{"start":{"line":57,"column":2},"end":{"line":59,"column":3}},{"start":{},"end":{}}],"line":57},"4":{"loc":{"start":{"line":132,"column":9},"end":{"line":132,"column":65}},"type":"binary-expr","locations":[{"start":{"line":132,"column":9},"end":{"line":132,"column":24}},{"start":{"line":132,"column":28},"end":{"line":132,"column":65}}],"line":132},"5":{"loc":{"start":{"line":139,"column":9},"end":{"line":139,"column":72}},"type":"binary-expr","locations":[{"start":{"line":139,"column":9},"end":{"line":139,"column":24}},{"start":{"line":139,"column":28},"end":{"line":139,"column":72}}],"line":139}},"s":{"0":0,"1":0,"2":0,"3":0,"4":0,"5":0,"6":0,"7":0,"8":0,"9":0,"10":0,"11":0,"12":0,"13":0,"14":0,"15":0,"16":0,"17":0,"18":0,"19":0,"20":0,"21":0,"22":0,"23":0,"24":0,"25":0,"26":0,"27":0,"28":0},"f":{"0":0,"1":0,"2":0,"3":0,"4":0,"5":0},"b":{"0":[0,0],"1":[0,0],"2":[0,0],"3":[0,0],"4":[0,0],"5":[0,0]}}
,"/mnt/storage/shared_windows/Cvstomize/api/middleware/errorHandler.js": {"path":"/mnt/storage/shared_windows/Cvstomize/api/middleware/errorHandler.js","statementMap":{"0":{"start":{"line":1,"column":15},"end":{"line":1,"column":41}},"1":{"start":{"line":7,"column":21},"end":{"line":87,"column":1}},"2":{"start":{"line":9,"column":2},"end":{"line":15,"column":5}},"3":{"start":{"line":18,"column":2},"end":{"line":37,"column":3}},"4":{"start":{"line":19,"column":4},"end":{"line":36,"column":5}},"5":{"start":{"line":21,"column":8},"end":{"line":25,"column":11}},"6":{"start":{"line":27,"column":8},"end":{"line":30,"column":11}},"7":{"start":{"line":32,"column":8},"end":{"line":35,"column":11}},"8":{"start":{"line":40,"column":2},"end":{"line":46,"column":3}},"9":{"start":{"line":41,"column":4},"end":{"line":45,"column":7}},"10":{"start":{"line":49,"column":2},"end":{"line":54,"column":3}},"11":{"start":{"line":50,"column":4},"end":{"line":53,"column":7}},"12":{"start":{"line":56,"column":2},"end":{"line":61,"column":3}},"13":{"start":{"line":57,"column":4},"end":{"line":60,"column":7}},"14":{"start":{"line":64,"column":2},"end":{"line":70,"column":3}},"15":{"start":{"line":65,"column":4},"end":{"line":69,"column":7}},"16":{"start":{"line":73,"column":2},"end":{"line":78,"column":3}},"17":{"start":{"line":74,"column":4},"end":{"line":77,"column":7}},"18":{"start":{"line":81,"column":2},"end":{"line":86,"column":5}},"19":{"start":{"line":89,"column":0},"end":{"line":89,"column":30}}},"fnMap":{"0":{"name":"(anonymous_0)","decl":{"start":{"line":7,"column":21},"end":{"line":7,"column":22}},"loc":{"start":{"line":7,"column":46},"end":{"line":87,"column":1}},"line":7}},"branchMap":{"0":{"loc":{"start":{"line":18,"column":2},"end":{"line":37,"column":3}},"type":"if","locations":[{"start":{"line":18,"column":2},"end":{"line":37,"column":3}},{"start":{},"end":{}}],"line":18},"1":{"loc":{"start":{"line":18,"column":6},"end":{"line":18,"column":42}},"type":"binary-expr","locations":[{"start":{"line":18,"column":6},"end":{"line":18,"column":14}},{"start":{"line":18,"column":18},"end":{"line":18,"column":42}}],"line":18},"2":{"loc":{"start":{"line":19,"column":4},"end":{"line":36,"column":5}},"type":"switch","locations":[{"start":{"line":20,"column":6},"end":{"line":25,"column":11}},{"start":{"line":26,"column":6},"end":{"line":30,"column":11}},{"start":{"line":31,"column":6},"end":{"line":35,"column":11}}],"line":19},"3":{"loc":{"start":{"line":40,"column":2},"end":{"line":46,"column":3}},"type":"if","locations":[{"start":{"line":40,"column":2},"end":{"line":46,"column":3}},{"start":{},"end":{}}],"line":40},"4":{"loc":{"start":{"line":40,"column":6},"end":{"line":40,"column":46}},"type":"binary-expr","locations":[{"start":{"line":40,"column":6},"end":{"line":40,"column":14}},{"start":{"line":40,"column":18},"end":{"line":40,"column":46}}],"line":40},"5":{"loc":{"start":{"line":49,"column":2},"end":{"line":54,"column":3}},"type":"if","locations":[{"start":{"line":49,"column":2},"end":{"line":54,"column":3}},{"start":{},"end":{}}],"line":49},"6":{"loc":{"start":{"line":56,"column":2},"end":{"line":61,"column":3}},"type":"if","locations":[{"start":{"line":56,"column":2},"end":{"line":61,"column":3}},{"start":{},"end":{}}],"line":56},"7":{"loc":{"start":{"line":64,"column":2},"end":{"line":70,"column":3}},"type":"if","locations":[{"start":{"line":64,"column":2},"end":{"line":70,"column":3}},{"start":{},"end":{}}],"line":64},"8":{"loc":{"start":{"line":73,"column":2},"end":{"line":78,"column":3}},"type":"if","locations":[{"start":{"line":73,"column":2},"end":{"line":78,"column":3}},{"start":{},"end":{}}],"line":73},"9":{"loc":{"start":{"line":75,"column":13},"end":{"line":75,"column":44}},"type":"binary-expr","locations":[{"start":{"line":75,"column":13},"end":{"line":75,"column":21}},{"start":{"line":75,"column":25},"end":{"line":75,"column":44}}],"line":75},"10":{"loc":{"start":{"line":83,"column":13},"end":{"line":85,"column":19}},"type":"cond-expr","locations":[{"start":{"line":84,"column":8},"end":{"line":84,"column":38}},{"start":{"line":85,"column":8},"end":{"line":85,"column":19}}],"line":83}},"s":{"0":0,"1":0,"2":0,"3":0,"4":0,"5":0,"6":0,"7":0,"8":0,"9":0,"10":0,"11":0,"12":0,"13":0,"14":0,"15":0,"16":0,"17":0,"18":0,"19":0},"f":{"0":0},"b":{"0":[0,0],"1":[0,0],"2":[0,0,0],"3":[0,0],"4":[0,0],"5":[0,0],"6":[0,0],"7":[0,0],"8":[0,0],"9":[0,0],"10":[0,0]}}
,"/mnt/storage/shared_windows/Cvstomize/api/middleware/security.js": {"path":"/mnt/storage/shared_windows/Cvstomize/api/middleware/security.js","statementMap":{"0":{"start":{"line":6,"column":15},"end":{"line":6,"column":32}},"1":{"start":{"line":7,"column":18},"end":{"line":7,"column":47}},"2":{"start":{"line":17,"column":21},"end":{"line":39,"column":2}},"3":{"start":{"line":47,"column":23},"end":{"line":58,"column":2}},"4":{"start":{"line":61,"column":20},"end":{"line":72,"column":2}},"5":{"start":{"line":75,"column":22},"end":{"line":85,"column":2}},"6":{"start":{"line":88,"column":28},"end":{"line":98,"column":2}},"7":{"start":{"line":106,"column":2},"end":{"line":116,"column":3}},"8":{"start":{"line":107,"column":4},"end":{"line":115,"column":7}},"9":{"start":{"line":108,"column":6},"end":{"line":114,"column":7}},"10":{"start":{"line":110,"column":8},"end":{"line":113,"column":18}},"11":{"start":{"line":119,"column":2},"end":{"line":121,"column":3}},"12":{"start":{"line":120,"column":4},"end":{"line":120,"column":29}},"13":{"start":{"line":123,"column":2},"end":{"line":123,"column":9}},"14":{"start":{"line":130,"column":2},"end":{"line":137,"column":5}},"15":{"start":{"line":131,"column":4},"end":{"line":136,"column":5}},"16":{"start":{"line":133,"column":6},"end":{"line":133,"column":70}},"17":{"start":{"line":134,"column":11},"end":{"line":136,"column":5}},"18":{"start":{"line":135,"column":6},"end":{"line":135,"column":31}},"19":{"start":{"line":146,"column":2},"end":{"line":146,"column":53}},"20":{"start":{"line":149,"column":2},"end":{"line":149,"column":43}},"21":{"start":{"line":152,"column":2},"end":{"line":152,"column":53}},"22":{"start":{"line":155,"column":2},"end":{"line":155,"column":70}},"23":{"start":{"line":158,"column":2},"end":{"line":158,"column":82}},"24":{"start":{"line":160,"column":2},"end":{"line":160,"column":9}},"25":{"start":{"line":163,"column":0},"end":{"line":171,"column":2}}},"fnMap":{"0":{"name":"sanitizeInput","decl":{"start":{"line":104,"column":9},"end":{"line":104,"column":22}},"loc":{"start":{"line":104,"column":39},"end":{"line":124,"column":1}},"line":104},"1":{"name":"(anonymous_1)","decl":{"start":{"line":107,"column":35},"end":{"line":107,"column":36}},"loc":{"start":{"line":107,"column":44},"end":{"line":115,"column":5}},"line":107},"2":{"name":"sanitizeObject","decl":{"start":{"line":129,"column":9},"end":{"line":129,"column":23}},"loc":{"start":{"line":129,"column":29},"end":{"line":138,"column":1}},"line":129},"3":{"name":"(anonymous_3)","decl":{"start":{"line":130,"column":27},"end":{"line":130,"column":28}},"loc":{"start":{"line":130,"column":36},"end":{"line":137,"column":3}},"line":130},"4":{"name":"additionalSecurityHeaders","decl":{"start":{"line":144,"column":9},"end":{"line":144,"column":34}},"loc":{"start":{"line":144,"column":51},"end":{"line":161,"column":1}},"line":144}},"branchMap":{"0":{"loc":{"start":{"line":106,"column":2},"end":{"line":116,"column":3}},"type":"if","locations":[{"start":{"line":106,"column":2},"end":{"line":116,"column":3}},{"start":{},"end":{}}],"line":106},"1":{"loc":{"start":{"line":108,"column":6},"end":{"line":114,"column":7}},"type":"if","locations":[{"start":{"line":108,"column":6},"end":{"line":114,"column":7}},{"start":{},"end":{}}],"line":108},"2":{"loc":{"start":{"line":119,"column":2},"end":{"line":121,"column":3}},"type":"if","locations":[{"start":{"line":119,"column":2},"end":{"line":121,"column":3}},{"start":{},"end":{}}],"line":119},"3":{"loc":{"start":{"line":119,"column":6},"end":{"line":119,"column":46}},"type":"binary-expr","locations":[{"start":{"line":119,"column":6},"end":{"line":119,"column":14}},{"start":{"line":119,"column":18},"end":{"line":119,"column":46}}],"line":119},"4":{"loc":{"start":{"line":131,"column":4},"end":{"line":136,"column":5}},"type":"if","locations":[{"start":{"line":131,"column":4},"end":{"line":136,"column":5}},{"start":{"line":134,"column":11},"end":{"line":136,"column":5}}],"line":131},"5":{"loc":{"start":{"line":134,"column":11},"end":{"line":136,"column":5}},"type":"if","locations":[{"start":{"line":134,"column":11},"end":{"line":136,"column":5}},{"start":{},"end":{}}],"line":134},"6":{"loc":{"start":{"line":134,"column":15},"end":{"line":134,"column":64}},"type":"binary-expr","locations":[{"start":{"line":134,"column":15},"end":{"line":134,"column":43}},{"start":{"line":134,"column":47},"end":{"line":134,"column":64}}],"line":134}},"s":{"0":1,"1":1,"2":1,"3":1,"4":1,"5":1,"6":1,"7":32,"8":31,"9":15,"10":12,"11":32,"12":31,"13":31,"14":2657,"15":5271,"16":2637,"17":2634,"18":2626,"19":14,"20":14,"21":14,"22":14,"23":14,"24":14,"25":1},"f":{"0":32,"1":15,"2":2657,"3":5271,"4":14},"b":{"0":[31,1],"1":[12,3],"2":[31,1],"3":[32,32],"4":[2637,2634],"5":[2626,8],"6":[2634,2629]},"_coverageSchema":"1a1c01bbd47fc00a2c39e90264f33305004495a9","hash":"7ad6eeb4e5691f99f2a6b0ed7746716450230d2a"}
,"/mnt/storage/shared_windows/Cvstomize/api/routes/auth.js": {"path":"/mnt/storage/shared_windows/Cvstomize/api/routes/auth.js","statementMap":{"0":{"start":{"line":1,"column":16},"end":{"line":1,"column":34}},"1":{"start":{"line":2,"column":15},"end":{"line":2,"column":31}},"2":{"start":{"line":3,"column":25},"end":{"line":3,"column":50}},"3":{"start":{"line":4,"column":32},"end":{"line":4,"column":71}},"4":{"start":{"line":6,"column":15},"end":{"line":6,"column":33}},"5":{"start":{"line":12,"column":0},"end":{"line":37,"column":3}},"6":{"start":{"line":13,"column":2},"end":{"line":36,"column":3}},"7":{"start":{"line":14,"column":4},"end":{"line":14,"column":53}},"8":{"start":{"line":15,"column":19},"end":{"line":15,"column":82}},"9":{"start":{"line":16,"column":4},"end":{"line":16,"column":56}},"10":{"start":{"line":17,"column":4},"end":{"line":22,"column":7}},"11":{"start":{"line":24,"column":4},"end":{"line":29,"column":7}},"12":{"start":{"line":30,"column":4},"end":{"line":35,"column":7}},"13":{"start":{"line":43,"column":0},"end":{"line":50,"column":3}},"14":{"start":{"line":44,"column":2},"end":{"line":44,"column":64}},"15":{"start":{"line":45,"column":2},"end":{"line":49,"column":5}},"16":{"start":{"line":57,"column":0},"end":{"line":145,"column":3}},"17":{"start":{"line":58,"column":2},"end":{"line":144,"column":3}},"18":{"start":{"line":59,"column":4},"end":{"line":59,"column":65}},"19":{"start":{"line":60,"column":4},"end":{"line":60,"column":74}},"20":{"start":{"line":62,"column":87},"end":{"line":62,"column":95}},"21":{"start":{"line":65,"column":4},"end":{"line":65,"column":63}},"22":{"start":{"line":66,"column":25},"end":{"line":68,"column":6}},"23":{"start":{"line":69,"column":4},"end":{"line":69,"column":79}},"24":{"start":{"line":71,"column":4},"end":{"line":84,"column":5}},"25":{"start":{"line":72,"column":6},"end":{"line":72,"column":71}},"26":{"start":{"line":73,"column":6},"end":{"line":83,"column":9}},"27":{"start":{"line":87,"column":4},"end":{"line":87,"column":51}},"28":{"start":{"line":88,"column":20},"end":{"line":101,"column":6}},"29":{"start":{"line":102,"column":4},"end":{"line":102,"column":64}},"30":{"start":{"line":121,"column":4},"end":{"line":121,"column":62}},"31":{"start":{"line":122,"column":4},"end":{"line":132,"column":7}},"32":{"start":{"line":134,"column":4},"end":{"line":142,"column":7}},"33":{"start":{"line":143,"column":4},"end":{"line":143,"column":16}},"34":{"start":{"line":152,"column":0},"end":{"line":201,"column":3}},"35":{"start":{"line":153,"column":2},"end":{"line":200,"column":3}},"36":{"start":{"line":154,"column":28},"end":{"line":154,"column":36}},"37":{"start":{"line":157,"column":17},"end":{"line":164,"column":6}},"38":{"start":{"line":166,"column":4},"end":{"line":171,"column":5}},"39":{"start":{"line":167,"column":6},"end":{"line":170,"column":9}},"40":{"start":{"line":184,"column":4},"end":{"line":197,"column":7}},"41":{"start":{"line":199,"column":4},"end":{"line":199,"column":16}},"42":{"start":{"line":208,"column":0},"end":{"line":240,"column":3}},"43":{"start":{"line":209,"column":2},"end":{"line":239,"column":3}},"44":{"start":{"line":210,"column":28},"end":{"line":210,"column":36}},"45":{"start":{"line":212,"column":17},"end":{"line":224,"column":6}},"46":{"start":{"line":226,"column":4},"end":{"line":231,"column":5}},"47":{"start":{"line":227,"column":6},"end":{"line":230,"column":9}},"48":{"start":{"line":233,"column":4},"end":{"line":236,"column":7}},"49":{"start":{"line":238,"column":4},"end":{"line":238,"column":16}},"50":{"start":{"line":247,"column":0},"end":{"line":275,"column":3}},"51":{"start":{"line":248,"column":2},"end":{"line":274,"column":3}},"52":{"start":{"line":249,"column":28},"end":{"line":249,"column":36}},"53":{"start":{"line":251,"column":17},"end":{"line":254,"column":6}},"54":{"start":{"line":256,"column":4},"end":{"line":267,"column":5}},"55":{"start":{"line":269,"column":4},"end":{"line":271,"column":7}},"56":{"start":{"line":273,"column":4},"end":{"line":273,"column":16}},"57":{"start":{"line":282,"column":0},"end":{"line":324,"column":3}},"58":{"start":{"line":283,"column":2},"end":{"line":323,"column":3}},"59":{"start":{"line":284,"column":4},"end":{"line":284,"column":59}},"60":{"start":{"line":285,"column":4},"end":{"line":285,"column":58}},"61":{"start":{"line":287,"column":28},"end":{"line":287,"column":36}},"62":{"start":{"line":289,"column":17},"end":{"line":301,"column":6}},"63":{"start":{"line":303,"column":4},"end":{"line":303,"column":58}},"64":{"start":{"line":305,"column":4},"end":{"line":310,"column":5}},"65":{"start":{"line":306,"column":6},"end":{"line":309,"column":9}},"66":{"start":{"line":312,"column":4},"end":{"line":314,"column":7}},"67":{"start":{"line":316,"column":4},"end":{"line":321,"column":7}},"68":{"start":{"line":322,"column":4},"end":{"line":322,"column":16}},"69":{"start":{"line":333,"column":46},"end":{"line":333,"column":79}},"70":{"start":{"line":335,"column":0},"end":{"line":339,"column":2}},"71":{"start":{"line":347,"column":0},"end":{"line":373,"column":2}},"72":{"start":{"line":351,"column":4},"end":{"line":371,"column":5}},"73":{"start":{"line":352,"column":30},"end":{"line":352,"column":38}},"74":{"start":{"line":354,"column":22},"end":{"line":363,"column":8}},"75":{"start":{"line":365,"column":6},"end":{"line":368,"column":9}},"76":{"start":{"line":370,"column":6},"end":{"line":370,"column":18}},"77":{"start":{"line":375,"column":0},"end":{"line":375,"column":24}}},"fnMap":{"0":{"name":"(anonymous_0)","decl":{"start":{"line":12,"column":23},"end":{"line":12,"column":24}},"loc":{"start":{"line":12,"column":43},"end":{"line":37,"column":1}},"line":12},"1":{"name":"(anonymous_1)","decl":{"start":{"line":43,"column":47},"end":{"line":43,"column":48}},"loc":{"start":{"line":43,"column":61},"end":{"line":50,"column":1}},"line":43},"2":{"name":"(anonymous_2)","decl":{"start":{"line":57,"column":46},"end":{"line":57,"column":47}},"loc":{"start":{"line":57,"column":72},"end":{"line":145,"column":1}},"line":57},"3":{"name":"(anonymous_3)","decl":{"start":{"line":152,"column":43},"end":{"line":152,"column":44}},"loc":{"start":{"line":152,"column":69},"end":{"line":201,"column":1}},"line":152},"4":{"name":"(anonymous_4)","decl":{"start":{"line":208,"column":43},"end":{"line":208,"column":44}},"loc":{"start":{"line":208,"column":69},"end":{"line":240,"column":1}},"line":208},"5":{"name":"(anonymous_5)","decl":{"start":{"line":247,"column":44},"end":{"line":247,"column":45}},"loc":{"start":{"line":247,"column":70},"end":{"line":275,"column":1}},"line":247},"6":{"name":"(anonymous_6)","decl":{"start":{"line":282,"column":39},"end":{"line":282,"column":40}},"loc":{"start":{"line":282,"column":65},"end":{"line":324,"column":1}},"line":282},"7":{"name":"(anonymous_7)","decl":{"start":{"line":350,"column":2},"end":{"line":350,"column":3}},"loc":{"start":{"line":350,"column":28},"end":{"line":372,"column":3}},"line":350}},"branchMap":{"0":{"loc":{"start":{"line":71,"column":4},"end":{"line":84,"column":5}},"type":"if","locations":[{"start":{"line":71,"column":4},"end":{"line":84,"column":5}},{"start":{},"end":{}}],"line":71},"1":{"loc":{"start":{"line":166,"column":4},"end":{"line":171,"column":5}},"type":"if","locations":[{"start":{"line":166,"column":4},"end":{"line":171,"column":5}},{"start":{},"end":{}}],"line":166},"2":{"loc":{"start":{"line":226,"column":4},"end":{"line":231,"column":5}},"type":"if","locations":[{"start":{"line":226,"column":4},"end":{"line":231,"column":5}},{"start":{},"end":{}}],"line":226},"3":{"loc":{"start":{"line":256,"column":4},"end":{"line":267,"column":5}},"type":"if","locations":[{"start":{"line":256,"column":4},"end":{"line":267,"column":5}},{"start":{},"end":{}}],"line":256},"4":{"loc":{"start":{"line":305,"column":4},"end":{"line":310,"column":5}},"type":"if","locations":[{"start":{"line":305,"column":4},"end":{"line":310,"column":5}},{"start":{},"end":{}}],"line":305}},"s":{"0":0,"1":0,"2":0,"3":0,"4":0,"5":0,"6":0,"7":0,"8":0,"9":0,"10":0,"11":0,"12":0,"13":0,"14":0,"15":0,"16":0,"17":0,"18":0,"19":0,"20":0,"21":0,"22":0,"23":0,"24":0,"25":0,"26":0,"27":0,"28":0,"29":0,"30":0,"31":0,"32":0,"33":0,"34":0,"35":0,"36":0,"37":0,"38":0,"39":0,"40":0,"41":0,"42":0,"43":0,"44":0,"45":0,"46":0,"47":0,"48":0,"49":0,"50":0,"51":0,"52":0,"53":0,"54":0,"55":0,"56":0,"57":0,"58":0,"59":0,"60":0,"61":0,"62":0,"63":0,"64":0,"65":0,"66":0,"67":0,"68":0,"69":0,"70":0,"71":0,"72":0,"73":0,"74":0,"75":0,"76":0,"77":0},"f":{"0":0,"1":0,"2":0,"3":0,"4":0,"5":0,"6":0,"7":0},"b":{"0":[0,0],"1":[0,0],"2":[0,0],"3":[0,0],"4":[0,0]}}
,"/mnt/storage/shared_windows/Cvstomize/api/routes/conversation.js": {"path":"/mnt/storage/shared_windows/Cvstomize/api/routes/conversation.js","statementMap":{"0":{"start":{"line":1,"column":16},"end":{"line":1,"column":34}},"1":{"start":{"line":2,"column":15},"end":{"line":2,"column":31}},"2":{"start":{"line":3,"column":25},"end":{"line":3,"column":50}},"3":{"start":{"line":4,"column":32},"end":{"line":4,"column":71}},"4":{"start":{"line":6,"column":22},"end":{"line":6,"column":64}},"5":{"start":{"line":12,"column":4},"end":{"line":12,"column":44}},"6":{"start":{"line":13,"column":29},"end":{"line":13,"column":72}},"7":{"start":{"line":14,"column":39},"end":{"line":14,"column":88}},"8":{"start":{"line":15,"column":31},"end":{"line":15,"column":76}},"9":{"start":{"line":16,"column":23},"end":{"line":16,"column":38}},"10":{"start":{"line":18,"column":15},"end":{"line":18,"column":33}},"11":{"start":{"line":21,"column":19},"end":{"line":21,"column":28}},"12":{"start":{"line":28,"column":0},"end":{"line":187,"column":3}},"13":{"start":{"line":29,"column":2},"end":{"line":186,"column":3}},"14":{"start":{"line":30,"column":28},"end":{"line":30,"column":36}},"15":{"start":{"line":31,"column":47},"end":{"line":31,"column":55}},"16":{"start":{"line":33,"column":17},"end":{"line":36,"column":6}},"17":{"start":{"line":38,"column":4},"end":{"line":43,"column":5}},"18":{"start":{"line":39,"column":6},"end":{"line":42,"column":9}},"19":{"start":{"line":46,"column":22},"end":{"line":46,"column":30}},"20":{"start":{"line":49,"column":21},"end":{"line":49,"column":25}},"21":{"start":{"line":50,"column":25},"end":{"line":50,"column":34}},"22":{"start":{"line":54,"column":4},"end":{"line":113,"column":5}},"23":{"start":{"line":55,"column":6},"end":{"line":109,"column":7}},"24":{"start":{"line":56,"column":26},"end":{"line":56,"column":79}},"25":{"start":{"line":58,"column":8},"end":{"line":62,"column":9}},"26":{"start":{"line":59,"column":10},"end":{"line":59,"column":101}},"27":{"start":{"line":61,"column":10},"end":{"line":61,"column":80}},"28":{"start":{"line":64,"column":25},"end":{"line":64,"column":66}},"29":{"start":{"line":65,"column":27},"end":{"line":65,"column":74}},"30":{"start":{"line":67,"column":8},"end":{"line":104,"column":9}},"31":{"start":{"line":69,"column":27},"end":{"line":69,"column":89}},"32":{"start":{"line":70,"column":10},"end":{"line":70,"column":32}},"33":{"start":{"line":73,"column":10},"end":{"line":80,"column":13}},"34":{"start":{"line":83,"column":10},"end":{"line":91,"column":12}},"35":{"start":{"line":93,"column":10},"end":{"line":93,"column":41}},"36":{"start":{"line":95,"column":10},"end":{"line":99,"column":13}},"37":{"start":{"line":101,"column":10},"end":{"line":101,"column":70}},"38":{"start":{"line":103,"column":10},"end":{"line":103,"column":46}},"39":{"start":{"line":106,"column":8},"end":{"line":106,"column":89}},"40":{"start":{"line":108,"column":8},"end":{"line":108,"column":44}},"41":{"start":{"line":112,"column":6},"end":{"line":112,"column":42}},"42":{"start":{"line":115,"column":4},"end":{"line":120,"column":5}},"43":{"start":{"line":116,"column":6},"end":{"line":119,"column":9}},"44":{"start":{"line":123,"column":33},"end":{"line":123,"column":54}},"45":{"start":{"line":124,"column":24},"end":{"line":124,"column":63}},"46":{"start":{"line":126,"column":27},"end":{"line":139,"column":22}},"47":{"start":{"line":142,"column":4},"end":{"line":162,"column":7}},"48":{"start":{"line":164,"column":27},"end":{"line":164,"column":89}},"49":{"start":{"line":166,"column":4},"end":{"line":182,"column":7}},"50":{"start":{"line":184,"column":4},"end":{"line":184,"column":59}},"51":{"start":{"line":185,"column":4},"end":{"line":185,"column":16}},"52":{"start":{"line":194,"column":0},"end":{"line":370,"column":3}},"53":{"start":{"line":195,"column":2},"end":{"line":369,"column":3}},"54":{"start":{"line":196,"column":28},"end":{"line":196,"column":36}},"55":{"start":{"line":197,"column":54},"end":{"line":197,"column":62}},"56":{"start":{"line":199,"column":4},"end":{"line":204,"column":5}},"57":{"start":{"line":200,"column":6},"end":{"line":203,"column":9}},"58":{"start":{"line":206,"column":17},"end":{"line":209,"column":6}},"59":{"start":{"line":211,"column":4},"end":{"line":216,"column":5}},"60":{"start":{"line":212,"column":6},"end":{"line":215,"column":9}},"61":{"start":{"line":218,"column":22},"end":{"line":218,"column":32}},"62":{"start":{"line":223,"column":26},"end":{"line":229,"column":6}},"63":{"start":{"line":231,"column":4},"end":{"line":236,"column":5}},"64":{"start":{"line":232,"column":6},"end":{"line":235,"column":9}},"65":{"start":{"line":238,"column":25},"end":{"line":238,"column":41}},"66":{"start":{"line":239,"column":20},"end":{"line":239,"column":47}},"67":{"start":{"line":242,"column":22},"end":{"line":242,"column":47}},"68":{"start":{"line":243,"column":24},"end":{"line":243,"column":35}},"69":{"start":{"line":249,"column":4},"end":{"line":260,"column":5}},"70":{"start":{"line":251,"column":6},"end":{"line":251,"column":60}},"71":{"start":{"line":252,"column":26},"end":{"line":252,"column":45}},"72":{"start":{"line":253,"column":6},"end":{"line":253,"column":58}},"73":{"start":{"line":254,"column":6},"end":{"line":254,"column":42}},"74":{"start":{"line":257,"column":6},"end":{"line":257,"column":86}},"75":{"start":{"line":258,"column":6},"end":{"line":258,"column":77}},"76":{"start":{"line":259,"column":6},"end":{"line":259,"column":43}},"77":{"start":{"line":263,"column":28},"end":{"line":272,"column":5}},"78":{"start":{"line":275,"column":29},"end":{"line":275,"column":33}},"79":{"start":{"line":276,"column":27},"end":{"line":276,"column":31}},"80":{"start":{"line":278,"column":4},"end":{"line":320,"column":5}},"81":{"start":{"line":279,"column":24},"end":{"line":279,"column":48}},"82":{"start":{"line":280,"column":6},"end":{"line":280,"column":49}},"83":{"start":{"line":282,"column":6},"end":{"line":304,"column":7}},"84":{"start":{"line":283,"column":22},"end":{"line":283,"column":52}},"85":{"start":{"line":284,"column":8},"end":{"line":291,"column":10}},"86":{"start":{"line":292,"column":8},"end":{"line":292,"column":44}},"87":{"start":{"line":295,"column":8},"end":{"line":299,"column":104}},"88":{"start":{"line":300,"column":8},"end":{"line":300,"column":32}},"89":{"start":{"line":303,"column":8},"end":{"line":303,"column":37}},"90":{"start":{"line":306,"column":27},"end":{"line":306,"column":64}},"91":{"start":{"line":308,"column":6},"end":{"line":319,"column":7}},"92":{"start":{"line":309,"column":8},"end":{"line":309,"column":55}},"93":{"start":{"line":310,"column":8},"end":{"line":310,"column":40}},"94":{"start":{"line":313,"column":8},"end":{"line":317,"column":107}},"95":{"start":{"line":318,"column":8},"end":{"line":318,"column":32}},"96":{"start":{"line":323,"column":4},"end":{"line":333,"column":5}},"97":{"start":{"line":324,"column":6},"end":{"line":332,"column":9}},"98":{"start":{"line":336,"column":4},"end":{"line":343,"column":7}},"99":{"start":{"line":345,"column":23},"end":{"line":345,"column":40}},"100":{"start":{"line":346,"column":21},"end":{"line":346,"column":84}},"101":{"start":{"line":348,"column":4},"end":{"line":365,"column":7}},"102":{"start":{"line":367,"column":4},"end":{"line":367,"column":56}},"103":{"start":{"line":368,"column":4},"end":{"line":368,"column":16}},"104":{"start":{"line":376,"column":0},"end":{"line":466,"column":3}},"105":{"start":{"line":377,"column":2},"end":{"line":465,"column":3}},"106":{"start":{"line":378,"column":28},"end":{"line":378,"column":36}},"107":{"start":{"line":379,"column":26},"end":{"line":379,"column":36}},"108":{"start":{"line":381,"column":17},"end":{"line":384,"column":6}},"109":{"start":{"line":386,"column":4},"end":{"line":391,"column":5}},"110":{"start":{"line":387,"column":6},"end":{"line":390,"column":9}},"111":{"start":{"line":393,"column":20},"end":{"line":408,"column":6}},"112":{"start":{"line":410,"column":4},"end":{"line":415,"column":5}},"113":{"start":{"line":411,"column":6},"end":{"line":414,"column":9}},"114":{"start":{"line":418,"column":22},"end":{"line":418,"column":47}},"115":{"start":{"line":419,"column":24},"end":{"line":419,"column":35}},"116":{"start":{"line":422,"column":33},"end":{"line":424,"column":53}},"117":{"start":{"line":424,"column":21},"end":{"line":424,"column":52}},"118":{"start":{"line":430,"column":4},"end":{"line":441,"column":5}},"119":{"start":{"line":431,"column":6},"end":{"line":431,"column":60}},"120":{"start":{"line":432,"column":26},"end":{"line":432,"column":45}},"121":{"start":{"line":433,"column":6},"end":{"line":433,"column":58}},"122":{"start":{"line":434,"column":6},"end":{"line":434,"column":42}},"123":{"start":{"line":436,"column":6},"end":{"line":438,"column":15}},"124":{"start":{"line":439,"column":6},"end":{"line":439,"column":90}},"125":{"start":{"line":440,"column":6},"end":{"line":440,"column":43}},"126":{"start":{"line":443,"column":21},"end":{"line":443,"column":84}},"127":{"start":{"line":445,"column":4},"end":{"line":461,"column":7}},"128":{"start":{"line":463,"column":4},"end":{"line":463,"column":67}},"129":{"start":{"line":464,"column":4},"end":{"line":464,"column":16}},"130":{"start":{"line":472,"column":0},"end":{"line":598,"column":3}},"131":{"start":{"line":473,"column":2},"end":{"line":597,"column":3}},"132":{"start":{"line":474,"column":28},"end":{"line":474,"column":36}},"133":{"start":{"line":475,"column":26},"end":{"line":475,"column":34}},"134":{"start":{"line":477,"column":4},"end":{"line":482,"column":5}},"135":{"start":{"line":478,"column":6},"end":{"line":481,"column":9}},"136":{"start":{"line":484,"column":17},"end":{"line":487,"column":6}},"137":{"start":{"line":489,"column":4},"end":{"line":494,"column":5}},"138":{"start":{"line":490,"column":6},"end":{"line":493,"column":9}},"139":{"start":{"line":497,"column":25},"end":{"line":503,"column":6}},"140":{"start":{"line":505,"column":4},"end":{"line":510,"column":5}},"141":{"start":{"line":506,"column":6},"end":{"line":509,"column":9}},"142":{"start":{"line":512,"column":21},"end":{"line":512,"column":48}},"143":{"start":{"line":514,"column":4},"end":{"line":519,"column":5}},"144":{"start":{"line":515,"column":6},"end":{"line":518,"column":9}},"145":{"start":{"line":522,"column":4},"end":{"line":522,"column":69}},"146":{"start":{"line":523,"column":24},"end":{"line":523,"column":66}},"147":{"start":{"line":526,"column":25},"end":{"line":526,"column":70}},"148":{"start":{"line":526,"column":50},"end":{"line":526,"column":69}},"149":{"start":{"line":529,"column":22},"end":{"line":529,"column":47}},"150":{"start":{"line":530,"column":27},"end":{"line":530,"column":87}},"151":{"start":{"line":531,"column":32},"end":{"line":531,"column":88}},"152":{"start":{"line":534,"column":4},"end":{"line":536,"column":5}},"153":{"start":{"line":535,"column":6},"end":{"line":535,"column":35}},"154":{"start":{"line":539,"column":4},"end":{"line":551,"column":7}},"155":{"start":{"line":554,"column":4},"end":{"line":586,"column":7}},"156":{"start":{"line":588,"column":4},"end":{"line":593,"column":7}},"157":{"start":{"line":595,"column":4},"end":{"line":595,"column":56}},"158":{"start":{"line":596,"column":4},"end":{"line":596,"column":16}},"159":{"start":{"line":601,"column":0},"end":{"line":601,"column":24}},"160":{"start":{"line":602,"column":0},"end":{"line":602,"column":39}}},"fnMap":{"0":{"name":"(anonymous_0)","decl":{"start":{"line":28,"column":43},"end":{"line":28,"column":44}},"loc":{"start":{"line":28,"column":69},"end":{"line":187,"column":1}},"line":28},"1":{"name":"(anonymous_1)","decl":{"start":{"line":194,"column":45},"end":{"line":194,"column":46}},"loc":{"start":{"line":194,"column":71},"end":{"line":370,"column":1}},"line":194},"2":{"name":"(anonymous_2)","decl":{"start":{"line":376,"column":55},"end":{"line":376,"column":56}},"loc":{"start":{"line":376,"column":81},"end":{"line":466,"column":1}},"line":376},"3":{"name":"(anonymous_3)","decl":{"start":{"line":424,"column":12},"end":{"line":424,"column":13}},"loc":{"start":{"line":424,"column":21},"end":{"line":424,"column":52}},"line":424},"4":{"name":"(anonymous_4)","decl":{"start":{"line":472,"column":46},"end":{"line":472,"column":47}},"loc":{"start":{"line":472,"column":72},"end":{"line":598,"column":1}},"line":472},"5":{"name":"(anonymous_5)","decl":{"start":{"line":526,"column":41},"end":{"line":526,"column":42}},"loc":{"start":{"line":526,"column":50},"end":{"line":526,"column":69}},"line":526}},"branchMap":{"0":{"loc":{"start":{"line":38,"column":4},"end":{"line":43,"column":5}},"type":"if","locations":[{"start":{"line":38,"column":4},"end":{"line":43,"column":5}},{"start":{},"end":{}}],"line":38},"1":{"loc":{"start":{"line":54,"column":4},"end":{"line":113,"column":5}},"type":"if","locations":[{"start":{"line":54,"column":4},"end":{"line":113,"column":5}},{"start":{"line":110,"column":11},"end":{"line":113,"column":5}}],"line":54},"2":{"loc":{"start":{"line":54,"column":8},"end":{"line":54,"column":60}},"type":"binary-expr","locations":[{"start":{"line":54,"column":8},"end":{"line":54,"column":22}},{"start":{"line":54,"column":26},"end":{"line":54,"column":60}}],"line":54},"3":{"loc":{"start":{"line":56,"column":26},"end":{"line":56,"column":79}},"type":"binary-expr","locations":[{"start":{"line":56,"column":26},"end":{"line":56,"column":40}},{"start":{"line":56,"column":44},"end":{"line":56,"column":79}}],"line":56},"4":{"loc":{"start":{"line":58,"column":8},"end":{"line":62,"column":9}},"type":"if","locations":[{"start":{"line":58,"column":8},"end":{"line":62,"column":9}},{"start":{"line":60,"column":15},"end":{"line":62,"column":9}}],"line":58},"5":{"loc":{"start":{"line":67,"column":8},"end":{"line":104,"column":9}},"type":"if","locations":[{"start":{"line":67,"column":8},"end":{"line":104,"column":9}},{"start":{"line":100,"column":15},"end":{"line":104,"column":9}}],"line":67},"6":{"loc":{"start":{"line":69,"column":66},"end":{"line":69,"column":88}},"type":"binary-exp
[...]
,"/mnt/storage/shared_windows/Cvstomize/api/services/personalityInferenceGemini.js": {"path":"/mnt/storage/shared_windows/Cvstomize/api/services/personalityInferenceGemini.js","statementMap":{"0":{"start":{"line":6,"column":22},"end":{"line":6,"column":54}},"1":{"start":{"line":14,"column":22},"end":{"line":17,"column":17}},"2":{"start":{"line":15,"column":19},"end":{"line":15,"column":38}},"3":{"start":{"line":16,"column":23},"end":{"line":16,"column":58}},"4":{"start":{"line":19,"column":2},"end":{"line":116,"column":14}},"5":{"start":{"line":125,"column":2},"end":{"line":195,"column":3}},"6":{"start":{"line":126,"column":19},"end":{"line":126,"column":56}},"7":{"start":{"line":128,"column":4},"end":{"line":128,"column":59}},"8":{"start":{"line":130,"column":18},"end":{"line":130,"column":47}},"9":{"start":{"line":131,"column":19},"end":{"line":131,"column":54}},"10":{"start":{"line":132,"column":21},"end":{"line":132,"column":36}},"11":{"start":{"line":136,"column":4},"end":{"line":142,"column":5}},"12":{"start":{"line":137,"column":6},"end":{"line":137,"column":37}},"13":{"start":{"line":138,"column":11},"end":{"line":142,"column":5}},"14":{"start":{"line":139,"column":6},"end":{"line":139,"column":66}},"15":{"start":{"line":141,"column":6},"end":{"line":141,"column":59}},"16":{"start":{"line":144,"column":4},"end":{"line":144,"column":89}},"17":{"start":{"line":147,"column":26},"end":{"line":147,"column":45}},"18":{"start":{"line":148,"column":4},"end":{"line":148,"column":88}},"19":{"start":{"line":150,"column":21},"end":{"line":150,"column":48}},"20":{"start":{"line":153,"column":4},"end":{"line":155,"column":5}},"21":{"start":{"line":154,"column":6},"end":{"line":154,"column":59}},"22":{"start":{"line":158,"column":31},"end":{"line":173,"column":5}},"23":{"start":{"line":175,"column":4},"end":{"line":180,"column":7}},"24":{"start":{"line":182,"column":4},"end":{"line":182,"column":30}},"25":{"start":{"line":185,"column":4},"end":{"line":185,"column":67}},"26":{"start":{"line":186,"column":4},"end":{"line":186,"column":51}},"27":{"start":{"line":189,"column":4},"end":{"line":189,"column":74}},"28":{"start":{"line":190,"column":33},"end":{"line":190,"column":66}},"29":{"start":{"line":191,"column":4},"end":{"line":194,"column":9}},"30":{"start":{"line":191,"column":61},"end":{"line":194,"column":5}},"31":{"start":{"line":198,"column":0},"end":{"line":201,"column":2}}},"fnMap":{"0":{"name":"buildBig5Prompt","decl":{"start":{"line":13,"column":9},"end":{"line":13,"column":24}},"loc":{"start":{"line":13,"column":47},"end":{"line":117,"column":1}},"line":13},"1":{"name":"(anonymous_1)","decl":{"start":{"line":15,"column":12},"end":{"line":15,"column":13}},"loc":{"start":{"line":15,"column":19},"end":{"line":15,"column":38}},"line":15},"2":{"name":"(anonymous_2)","decl":{"start":{"line":16,"column":9},"end":{"line":16,"column":10}},"loc":{"start":{"line":16,"column":23},"end":{"line":16,"column":58}},"line":16},"3":{"name":"inferPersonalityWithGemini","decl":{"start":{"line":124,"column":15},"end":{"line":124,"column":41}},"loc":{"start":{"line":124,"column":64},"end":{"line":196,"column":1}},"line":124},"4":{"name":"(anonymous_4)","decl":{"start":{"line":191,"column":53},"end":{"line":191,"column":54}},"loc":{"start":{"line":191,"column":61},"end":{"line":194,"column":5}},"line":191}},"branchMap":{"0":{"loc":{"start":{"line":136,"column":4},"end":{"line":142,"column":5}},"type":"if","locations":[{"start":{"line":136,"column":4},"end":{"line":142,"column":5}},{"start":{"line":138,"column":11},"end":{"line":142,"column":5}}],"line":136},"1":{"loc":{"start":{"line":138,"column":11},"end":{"line":142,"column":5}},"type":"if","locations":[{"start":{"line":138,"column":11},"end":{"line":142,"column":5}},{"start":{"line":140,"column":11},"end":{"line":142,"column":5}}],"line":138},"2":{"loc":{"start":{"line":138,"column":15},"end":{"line":138,"column":60}},"type":"binary-expr","locations":[{"start":{"line":138,"column":15},"end":{"line":138,"column":34}},{"start":{"line":138,"column":38},"end":{"line":138,"column":60}}],"line":138},"3":{"loc":{"start":{"line":153,"column":4},"end":{"line":155,"column":5}},"type":"if","locations":[{"start":{"line":153,"column":4},"end":{"line":155,"column":5}},{"start":{},"end":{}}],"line":153},"4":{"loc":{"start":{"line":153,"column":8},"end":{"line":153,"column":52}},"type":"binary-expr","locations":[{"start":{"line":153,"column":8},"end":{"line":153,"column":25}},{"start":{"line":153,"column":29},"end":{"line":153,"column":52}}],"line":153}},"s":{"0":0,"1":0,"2":0,"3":0,"4":0,"5":0,"6":0,"7":0,"8":0,"9":0,"10":0,"11":0,"12":0,"13":0,"14":0,"15":0,"16":0,"17":0,"18":0,"19":0,"20":0,"21":0,"22":0,"23":0,"24":0,"25":0,"26":0,"27":0,"28":0,"29":0,"30":0,"31":0},"f":{"0":0,"1":0,"2":0,"3":0,"4":0},"b":{"0":[0,0],"1":[0,0],"2":[0,0],"3":[0,0],"4":[0,0]}}
,"/mnt/storage/shared_windows/Cvstomize/api/services/personalityQuestions.js": {"path":"/mnt/storage/shared_windows/Cvstomize/api/services/personalityQuestions.js","statementMap":{"0":{"start":{"line":16,"column":30},"end":{"line":120,"column":1}},"1":{"start":{"line":126,"column":2},"end":{"line":126,"column":65}},"2":{"start":{"line":126,"column":46},"end":{"line":126,"column":63}},"3":{"start":{"line":133,"column":2},"end":{"line":133,"column":54}},"4":{"start":{"line":133,"column":41},"end":{"line":133,"column":52}},"5":{"start":{"line":140,"column":19},"end":{"line":140,"column":46}},"6":{"start":{"line":141,"column":2},"end":{"line":143,"column":3}},"7":{"start":{"line":142,"column":4},"end":{"line":142,"column":58}},"8":{"start":{"line":145,"column":20},"end":{"line":145,"column":53}},"9":{"start":{"line":147,"column":2},"end":{"line":152,"column":3}},"10":{"start":{"line":148,"column":4},"end":{"line":151,"column":6}},"11":{"start":{"line":154,"column":2},"end":{"line":159,"column":3}},"12":{"start":{"line":155,"column":4},"end":{"line":158,"column":6}},"13":{"start":{"line":161,"column":2},"end":{"line":161,"column":25}},"14":{"start":{"line":168,"column":16},"end":{"line":175,"column":3}},"15":{"start":{"line":177,"column":2},"end":{"line":177,"column":80}},"16":{"start":{"line":184,"column":19},"end":{"line":184,"column":46}},"17":{"start":{"line":185,"column":2},"end":{"line":185,"column":29}},"18":{"start":{"line":185,"column":17},"end":{"line":185,"column":29}},"19":{"start":{"line":187,"column":22},"end":{"line":187,"column":42}},"20":{"start":{"line":190,"column":21},"end":{"line":190,"column":39}},"21":{"start":{"line":191,"column":23},"end":{"line":193,"column":58}},"22":{"start":{"line":195,"column":2},"end":{"line":197,"column":3}},"23":{"start":{"line":196,"column":4},"end":{"line":196,"column":76}},"24":{"start":{"line":200,"column":2},"end":{"line":200,"column":27}},"25":{"start":{"line":208,"column":28},"end":{"line":217,"column":3}},"26":{"start":{"line":220,"column":2},"end":{"line":233,"column":5}},"27":{"start":{"line":221,"column":4},"end":{"line":232,"column":7}},"28":{"start":{"line":236,"column":24},"end":{"line":236,"column":49}},"29":{"start":{"line":237,"column":2},"end":{"line":252,"column":5}},"30":{"start":{"line":238,"column":4},"end":{"line":251,"column":7}},"31":{"start":{"line":243,"column":41},"end":{"line":243,"column":79}},"32":{"start":{"line":255,"column":2},"end":{"line":262,"column":5}},"33":{"start":{"line":264,"column":2},"end":{"line":264,"column":27}},"34":{"start":{"line":267,"column":0},"end":{"line":275,"column":2}}},"fnMap":{"0":{"name":"getPersonalityQuestions","decl":{"start":{"line":125,"column":9},"end":{"line":125,"column":32}},"loc":{"start":{"line":125,"column":35},"end":{"line":127,"column":1}},"line":125},"1":{"name":"(anonymous_1)","decl":{"start":{"line":126,"column":36},"end":{"line":126,"column":37}},"loc":{"start":{"line":126,"column":46},"end":{"line":126,"column":63}},"line":126},"2":{"name":"getQuestionById","decl":{"start":{"line":132,"column":9},"end":{"line":132,"column":24}},"loc":{"start":{"line":132,"column":29},"end":{"line":134,"column":1}},"line":132},"3":{"name":"(anonymous_3)","decl":{"start":{"line":133,"column":36},"end":{"line":133,"column":37}},"loc":{"start":{"line":133,"column":41},"end":{"line":133,"column":52}},"line":133},"4":{"name":"validateAnswer","decl":{"start":{"line":139,"column":9},"end":{"line":139,"column":23}},"loc":{"start":{"line":139,"column":44},"end":{"line":162,"column":1}},"line":139},"5":{"name":"getQuestionHint","decl":{"start":{"line":167,"column":9},"end":{"line":167,"column":24}},"loc":{"start":{"line":167,"column":37},"end":{"line":178,"column":1}},"line":167},"6":{"name":"getFollowUpQuestion","decl":{"start":{"line":183,"column":9},"end":{"line":183,"column":28}},"loc":{"start":{"line":183,"column":49},"end":{"line":201,"column":1}},"line":183},"7":{"name":"buildFullConversation","decl":{"start":{"line":206,"column":9},"end":{"line":206,"column":30}},"loc":{"start":{"line":206,"column":44},"end":{"line":265,"column":1}},"line":206},"8":{"name":"(anonymous_8)","decl":{"start":{"line":220,"column":22},"end":{"line":220,"column":23}},"loc":{"start":{"line":220,"column":38},"end":{"line":233,"column":3}},"line":220},"9":{"name":"(anonymous_9)","decl":{"start":{"line":237,"column":24},"end":{"line":237,"column":25}},"loc":{"start":{"line":237,"column":39},"end":{"line":252,"column":3}},"line":237},"10":{"name":"(anonymous_10)","decl":{"start":{"line":243,"column":36},"end":{"line":243,"column":37}},"loc":{"start":{"line":243,"column":41},"end":{"line":243,"column":79}},"line":243}},"branchMap":{"0":{"loc":{"start":{"line":141,"column":2},"end":{"line":143,"column":3}},"type":"if","locations":[{"start":{"line":141,"column":2},"end":{"line":143,"column":3}},{"start":{},"end":{}}],"line":141},"1":{"loc":{"start":{"line":147,"column":2},"end":{"line":152,"column":3}},"type":"if","locations":[{"start":{"line":147,"column":2},"end":{"line":152,"column":3}},{"start":{},"end":{}}],"line":147},"2":{"loc":{"start":{"line":154,"column":2},"end":{"line":159,"column":3}},"type":"if","locations":[{"start":{"line":154,"column":2},"end":{"line":159,"column":3}},{"start":{},"end":{}}],"line":154},"3":{"loc":{"start":{"line":177,"column":9},"end":{"line":177,"column":79}},"type":"binary-expr","locations":[{"start":{"line":177,"column":9},"end":{"line":177,"column":26}},{"start":{"line":177,"column":30},"end":{"line":177,"column":79}}],"line":177},"4":{"loc":{"start":{"line":185,"column":2},"end":{"line":185,"column":29}},"type":"if","locations":[{"start":{"line":185,"column":2},"end":{"line":185,"column":29}},{"start":{},"end":{}}],"line":185},"5":{"loc":{"start":{"line":191,"column":23},"end":{"line":193,"column":58}},"type":"binary-expr","locations":[{"start":{"line":191,"column":23},"end":{"line":191,"column":59}},{"start":{"line":192,"column":23},"end":{"line":192,"column":58}},{"start":{"line":193,"column":23},"end":{"line":193,"column":58}}],"line":191},"6":{"loc":{"start":{"line":195,"column":2},"end":{"line":197,"column":3}},"type":"if","locations":[{"start":{"line":195,"column":2},"end":{"line":197,"column":3}},{"start":{},"end":{}}],"line":195},"7":{"loc":{"start":{"line":195,"column":6},"end":{"line":195,"column":77}},"type":"binary-expr","locations":[{"start":{"line":195,"column":6},"end":{"line":195,"column":17}},{"start":{"line":195,"column":21},"end":{"line":195,"column":34}},{"start":{"line":195,"column":38},"end":{"line":195,"column":77}}],"line":195}},"s":{"0":1,"1":13,"2":65,"3":33,"4":104,"5":6,"6":6,"7":1,"8":5,"9":5,"10":2,"11":3,"12":1,"13":2,"14":68,"15":68,"16":4,"17":4,"18":1,"19":3,"20":3,"21":3,"22":3,"23":1,"24":2,"25":10,"26":10,"27":50,"28":10,"29":10,"30":60,"31":80,"32":10,"33":10,"34":1},"f":{"0":13,"1":65,"2":33,"3":104,"4":6,"5":68,"6":4,"7":10,"8":50,"9":60,"10":80},"b":{"0":[1,5],"1":[2,3],"2":[1,2],"3":[68,1],"4":[1,3],"5":[3,3,2],"6":[1,2],"7":[3,2,2]},"_coverageSchema":"1a1c01bbd47fc00a2c39e90264f33305004495a9","hash":"dcf9b2bf3b9d1b58b00b4cf4ed6f6bddc4111bab"}
,"/mnt/storage/shared_windows/Cvstomize/api/services/questionFramework.js": {"path":"/mnt/storage/shared_windows/Cvstomize/api/services/questionFramework.js","statementMap":{"0":{"start":{"line":6,"column":28},"end":{"line":12,"column":1}},"1":{"start":{"line":14,"column":18},"end":{"line":172,"column":1}},"2":{"start":{"line":182,"column":24},"end":{"line":182,"column":63}},"3":{"start":{"line":182,"column":48},"end":{"line":182,"column":62}},"4":{"start":{"line":185,"column":2},"end":{"line":187,"column":3}},"5":{"start":{"line":186,"column":4},"end":{"line":186,"column":16}},"6":{"start":{"line":189,"column":2},"end":{"line":189,"column":49}},"7":{"start":{"line":196,"column":2},"end":{"line":196,"column":52}},"8":{"start":{"line":196,"column":31},"end":{"line":196,"column":50}},"9":{"start":{"line":203,"column":2},"end":{"line":203,"column":56}},"10":{"start":{"line":203,"column":33},"end":{"line":203,"column":47}},"11":{"start":{"line":210,"column":16},"end":{"line":210,"column":35}},"12":{"start":{"line":211,"column":2},"end":{"line":211,"column":64}},"13":{"start":{"line":214,"column":0},"end":{"line":221,"column":2}}},"fnMap":{"0":{"name":"getNextQuestion","decl":{"start":{"line":180,"column":9},"end":{"line":180,"column":24}},"loc":{"start":{"line":180,"column":73},"end":{"line":190,"column":1}},"line":180},"1":{"name":"(anonymous_1)","decl":{"start":{"line":182,"column":41},"end":{"line":182,"column":42}},"loc":{"start":{"line":182,"column":48},"end":{"line":182,"column":62}},"line":182},"2":{"name":"getQuestionById","decl":{"start":{"line":195,"column":9},"end":{"line":195,"column":24}},"loc":{"start":{"line":195,"column":37},"end":{"line":197,"column":1}},"line":195},"3":{"name":"(anonymous_3)","decl":{"start":{"line":196,"column":24},"end":{"line":196,"column":25}},"loc":{"start":{"line":196,"column":31},"end":{"line":196,"column":50}},"line":196},"4":{"name":"getTotalQuestions","decl":{"start":{"line":202,"column":9},"end":{"line":202,"column":26}},"loc":{"start":{"line":202,"column":29},"end":{"line":204,"column":1}},"line":202},"5":{"name":"(anonymous_5)","decl":{"start":{"line":203,"column":26},"end":{"line":203,"column":27}},"loc":{"start":{"line":203,"column":33},"end":{"line":203,"column":47}},"line":203},"6":{"name":"getProgress","decl":{"start":{"line":209,"column":9},"end":{"line":209,"column":20}},"loc":{"start":{"line":209,"column":43},"end":{"line":212,"column":1}},"line":209}},"branchMap":{"0":{"loc":{"start":{"line":180,"column":47},"end":{"line":180,"column":71}},"type":"default-arg","locations":[{"start":{"line":180,"column":69},"end":{"line":180,"column":71}}],"line":180},"1":{"loc":{"start":{"line":185,"column":2},"end":{"line":187,"column":3}},"type":"if","locations":[{"start":{"line":185,"column":2},"end":{"line":187,"column":3}},{"start":{},"end":{}}],"line":185}},"s":{"0":1,"1":1,"2":94,"3":1692,"4":94,"5":7,"6":87,"7":40,"8":368,"9":89,"10":1602,"11":43,"12":43,"13":1},"f":{"0":94,"1":1692,"2":40,"3":368,"4":89,"5":1602,"6":43},"b":{"0":[93],"1":[7,87]},"_coverageSchema":"1a1c01bbd47fc00a2c39e90264f33305004495a9","hash":"2aa538756108b70e478ed60a02d612adeb5281e0"}
,"/mnt/storage/shared_windows/Cvstomize/api/utils/docx-parser.js": {"path":"/mnt/storage/shared_windows/Cvstomize/api/utils/docx-parser.js","statementMap":{"0":{"start":{"line":1,"column":16},"end":{"line":1,"column":34}},"1":{"start":{"line":4,"column":4},"end":{"line":10,"column":5}},"2":{"start":{"line":5,"column":23},"end":{"line":5,"column":71}},"3":{"start":{"line":6,"column":8},"end":{"line":6,"column":28}},"4":{"start":{"line":8,"column":8},"end":{"line":8,"column":65}},"5":{"start":{"line":9,"column":8},"end":{"line":9,"column":61}},"6":{"start":{"line":13,"column":0},"end":{"line":13,"column":41}}},"fnMap":{"0":{"name":"extractTextFromDocx","decl":{"start":{"line":3,"column":15},"end":{"line":3,"column":34}},"loc":{"start":{"line":3,"column":45},"end":{"line":11,"column":1}},"line":3}},"branchMap":{},"s":{"0":0,"1":0,"2":0,"3":0,"4":0,"5":0,"6":0},"f":{"0":0},"b":{}}
,"/mnt/storage/shared_windows/Cvstomize/api/utils/logger.js": {"path":"/mnt/storage/shared_windows/Cvstomize/api/utils/logger.js","statementMap":{"0":{"start":{"line":1,"column":16},"end":{"line":1,"column":34}},"1":{"start":{"line":4,"column":15},"end":{"line":15,"column":2}},"2":{"start":{"line":18,"column":0},"end":{"line":25,"column":1}},"3":{"start":{"line":19,"column":2},"end":{"line":24,"column":6}},"4":{"start":{"line":27,"column":0},"end":{"line":27,"column":24}}},"fnMap":{},"branchMap":{"0":{"loc":{"start":{"line":5,"column":9},"end":{"line":5,"column":40}},"type":"binary-expr","locations":[{"start":{"line":5,"column":9},"end":{"line":5,"column":30}},{"start":{"line":5,"column":34},"end":{"line":5,"column":40}}],"line":5},"1":{"loc":{"start":{"line":18,"column":0},"end":{"line":25,"column":1}},"type":"if","locations":[{"start":{"line":18,"column":0},"end":{"line":25,"column":1}},{"start":{},"end":{}}],"line":18}},"s":{"0":0,"1":0,"2":0,"3":0,"4":0},"f":{},"b":{"0":[0,0],"1":[0,0]}}
,"/mnt/storage/shared_windows/Cvstomize/api/utils/pdf-parser.js": {"path":"/mnt/storage/shared_windows/Cvstomize/api/utils/pdf-parser.js","statementMap":{"0":{"start":{"line":1,"column":12},"end":{"line":1,"column":32}},"1":{"start":{"line":4,"column":4},"end":{"line":11,"column":5}},"2":{"start":{"line":5,"column":27},"end":{"line":5,"column":63}},"3":{"start":{"line":6,"column":21},"end":{"line":6,"column":42}},"4":{"start":{"line":7,"column":8},"end":{"line":7,"column":25}},"5":{"start":{"line":9,"column":8},"end":{"line":9,"column":64}},"6":{"start":{"line":10,"column":8},"end":{"line":10,"column":60}},"7":{"start":{"line":14,"column":0},"end":{"line":14,"column":40}}},"fnMap":{"0":{"name":"extractTextFromPdf","decl":{"start":{"line":3,"column":15},"end":{"line":3,"column":33}},"loc":{"start":{"line":3,"column":44},"end":{"line":12,"column":1}},"line":3}},"branchMap":{},"s":{"0":0,"1":0,"2":0,"3":0,"4":0,"5":0,"6":0,"7":0},"f":{"0":0},"b":{}}
}
