{"/workspaces/cvstomize/api/create-firebase-test-users.js": {"path":"/workspaces/cvstomize/api/create-firebase-test-users.js","statementMap":{"0":{"start":{"line":7,"column":14},"end":{"line":7,"column":39}},"1":{"start":{"line":10,"column":0},"end":{"line":16,"column":1}},"2":{"start":{"line":11,"column":25},"end":{"line":11,"column":65}},"3":{"start":{"line":12,"column":2},"end":{"line":15,"column":5}},"4":{"start":{"line":19,"column":20},"end":{"line":38,"column":3}},"5":{"start":{"line":40,"column":2},"end":{"line":40,"column":54}},"6":{"start":{"line":42,"column":2},"end":{"line":75,"column":3}},"7":{"start":{"line":43,"column":4},"end":{"line":74,"column":5}},"8":{"start":{"line":45,"column":25},"end":{"line":52,"column":8}},"9":{"start":{"line":54,"column":6},"end":{"line":54,"column":68}},"10":{"start":{"line":56,"column":6},"end":{"line":73,"column":7}},"11":{"start":{"line":57,"column":8},"end":{"line":57,"column":55}},"12":{"start":{"line":60,"column":8},"end":{"line":70,"column":9}},"13":{"start":{"line":61,"column":10},"end":{"line":66,"column":13}},"14":{"start":{"line":67,"column":10},"end":{"line":67,"column":52}},"15":{"start":{"line":69,"column":10},"end":{"line":69,"column":69}},"16":{"start":{"line":72,"column":8},"end":{"line":72,"column":74}},"17":{"start":{"line":77,"column":2},"end":{"line":77,"column":60}},"18":{"start":{"line":78,"column":2},"end":{"line":78,"column":38}},"19":{"start":{"line":79,"column":2},"end":{"line":79,"column":47}},"20":{"start":{"line":80,"column":2},"end":{"line":80,"column":47}},"21":{"start":{"line":81,"column":2},"end":{"line":81,"column":51}},"22":{"start":{"line":82,"column":2},"end":{"line":82,"column":47}},"23":{"start":{"line":83,"column":2},"end":{"line":83,"column":59}},"24":{"start":{"line":86,"column":0},"end":{"line":89,"column":3}},"25":{"start":{"line":86,"column":29},"end":{"line":86,"column":44}},"26":{"start":{"line":87,"column":2},"end":{"line":87,"column":37}},"27":{"start":{"line":88,"column":2},"end":{"line":88,"column":18}}},"fnMap":{"0":{"name":"createTestUsers","decl":{"start":{"line":18,"column":15},"end":{"line":18,"column":30}},"loc":{"start":{"line":18,"column":33},"end":{"line":84,"column":1}},"line":18},"1":{"name":"(anonymous_1)","decl":{"start":{"line":86,"column":23},"end":{"line":86,"column":24}},"loc":{"start":{"line":86,"column":29},"end":{"line":86,"column":44}},"line":86},"2":{"name":"(anonymous_2)","decl":{"start":{"line":86,"column":52},"end":{"line":86,"column":53}},"loc":{"start":{"line":86,"column":59},"end":{"line":89,"column":1}},"line":86}},"branchMap":{"0":{"loc":{"start":{"line":10,"column":0},"end":{"line":16,"column":1}},"type":"if","locations":[{"start":{"line":10,"column":0},"end":{"line":16,"column":1}},{"start":{},"end":{}}],"line":10},"1":{"loc":{"start":{"line":56,"column":6},"end":{"line":73,"column":7}},"type":"if","locations":[{"start":{"line":56,"column":6},"end":{"line":73,"column":7}},{"start":{"line":71,"column":13},"end":{"line":73,"column":7}}],"line":56}},"s":{"0":0,"1":0,"2":0,"3":0,"4":0,"5":0,"6":0,"7":0,"8":0,"9":0,"10":0,"11":0,"12":0,"13":0,"14":0,"15":0,"16":0,"17":0,"18":0,"19":0,"20":0,"21":0,"22":0,"23":0,"24":0,"25":0,"26":0,"27":0},"f":{"0":0,"1":0,"2":0},"b":{"0":[0,0],"1":[0,0]}}
,"/workspaces/cvstomize/api/create-staging-test-token.js": {"path":"/workspaces/cvstomize/api/create-staging-test-token.js","statementMap":{"0":{"start":{"line":12,"column":14},"end":{"line":12,"column":39}},"1":{"start":{"line":15,"column":0},"end":{"line":23,"column":1}},"2":{"start":{"line":17,"column":25},"end":{"line":17,"column":65}},"3":{"start":{"line":19,"column":2},"end":{"line":22,"column":5}},"4":{"start":{"line":26,"column":2},"end":{"line":43,"column":3}},"5":{"start":{"line":28,"column":24},"end":{"line":28,"column":65}},"6":{"start":{"line":30,"column":4},"end":{"line":30,"column":55}},"7":{"start":{"line":31,"column":4},"end":{"line":31,"column":38}},"8":{"start":{"line":32,"column":4},"end":{"line":32,"column":63}},"9":{"start":{"line":33,"column":4},"end":{"line":33,"column":29}},"10":{"start":{"line":34,"column":4},"end":{"line":34,"column":31}},"11":{"start":{"line":35,"column":4},"end":{"line":35,"column":69}},"12":{"start":{"line":36,"column":4},"end":{"line":36,"column":92}},"13":{"start":{"line":37,"column":4},"end":{"line":37,"column":49}},"14":{"start":{"line":39,"column":4},"end":{"line":39,"column":23}},"15":{"start":{"line":41,"column":4},"end":{"line":41,"column":60}},"16":{"start":{"line":42,"column":4},"end":{"line":42,"column":20}},"17":{"start":{"line":47,"column":12},"end":{"line":47,"column":27}},"18":{"start":{"line":49,"column":0},"end":{"line":56,"column":1}},"19":{"start":{"line":50,"column":2},"end":{"line":50,"column":77}},"20":{"start":{"line":51,"column":2},"end":{"line":51,"column":43}},"21":{"start":{"line":52,"column":2},"end":{"line":52,"column":55}},"22":{"start":{"line":53,"column":2},"end":{"line":53,"column":58}},"23":{"start":{"line":54,"column":2},"end":{"line":54,"column":68}},"24":{"start":{"line":55,"column":2},"end":{"line":55,"column":18}},"25":{"start":{"line":58,"column":0},"end":{"line":58,"column":49}},"26":{"start":{"line":58,"column":32},"end":{"line":58,"column":47}}},"fnMap":{"0":{"name":"createTestToken","decl":{"start":{"line":25,"column":15},"end":{"line":25,"column":30}},"loc":{"start":{"line":25,"column":36},"end":{"line":44,"column":1}},"line":25},"1":{"name":"(anonymous_1)","decl":{"start":{"line":58,"column":26},"end":{"line":58,"column":27}},"loc":{"start":{"line":58,"column":32},"end":{"line":58,"column":47}},"line":58}},"branchMap":{"0":{"loc":{"start":{"line":15,"column":0},"end":{"line":23,"column":1}},"type":"if","locations":[{"start":{"line":15,"column":0},"end":{"line":23,"column":1}},{"start":{},"end":{}}],"line":15},"1":{"loc":{"start":{"line":49,"column":0},"end":{"line":56,"column":1}},"type":"if","locations":[{"start":{"line":49,"column":0},"end":{"line":56,"column":1}},{"start":{},"end":{}}],"line":49}},"s":{"0":0,"1":0,"2":0,"3":0,"4":0,"5":0,"6":0,"7":0,"8":0,"9":0,"10":0,"11":0,"12":0,"13":0,"14":0,"15":0,"16":0,"17":0,"18":0,"19":0,"20":0,"21":0,"22":0,"23":0,"24":0,"25":0,"26":0},"f":{"0":0,"1":0},"b":{"0":[0,0],"1":[0,0]}}
,"/workspaces/cvstomize/api/index.js": {"path":"/workspaces/cvstomize/api/index.js","statementMap":{"0":{"start":{"line":1,"column":0},"end":{"line":1,"column":27}},"1":{"start":{"line":2,"column":16},"end":{"line":2,"column":34}},"2":{"start":{"line":3,"column":13},"end":{"line":3,"column":28}},"3":{"start":{"line":4,"column":15},"end":{"line":4,"column":32}},"4":{"start":{"line":5,"column":18},"end":{"line":5,"column":47}},"5":{"start":{"line":6,"column":15},"end":{"line":6,"column":40}},"6":{"start":{"line":9,"column":15},"end":{"line":9,"column":43}},"7":{"start":{"line":10,"column":31},"end":{"line":10,"column":59}},"8":{"start":{"line":13,"column":12},"end":{"line":13,"column":21}},"9":{"start":{"line":14,"column":13},"end":{"line":14,"column":37}},"10":{"start":{"line":17,"column":0},"end":{"line":17,"column":18}},"11":{"start":{"line":20,"column":23},"end":{"line":33,"column":1}},"12":{"start":{"line":36,"column":22},"end":{"line":36,"column":59}},"13":{"start":{"line":38,"column":20},"end":{"line":67,"column":1}},"14":{"start":{"line":41,"column":4},"end":{"line":41,"column":45}},"15":{"start":{"line":41,"column":17},"end":{"line":41,"column":45}},"16":{"start":{"line":44,"column":4},"end":{"line":56,"column":5}},"17":{"start":{"line":46,"column":6},"end":{"line":55,"column":7}},"18":{"start":{"line":54,"column":8},"end":{"line":54,"column":36}},"19":{"start":{"line":58,"column":4},"end":{"line":63,"column":5}},"20":{"start":{"line":59,"column":6},"end":{"line":59,"column":27}},"21":{"start":{"line":61,"column":6},"end":{"line":61,"column":56}},"22":{"start":{"line":62,"column":6},"end":{"line":62,"column":49}},"23":{"start":{"line":68,"column":0},"end":{"line":68,"column":27}},"24":{"start":{"line":72,"column":0},"end":{"line":72,"column":26}},"25":{"start":{"line":75,"column":16},"end":{"line":83,"column":2}},"26":{"start":{"line":84,"column":0},"end":{"line":84,"column":26}},"27":{"start":{"line":87,"column":0},"end":{"line":87,"column":41}},"28":{"start":{"line":88,"column":0},"end":{"line":88,"column":63}},"29":{"start":{"line":91,"column":0},"end":{"line":104,"column":3}},"30":{"start":{"line":92,"column":16},"end":{"line":92,"column":26}},"31":{"start":{"line":93,"column":2},"end":{"line":102,"column":5}},"32":{"start":{"line":94,"column":21},"end":{"line":94,"column":39}},"33":{"start":{"line":95,"column":4},"end":{"line":101,"column":7}},"34":{"start":{"line":103,"column":2},"end":{"line":103,"column":9}},"35":{"start":{"line":107,"column":0},"end":{"line":123,"column":3}},"36":{"start":{"line":108,"column":2},"end":{"line":122,"column":3}},"37":{"start":{"line":110,"column":4},"end":{"line":115,"column":7}},"38":{"start":{"line":117,"column":4},"end":{"line":117,"column":48}},"39":{"start":{"line":118,"column":4},"end":{"line":121,"column":7}},"40":{"start":{"line":126,"column":0},"end":{"line":163,"column":3}},"41":{"start":{"line":127,"column":17},"end":{"line":131,"column":3}},"42":{"start":{"line":133,"column":2},"end":{"line":140,"column":3}},"43":{"start":{"line":135,"column":4},"end":{"line":135,"column":37}},"44":{"start":{"line":136,"column":4},"end":{"line":136,"column":32}},"45":{"start":{"line":138,"column":4},"end":{"line":138,"column":34}},"46":{"start":{"line":139,"column":4},"end":{"line":139,"column":57}},"47":{"start":{"line":142,"column":2},"end":{"line":149,"column":3}},"48":{"start":{"line":144,"column":18},"end":{"line":144,"column":43}},"49":{"start":{"line":145,"column":4},"end":{"line":145,"column":76}},"50":{"start":{"line":147,"column":4},"end":{"line":147,"column":34}},"51":{"start":{"line":148,"column":4},"end":{"line":148,"column":57}},"52":{"start":{"line":151,"column":21},"end":{"line":153,"column":3}},"53":{"start":{"line":152,"column":16},"end":{"line":152,"column":36}},"54":{"start":{"line":154,"column":21},"end":{"line":154,"column":43}},"55":{"start":{"line":156,"column":2},"end":{"line":162,"column":5}},"56":{"start":{"line":166,"column":19},"end":{"line":166,"column":43}},"57":{"start":{"line":167,"column":22},"end":{"line":167,"column":49}},"58":{"start":{"line":168,"column":27},"end":{"line":168,"column":59}},"59":{"start":{"line":169,"column":21},"end":{"line":169,"column":47}},"60":{"start":{"line":170,"column":27},"end":{"line":170,"column":59}},"61":{"start":{"line":171,"column":20},"end":{"line":171,"column":45}},"62":{"start":{"line":172,"column":29},"end":{"line":172,"column":63}},"63":{"start":{"line":175,"column":20},"end":{"line":175,"column":24}},"64":{"start":{"line":176,"column":0},"end":{"line":179,"column":1}},"65":{"start":{"line":177,"column":2},"end":{"line":177,"column":46}},"66":{"start":{"line":178,"column":2},"end":{"line":178,"column":62}},"67":{"start":{"line":181,"column":0},"end":{"line":181,"column":33}},"68":{"start":{"line":182,"column":0},"end":{"line":182,"column":39}},"69":{"start":{"line":183,"column":0},"end":{"line":183,"column":49}},"70":{"start":{"line":184,"column":0},"end":{"line":184,"column":37}},"71":{"start":{"line":185,"column":0},"end":{"line":185,"column":50}},"72":{"start":{"line":186,"column":0},"end":{"line":186,"column":35}},"73":{"start":{"line":187,"column":0},"end":{"line":187,"column":54}},"74":{"start":{"line":190,"column":0},"end":{"line":192,"column":1}},"75":{"start":{"line":191,"column":2},"end":{"line":191,"column":42}},"76":{"start":{"line":195,"column":0},"end":{"line":200,"column":3}},"77":{"start":{"line":196,"column":2},"end":{"line":199,"column":5}},"78":{"start":{"line":203,"column":21},"end":{"line":203,"column":57}},"79":{"start":{"line":204,"column":0},"end":{"line":204,"column":22}},"80":{"start":{"line":207,"column":0},"end":{"line":211,"column":3}},"81":{"start":{"line":208,"column":2},"end":{"line":208,"column":62}},"82":{"start":{"line":209,"column":2},"end":{"line":209,"column":29}},"83":{"start":{"line":210,"column":2},"end":{"line":210,"column":18}},"84":{"start":{"line":213,"column":0},"end":{"line":217,"column":3}},"85":{"start":{"line":214,"column":2},"end":{"line":214,"column":61}},"86":{"start":{"line":215,"column":2},"end":{"line":215,"column":29}},"87":{"start":{"line":216,"column":2},"end":{"line":216,"column":18}},"88":{"start":{"line":221,"column":2},"end":{"line":251,"column":3}},"89":{"start":{"line":223,"column":4},"end":{"line":228,"column":5}},"90":{"start":{"line":224,"column":6},"end":{"line":224,"column":33}},"91":{"start":{"line":225,"column":6},"end":{"line":225,"column":54}},"92":{"start":{"line":227,"column":6},"end":{"line":227,"column":68}},"93":{"start":{"line":231,"column":4},"end":{"line":231,"column":37}},"94":{"start":{"line":232,"column":4},"end":{"line":232,"column":50}},"95":{"start":{"line":235,"column":19},"end":{"line":245,"column":6}},"96":{"start":{"line":236,"column":6},"end":{"line":240,"column":8}},"97":{"start":{"line":241,"column":6},"end":{"line":241,"column":70}},"98":{"start":{"line":242,"column":6},"end":{"line":244,"column":8}},"99":{"start":{"line":247,"column":4},"end":{"line":247,"column":18}},"100":{"start":{"line":249,"column":4},"end":{"line":249,"column":63}},"101":{"start":{"line":250,"column":4},"end":{"line":250,"column":20}},"102":{"start":{"line":256,"column":0},"end":{"line":261,"column":1}},"103":{"start":{"line":257,"column":2},"end":{"line":257,"column":44}},"104":{"start":{"line":257,"column":31},"end":{"line":257,"column":41}},"105":{"start":{"line":260,"column":2},"end":{"line":260,"column":16}},"106":{"start":{"line":264,"column":0},"end":{"line":264,"column":56}}},"fnMap":{"0":{"name":"(anonymous_0)","decl":{"start":{"line":39,"column":10},"end":{"line":39,"column":11}},"loc":{"start":{"line":39,"column":32},"end":{"line":64,"column":3}},"line":39},"1":{"name":"(anonymous_1)","decl":{"start":{"line":91,"column":8},"end":{"line":91,"column":9}},"loc":{"start":{"line":91,"column":28},"end":{"line":104,"column":1}},"line":91},"2":{"name":"(anonymous_2)","decl":{"start":{"line":93,"column":19},"end":{"line":93,"column":20}},"loc":{"start":{"line":93,"column":25},"end":{"line":102,"column":3}},"line":93},"3":{"name":"(anonymous_3)","decl":{"start":{"line":107,"column":19},"end":{"line":107,"column":20}},"loc":{"start":{"line":107,"column":39},"end":{"line":123,"column":1}},"line":107},"4":{"name":"(anonymous_4)","decl":{"start":{"line":126,"column":28},"end":{"line":126,"column":29}},"loc":{"start":{"line":126,"column":48},"end":{"line":163,"column":1}},"line":126},"5":{"name":"(anonymous_5)","decl":{"start":{"line":152,"column":4},"end":{"line":152,"column":5}},"loc":{"start":{"line":152,"column":16},"end":{"line":152,"column":36}},"line":152},"6":{"name":"(anonymous_6)","decl":{"start":{"line":195,"column":8},"end":{"line":195,"column":9}},"loc":{"start":{"line":195,"column":22},"end":{"line":200,"column":1}},"line":195},"7":{"name":"(anonymous_7)","decl":{"start":{"line":207,"column":22},"end":{"line":207,"column":23}},"loc":{"start":{"line":207,"column":34},"end":{"line":211,"column":1}},"line":207},"8":{"name":"(anonymous_8)","decl":{"start":{"line":213,"column":21},"end":{"line":213,"column":22}},"loc":{"start":{"line":213,"column":33},"end":{"line":217,"column":1}},"line":213},"9":{"name":"initializeApp","decl":{"start":{"line":220,"column":15},"end":{"line":220,"column":28}},"loc":{"start":{"line":220,"column":31},"end":{"line":252,"column":1}},"line":220},"10":{"name":"(anonymous_10)","decl":{"start":{"line":235,"column":36},"end":{"line":235,"column":37}},"loc":{"start":{"line":235,"column":42},"end":{"line":245,"column":5}},"line":235},"11":{"name":"(anonymous_11)","decl":{"start":{"line":257,"column":23},"end":{"line":257,"column":24}},"loc":{"start":{"line":257,"column":31},"end":{"line":257,"column":41}},"line":257}},"branchMap":{"0":{"loc":{"start":{"line":14,"column":13},"end":{"line":14,"column":37}},"type":"binary-expr","locations":[{"start":{"line":14,"column":13},"end":{"line":14,"column":29}},{"start":{"line":14,"column":33},"end":{"line":14,"column":37}}],"line":14},"1":{"loc":{"start":{"line":41,"column":4},"end":{"line":41,"column":45}},"type":"if","locations":[{"start":{"line":41,"column":4},"end":{"line":41,"column":45}},{"start":{},"end":{}}],"line":41},"2":{"loc":{"start":{"line":44,"column":4},"end":{"line":56,"column":5}},"type":"if","locations":[{"start":{"line":44,"column":4},"end":{"line":56,"column":5}},{"start":{},"end":{}}],"line":44},"3":{"loc":{"start":{"line":46,"column":6},"end":{"line":55,"column":7}},"type":"if","locations":[{"start":{"line":46,"column":6},"end":{"line":55,"column":7}},{"start":{},"end":{}}],"line":46},"4":{"loc":{"start":{"line":47,"column":8},"end":{"line":52,"column":36}},"type":"binary-expr","locations":[{"start":{"line":47,"column":8},"end":{"line":47,"column":46}},{"start":{"line":48,"column":8},"end":{"line":48,"column":46}},{"start":{"line":49,"column":8},"end":{"line":49,"column":46}},{"start":{"line":50,"column":8},"end":{"line":50,"column":33}},{"start":{"line":51,"column":8},"end":{"line":51,"column":42}},{"start":{"line":52,"column":8},"end":{"line":52,"column":36}}],"line":47},"5":{"loc":{"start":{"line":58,"column":4},"end":{"line":63,"column":5}},"type":"if","locations":[{"start":{"line":58,"column":4},"end":{"line":63,"column":5}},{"start":{"line":60,"column":11},"end":{"line":63,"column":5}}],"line":58},"6":{"loc":{"start":{"line":114,"column":19},"end":{"line":114,"column":56}},"type":"binary-expr","locations":[{"start":{"line":114,"column":19},"end":{"line":114,"column":39}},{"start":{"line":114,"column":43},"end":{"line":114,"column":56}}],"line":114},"7":{"loc":{"start":{"line":145,"column":22},"end":{"line":145,"column":75}},"type":"cond-expr","locations":[{"start":{"line":145,"column":46},"end":{"line":145,"column":55}},{"start":{"line":145,"column":58},"end":{"line":145,"column":75}}],"line":145},"8":{"loc":{"start":{"line":154,"column":21},"end":{"line":154,"column":43}},"type":"cond-expr","locations":[{"start":{"line":154,"column":34},"end":{"line":154,"column":37}},{"start":{"line":154,"column":40},"end":{"line":154,"column":43}}],"line":154},"9":{"loc":{"start":{"line":157,"column":12},"end":{"line":157,"column":47}},"type":"cond-expr","locations":[{"start":{"line":157,"column":25},"end":{"line":157,"column":34}},{"start":{"line":157,"column":37},"end":{"line":157,"column":47}}],"line":157},"10":{"loc":{"start":{"line":160,"column":17},"end":{"line":160,"column":54}},"type":"binary-expr","locations":[{"start":{"line":160,"column":17},"end":{"line":160,"column":37}},{"start":{"line":160,"column":41},"end":{"line":160,"column":54}}],"line":160},"11":{"loc":{"start":{"line":176,"column":0},"end":{"line":179,"column":1}},"type":"if","locations":[{"start":{"line":176,"column":0},"end":{"line":179,"column":1}},{"start":{},"end":{}}],"line":176},"12":{"loc":{"start":{"line":190,"column":0},"end":{"line":192,"column":1}},"type":"if","locations":[{"start":{"line":190,"column":0},"end":{"line":192,"column":1}},{"start":{},"end":{}}],"line":190},"13":{"loc":{"start":{"line":223,"column":4},"end":{"line":228,"column":5}},"type":"if","locations":[{"start":{"line":223,"column":4},"end":{"line":228,"column":5}},{"start":{"line":226,"column":11},"end":{"line":228,"column":5}}],"line":223},"14":{"loc":{"start":{"line":238,"column":10},"end":{"line":238,"column":47}},"type":"binary-expr","locations":[{"start":{"line":238,"column":10},"end":{"line":238,"column":30}},{"start":{"line":238,"column":34},"end":{"line":238,"column":47}}],"line":238},"15":{"loc":{"start":{"line":256,"column":0},"end":{"line":261,"column":1}},"type":"if","locations":[{"start":{"line":256,"column":0},"end":{"line":261,"column":1}},{"start":{"line":258,"column":7},"end":{"line":261,"column":1}}],"line":256}},"s":{"0":2,"1":2,"2":2,"3":2,"4":2,"5":2,"6":2,"7":2,"8":2,"9":2,"10":2,"11":2,"12":2,"13":2,"14":26,"15":26,"16":0,"17":0,"18":0,"19":0,"20":0,"21":0,"22":0,"23":2,"24":2,"25":2,"26":2,"27":2,"28":2,"29":2,"30":26,"31":26,"32":26,"33":26,"34":26,"35":2,"36":0,"37":0,"38":0,"39":0,"40":2,"41":0,"42":0,"43":0,"44":0,"45":0,"46":0,"47":0,"48":0,"49":0,"50":0,"51":0,"52":0,"53":0,"54":0,"55":0,"56":2,"57":2,"58":2,"59":2,"60":1,"61":1,"62":1,"63":1,"64":1,"65":0,"66":0,"67":1,"68":1,"69":1,"70":1,"71":1,"72":1,"73":1,"74":1,"75":0,"76":1,"77":0,"78":1,"79":1,"80":1,"81":0,"82":0,"83":0,"84":1,"85":0,"86":0,"87":0,"88":0,"89":0,"90":0,"91":0,"92":0,"93":0,"94":0,"95":0,"96":0,"97":0,"98":0,"99":0,"100":0,"101":0,"102":1,"103":0,"104":0,"105":1,"106":1},"f":{"0":26,"1":26,"2":26,"3":0,"4":0,"5":0,"6":0,"7":0,"8":0,"9":0,"10":0,"11":0},"b":{"0":[2,2],"1":[26,0],"2":[0,0],"3":[0,0],"4":[0,0,0,0,0,0],"5":[0,0],"6":[0,0],"7":[0,0],"8":[0,0],"9":[0,0],"10":[0,0],"11":[0,1],"12":[0,1],"13":[0,0],"14":[0,0],"15":[0,1]},"_coverageSchema":"1a1c01bbd47fc00a2c39e90264f33305004495a9","hash":"9485431d9707da0c4e4464bacedeb22382f4f0cc"}
,"/workspaces/cvstomize/api/jest.config.js": {"path":"/workspaces/cvstomize/api/jest.config.js","statementMap":{"0":{"start":{"line":1,"column":0},"end":{"line":15,"column":2}}},"fnMap":{},"branchMap":{},"s":{"0":0},"f":{},"b":{}}
,"/workspaces/cvstomize/api/run-migrations.js": {"path":"/workspaces/cvstomize/api/run-migrations.js","statementMap":{"0":{"start":{"line":6,"column":25},"end":{"line":6,"column":50}},"1":{"start":{"line":7,"column":11},"end":{"line":7,"column":24}},"2":{"start":{"line":8,"column":13},"end":{"line":8,"column":28}},"3":{"start":{"line":10,"column":15},"end":{"line":10,"column":33}},"4":{"start":{"line":13,"column":2},"end":{"line":13,"column":56}},"5":{"start":{"line":15,"column":24},"end":{"line":15,"column":76}},"6":{"start":{"line":16,"column":25},"end":{"line":16,"column":61}},"7":{"start":{"line":18,"column":2},"end":{"line":58,"column":3}},"8":{"start":{"line":19,"column":26},"end":{"line":19,"column":61}},"9":{"start":{"line":21,"column":4},"end":{"line":24,"column":5}},"10":{"start":{"line":22,"column":6},"end":{"line":22,"column":57}},"11":{"start":{"line":23,"column":6},"end":{"line":23,"column":15}},"12":{"start":{"line":26,"column":4},"end":{"line":29,"column":5}},"13":{"start":{"line":27,"column":6},"end":{"line":27,"column":64}},"14":{"start":{"line":28,"column":6},"end":{"line":28,"column":15}},"15":{"start":{"line":31,"column":16},"end":{"line":31,"column":54}},"16":{"start":{"line":32,"column":4},"end":{"line":32,"column":54}},"17":{"start":{"line":34,"column":4},"end":{"line":57,"column":5}},"18":{"start":{"line":36,"column":25},"end":{"line":39,"column":57}},"19":{"start":{"line":38,"column":18},"end":{"line":38,"column":26}},"20":{"start":{"line":39,"column":21},"end":{"line":39,"column":56}},"21":{"start":{"line":41,"column":6},"end":{"line":45,"column":7}},"22":{"start":{"line":42,"column":8},"end":{"line":44,"column":9}},"23":{"start":{"line":43,"column":10},"end":{"line":43,"column":52}},"24":{"start":{"line":47,"column":6},"end":{"line":47,"column":58}},"25":{"start":{"line":50,"column":6},"end":{"line":56,"column":7}},"26":{"start":{"line":51,"column":8},"end":{"line":51,"column":69}},"27":{"start":{"line":53,"column":8},"end":{"line":53,"column":58}},"28":{"start":{"line":54,"column":8},"end":{"line":54,"column":54}},"29":{"start":{"line":55,"column":8},"end":{"line":55,"column":20}},"30":{"start":{"line":60,"column":2},"end":{"line":60,"column":60}},"31":{"start":{"line":64,"column":2},"end":{"line":74,"column":3}},"32":{"start":{"line":65,"column":4},"end":{"line":65,"column":26}},"33":{"start":{"line":67,"column":4},"end":{"line":67,"column":50}},"34":{"start":{"line":70,"column":4},"end":{"line":70,"column":63}},"35":{"start":{"line":71,"column":4},"end":{"line":71,"column":20}},"36":{"start":{"line":73,"column":4},"end":{"line":73,"column":31}},"37":{"start":{"line":77,"column":0},"end":{"line":77,"column":7}}},"fnMap":{"0":{"name":"runMigrations","decl":{"start":{"line":12,"column":15},"end":{"line":12,"column":28}},"loc":{"start":{"line":12,"column":31},"end":{"line":61,"column":1}},"line":12},"1":{"name":"(anonymous_1)","decl":{"start":{"line":38,"column":13},"end":{"line":38,"column":14}},"loc":{"start":{"line":38,"column":18},"end":{"line":38,"column":26}},"line":38},"2":{"name":"(anonymous_2)","decl":{"start":{"line":39,"column":16},"end":{"line":39,"column":17}},"loc":{"start":{"line":39,"column":21},"end":{"line":39,"column":56}},"line":39},"3":{"name":"main","decl":{"start":{"line":63,"column":15},"end":{"line":63,"column":19}},"loc":{"start":{"line":63,"column":22},"end":{"line":75,"column":1}},"line":63}},"branchMap":{"0":{"loc":{"start":{"line":21,"column":4},"end":{"line":24,"column":5}},"type":"if","locations":[{"start":{"line":21,"column":4},"end":{"line":24,"column":5}},{"start":{},"end":{}}],"line":21},"1":{"loc":{"start":{"line":26,"column":4},"end":{"line":29,"column":5}},"type":"if","locations":[{"start":{"line":26,"column":4},"end":{"line":29,"column":5}},{"start":{},"end":{}}],"line":26},"2":{"loc":{"start":{"line":39,"column":21},"end":{"line":39,"column":56}},"type":"binary-expr","locations":[{"start":{"line":39,"column":21},"end":{"line":39,"column":33}},{"start":{"line":39,"column":37},"end":{"line":39,"column":56}}],"line":39},"3":{"loc":{"start":{"line":42,"column":8},"end":{"line":44,"column":9}},"type":"if","locations":[{"start":{"line":42,"column":8},"end":{"line":44,"column":9}},{"start":{},"end":{}}],"line":42},"4":{"loc":{"start":{"line":50,"column":6},"end":{"line":56,"column":7}},"type":"if","locations":[{"start":{"line":50,"column":6},"end":{"line":56,"column":7}},{"start":{"line":52,"column":13},"end":{"line":56,"column":7}}],"line":50},"5":{"loc":{"start":{"line":50,"column":10},"end":{"line":50,"column":89}},"type":"binary-expr","locations":[{"start":{"line":50,"column":10},"end":{"line":50,"column":50}},{"start":{"line":50,"column":54},"end":{"line":50,"column":89}}],"line":50}},"s":{"0":0,"1":0,"2":0,"3":0,"4":0,"5":0,"6":0,"7":0,"8":0,"9":0,"10":0,"11":0,"12":0,"13":0,"14":0,"15":0,"16":0,"17":0,"18":0,"19":0,"20":0,"21":0,"22":0,"23":0,"24":0,"25":0,"26":0,"27":0,"28":0,"29":0,"30":0,"31":0,"32":0,"33":0,"34":0,"35":0,"36":0,"37":0},"f":{"0":0,"1":0,"2":0,"3":0},"b":{"0":[0,0],"1":[0,0],"2":[0,0],"3":[0,0],"4":[0,0],"5":[0,0]}}
,"/workspaces/cvstomize/api/test_gold_standard.js": {"path":"/workspaces/cvstomize/api/test_gold_standard.js","statementMap":{"0":{"start":{"line":5,"column":31},"end":{"line":5,"column":68}},"1":{"start":{"line":8,"column":23},"end":{"line":56,"column":1}},"2":{"start":{"line":59,"column":2},"end":{"line":59,"column":69}},"3":{"start":{"line":60,"column":2},"end":{"line":60,"column":31}},"4":{"start":{"line":61,"column":2},"end":{"line":61,"column":59}},"5":{"start":{"line":62,"column":2},"end":{"line":62,"column":89}},"6":{"start":{"line":63,"column":2},"end":{"line":63,"column":72}},"7":{"start":{"line":64,"column":2},"end":{"line":64,"column":43}},"8":{"start":{"line":66,"column":2},"end":{"line":118,"column":3}},"9":{"start":{"line":67,"column":19},"end":{"line":67,"column":59}},"10":{"start":{"line":69,"column":4},"end":{"line":69,"column":46}},"11":{"start":{"line":70,"column":4},"end":{"line":70,"column":32}},"12":{"start":{"line":71,"column":4},"end":{"line":71,"column":49}},"13":{"start":{"line":72,"column":4},"end":{"line":72,"column":32}},"14":{"start":{"line":73,"column":4},"end":{"line":73,"column":55}},"15":{"start":{"line":74,"column":4},"end":{"line":74,"column":64}},"16":{"start":{"line":75,"column":4},"end":{"line":75,"column":59}},"17":{"start":{"line":76,"column":4},"end":{"line":76,"column":60}},"18":{"start":{"line":77,"column":4},"end":{"line":77,"column":58}},"19":{"start":{"line":79,"column":4},"end":{"line":79,"column":39}},"20":{"start":{"line":80,"column":4},"end":{"line":80,"column":41}},"21":{"start":{"line":81,"column":4},"end":{"line":81,"column":32}},"22":{"start":{"line":82,"column":4},"end":{"line":82,"column":87}},"23":{"start":{"line":83,"column":4},"end":{"line":83,"column":64}},"24":{"start":{"line":85,"column":4},"end":{"line":85,"column":39}},"25":{"start":{"line":86,"column":4},"end":{"line":86,"column":47}},"26":{"start":{"line":87,"column":4},"end":{"line":87,"column":32}},"27":{"start":{"line":88,"column":4},"end":{"line":88,"column":56}},"28":{"start":{"line":89,"column":4},"end":{"line":89,"column":65}},"29":{"start":{"line":90,"column":4},"end":{"line":90,"column":62}},"30":{"start":{"line":91,"column":4},"end":{"line":91,"column":61}},"31":{"start":{"line":92,"column":4},"end":{"line":92,"column":61}},"32":{"start":{"line":94,"column":4},"end":{"line":94,"column":39}},"33":{"start":{"line":95,"column":4},"end":{"line":95,"column":38}},"34":{"start":{"line":96,"column":4},"end":{"line":96,"column":32}},"35":{"start":{"line":97,"column":4},"end":{"line":97,"column":39}},"36":{"start":{"line":99,"column":4},"end":{"line":99,"column":39}},"37":{"start":{"line":100,"column":4},"end":{"line":100,"column":44}},"38":{"start":{"line":101,"column":4},"end":{"line":101,"column":32}},"39":{"start":{"line":102,"column":4},"end":{"line":102,"column":73}},"40":{"start":{"line":103,"column":4},"end":{"line":103,"column":45}},"41":{"start":{"line":104,"column":4},"end":{"line":106,"column":7}},"42":{"start":{"line":105,"column":6},"end":{"line":105,"column":45}},"43":{"start":{"line":107,"column":4},"end":{"line":107,"column":52}},"44":{"start":{"line":108,"column":4},"end":{"line":110,"column":7}},"45":{"start":{"line":109,"column":6},"end":{"line":109,"column":45}},"46":{"start":{"line":112,"column":4},"end":{"line":112,"column":82}},"47":{"start":{"line":113,"column":4},"end":{"line":113,"column":16}},"48":{"start":{"line":115,"column":4},"end":{"line":115,"column":53}},"49":{"start":{"line":116,"column":4},"end":{"line":116,"column":41}},"50":{"start":{"line":117,"column":4},"end":{"line":117,"column":17}},"51":{"start":{"line":121,"column":0},"end":{"line":123,"column":3}},"52":{"start":{"line":122,"column":2},"end":{"line":122,"column":32}}},"fnMap":{"0":{"name":"testGoldStandard","decl":{"start":{"line":58,"column":15},"end":{"line":58,"column":31}},"loc":{"start":{"line":58,"column":34},"end":{"line":119,"column":1}},"line":58},"1":{"name":"(anonymous_1)","decl":{"start":{"line":104,"column":48},"end":{"line":104,"column":49}},"loc":{"start":{"line":104,"column":68},"end":{"line":106,"column":5}},"line":104},"2":{"name":"(anonymous_2)","decl":{"start":{"line":108,"column":51},"end":{"line":108,"column":52}},"loc":{"start":{"line":108,"column":71},"end":{"line":110,"column":5}},"line":108},"3":{"name":"(anonymous_3)","decl":{"start":{"line":121,"column":24},"end":{"line":121,"column":25}},"loc":{"start":{"line":121,"column":35},"end":{"line":123,"column":1}},"line":121}},"branchMap":{"0":{"loc":{"start":{"line":122,"column":15},"end":{"line":122,"column":30}},"type":"cond-expr","locations":[{"start":{"line":122,"column":25},"end":{"line":122,"column":26}},{"start":{"line":122,"column":29},"end":{"line":122,"column":30}}],"line":122}},"s":{"0":0,"1":0,"2":0,"3":0,"4":0,"5":0,"6":0,"7":0,"8":0,"9":0,"10":0,"11":0,"12":0,"13":0,"14":0,"15":0,"16":0,"17":0,"18":0,"19":0,"20":0,"21":0,"22":0,"23":0,"24":0,"25":0,"26":0,"27":0,"28":0,"29":0,"30":0,"31":0,"32":0,"33":0,"34":0,"35":0,"36":0,"37":0,"38":0,"39":0,"40":0,"41":0,"42":0,"43":0,"44":0,"45":0,"46":0,"47":0,"48":0,"49":0,"50":0,"51":0,"52":0},"f":{"0":0,"1":0,"2":0,"3":0},"b":{"0":[0,0]}}
,"/workspaces/cvstomize/api/test_profileAnalyzer.js": {"path":"/workspaces/cvstomize/api/test_profileAnalyzer.js","statementMap":{"0":{"start":{"line":5,"column":31},"end":{"line":5,"column":68}},"1":{"start":{"line":8,"column":23},"end":{"line":56,"column":1}},"2":{"start":{"line":59,"column":2},"end":{"line":59,"column":69}},"3":{"start":{"line":60,"column":2},"end":{"line":60,"column":31}},"4":{"start":{"line":61,"column":2},"end":{"line":61,"column":59}},"5":{"start":{"line":62,"column":2},"end":{"line":62,"column":89}},"6":{"start":{"line":63,"column":2},"end":{"line":63,"column":72}},"7":{"start":{"line":64,"column":2},"end":{"line":64,"column":43}},"8":{"start":{"line":66,"column":2},"end":{"line":118,"column":3}},"9":{"start":{"line":67,"column":19},"end":{"line":67,"column":59}},"10":{"start":{"line":69,"column":4},"end":{"line":69,"column":46}},"11":{"start":{"line":70,"column":4},"end":{"line":70,"column":32}},"12":{"start":{"line":71,"column":4},"end":{"line":71,"column":49}},"13":{"start":{"line":72,"column":4},"end":{"line":72,"column":32}},"14":{"start":{"line":73,"column":4},"end":{"line":73,"column":57}},"15":{"start":{"line":74,"column":4},"end":{"line":74,"column":66}},"16":{"start":{"line":75,"column":4},"end":{"line":75,"column":61}},"17":{"start":{"line":76,"column":4},"end":{"line":76,"column":62}},"18":{"start":{"line":77,"column":4},"end":{"line":77,"column":60}},"19":{"start":{"line":79,"column":4},"end":{"line":79,"column":39}},"20":{"start":{"line":80,"column":4},"end":{"line":80,"column":41}},"21":{"start":{"line":81,"column":4},"end":{"line":81,"column":32}},"22":{"start":{"line":82,"column":4},"end":{"line":82,"column":84}},"23":{"start":{"line":83,"column":4},"end":{"line":83,"column":67}},"24":{"start":{"line":85,"column":4},"end":{"line":85,"column":39}},"25":{"start":{"line":86,"column":4},"end":{"line":86,"column":47}},"26":{"start":{"line":87,"column":4},"end":{"line":87,"column":32}},"27":{"start":{"line":88,"column":4},"end":{"line":88,"column":58}},"28":{"start":{"line":89,"column":4},"end":{"line":89,"column":67}},"29":{"start":{"line":90,"column":4},"end":{"line":90,"column":64}},"30":{"start":{"line":91,"column":4},"end":{"line":91,"column":63}},"31":{"start":{"line":92,"column":4},"end":{"line":92,"column":63}},"32":{"start":{"line":94,"column":4},"end":{"line":94,"column":39}},"33":{"start":{"line":95,"column":4},"end":{"line":95,"column":38}},"34":{"start":{"line":96,"column":4},"end":{"line":96,"column":32}},"35":{"start":{"line":97,"column":4},"end":{"line":97,"column":39}},"36":{"start":{"line":99,"column":4},"end":{"line":99,"column":39}},"37":{"start":{"line":100,"column":4},"end":{"line":100,"column":44}},"38":{"start":{"line":101,"column":4},"end":{"line":101,"column":32}},"39":{"start":{"line":102,"column":4},"end":{"line":102,"column":73}},"40":{"start":{"line":103,"column":4},"end":{"line":103,"column":45}},"41":{"start":{"line":104,"column":4},"end":{"line":106,"column":7}},"42":{"start":{"line":105,"column":6},"end":{"line":105,"column":42}},"43":{"start":{"line":107,"column":4},"end":{"line":107,"column":52}},"44":{"start":{"line":108,"column":4},"end":{"line":110,"column":7}},"45":{"start":{"line":109,"column":6},"end":{"line":109,"column":42}},"46":{"start":{"line":112,"column":4},"end":{"line":112,"column":82}},"47":{"start":{"line":113,"column":4},"end":{"line":113,"column":16}},"48":{"start":{"line":115,"column":4},"end":{"line":115,"column":53}},"49":{"start":{"line":116,"column":4},"end":{"line":116,"column":41}},"50":{"start":{"line":117,"column":4},"end":{"line":117,"column":17}},"51":{"start":{"line":121,"column":0},"end":{"line":123,"column":3}},"52":{"start":{"line":122,"column":2},"end":{"line":122,"column":32}}},"fnMap":{"0":{"name":"testGoldStandard","decl":{"start":{"line":58,"column":15},"end":{"line":58,"column":31}},"loc":{"start":{"line":58,"column":34},"end":{"line":119,"column":1}},"line":58},"1":{"name":"(anonymous_1)","decl":{"start":{"line":104,"column":48},"end":{"line":104,"column":49}},"loc":{"start":{"line":104,"column":68},"end":{"line":106,"column":5}},"line":104},"2":{"name":"(anonymous_2)","decl":{"start":{"line":108,"column":51},"end":{"line":108,"column":52}},"loc":{"start":{"line":108,"column":71},"end":{"line":110,"column":5}},"line":108},"3":{"name":"(anonymous_3)","decl":{"start":{"line":121,"column":24},"end":{"line":121,"column":25}},"loc":{"start":{"line":121,"column":35},"end":{"line":123,"column":1}},"line":121}},"branchMap":{"0":{"loc":{"start":{"line":122,"column":15},"end":{"line":122,"column":30}},"type":"cond-expr","locations":[{"start":{"line":122,"column":25},"end":{"line":122,"column":26}},{"start":{"line":122,"column":29},"end":{"line":122,"column":30}}],"line":122}},"s":{"0":0,"1":0,"2":0,"3":0,"4":0,"5":0,"6":0,"7":0,"8":0,"9":0,"10":0,"11":0,"12":0,"13":0,"14":0,"15":0,"16":0,"17":0,"18":0,"19":0,"20":0,"21":0,"22":0,"23":0,"24":0,"25":0,"26":0,"27":0,"28":0,"29":0,"30":0,"31":0,"32":0,"33":0,"34":0,"35":0,"36":0,"37":0,"38":0,"39":0,"40":0,"41":0,"42":0,"43":0,"44":0,"45":0,"46":0,"47":0,"48":0,"49":0,"50":0,"51":0,"52":0},"f":{"0":0,"1":0,"2":0,"3":0},"b":{"0":[0,0]}}
,"/workspaces/cvstomize/api/config/database.js": {"path":"/workspaces/cvstomize/api/config/database.js","statementMap":{"0":{"start":{"line":1,"column":25},"end":{"line":1,"column":50}},"1":{"start":{"line":17,"column":19},"end":{"line":30,"column":1}},"2":{"start":{"line":32,"column":12},"end":{"line":32,"column":49}},"3":{"start":{"line":33,"column":15},"end":{"line":33,"column":56}},"4":{"start":{"line":37,"column":18},"end":{"line":37,"column":42}},"5":{"start":{"line":38,"column":2},"end":{"line":40,"column":3}},"6":{"start":{"line":39,"column":4},"end":{"line":39,"column":68}},"7":{"start":{"line":43,"column":2},"end":{"line":45,"column":3}},"8":{"start":{"line":44,"column":4},"end":{"line":44,"column":19}},"9":{"start":{"line":47,"column":20},"end":{"line":47,"column":53}},"10":{"start":{"line":48,"column":2},"end":{"line":48,"column":113}},"11":{"start":{"line":51,"column":21},"end":{"line":58,"column":1}},"12":{"start":{"line":60,"column":0},"end":{"line":68,"column":1}},"13":{"start":{"line":61,"column":2},"end":{"line":61,"column":42}},"14":{"start":{"line":64,"column":2},"end":{"line":66,"column":3}},"15":{"start":{"line":65,"column":4},"end":{"line":65,"column":51}},"16":{"start":{"line":67,"column":2},"end":{"line":67,"column":25}},"17":{"start":{"line":71,"column":0},"end":{"line":73,"column":3}},"18":{"start":{"line":72,"column":2},"end":{"line":72,"column":29}},"19":{"start":{"line":75,"column":0},"end":{"line":75,"column":24}}},"fnMap":{"0":{"name":"getDatabaseUrl","decl":{"start":{"line":36,"column":9},"end":{"line":36,"column":23}},"loc":{"start":{"line":36,"column":26},"end":{"line":49,"column":1}},"line":36},"1":{"name":"(anonymous_1)","decl":{"start":{"line":71,"column":25},"end":{"line":71,"column":26}},"loc":{"start":{"line":71,"column":37},"end":{"line":73,"column":1}},"line":71}},"branchMap":{"0":{"loc":{"start":{"line":32,"column":12},"end":{"line":32,"column":49}},"type":"binary-expr","locations":[{"start":{"line":32,"column":12},"end":{"line":32,"column":32}},{"start":{"line":32,"column":36},"end":{"line":32,"column":49}}],"line":32},"1":{"loc":{"start":{"line":33,"column":15},"end":{"line":33,"column":56}},"type":"binary-expr","locations":[{"start":{"line":33,"column":15},"end":{"line":33,"column":30}},{"start":{"line":33,"column":34},"end":{"line":33,"column":56}}],"line":33},"2":{"loc":{"start":{"line":38,"column":2},"end":{"line":40,"column":3}},"type":"if","locations":[{"start":{"line":38,"column":2},"end":{"line":40,"column":3}},{"start":{},"end":{}}],"line":38},"3":{"loc":{"start":{"line":43,"column":2},"end":{"line":45,"column":3}},"type":"if","locations":[{"start":{"line":43,"column":2},"end":{"line":45,"column":3}},{"start":{},"end":{}}],"line":43},"4":{"loc":{"start":{"line":47,"column":20},"end":{"line":47,"column":53}},"type":"cond-expr","locations":[{"start":{"line":47,"column":44},"end":{"line":47,"column":47}},{"start":{"line":47,"column":50},"end":{"line":47,"column":53}}],"line":47},"5":{"loc":{"start":{"line":57,"column":7},"end":{"line":57,"column":76}},"type":"cond-expr","locations":[{"start":{"line":57,"column":30},"end":{"line":57,"column":47}},{"start":{"line":57,"column":50},"end":{"line":57,"column":76}}],"line":57},"6":{"loc":{"start":{"line":60,"column":0},"end":{"line":68,"column":1}},"type":"if","locations":[{"start":{"line":60,"column":0},"end":{"line":68,"column":1}},{"start":{"line":62,"column":7},"end":{"line":68,"column":1}}],"line":60},"7":{"loc":{"start":{"line":64,"column":2},"end":{"line":66,"column":3}},"type":"if","locations":[{"start":{"line":64,"column":2},"end":{"line":66,"column":3}},{"start":{},"end":{}}],"line":64}},"s":{"0":2,"1":2,"2":2,"3":2,"4":2,"5":2,"6":0,"7":2,"8":2,"9":0,"10":0,"11":2,"12":2,"13":0,"14":2,"15":2,"16":2,"17":2,"18":0,"19":2},"f":{"0":2,"1":0},"b":{"0":[2,0],"1":[2,0],"2":[0,2],"3":[2,0],"4":[0,0],"5":[0,2],"6":[0,2],"7":[2,0]},"_coverageSchema":"1a1c01bbd47fc00a2c39e90264f33305004495a9","hash":"b428bcb7aa0d280a2bac2d49d41eb2b11a1996c6"}
,"/workspaces/cvstomize/api/config/firebase.js": {"path":"/workspaces/cvstomize/api/config/firebase.js","statementMap":{"0":{"start":{"line":1,"column":14},"end":{"line":1,"column":39}},"1":{"start":{"line":2,"column":39},"end":{"line":2,"column":78}},"2":{"start":{"line":3,"column":11},"end":{"line":3,"column":24}},"3":{"start":{"line":4,"column":13},"end":{"line":4,"column":28}},"4":{"start":{"line":7,"column":26},"end":{"line":7,"column":30}},"5":{"start":{"line":8,"column":18},"end":{"line":8,"column":22}},"6":{"start":{"line":15,"column":2},"end":{"line":60,"column":3}},"7":{"start":{"line":17,"column":6},"end":{"line":17,"column":68}},"8":{"start":{"line":18,"column":25},"end":{"line":18,"column":63}},"9":{"start":{"line":20,"column":4},"end":{"line":20,"column":75}},"10":{"start":{"line":22,"column":4},"end":{"line":27,"column":5}},"11":{"start":{"line":23,"column":6},"end":{"line":25,"column":8}},"12":{"start":{"line":26,"column":6},"end":{"line":26,"column":33}},"13":{"start":{"line":30,"column":18},"end":{"line":30,"column":43}},"14":{"start":{"line":31,"column":4},"end":{"line":39,"column":5}},"15":{"start":{"line":32,"column":6},"end":{"line":34,"column":8}},"16":{"start":{"line":35,"column":6},"end":{"line":37,"column":8}},"17":{"start":{"line":38,"column":6},"end":{"line":38,"column":33}},"18":{"start":{"line":41,"column":30},"end":{"line":41,"column":79}},"19":{"start":{"line":44,"column":16},"end":{"line":47,"column":6}},"20":{"start":{"line":49,"column":4},"end":{"line":51,"column":6}},"21":{"start":{"line":52,"column":4},"end":{"line":52,"column":15}},"22":{"start":{"line":54,"column":4},"end":{"line":57,"column":6}},"23":{"start":{"line":58,"column":4},"end":{"line":58,"column":79}},"24":{"start":{"line":59,"column":4},"end":{"line":59,"column":31}},"25":{"start":{"line":68,"column":2},"end":{"line":87,"column":3}},"26":{"start":{"line":69,"column":22},"end":{"line":69,"column":63}},"27":{"start":{"line":71,"column":16},"end":{"line":74,"column":6}},"28":{"start":{"line":76,"column":4},"end":{"line":78,"column":6}},"29":{"start":{"line":79,"column":4},"end":{"line":79,"column":15}},"30":{"start":{"line":81,"column":4},"end":{"line":81,"column":78}},"31":{"start":{"line":82,"column":4},"end":{"line":86,"column":6}},"32":{"start":{"line":95,"column":2},"end":{"line":131,"column":3}},"33":{"start":{"line":96,"column":19},"end":{"line":96,"column":51}},"34":{"start":{"line":100,"column":22},"end":{"line":100,"column":56}},"35":{"start":{"line":101,"column":30},"end":{"line":101,"column":75}},"36":{"start":{"line":104,"column":32},"end":{"line":106,"column":6}},"37":{"start":{"line":107,"column":22},"end":{"line":107,"column":76}},"38":{"start":{"line":110,"column":37},"end":{"line":112,"column":6}},"39":{"start":{"line":113,"column":30},"end":{"line":115,"column":5}},"40":{"start":{"line":118,"column":16},"end":{"line":121,"column":6}},"41":{"start":{"line":123,"column":4},"end":{"line":123,"column":72}},"42":{"start":{"line":124,"column":4},"end":{"line":124,"column":15}},"43":{"start":{"line":126,"column":4},"end":{"line":129,"column":6}},"44":{"start":{"line":130,"column":4},"end":{"line":130,"column":16}},"45":{"start":{"line":140,"column":2},"end":{"line":143,"column":3}},"46":{"start":{"line":141,"column":4},"end":{"line":141,"column":62}},"47":{"start":{"line":142,"column":4},"end":{"line":142,"column":23}},"48":{"start":{"line":146,"column":2},"end":{"line":149,"column":3}},"49":{"start":{"line":147,"column":4},"end":{"line":147,"column":69}},"50":{"start":{"line":148,"column":4},"end":{"line":148,"column":31}},"51":{"start":{"line":152,"column":2},"end":{"line":156,"column":3}},"52":{"start":{"line":153,"column":4},"end":{"line":153,"column":72}},"53":{"start":{"line":155,"column":4},"end":{"line":155,"column":23}},"54":{"start":{"line":160,"column":2},"end":{"line":172,"column":3}},"55":{"start":{"line":161,"column":4},"end":{"line":163,"column":6}},"56":{"start":{"line":164,"column":4},"end":{"line":170,"column":7}},"57":{"start":{"line":165,"column":18},"end":{"line":167,"column":8}},"58":{"start":{"line":168,"column":6},"end":{"line":168,"column":24}},"59":{"start":{"line":169,"column":6},"end":{"line":169,"column":17}},"60":{"start":{"line":171,"column":4},"end":{"line":171,"column":31}},"61":{"start":{"line":175,"column":2},"end":{"line":187,"column":3}},"62":{"start":{"line":176,"column":4},"end":{"line":176,"column":72}},"63":{"start":{"line":177,"column":4},"end":{"line":185,"column":9}},"64":{"start":{"line":179,"column":8},"end":{"line":179,"column":26}},"65":{"start":{"line":180,"column":8},"end":{"line":180,"column":19}},"66":{"start":{"line":183,"column":8},"end":{"line":183,"column":35}},"67":{"start":{"line":184,"column":8},"end":{"line":184,"column":20}},"68":{"start":{"line":186,"column":4},"end":{"line":186,"column":31}},"69":{"start":{"line":190,"column":2},"end":{"line":190,"column":75}},"70":{"start":{"line":191,"column":2},"end":{"line":199,"column":7}},"71":{"start":{"line":193,"column":6},"end":{"line":193,"column":24}},"72":{"start":{"line":194,"column":6},"end":{"line":194,"column":17}},"73":{"start":{"line":197,"column":6},"end":{"line":197,"column":33}},"74":{"start":{"line":198,"column":6},"end":{"line":198,"column":18}},"75":{"start":{"line":201,"column":2},"end":{"line":201,"column":29}},"76":{"start":{"line":209,"column":2},"end":{"line":211,"column":3}},"77":{"start":{"line":210,"column":4},"end":{"line":210,"column":17}},"78":{"start":{"line":212,"column":2},"end":{"line":212,"column":15}},"79":{"start":{"line":215,"column":0},"end":{"line":218,"column":2}}},"fnMap":{"0":{"name":"initializeFromLocalFile","decl":{"start":{"line":14,"column":15},"end":{"line":14,"column":38}},"loc":{"start":{"line":14,"column":41},"end":{"line":61,"column":1}},"line":14},"1":{"name":"initializeFromADC","decl":{"start":{"line":67,"column":15},"end":{"line":67,"column":32}},"loc":{"start":{"line":67,"column":35},"end":{"line":88,"column":1}},"line":67},"2":{"name":"initializeFromSecretManager","decl":{"start":{"line":94,"column":15},"end":{"line":94,"column":42}},"loc":{"start":{"line":94,"column":45},"end":{"line":132,"column":1}},"line":94},"3":{"name":"initializeFirebase","decl":{"start":{"line":138,"column":15},"end":{"line":138,"column":33}},"loc":{"start":{"line":138,"column":36},"end":{"line":202,"column":1}},"line":138},"4":{"name":"(anonymous_4)","decl":{"start":{"line":164,"column":49},"end":{"line":164,"column":50}},"loc":{"start":{"line":164,"column":55},"end":{"line":170,"column":5}},"line":164},"5":{"name":"(anonymous_5)","decl":{"start":{"line":178,"column":12},"end":{"line":178,"column":13}},"loc":{"start":{"line":178,"column":21},"end":{"line":181,"column":7}},"line":178},"6":{"name":"(anonymous_6)","decl":{"start":{"line":182,"column":13},"end":{"line":182,"column":14}},"loc":{"start":{"line":182,"column":24},"end":{"line":185,"column":7}},"line":182},"7":{"name":"(anonymous_7)","decl":{"start":{"line":192,"column":10},"end":{"line":192,"column":11}},"loc":{"start":{"line":192,"column":19},"end":{"line":195,"column":5}},"line":192},"8":{"name":"(anonymous_8)","decl":{"start":{"line":196,"column":11},"end":{"line":196,"column":12}},"loc":{"start":{"line":196,"column":22},"end":{"line":199,"column":5}},"line":196},"9":{"name":"getFirebaseAdmin","decl":{"start":{"line":208,"column":9},"end":{"line":208,"column":25}},"loc":{"start":{"line":208,"column":28},"end":{"line":213,"column":1}},"line":208}},"branchMap":{"0":{"loc":{"start":{"line":17,"column":6},"end":{"line":17,"column":68}},"type":"binary-expr","locations":[{"start":{"line":17,"column":6},"end":{"line":17,"column":48}},{"start":{"line":17,"column":52},"end":{"line":17,"column":68}}],"line":17},"1":{"loc":{"start":{"line":22,"column":4},"end":{"line":27,"column":5}},"type":"if","locations":[{"start":{"line":22,"column":4},"end":{"line":27,"column":5}},{"start":{},"end":{}}],"line":22},"2":{"loc":{"start":{"line":31,"column":4},"end":{"line":39,"column":5}},"type":"if","locations":[{"start":{"line":31,"column":4},"end":{"line":39,"column":5}},{"start":{},"end":{}}],"line":31},"3":{"loc":{"start":{"line":69,"column":22},"end":{"line":69,"column":63}},"type":"binary-expr","locations":[{"start":{"line":69,"column":22},"end":{"line":69,"column":48}},{"start":{"line":69,"column":52},"end":{"line":69,"column":63}}],"line":69},"4":{"loc":{"start":{"line":101,"column":30},"end":{"line":101,"column":75}},"type":"cond-expr","locations":[{"start":{"line":101,"column":42},"end":{"line":101,"column":61}},{"start":{"line":101,"column":64},"end":{"line":101,"column":75}}],"line":101},"5":{"loc":{"start":{"line":140,"column":2},"end":{"line":143,"column":3}},"type":"if","locations":[{"start":{"line":140,"column":2},"end":{"line":143,"column":3}},{"start":{},"end":{}}],"line":140},"6":{"loc":{"start":{"line":146,"column":2},"end":{"line":149,"column":3}},"type":"if","locations":[{"start":{"line":146,"column":2},"end":{"line":149,"column":3}},{"start":{},"end":{}}],"line":146},"7":{"loc":{"start":{"line":152,"column":2},"end":{"line":156,"column":3}},"type":"if","locations":[{"start":{"line":152,"column":2},"end":{"line":156,"column":3}},{"start":{},"end":{}}],"line":152},"8":{"loc":{"start":{"line":160,"column":2},"end":{"line":172,"column":3}},"type":"if","locations":[{"start":{"line":160,"column":2},"end":{"line":172,"column":3}},{"start":{},"end":{}}],"line":160},"9":{"loc":{"start":{"line":175,"column":2},"end":{"line":187,"column":3}},"type":"if","locations":[{"start":{"line":175,"column":2},"end":{"line":187,"column":3}},{"start":{},"end":{}}],"line":175},"10":{"loc":{"start":{"line":209,"column":2},"end":{"line":211,"column":3}},"type":"if","locations":[{"start":{"line":209,"column":2},"end":{"line":211,"column":3}},{"start":{},"end":{}}],"line":209}},"s":{"0":0,"1":0,"2":0,"3":0,"4":0,"5":0,"6":0,"7":0,"8":0,"9":0,"10":0,"11":0,"12":0,"13":0,"14":0,"15":0,"16":0,"17":0,"18":0,"19":0,"20":0,"21":0,"22":0,"23":0,"24":0,"25":0,"26":0,"27":0,"28":0,"29":0,"30":0,"31":0,"32":0,"33":0,"34":0,"35":0,"36":0,"37":0,"38":0,"39":0,"40":0,"41":0,"42":0,"43":0,"44":0,"45":0,"46":0,"47":0,"48":0,"49":0,"50":0,"51":0,"52":0,"53":0,"54":0,"55":0,"56":0,"57":0,"58":0,"59":0,"60":0,"61":0,"62":0,"63":0,"64":0,"65":0,"66":0,"67":0,"68":0,"69":0,"70":0,"71":0,"72":0,"73":0,"74":0,"75":0,"76":0,"77":0,"78":0,"79":0},"f":{"0":0,"1":0,"2":0,"3":0,"4":0,"5":0,"6":0,"7":0,"8":0,"9":0},"b":{"0":[0,0],"1":[0,0],"2":[0,0],"3":[0,0],"4":[0,0],"5":[0,0],"6":[0,0],"7":[0,0],"8":[0,0],"9":[0,0],"10":[0,0]}}
,"/workspaces/cvstomize/api/controllers/resumeController.js": {"path":"/workspaces/cvstomize/api/controllers/resumeController.js","statementMap":{"0":{"start":{"line":1,"column":15},"end":{"line":1,"column":44}},"1":{"start":{"line":8,"column":4},"end":{"line":8,"column":40}},"2":{"start":{"line":11,"column":0},"end":{"line":18,"column":2}},"3":{"start":{"line":12,"column":2},"end":{"line":17,"column":3}},"4":{"start":{"line":13,"column":20},"end":{"line":13,"column":38}},"5":{"start":{"line":14,"column":4},"end":{"line":14,"column":22}},"6":{"start":{"line":16,"column":4},"end":{"line":16,"column":16}},"7":{"start":{"line":21,"column":0},"end":{"line":29,"column":2}},"8":{"start":{"line":22,"column":2},"end":{"line":28,"column":3}},"9":{"start":{"line":23,"column":19},"end":{"line":23,"column":29}},"10":{"start":{"line":24,"column":19},"end":{"line":24,"column":38}},"11":{"start":{"line":25,"column":4},"end":{"line":25,"column":21}},"12":{"start":{"line":27,"column":4},"end":{"line":27,"column":16}},"13":{"start":{"line":32,"column":0},"end":{"line":39,"column":2}},"14":{"start":{"line":33,"column":2},"end":{"line":38,"column":3}},"15":{"start":{"line":34,"column":19},"end":{"line":34,"column":47}},"16":{"start":{"line":35,"column":4},"end":{"line":35,"column":21}},"17":{"start":{"line":37,"column":4},"end":{"line":37,"column":16}},"18":{"start":{"line":42,"column":0},"end":{"line":50,"column":2}},"19":{"start":{"line":43,"column":2},"end":{"line":49,"column":3}},"20":{"start":{"line":44,"column":19},"end":{"line":44,"column":29}},"21":{"start":{"line":45,"column":19},"end":{"line":45,"column":51}},"22":{"start":{"line":46,"column":4},"end":{"line":46,"column":21}},"23":{"start":{"line":48,"column":4},"end":{"line":48,"column":16}},"24":{"start":{"line":53,"column":0},"end":{"line":61,"column":2}},"25":{"start":{"line":54,"column":2},"end":{"line":60,"column":3}},"26":{"start":{"line":55,"column":19},"end":{"line":55,"column":29}},"27":{"start":{"line":56,"column":4},"end":{"line":56,"column":27}},"28":{"start":{"line":57,"column":4},"end":{"line":57,"column":57}},"29":{"start":{"line":59,"column":4},"end":{"line":59,"column":16}}},"fnMap":{"0":{"name":"(anonymous_0)","decl":{"start":{"line":11,"column":21},"end":{"line":11,"column":22}},"loc":{"start":{"line":11,"column":47},"end":{"line":18,"column":1}},"line":11},"1":{"name":"(anonymous_1)","decl":{"start":{"line":21,"column":20},"end":{"line":21,"column":21}},"loc":{"start":{"line":21,"column":46},"end":{"line":29,"column":1}},"line":21},"2":{"name":"(anonymous_2)","decl":{"start":{"line":32,"column":23},"end":{"line":32,"column":24}},"loc":{"start":{"line":32,"column":49},"end":{"line":39,"column":1}},"line":32},"3":{"name":"(anonymous_3)","decl":{"start":{"line":42,"column":23},"end":{"line":42,"column":24}},"loc":{"start":{"line":42,"column":49},"end":{"line":50,"column":1}},"line":42},"4":{"name":"(anonymous_4)","decl":{"start":{"line":53,"column":23},"end":{"line":53,"column":24}},"loc":{"start":{"line":53,"column":49},"end":{"line":61,"column":1}},"line":53}},"branchMap":{},"s":{"0":0,"1":0,"2":0,"3":0,"4":0,"5":0,"6":0,"7":0,"8":0,"9":0,"10":0,"11":0,"12":0,"13":0,"14":0,"15":0,"16":0,"17":0,"18":0,"19":0,"20":0,"21":0,"22":0,"23":0,"24":0,"25":0,"26":0,"27":0,"28":0,"29":0},"f":{"0":0,"1":0,"2":0,"3":0,"4":0},"b":{}}
,"/workspaces/cvstomize/api/middleware/authMiddleware.js": {"path":"/workspaces/cvstomize/api/middleware/authMiddleware.js","statementMap":{"0":{"start":{"line":1,"column":29},"end":{"line":1,"column":58}},"1":{"start":{"line":2,"column":15},"end":{"line":2,"column":44}},"2":{"start":{"line":5,"column":21},"end":{"line":5,"column":25}},"3":{"start":{"line":6,"column":0},"end":{"line":12,"column":1}},"4":{"start":{"line":7,"column":2},"end":{"line":11,"column":3}},"5":{"start":{"line":8,"column":4},"end":{"line":8,"column":65}},"6":{"start":{"line":25,"column":2},"end":{"line":95,"column":3}},"7":{"start":{"line":27,"column":23},"end":{"line":27,"column":48}},"8":{"start":{"line":28,"column":4},"end":{"line":33,"column":5}},"9":{"start":{"line":29,"column":6},"end":{"line":32,"column":9}},"10":{"start":{"line":35,"column":18},"end":{"line":35,"column":48}},"11":{"start":{"line":38,"column":4},"end":{"line":59,"column":5}},"12":{"start":{"line":43,"column":27},"end":{"line":43,"column":48}},"13":{"start":{"line":44,"column":6},"end":{"line":56,"column":7}},"14":{"start":{"line":45,"column":8},"end":{"line":54,"column":10}},"15":{"start":{"line":55,"column":8},"end":{"line":55,"column":22}},"16":{"start":{"line":62,"column":18},"end":{"line":62,"column":36}},"17":{"start":{"line":63,"column":25},"end":{"line":63,"column":64}},"18":{"start":{"line":66,"column":4},"end":{"line":73,"column":6}},"19":{"start":{"line":75,"column":4},"end":{"line":75,"column":11}},"20":{"start":{"line":77,"column":4},"end":{"line":82,"column":5}},"21":{"start":{"line":78,"column":6},"end":{"line":81,"column":9}},"22":{"start":{"line":84,"column":4},"end":{"line":89,"column":5}},"23":{"start":{"line":85,"column":6},"end":{"line":88,"column":9}},"24":{"start":{"line":91,"column":4},"end":{"line":94,"column":7}},"25":{"start":{"line":103,"column":2},"end":{"line":132,"column":4}},"26":{"start":{"line":104,"column":4},"end":{"line":131,"column":5}},"27":{"start":{"line":105,"column":19},"end":{"line":108,"column":8}},"28":{"start":{"line":110,"column":6},"end":{"line":115,"column":7}},"29":{"start":{"line":111,"column":8},"end":{"line":114,"column":11}},"30":{"start":{"line":117,"column":6},"end":{"line":125,"column":7}},"31":{"start":{"line":118,"column":8},"end":{"line":124,"column":11}},"32":{"start":{"line":127,"column":6},"end":{"line":127,"column":56}},"33":{"start":{"line":128,"column":6},"end":{"line":128,"column":13}},"34":{"start":{"line":130,"column":6},"end":{"line":130,"column":18}},"35":{"start":{"line":140,"column":2},"end":{"line":173,"column":3}},"36":{"start":{"line":141,"column":17},"end":{"line":148,"column":6}},"37":{"start":{"line":150,"column":4},"end":{"line":155,"column":5}},"38":{"start":{"line":151,"column":6},"end":{"line":154,"column":9}},"39":{"start":{"line":158,"column":4},"end":{"line":166,"column":5}},"40":{"start":{"line":159,"column":6},"end":{"line":165,"column":9}},"41":{"start":{"line":168,"column":4},"end":{"line":168,"column":54}},"42":{"start":{"line":169,"column":4},"end":{"line":169,"column":46}},"43":{"start":{"line":170,"column":4},"end":{"line":170,"column":11}},"44":{"start":{"line":172,"column":4},"end":{"line":172,"column":16}},"45":{"start":{"line":176,"column":0},"end":{"line":181,"column":2}}},"fnMap":{"0":{"name":"verifyFirebaseToken","decl":{"start":{"line":24,"column":15},"end":{"line":24,"column":34}},"loc":{"start":{"line":24,"column":51},"end":{"line":96,"column":1}},"line":24},"1":{"name":"requireSubscription","decl":{"start":{"line":102,"column":9},"end":{"line":102,"column":28}},"loc":{"start":{"line":102,"column":46},"end":{"line":133,"column":1}},"line":102},"2":{"name":"(anonymous_2)","decl":{"start":{"line":103,"column":9},"end":{"line":103,"column":10}},"loc":{"start":{"line":103,"column":35},"end":{"line":132,"column":3}},"line":103},"3":{"name":"checkResumeLimit","decl":{"start":{"line":139,"column":15},"end":{"line":139,"column":31}},"loc":{"start":{"line":139,"column":48},"end":{"line":174,"column":1}},"line":139}},"branchMap":{"0":{"loc":{"start":{"line":6,"column":0},"end":{"line":12,"column":1}},"type":"if","locations":[{"start":{"line":6,"column":0},"end":{"line":12,"column":1}},{"start":{},"end":{}}],"line":6},"1":{"loc":{"start":{"line":28,"column":4},"end":{"line":33,"column":5}},"type":"if","locations":[{"start":{"line":28,"column":4},"end":{"line":33,"column":5}},{"start":{},"end":{}}],"line":28},"2":{"loc":{"start":{"line":28,"column":8},"end":{"line":28,"column":56}},"type":"binary-expr","locations":[{"start":{"line":28,"column":8},"end":{"line":28,"column":19}},{"start":{"line":28,"column":23},"end":{"line":28,"column":56}}],"line":28},"3":{"loc":{"start":{"line":38,"column":4},"end":{"line":59,"column":5}},"type":"if","locations":[{"start":{"line":38,"column":4},"end":{"line":59,"column":5}},{"start":{},"end":{}}],"line":38},"4":{"loc":{"start":{"line":39,"column":6},"end":{"line":41,"column":20}},"type":"binary-expr","locations":[{"start":{"line":39,"column":6},"end":{"line":39,"column":44}},{"start":{"line":40,"column":6},"end":{"line":40,"column":30}},{"start":{"line":41,"column":6},"end":{"line":41,"column":20}}],"line":39},"5":{"loc":{"start":{"line":44,"column":6},"end":{"line":56,"column":7}},"type":"if","locations":[{"start":{"line":44,"column":6},"end":{"line":56,"column":7}},{"start":{},"end":{}}],"line":44},"6":{"loc":{"start":{"line":48,"column":25},"end":{"line":48,"column":59}},"type":"binary-expr","locations":[{"start":{"line":48,"column":25},"end":{"line":48,"column":51}},{"start":{"line":48,"column":55},"end":{"line":48,"column":59}}],"line":48},"7":{"loc":{"start":{"line":51,"column":24},"end":{"line":51,"column":63}},"type":"binary-expr","locations":[{"start":{"line":51,"column":24},"end":{"line":51,"column":49}},{"start":{"line":51,"column":53},"end":{"line":51,"column":63}}],"line":51},"8":{"loc":{"start":{"line":69,"column":21},"end":{"line":69,"column":57}},"type":"binary-expr","locations":[{"start":{"line":69,"column":21},"end":{"line":69,"column":48}},{"start":{"line":69,"column":52},"end":{"line":69,"column":57}}],"line":69},"9":{"loc":{"start":{"line":77,"column":4},"end":{"line":82,"column":5}},"type":"if","locations":[{"start":{"line":77,"column":4},"end":{"line":82,"column":5}},{"start":{},"end":{}}],"line":77},"10":{"loc":{"start":{"line":84,"column":4},"end":{"line":89,"column":5}},"type":"if","locations":[{"start":{"line":84,"column":4},"end":{"line":89,"column":5}},{"start":{},"end":{}}],"line":84},"11":{"loc":{"start":{"line":110,"column":6},"end":{"line":115,"column":7}},"type":"if","locations":[{"start":{"line":110,"column":6},"end":{"line":115,"column":7}},{"start":{},"end":{}}],"line":110},"12":{"loc":{"start":{"line":117,"column":6},"end":{"line":125,"column":7}},"type":"if","locations":[{"start":{"line":117,"column":6},"end":{"line":125,"column":7}},{"start":{},"end":{}}],"line":117},"13":{"loc":{"start":{"line":150,"column":4},"end":{"line":155,"column":5}},"type":"if","locations":[{"start":{"line":150,"column":4},"end":{"line":155,"column":5}},{"start":{},"end":{}}],"line":150},"14":{"loc":{"start":{"line":158,"column":4},"end":{"line":166,"column":5}},"type":"if","locations":[{"start":{"line":158,"column":4},"end":{"line":166,"column":5}},{"start":{},"end":{}}],"line":158}},"s":{"0":3,"1":3,"2":3,"3":3,"4":0,"5":0,"6":26,"7":26,"8":26,"9":5,"10":21,"11":21,"12":0,"13":0,"14":0,"15":0,"16":21,"17":21,"18":21,"19":21,"20":0,"21":0,"22":0,"23":0,"24":0,"25":0,"26":0,"27":0,"28":0,"29":0,"30":0,"31":0,"32":0,"33":0,"34":0,"35":0,"36":0,"37":0,"38":0,"39":0,"40":0,"41":0,"42":0,"43":0,"44":0,"45":3},"f":{"0":26,"1":0,"2":0,"3":0},"b":{"0":[0,3],"1":[5,21],"2":[26,21],"3":[0,21],"4":[21,0,0],"5":[0,0],"6":[0,0],"7":[0,0],"8":[21,21],"9":[0,0],"10":[0,0],"11":[0,0],"12":[0,0],"13":[0,0],"14":[0,0]},"_coverageSchema":"1a1c01bbd47fc00a2c39e90264f33305004495a9","hash":"452086cd66df558ddd1a80f6622c5fb4f0a9cf5d"}
,"/workspaces/cvstomize/api/middleware/devTools.js": {"path":"/workspaces/cvstomize/api/middleware/devTools.js","statementMap":{"0":{"start":{"line":8,"column":15},"end":{"line":8,"column":44}},"1":{"start":{"line":9,"column":15},"end":{"line":9,"column":41}},"2":{"start":{"line":20,"column":2},"end":{"line":25,"column":3}},"3":{"start":{"line":21,"column":4},"end":{"line":24,"column":7}},"4":{"start":{"line":28,"column":2},"end":{"line":34,"column":3}},"5":{"start":{"line":29,"column":4},"end":{"line":33,"column":7}},"6":{"start":{"line":36,"column":2},"end":{"line":39,"column":5}},"7":{"start":{"line":41,"column":2},"end":{"line":41,"column":9}},"8":{"start":{"line":52,"column":2},"end":{"line":54,"column":3}},"9":{"start":{"line":53,"column":4},"end":{"line":53,"column":18}},"10":{"start":{"line":57,"column":2},"end":{"line":59,"column":3}},"11":{"start":{"line":58,"column":4},"end":{"line":58,"column":18}},"12":{"start":{"line":61,"column":2},"end":{"line":82,"column":3}},"13":{"start":{"line":63,"column":28},"end":{"line":63,"column":36}},"14":{"start":{"line":65,"column":4},"end":{"line":71,"column":7}},"15":{"start":{"line":73,"column":4},"end":{"line":76,"column":7}},"16":{"start":{"line":78,"column":4},"end":{"line":78,"column":11}},"17":{"start":{"line":80,"column":4},"end":{"line":80,"column":69}},"18":{"start":{"line":81,"column":4},"end":{"line":81,"column":16}},"19":{"start":{"line":90,"column":2},"end":{"line":118,"column":3}},"20":{"start":{"line":91,"column":28},"end":{"line":91,"column":36}},"21":{"start":{"line":93,"column":20},"end":{"line":106,"column":6}},"22":{"start":{"line":108,"column":4},"end":{"line":110,"column":7}},"23":{"start":{"line":112,"column":4},"end":{"line":115,"column":7}},"24":{"start":{"line":117,"column":4},"end":{"line":117,"column":16}},"25":{"start":{"line":125,"column":2},"end":{"line":125,"column":47}},"26":{"start":{"line":132,"column":2},"end":{"line":132,"column":66}},"27":{"start":{"line":139,"column":2},"end":{"line":139,"column":73}},"28":{"start":{"line":142,"column":0},"end":{"line":149,"column":2}}},"fnMap":{"0":{"name":"requireDevAdmin","decl":{"start":{"line":18,"column":9},"end":{"line":18,"column":24}},"loc":{"start":{"line":18,"column":41},"end":{"line":42,"column":1}},"line":18},"1":{"name":"bypassResumeLimit","decl":{"start":{"line":50,"column":15},"end":{"line":50,"column":32}},"loc":{"start":{"line":50,"column":49},"end":{"line":83,"column":1}},"line":50},"2":{"name":"resetResumeCount","decl":{"start":{"line":89,"column":15},"end":{"line":89,"column":31}},"loc":{"start":{"line":89,"column":48},"end":{"line":119,"column":1}},"line":89},"3":{"name":"isDevelopment","decl":{"start":{"line":124,"column":9},"end":{"line":124,"column":22}},"loc":{"start":{"line":124,"column":25},"end":{"line":126,"column":1}},"line":124},"4":{"name":"isDevAdminEnabled","decl":{"start":{"line":131,"column":9},"end":{"line":131,"column":26}},"loc":{"start":{"line":131,"column":29},"end":{"line":133,"column":1}},"line":131},"5":{"name":"isDevUnlimitedEnabled","decl":{"start":{"line":138,"column":9},"end":{"line":138,"column":30}},"loc":{"start":{"line":138,"column":33},"end":{"line":140,"column":1}},"line":138}},"branchMap":{"0":{"loc":{"start":{"line":20,"column":2},"end":{"line":25,"column":3}},"type":"if","locations":[{"start":{"line":20,"column":2},"end":{"line":25,"column":3}},{"start":{},"end":{}}],"line":20},"1":{"loc":{"start":{"line":28,"column":2},"end":{"line":34,"column":3}},"type":"if","locations":[{"start":{"line":28,"column":2},"end":{"line":34,"column":3}},{"start":{},"end":{}}],"line":28},"2":{"loc":{"start":{"line":52,"column":2},"end":{"line":54,"column":3}},"type":"if","locations":[{"start":{"line":52,"column":2},"end":{"line":54,"column":3}},{"start":{},"end":{}}],"line":52},"3":{"loc":{"start":{"line":57,"column":2},"end":{"line":59,"column":3}},"type":"if","locations":[{"start":{"line":57,"column":2},"end":{"line":59,"column":3}},{"start":{},"end":{}}],"line":57},"4":{"loc":{"start":{"line":132,"column":9},"end":{"line":132,"column":65}},"type":"binary-expr","locations":[{"start":{"line":132,"column":9},"end":{"line":132,"column":24}},{"start":{"line":132,"column":28},"end":{"line":132,"column":65}}],"line":132},"5":{"loc":{"start":{"line":139,"column":9},"end":{"line":139,"column":72}},"type":"binary-expr","locations":[{"start":{"line":139,"column":9},"end":{"line":139,"column":24}},{"start":{"line":139,"column":28},"end":{"line":139,"column":72}}],"line":139}},"s":{"0":2,"1":2,"2":0,"3":0,"4":0,"5":0,"6":0,"7":0,"8":0,"9":0,"10":0,"11":0,"12":0,"13":0,"14":0,"15":0,"16":0,"17":0,"18":0,"19":0,"20":0,"21":0,"22":0,"23":0,"24":0,"25":3,"26":0,"27":3,"28":2},"f":{"0":0,"1":0,"2":0,"3":3,"4":0,"5":3},"b":{"0":[0,0],"1":[0,0],"2":[0,0],"3":[0,0],"4":[0,0],"5":[3,3]},"_coverageSchema":"1a1c01bbd47fc00a2c39e90264f33305004495a9","hash":"d2111bd6c50711ea91e57b9461baf5841d888dea"}
,"/workspaces/cvstomize/api/middleware/errorHandler.js": {"path":"/workspaces/cvstomize/api/middleware/errorHandler.js","statementMap":{"0":{"start":{"line":1,"column":15},"end":{"line":1,"column":41}},"1":{"start":{"line":7,"column":21},"end":{"line":87,"column":1}},"2":{"start":{"line":9,"column":2},"end":{"line":15,"column":5}},"3":{"start":{"line":18,"column":2},"end":{"line":37,"column":3}},"4":{"start":{"line":19,"column":4},"end":{"line":36,"column":5}},"5":{"start":{"line":21,"column":8},"end":{"line":25,"column":11}},"6":{"start":{"line":27,"column":8},"end":{"line":30,"column":11}},"7":{"start":{"line":32,"column":8},"end":{"line":35,"column":11}},"8":{"start":{"line":40,"column":2},"end":{"line":46,"column":3}},"9":{"start":{"line":41,"column":4},"end":{"line":45,"column":7}},"10":{"start":{"line":49,"column":2},"end":{"line":54,"column":3}},"11":{"start":{"line":50,"column":4},"end":{"line":53,"column":7}},"12":{"start":{"line":56,"column":2},"end":{"line":61,"column":3}},"13":{"start":{"line":57,"column":4},"end":{"line":60,"column":7}},"14":{"start":{"line":64,"column":2},"end":{"line":70,"column":3}},"15":{"start":{"line":65,"column":4},"end":{"line":69,"column":7}},"16":{"start":{"line":73,"column":2},"end":{"line":78,"column":3}},"17":{"start":{"line":74,"column":4},"end":{"line":77,"column":7}},"18":{"start":{"line":81,"column":2},"end":{"line":86,"column":5}},"19":{"start":{"line":89,"column":0},"end":{"line":89,"column":30}}},"fnMap":{"0":{"name":"(anonymous_0)","decl":{"start":{"line":7,"column":21},"end":{"line":7,"column":22}},"loc":{"start":{"line":7,"column":46},"end":{"line":87,"column":1}},"line":7}},"branchMap":{"0":{"loc":{"start":{"line":18,"column":2},"end":{"line":37,"column":3}},"type":"if","locations":[{"start":{"line":18,"column":2},"end":{"line":37,"column":3}},{"start":{},"end":{}}],"line":18},"1":{"loc":{"start":{"line":18,"column":6},"end":{"line":18,"column":42}},"type":"binary-expr","locations":[{"start":{"line":18,"column":6},"end":{"line":18,"column":14}},{"start":{"line":18,"column":18},"end":{"line":18,"column":42}}],"line":18},"2":{"loc":{"start":{"line":19,"column":4},"end":{"line":36,"column":5}},"type":"switch","locations":[{"start":{"line":20,"column":6},"end":{"line":25,"column":11}},{"start":{"line":26,"column":6},"end":{"line":30,"column":11}},{"start":{"line":31,"column":6},"end":{"line":35,"column":11}}],"line":19},"3":{"loc":{"start":{"line":40,"column":2},"end":{"line":46,"column":3}},"type":"if","locations":[{"start":{"line":40,"column":2},"end":{"line":46,"column":3}},{"start":{},"end":{}}],"line":40},"4":{"loc":{"start":{"line":40,"column":6},"end":{"line":40,"column":46}},"type":"binary-expr","locations":[{"start":{"line":40,"column":6},"end":{"line":40,"column":14}},{"start":{"line":40,"column":18},"end":{"line":40,"column":46}}],"line":40},"5":{"loc":{"start":{"line":49,"column":2},"end":{"line":54,"column":3}},"type":"if","locations":[{"start":{"line":49,"column":2},"end":{"line":54,"column":3}},{"start":{},"end":{}}],"line":49},"6":{"loc":{"start":{"line":56,"column":2},"end":{"line":61,"column":3}},"type":"if","locations":[{"start":{"line":56,"column":2},"end":{"line":61,"column":3}},{"start":{},"end":{}}],"line":56},"7":{"loc":{"start":{"line":64,"column":2},"end":{"line":70,"column":3}},"type":"if","locations":[{"start":{"line":64,"column":2},"end":{"line":70,"column":3}},{"start":{},"end":{}}],"line":64},"8":{"loc":{"start":{"line":73,"column":2},"end":{"line":78,"column":3}},"type":"if","locations":[{"start":{"line":73,"column":2},"end":{"line":78,"column":3}},{"start":{},"end":{}}],"line":73},"9":{"loc":{"start":{"line":75,"column":13},"end":{"line":75,"column":44}},"type":"binary-expr","locations":[{"start":{"line":75,"column":13},"end":{"line":75,"column":21}},{"start":{"line":75,"column":25},"end":{"line":75,"column":44}}],"line":75},"10":{"loc":{"start":{"line":83,"column":13},"end":{"line":85,"column":19}},"type":"cond-expr","locations":[{"start":{"line":84,"column":8},"end":{"line":84,"column":38}},{"start":{"line":85,"column":8},"end":{"line":85,"column":19}}],"line":83}},"s":{"0":1,"1":1,"2":4,"3":4,"4":0,"5":0,"6":0,"7":0,"8":4,"9":0,"10":4,"11":0,"12":4,"13":0,"14":4,"15":0,"16":4,"17":0,"18":4,"19":1},"f":{"0":4},"b":{"0":[0,4],"1":[4,0],"2":[0,0,0],"3":[0,4],"4":[4,0],"5":[0,4],"6":[0,4],"7":[0,4],"8":[0,4],"9":[0,0],"10":[0,4]},"_coverageSchema":"1a1c01bbd47fc00a2c39e90264f33305004495a9","hash":"83f123f0d4f7d3e1abb4cd2aa90e05e96161e194"}
,"/workspaces/cvstomize/api/middleware/security.js": {"path":"/workspaces/cvstomize/api/middleware/security.js","statementMap":{"0":{"start":{"line":6,"column":15},"end":{"line":6,"column":32}},"1":{"start":{"line":7,"column":18},"end":{"line":7,"column":47}},"2":{"start":{"line":17,"column":21},"end":{"line":39,"column":2}},"3":{"start":{"line":47,"column":23},"end":{"line":58,"column":2}},"4":{"start":{"line":61,"column":20},"end":{"line":72,"column":2}},"5":{"start":{"line":75,"column":22},"end":{"line":85,"column":2}},"6":{"start":{"line":88,"column":28},"end":{"line":98,"column":2}},"7":{"start":{"line":106,"column":2},"end":{"line":116,"column":3}},"8":{"start":{"line":107,"column":4},"end":{"line":115,"column":7}},"9":{"start":{"line":108,"column":6},"end":{"line":114,"column":7}},"10":{"start":{"line":110,"column":8},"end":{"line":113,"column":18}},"11":{"start":{"line":119,"column":2},"end":{"line":121,"column":3}},"12":{"start":{"line":120,"column":4},"end":{"line":120,"column":29}},"13":{"start":{"line":123,"column":2},"end":{"line":123,"column":9}},"14":{"start":{"line":130,"column":2},"end":{"line":137,"column":5}},"15":{"start":{"line":131,"column":4},"end":{"line":136,"column":5}},"16":{"start":{"line":133,"column":6},"end":{"line":133,"column":70}},"17":{"start":{"line":134,"column":11},"end":{"line":136,"column":5}},"18":{"start":{"line":135,"column":6},"end":{"line":135,"column":31}},"19":{"start":{"line":146,"column":2},"end":{"line":146,"column":53}},"20":{"start":{"line":149,"column":2},"end":{"line":149,"column":43}},"21":{"start":{"line":152,"column":2},"end":{"line":152,"column":53}},"22":{"start":{"line":155,"column":2},"end":{"line":155,"column":70}},"23":{"start":{"line":158,"column":2},"end":{"line":158,"column":82}},"24":{"start":{"line":160,"column":2},"end":{"line":160,"column":9}},"25":{"start":{"line":163,"column":0},"end":{"line":171,"column":2}}},"fnMap":{"0":{"name":"sanitizeInput","decl":{"start":{"line":104,"column":9},"end":{"line":104,"column":22}},"loc":{"start":{"line":104,"column":39},"end":{"line":124,"column":1}},"line":104},"1":{"name":"(anonymous_1)","decl":{"start":{"line":107,"column":35},"end":{"line":107,"column":36}},"loc":{"start":{"line":107,"column":44},"end":{"line":115,"column":5}},"line":107},"2":{"name":"sanitizeObject","decl":{"start":{"line":129,"column":9},"end":{"line":129,"column":23}},"loc":{"start":{"line":129,"column":29},"end":{"line":138,"column":1}},"line":129},"3":{"name":"(anonymous_3)","decl":{"start":{"line":130,"column":27},"end":{"line":130,"column":28}},"loc":{"start":{"line":130,"column":36},"end":{"line":137,"column":3}},"line":130},"4":{"name":"additionalSecurityHeaders","decl":{"start":{"line":144,"column":9},"end":{"line":144,"column":34}},"loc":{"start":{"line":144,"column":51},"end":{"line":161,"column":1}},"line":144}},"branchMap":{"0":{"loc":{"start":{"line":106,"column":2},"end":{"line":116,"column":3}},"type":"if","locations":[{"start":{"line":106,"column":2},"end":{"line":116,"column":3}},{"start":{},"end":{}}],"line":106},"1":{"loc":{"start":{"line":108,"column":6},"end":{"line":114,"column":7}},"type":"if","locations":[{"start":{"line":108,"column":6},"end":{"line":114,"column":7}},{"start":{},"end":{}}],"line":108},"2":{"loc":{"start":{"line":119,"column":2},"end":{"line":121,"column":3}},"type":"if","locations":[{"start":{"line":119,"column":2},"end":{"line":121,"column":3}},{"start":{},"end":{}}],"line":119},"3":{"loc":{"start":{"line":119,"column":6},"end":{"line":119,"column":46}},"type":"binary-expr","locations":[{"start":{"line":119,"column":6},"end":{"line":119,"column":14}},{"start":{"line":119,"column":18},"end":{"line":119,"column":46}}],"line":119},"4":{"loc":{"start":{"line":131,"column":4},"end":{"line":136,"column":5}},"type":"if","locations":[{"start":{"line":131,"column":4},"end":{"line":136,"column":5}},{"start":{"line":134,"column":11},"end":{"line":136,"column":5}}],"line":131},"5":{"loc":{"start":{"line":134,"column":11},"end":{"line":136,"column":5}},"type":"if","locations":[{"start":{"line":134,"column":11},"end":{"line":136,"column":5}},{"start":{},"end":{}}],"line":134},"6":{"loc":{"start":{"line":134,"column":15},"end":{"line":134,"column":64}},"type":"binary-expr","locations":[{"start":{"line":134,"column":15},"end":{"line":134,"column":43}},{"start":{"line":134,"column":47},"end":{"line":134,"column":64}}],"line":134}},"s":{"0":1,"1":1,"2":1,"3":1,"4":1,"5":1,"6":1,"7":32,"8":31,"9":15,"10":12,"11":32,"12":31,"13":31,"14":2610,"15":5176,"16":2589,"17":2587,"18":2579,"19":14,"20":14,"21":14,"22":14,"23":14,"24":14,"25":1},"f":{"0":32,"1":15,"2":2610,"3":5176,"4":14},"b":{"0":[31,1],"1":[12,3],"2":[31,1],"3":[32,32],"4":[2589,2587],"5":[2579,8],"6":[2587,2582]},"_coverageSchema":"1a1c01bbd47fc00a2c39e90264f33305004495a9","hash":"d44733e7cc703dbae1193945e370816b3dd3e826"}
,"/workspaces/cvstomize/api/routes/adminMigration.js": {"path":"/workspaces/cvstomize/api/routes/adminMigration.js","statementMap":{"0":{"start":{"line":9,"column":16},"end":{"line":9,"column":34}},"1":{"start":{"line":10,"column":15},"end":{"line":10,"column":31}},"2":{"start":{"line":11,"column":25},"end":{"line":11,"column":50}},"3":{"start":{"line":13,"column":15},"end":{"line":13,"column":33}},"4":{"start":{"line":16,"column":25},"end":{"line":16,"column":89}},"5":{"start":{"line":19,"column":20},"end":{"line":25,"column":1}},"6":{"start":{"line":20,"column":17},"end":{"line":20,"column":70}},"7":{"start":{"line":21,"column":2},"end":{"line":23,"column":3}},"8":{"start":{"line":22,"column":4},"end":{"line":22,"column":82}},"9":{"start":{"line":24,"column":2},"end":{"line":24,"column":9}},"10":{"start":{"line":31,"column":0},"end":{"line":70,"column":3}},"11":{"start":{"line":32,"column":2},"end":{"line":69,"column":3}},"12":{"start":{"line":33,"column":4},"end":{"line":33,"column":62}},"13":{"start":{"line":35,"column":24},"end":{"line":39,"column":5}},"14":{"start":{"line":41,"column":19},"end":{"line":41,"column":41}},"15":{"start":{"line":43,"column":4},"end":{"line":62,"column":5}},"16":{"start":{"line":45,"column":20},"end":{"line":49,"column":7}},"17":{"start":{"line":51,"column":6},"end":{"line":56,"column":9}},"18":{"start":{"line":58,"column":6},"end":{"line":61,"column":9}},"19":{"start":{"line":64,"column":4},"end":{"line":64,"column":53}},"20":{"start":{"line":65,"column":4},"end":{"line":68,"column":7}},"21":{"start":{"line":76,"column":0},"end":{"line":135,"column":3}},"22":{"start":{"line":77,"column":2},"end":{"line":134,"column":3}},"23":{"start":{"line":78,"column":4},"end":{"line":78,"column":65}},"24":{"start":{"line":81,"column":24},"end":{"line":85,"column":5}},"25":{"start":{"line":87,"column":4},"end":{"line":93,"column":5}},"26":{"start":{"line":88,"column":6},"end":{"line":92,"column":9}},"27":{"start":{"line":96,"column":4},"end":{"line":98,"column":6}},"28":{"start":{"line":100,"column":4},"end":{"line":100,"column":47}},"29":{"start":{"line":103,"column":4},"end":{"line":107,"column":6}},"30":{"start":{"line":109,"column":4},"end":{"line":109,"column":48}},"31":{"start":{"line":112,"column":25},"end":{"line":116,"column":5}},"32":{"start":{"line":118,"column":4},"end":{"line":127,"column":7}},"33":{"start":{"line":129,"column":4},"end":{"line":129,"column":56}},"34":{"start":{"line":130,"column":4},"end":{"line":133,"column":7}},"35":{"start":{"line":141,"column":0},"end":{"line":173,"column":3}},"36":{"start":{"line":142,"column":2},"end":{"line":172,"column":3}},"37":{"start":{"line":143,"column":21},"end":{"line":148,"column":6}},"38":{"start":{"line":150,"column":4},"end":{"line":155,"column":5}},"39":{"start":{"line":151,"column":6},"end":{"line":154,"column":9}},"40":{"start":{"line":157,"column":4},"end":{"line":166,"column":7}},"41":{"start":{"line":168,"column":4},"end":{"line":168,"column":56}},"42":{"start":{"line":169,"column":4},"end":{"lin
[...]
column":67}},"47":{"start":{"line":203,"column":4},"end":{"line":203,"column":14}},"48":{"start":{"line":213,"column":2},"end":{"line":241,"column":3}},"49":{"start":{"line":214,"column":23},"end":{"line":216,"column":5}},"50":{"start":{"line":218,"column":4},"end":{"line":234,"column":5}},"51":{"start":{"line":219,"column":6},"end":{"line":225,"column":9}},"52":{"start":{"line":226,"column":11},"end":{"line":234,"column":5}},"53":{"start":{"line":227,"column":6},"end":{"line":233,"column":9}},"54":{"start":{"line":236,"column":4},"end":{"line":236,"column":94}},"55":{"start":{"line":239,"column":4},"end":{"line":239,"column":60}},"56":{"start":{"line":252,"column":2},"end":{"line":300,"column":3}},"57":{"start":{"line":253,"column":20},"end":{"line":267,"column":6}},"58":{"start":{"line":269,"column":23},"end":{"line":271,"column":5}},"59":{"start":{"line":270,"column":6},"end":{"line":270,"column":60}},"60":{"start":{"line":273,"column":21},"end":{"line":273,"column":40}},"61":{"start":{"line":274,"column":22},"end":{"line":276,"column":5}},"62":{"start":{"line":275,"column":6},"end":{"line":275,"column":67}},"63":{"start":{"line":278,"column":4},"end":{"line":295,"column":6}},"64":{"start":{"line":282,"column":35},"end":{"line":289,"column":7}},"65":{"start":{"line":290,"column":41},"end":{"line":294,"column":7}},"66":{"start":{"line":298,"column":4},"end":{"line":298,"column":61}},"67":{"start":{"line":299,"column":4},"end":{"line":299,"column":16}},"68":{"start":{"line":303,"column":0},"end":{"line":309,"column":2}}},"fnMap":{"0":{"name":"retrieveRelevantStories","decl":{"start":{"line":29,"column":15},"end":{"line":29,"column":38}},"loc":{"start":{"line":29,"column":68},"end":{"line":132,"column":1}},"line":29},"1":{"name":"(anonymous_1)","decl":{"start":{"line":97,"column":43},"end":{"line":97,"column":44}},"loc":{"start":{"line":97,"column":52},"end":{"line":97,"column":85}},"line":97},"2":{"name":"(anonymous_2)","decl":{"start":{"line":104,"column":42},"end":{"line":104,"column":43}},"loc":{"start":{"line":104,"column":56},"end":{"line":106,"column":7}},"line":104},"3":{"name":"(anonymous_3)","decl":{"start":{"line":109,"column":31},"end":{"line":109,"column":32}},"loc":{"start":{"line":109,"column":41},"end":{"line":126,"column":5}},"line":109},"4":{"name":"retrieveStoriesForResume","decl":{"start":{"line":143,"column":15},"end":{"line":143,"column":39}},"loc":{"start":{"line":143,"column":75},"end":{"line":169,"column":1}},"line":143},"5":{"name":"retrieveStoriesForCoverLetter","decl":{"start":{"line":180,"column":15},"end":{"line":180,"column":44}},"loc":{"start":{"line":180,"column":77},"end":{"line":205,"column":1}},"line":180},"6":{"name":"incrementStoryUsage","decl":{"start":{"line":212,"column":15},"end":{"line":212,"column":34}},"loc":{"start":{"line":212,"column":55},"end":{"line":242,"column":1}},"line":212},"7":{"name":"getStoryUsageAnalytics","decl":{"start":{"line":251,"column":15},"end":{"line":251,"column":37}},"loc":{"start":{"line":251,"column":46},"end":{"line":301,"column":1}},"line":251},"8":{"name":"(anonymous_8)","decl":{"start":{"line":269,"column":38},"end":{"line":269,"column":39}},"loc":{"start":{"line":270,"column":6},"end":{"line":270,"column":60}},"line":270},"9":{"name":"(anonymous_9)","decl":{"start":{"line":274,"column":37},"end":{"line":274,"column":38}},"loc":{"start":{"line":275,"column":6},"end":{"line":275,"column":67}},"line":275},"10":{"name":"(anonymous_10)","decl":{"start":{"line":282,"column":29},"end":{"line":282,"column":30}},"loc":{"start":{"line":282,"column":35},"end":{"line":289,"column":7}},"line":282},"11":{"name":"(anonymous_11)","decl":{"start":{"line":290,"column":35},"end":{"line":290,"column":36}},"loc":{"start":{"line":290,"column":41},"end":{"line":294,"column":7}},"line":290}},"branchMap":{"0":{"loc":{"start":{"line":29,"column":54},"end":{"line":29,"column":66}},"type":"default-arg","locations":[{"start":{"line":29,"column":64},"end":{"line":29,"column":66}}],"line":29},"1":{"loc":{"start":{"line":32,"column":6},"end":{"line":32,"column":15}},"type":"default-arg","locations":[{"start":{"line":32,"column":14},"end":{"line":32,"column":15}}],"line":32},"2":{"loc":{"start":{"line":33,"column":6},"end":{"line":33,"column":25}},"type":"default-arg","locations":[{"start":{"line":33,"column":22},"end":{"line":33,"column":25}}],"line":33},"3":{"loc":{"start":{"line":34,"column":6},"end":{"line":34,"column":23}},"type":"default-arg","locations":[{"start":{"line":34,"column":19},"end":{"line":34,"column":23}}],"line":34},"4":{"loc":{"start":{"line":35,"column":6},"end":{"line":35,"column":26}},"type":"default-arg","locations":[{"start":{"line":35,"column":22},"end":{"line":35,"column":26}}],"line":35},"5":{"loc":{"start":{"line":72,"column":4},"end":{"line":76,"column":5}},"type":"if","locations":[{"start":{"line":72,"column":4},"end":{"line":76,"column":5}},{"start":{},"end":{}}],"line":72},"6":{"loc":{"start":{"line":72,"column":8},"end":{"line":72,"column":43}},"type":"binary-expr","locations":[{"start":{"line":72,"column":8},"end":{"line":72,"column":18}},{"start":{"line":72,"column":22},"end":{"line":72,"column":43}}],"line":72},"7":{"loc":{"start":{"line":79,"column":4},"end":{"line":83,"column":5}},"type":"if","locations":[{"start":{"line":79,"column":4},"end":{"line":83,"column":5}},{"start":{},"end":{}}],"line":79},"8":{"loc":{"start":{"line":79,"column":8},"end":{"line":79,"column":49}},"type":"binary-expr","locations":[{"start":{"line":79,"column":8},"end":{"line":79,"column":21}},{"start":{"line":79,"column":25},"end":{"line":79,"column":49}}],"line":79},"9":{"loc":{"start":{"line":102,"column":4},"end":{"line":107,"column":5}},"type":"if","locations":[{"start":{"line":102,"column":4},"end":{"line":107,"column":5}},{"start":{},"end":{}}],"line":102},"10":{"loc":{"start":{"line":143,"column":64},"end":{"line":143,"column":73}},"type":"default-arg","locations":[{"start":{"line":143,"column":72},"end":{"line":143,"column":73}}],"line":143},"11":{"loc":{"start":{"line":180,"column":66},"end":{"line":180,"column":75}},"type":"default-arg","locations":[{"start":{"line":180,"column":74},"end":{"line":180,"column":75}}],"line":180},"12":{"loc":{"start":{"line":218,"column":4},"end":{"line":234,"column":5}},"type":"if","locations":[{"start":{"line":218,"column":4},"end":{"line":234,"column":5}},{"start":{"line":226,"column":11},"end":{"line":234,"column":5}}],"line":218},"13":{"loc":{"start":{"line":226,"column":11},"end":{"line":234,"column":5}},"type":"if","locations":[{"start":{"line":226,"column":11},"end":{"line":234,"column":5}},{"start":{},"end":{}}],"line":226},"14":{"loc":{"start":{"line":275,"column":6},"end":{"line":275,"column":67}},"type":"binary-expr","locations":[{"start":{"line":275,"column":6},"end":{"line":275,"column":32}},{"start":{"line":275,"column":36},"end":{"line":275,"column":67}}],"line":275},"15":{"loc":{"start":{"line":281,"column":20},"end":{"line":281,"column":72}},"type":"cond-expr","locations":[{"start":{"line":281,"column":41},"end":{"line":281,"column":68}},{"start":{"line":281,"column":71},"end":{"line":281,"column":72}}],"line":281}},"s":{"0":2,"1":2,"2":2,"3":0,"4":0,"5":0,"6":0,"7":0,"8":0,"9":0,"10":0,"11":0,"12":0,"13":0,"14":0,"15":0,"16":0,"17":0,"18":0,"19":0,"20":0,"21":0,"22":0,"23":0,"24":0,"25":0,"26":0,"27":0,"28":0,"29":0,"30":0,"31":0,"32":0,"33":0,"34":0,"35":0,"36":0,"37":0,"38":0,"39":0,"40":0,"41":0,"42":0,"43":0,"44":0,"45":0,"46":0,"47":0,"48":0,"49":0,"50":0,"51":0,"52":0,"53":0,"54":0,"55":0,"56":0,"57":0,"58":0,"59":0,"60":0,"61":0,"62":0,"63":0,"64":0,"65":0,"66":0,"67":0,"68":2},"f":{"0":0,"1":0,"2":0,"3":0,"4":0,"5":0,"6":0,"7":0,"8":0,"9":0,"10":0,"11":0},"b":{"0":[0],"1":[0],"2":[0],"3":[0],"4":[0],"5":[0,0],"6":[0,0],"7":[0,0],"8":[0,0],"9":[0,0],"10":[0],"11":[0],"12":[0,0],"13":[0,0],"14":[0,0],"15":[0,0]},"_coverageSchema":"1a1c01bbd47fc00a2c39e90264f33305004495a9","hash":"b78ec071df628630e692f83300e4ba4ba0b7b86e"}
,"/workspaces/cvstomize/api/tests/test-rag-flow.js": {"path":"/workspaces/cvstomize/api/tests/test-rag-flow.js","statementMap":{"0":{"start":{"line":11,"column":25},"end":{"line":11,"column":50}},"1":{"start":{"line":12,"column":15},"end":{"line":12,"column":33}},"2":{"start":{"line":13,"column":63},"end":{"line":13,"column":104}},"3":{"start":{"line":14,"column":68},"end":{"line":14,"column":105}},"4":{"start":{"line":17,"column":2},"end":{"line":17,"column":48}},"5":{"start":{"line":19,"column":2},"end":{"line":235,"column":3}},"6":{"start":{"line":21,"column":4},"end":{"line":21,"column":54}},"7":{"start":{"line":23,"column":19},"end":{"line":25,"column":6}},"8":{"start":{"line":27,"column":4},"end":{"line":40,"column":5}},"9":{"start":{"line":28,"column":6},"end":{"line":36,"column":9}},"10":{"start":{"line":37,"column":6},"end":{"line":37,"column":57}},"11":{"start":{"line":39,"column":6},"end":{"line":39,"column":64}},"12":{"start":{"line":43,"column":4},"end":{"line":43,"column":64}},"13":{"start":{"line":45,"column":18},"end":{"line":47,"column":6}},"14":{"start":{"line":49,"column":4},"end":{"line":65,"column":5}},"15":{"start":{"line":50,"column":6},"end":{"line":61,"column":9}},"16":{"start":{"line":62,"column":6},"end":{"line":62,"column":66}},"17":{"start":{"line":64,"column":6},"end":{"line":64,"column":61}},"18":{"start":{"line":68,"column":4},"end":{"line":68,"column":73}},"19":{"start":{"line":70,"column":24},"end":{"line":116,"column":5}},"20":{"start":{"line":118,"column":27},"end":{"line":118,"column":29}},"21":{"start":{"line":120,"column":4},"end":{"line":165,"column":5}},"22":{"start":{"line":122,"column":23},"end":{"line":127,"column":8}},"23":{"start":{"line":129,"column":6},"end":{"line":164,"column":7}},"24":{"start":{"line":130,"column":8},"end":{"line":130,"column":86}},"25":{"start":{"line":133,"column":26},"end":{"line":137,"column":10}},"26":{"start":{"line":139,"column":29},"end":{"line":139,"column":66}},"27":{"start":{"line":142,"column":23},"end":{"line":158,"column":9}},"28":{"start":{"line":160,"column":8},"end":{"line":160,"column":83}},"29":{"start":{"line":161,"column":8},"end":{"line":161,"column":39}},"30":{"start":{"line":163,"column":8},"end":{"line":163,"column":77}},"31":{"start":{"line":167,"column":4},"end":{"line":167,"column":127}},"32":{"start":{"line":170,"column":4},"end":{"line":170,"column":61}},"33":{"start":{"line":172,"column":21},"end":{"line":185,"column":5}},"34":{"start":{"line":187,"column":4},"end":{"line":201,"column":5}},"35":{"start":{"line":188,"column":6},"end":{"line":188,"column":42}},"36":{"start":{"line":189,"column":6},"end":{"line":189,"column":77}},"37":{"start":{"line":191,"column":22},"end":{"line":191,"column":85}},"38":{"start":{"line":193,"column":6},"end":{"line":193,"column":66}},"39":{"start":{"line":195,"column":6},"end":{"line":200,"column":9}},"40":{"start":{"line":196,"column":8},"end":{"line":196,"column":108}},"41":{"start":{"line":197,"column":8},"end":{"line":197,"column":89}},"42":{"start":{"line":198,"column":8},"end":{"line":198,"column":77}},"43":{"start":{"line":199,"column":8},"end":{"line":199,"column":24}},"44":{"start":{"line":204,"column":4},"end":{"line":204,"column":72}},"45":{"start":{"line":206,"column":24},"end":{"line":206,"column":176}},"46":{"start":{"line":208,"column":31},"end":{"line":208,"column":95}},"47":{"start":{"line":210,"column":4},"end":{"line":210,"column":66}},"48":{"start":{"line":211,"column":4},"end":{"line":211,"column":75}},"49":{"start":{"line":213,"column":4},"end":{"line":218,"column":7}},"50":{"start":{"line":214,"column":6},"end":{"line":214,"column":106}},"51":{"start":{"line":215,"column":6},"end":{"line":215,"column":63}},"52":{"start":{"line":216,"column":6},"end":{"line":216,"column":75}},"53":{"start":{"line":217,"column":6},"end":{"line":217,"column":22}},"54":{"start":{"line":221,"column":4},"end":{"line":221,"column":49}},"55":{"start":{"line":222,"column":4},"end":{"line":222,"column":31}},"56":{"start":{"line":223,"column":4},"end":{"line":223,"column":61}},"57":{"start":{"line":224,"column":4},"end":{"line":224,"column":71}},"58":{"start":{"line":225,"column":4},"end":{"line":225,"column":51}},"59":{"start":{"line":226,"column":4},"end":{"line":226,"column":52}},"60":{"start":{"line":227,"column":4},"end":{"line":227,"column":58}},"61":{"start":{"line":228,"column":4},"end":{"line":228,"column":56}},"62":{"start":{"line":231,"column":4},"end":{"line":231,"column":45}},"63":{"start":{"line":232,"column":4},"end":{"line":232,"column":16}},"64":{"start":{"line":234,"column":4},"end":{"line":234,"column":31}},"65":{"start":{"line":239,"column":0},"end":{"line":249,"column":1}},"66":{"start":{"line":240,"column":2},"end":{"line":248,"column":7}},"67":{"start":{"line":242,"column":6},"end":{"line":242,"column":60}},"68":{"start":{"line":243,"column":6},"end":{"line":243,"column":22}},"69":{"start":{"line":246,"column":6},"end":{"line":246,"column":54}},"70":{"start":{"line":247,"column":6},"end":{"line":247,"column":22}},"71":{"start":{"line":251,"column":0},"end":{"line":251,"column":33}}},"fnMap":{"0":{"name":"testRAGFlow","decl":{"start":{"line":16,"column":15},"end":{"line":16,"column":26}},"loc":{"start":{"line":16,"column":29},"end":{"line":236,"column":1}},"line":16},"1":{"name":"(anonymous_1)","decl":{"start":{"line":195,"column":22},"end":{"line":195,"column":23}},"loc":{"start":{"line":195,"column":38},"end":{"line":200,"column":7}},"line":195},"2":{"name":"(anonymous_2)","decl":{"start":{"line":213,"column":31},"end":{"line":213,"column":32}},"loc":{"start":{"line":213,"column":47},"end":{"line":218,"column":5}},"line":213},"3":{"name":"(anonymous_3)","decl":{"start":{"line":241,"column":10},"end":{"line":241,"column":11}},"loc":{"start":{"line":241,"column":16},"end":{"line":244,"column":5}},"line":241},"4":{"name":"(anonymous_4)","decl":{"start":{"line":245,"column":11},"end":{"line":245,"column":12}},"loc":{"start":{"line":245,"column":22},"end":{"line":248,"column":5}},"line":245}},"branchMap":{"0":{"loc":{"start":{"line":27,"column":4},"end":{"line":40,"column":5}},"type":"if","locations":[{"start":{"line":27,"column":4},"end":{"line":40,"column":5}},{"start":{"line":38,"column":11},"end":{"line":40,"column":5}}],"line":27},"1":{"loc":{"start":{"line":49,"column":4},"end":{"line":65,"column":5}},"type":"if","locations":[{"start":{"line":49,"column":4},"end":{"line":65,"column":5}},{"start":{"line":63,"column":11},"end":{"line":65,"column":5}}],"line":49},"2":{"loc":{"start":{"line":129,"column":6},"end":{"line":164,"column":7}},"type":"if","locations":[{"start":{"line":129,"column":6},"end":{"line":164,"column":7}},{"start":{"line":162,"column":13},"end":{"line":164,"column":7}}],"line":129},"3":{"loc":{"start":{"line":239,"column":0},"end":{"line":249,"column":1}},"type":"if","locations":[{"start":{"line":239,"column":0},"end":{"line":249,"column":1}},{"start":{},"end":{}}],"line":239}},"s":{"0":0,"1":0,"2":0,"3":0,"4":0,"5":0,"6":0,"7":0,"8":0,"9":0,"10":0,"11":0,"12":0,"13":0,"14":0,"15":0,"16":0,"17":0,"18":0,"19":0,"20":0,"21":0,"22":0,"23":0,"24":0,"25":0,"26":0,"27":0,"28":0,"29":0,"30":0,"31":0,"32":0,"33":0,"34":0,"35":0,"36":0,"37":0,"38":0,"39":0,"40":0,"41":0,"42":0,"43":0,"44":0,"45":0,"46":0,"47":0,"48":0,"49":0,"50":0,"51":0,"52":0,"53":0,"54":0,"55":0,"56":0,"57":0,"58":0,"59":0,"60":0,"61":0,"62":0,"63":0,"64":0,"65":0,"66":0,"67":0,"68":0,"69":0,"70":0,"71":0},"f":{"0":0,"1":0,"2":0,"3":0,"4":0},"b":{"0":[0,0],"1":[0,0],"2":[0,0],"3":[0,0]}}
,"/workspaces/cvstomize/api/utils/docx-parser.js": {"path":"/workspaces/cvstomize/api/utils/docx-parser.js","statementMap":{"0":{"start":{"line":1,"column":16},"end":{"line":1,"column":34}},"1":{"start":{"line":4,"column":4},"end":{"line":15,"column":5}},"2":{"start":{"line":6,"column":8},"end":{"line":10,"column":9}},"3":{"start":{"line":7,"column":12},"end":{"line":7,"column":73}},"4":{"start":{"line":9,"column":12},"end":{"line":9,"column":71}},"5":{"start":{"line":11,"column":8},"end":{"line":11,"column":28}},"6":{"start":{"line":13,"column":8},"end":{"line":13,"column":65}},"7":{"start":{"line":14,"column":8},"end":{"line":14,"column":61}},"8":{"start":{"line":18,"column":0},"end":{"line":18,"column":41}}},"fnMap":{"0":{"name":"extractTextFromDocx","decl":{"start":{"line":3,"column":15},"end":{"line":3,"column":34}},"loc":{"start":{"line":3,"column":46},"end":{"line":16,"column":1}},"line":3}},"branchMap":{"0":{"loc":{"start":{"line":6,"column":8},"end":{"line":10,"column":9}},"type":"if","locations":[{"start":{"line":6,"column":8},"end":{"line":10,"column":9}},{"start":{"line":8,"column":15},"end":{"line":10,"column":9}}],"line":6}},"s":{"0":1,"1":2,"2":2,"3":2,"4":0,"5":2,"6":0,"7":0,"8":1},"f":{"0":2},"b":{"0":[2,0]},"_coverageSchema":"1a1c01bbd47fc00a2c39e90264f33305004495a9","hash":"751ff38ad7e6a1f0aeaf120bc9114ad43d617e22"}
,"/workspaces/cvstomize/api/utils/logger.js": {"path":"/workspaces/cvstomize/api/utils/logger.js","statementMap":{"0":{"start":{"line":1,"column":16},"end":{"line":1,"column":34}},"1":{"start":{"line":2,"column":13},"end":{"line":2,"column":28}},"2":{"start":{"line":5,"column":15},"end":{"line":21,"column":2}},"3":{"start":{"line":24,"column":0},"end":{"line":31,"column":1}},"4":{"start":{"line":25,"column":2},"end":{"line":30,"column":6}},"5":{"start":{"line":33,"column":0},"end":{"line":33,"column":24}}},"fnMap":{},"branchMap":{"0":{"loc":{"start":{"line":6,"column":9},"end":{"line":6,"column":40}},"type":"binary-expr","locations":[{"start":{"line":6,"column":9},"end":{"line":6,"column":30}},{"start":{"line":6,"column":34},"end":{"line":6,"column":40}}],"line":6},"1":{"loc":{"start":{"line":24,"column":0},"end":{"line":31,"column":1}},"type":"if","locations":[{"start":{"line":24,"column":0},"end":{"line":31,"column":1}},{"start":{},"end":{}}],"line":24}},"s":{"0":2,"1":2,"2":2,"3":2,"4":2,"5":2},"f":{},"b":{"0":[2,2],"1":[2,0]},"_coverageSchema":"1a1c01bbd47fc00a2c39e90264f33305004495a9","hash":"2d1f42695bb7cecf44f58673d4dbbb2b616aa82d"}
,"/workspaces/cvstomize/api/utils/pdf-parser.js": {"path":"/workspaces/cvstomize/api/utils/pdf-parser.js","statementMap":{"0":{"start":{"line":1,"column":11},"end":{"line":1,"column":24}},"1":{"start":{"line":2,"column":17},"end":{"line":2,"column":37}},"2":{"start":{"line":5,"column":2},"end":{"line":21,"column":3}},"3":{"start":{"line":7,"column":4},"end":{"line":11,"column":5}},"4":{"start":{"line":8,"column":6},"end":{"line":8,"column":29}},"5":{"start":{"line":10,"column":6},"end":{"line":10,"column":46}},"6":{"start":{"line":12,"column":19},"end":{"line":12,"column":45}},"7":{"start":{"line":13,"column":4},"end":{"line":13,"column":23}},"8":{"start":{"line":15,"column":4},"end":{"line":15,"column":60}},"9":{"start":{"line":16,"column":4},"end":{"line":18,"column":5}},"10":{"start":{"line":17,"column":6},"end":{"line":17,"column":44}},"11":{"start":{"line":19,"column":4},"end":{"line":19,"column":51}},"12":{"start":{"line":20,"column":4},"end":{"line":20,"column":73}},"13":{"start":{"line":24,"column":0},"end":{"line":24,"column":40}}},"fnMap":{"0":{"name":"extractTextFromPdf","decl":{"start":{"line":4,"column":15},"end":{"line":4,"column":33}},"loc":{"start":{"line":4,"column":45},"end":{"line":22,"column":1}},"line":4}},"branchMap":{"0":{"loc":{"start":{"line":7,"column":4},"end":{"line":11,"column":5}},"type":"if","locations":[{"start":{"line":7,"column":4},"end":{"line":11,"column":5}},{"start":{"line":9,"column":11},"end":{"line":11,"column":5}}],"line":7},"1":{"loc":{"start":{"line":16,"column":4},"end":{"line":18,"column":5}},"type":"if","locations":[{"start":{"line":16,"column":4},"end":{"line":18,"column":5}},{"start":{},"end":{}}],"line":16}},"s":{"0":1,"1":1,"2":3,"3":3,"4":3,"5":0,"6":3,"7":3,"8":0,"9":0,"10":0,"11":0,"12":0,"13":1},"f":{"0":3},"b":{"0":[3,0],"1":[0,0]},"_coverageSchema":"1a1c01bbd47fc00a2c39e90264f33305004495a9","hash":"a20407fea34ed5ddc91b2f434706f8692ba880f5"}
}
