TN:
SF:generate-cv.js
FN:16,(anonymous_0)
FN:17,(anonymous_1)
FN:19,(anonymous_2)
FN:37,(anonymous_3)
FN:57,(anonymous_4)
FN:70,handler
FNF:6
FNH:0
FNDA:0,(anonymous_0)
FNDA:0,(anonymous_1)
FNDA:0,(anonymous_2)
FNDA:0,(anonymous_3)
FNDA:0,(anonymous_4)
FNDA:0,handler
DA:8,0
DA:10,0
DA:16,0
DA:17,0
DA:18,0
DA:19,0
DA:20,0
DA:21,0
DA:23,0
DA:24,0
DA:25,0
DA:27,0
DA:28,0
DA:29,0
DA:31,0
DA:37,0
DA:38,0
DA:39,0
DA:40,0
DA:41,0
DA:42,0
DA:44,0
DA:46,0
DA:47,0
DA:48,0
DA:49,0
DA:50,0
DA:51,0
DA:52,0
DA:53,0
DA:54,0
DA:55,0
DA:56,0
DA:57,0
DA:58,0
DA:60,0
DA:62,0
DA:65,0
DA:66,0
DA:71,0
DA:72,0
DA:75,0
DA:76,0
DA:77,0
DA:78,0
DA:80,0
DA:82,0
DA:83,0
DA:86,0
DA:87,0
DA:88,0
DA:90,0
DA:91,0
DA:92,0
DA:93,0
DA:94,0
DA:99,0
DA:101,0
DA:102,0
DA:104,0
DA:150,0
DA:151,0
DA:152,0
DA:154,0
DA:155,0
DA:156,0
DA:157,0
DA:158,0
DA:160,0
DA:161,0
DA:162,0
DA:165,0
DA:166,0
LF:73
LH:0
BRDA:20,0,0,0
BRDA:20,0,1,0
BRDA:25,1,0,0
BRDA:25,1,1,0
BRDA:29,2,0,0
BRDA:29,2,1,0
BRDA:40,3,0,0
BRDA:40,3,1,0
BRDA:46,4,0,0
BRDA:46,4,1,0
BRDA:49,5,0,0
BRDA:49,5,1,0
BRDA:71,6,0,0
BRDA:71,6,1,0
BRDA:78,7,0,0
BRDA:78,7,1,0
BRDA:80,8,0,0
BRDA:80,8,1,0
BRDA:82,9,0,0
BRDA:82,9,1,0
BRDA:82,10,0,0
BRDA:82,10,1,0
BRDA:82,10,2,0
BRDA:82,10,3,0
BRDA:87,11,0,0
BRDA:87,11,1,0
BRDA:93,12,0,0
BRDA:93,12,1,0
BRF:28
BRH:0
end_of_record
TN:
SF:index.js
FN:50,(anonymous_0)
FN:52,(anonymous_1)
FN:66,(anonymous_2)
FN:85,(anonymous_3)
FN:110,(anonymous_4)
FN:136,(anonymous_5)
FN:148,(anonymous_6)
FN:154,(anonymous_7)
FN:161,initializeApp
FN:176,(anonymous_9)
FN:192,(anonymous_10)
FNF:11
FNH:3
FNDA:49,(anonymous_0)
FNDA:49,(anonymous_1)
FNDA:1,(anonymous_2)
FNDA:0,(anonymous_3)
FNDA:0,(anonymous_4)
FNDA:0,(anonymous_5)
FNDA:0,(anonymous_6)
FNDA:0,(anonymous_7)
FNDA:0,initializeApp
FNDA:0,(anonymous_9)
FNDA:0,(anonymous_10)
DA:1,3
DA:2,3
DA:3,3
DA:4,3
DA:5,3
DA:6,3
DA:9,3
DA:10,3
DA:13,3
DA:14,3
DA:17,3
DA:20,3
DA:27,3
DA:31,3
DA:34,3
DA:43,3
DA:46,3
DA:47,3
DA:50,3
DA:51,49
DA:52,49
DA:53,49
DA:54,49
DA:62,49
DA:66,3
DA:67,1
DA:69,1
DA:76,0
DA:77,0
DA:85,3
DA:86,0
DA:92,0
DA:94,0
DA:95,0
DA:97,0
DA:98,0
DA:101,0
DA:103,0
DA:104,0
DA:106,0
DA:107,0
DA:110,0
DA:111,0
DA:113,0
DA:123,3
DA:124,3
DA:125,3
DA:126,3
DA:127,3
DA:129,3
DA:130,3
DA:131,3
DA:132,3
DA:133,3
DA:136,3
DA:137,0
DA:144,3
DA:145,3
DA:148,3
DA:149,0
DA:150,0
DA:151,0
DA:154,3
DA:155,0
DA:156,0
DA:157,0
DA:162,0
DA:164,0
DA:165,0
DA:166,0
DA:168,0
DA:172,0
DA:173,0
DA:176,0
DA:177,0
DA:178,0
DA:179,0
DA:182,0
DA:184,0
DA:185,0
DA:191,3
DA:192,0
DA:195,3
DA:199,3
LF:84
LH:46
BRDA:14,0,0,3
BRDA:14,0,1,0
BRDA:21,1,0,0
BRDA:21,1,1,3
BRDA:73,2,0,1
BRDA:73,2,1,0
BRDA:104,3,0,0
BRDA:104,3,1,0
BRDA:111,4,0,0
BRDA:111,4,1,0
BRDA:114,5,0,0
BRDA:114,5,1,0
BRDA:117,6,0,0
BRDA:117,6,1,0
BRDA:164,7,0,0
BRDA:164,7,1,0
BRDA:177,8,0,0
BRDA:177,8,1,0
BRDA:191,9,0,0
BRDA:191,9,1,3
BRF:20
BRH:4
end_of_record
TN:
SF:jest.config.js
FNF:0
FNH:0
DA:1,0
LF:1
LH:0
BRF:0
BRH:0
end_of_record
TN:
SF:config/database.js
FN:36,getDatabaseUrl
FN:71,(anonymous_1)
FNF:2
FNH:1
FNDA:2,getDatabaseUrl
FNDA:0,(anonymous_1)
DA:1,2
DA:17,2
DA:32,2
DA:33,2
DA:37,2
DA:38,2
DA:39,0
DA:43,2
DA:44,2
DA:47,0
DA:48,0
DA:51,2
DA:60,2
DA:61,0
DA:64,2
DA:65,2
DA:67,2
DA:71,2
DA:72,0
DA:75,2
LF:20
LH:15
BRDA:32,0,0,2
BRDA:32,0,1,0
BRDA:33,1,0,2
BRDA:33,1,1,0
BRDA:38,2,0,0
BRDA:38,2,1,2
BRDA:43,3,0,2
BRDA:43,3,1,0
BRDA:47,4,0,0
BRDA:47,4,1,0
BRDA:57,5,0,0
BRDA:57,5,1,2
BRDA:60,6,0,0
BRDA:60,6,1,2
BRDA:64,7,0,2
BRDA:64,7,1,0
BRF:16
BRH:7
end_of_record
TN:
SF:config/firebase.js
FN:12,initializeFromSecretManager
FN:48,initializeFirebase
FN:71,(anonymous_2)
FN:75,(anonymous_3)
FN:87,getFirebaseAdmin
FNF:5
FNH:0
FNDA:0,initializeFromSecretManager
FNDA:0,initializeFirebase
FNDA:0,(anonymous_2)
FNDA:0,(anonymous_3)
FNDA:0,getFirebaseAdmin
DA:1,0
DA:2,0
DA:5,0
DA:6,0
DA:13,0
DA:14,0
DA:17,0
DA:20,0
DA:23,0
DA:26,0
DA:31,0
DA:36,0
DA:37,0
DA:39,0
DA:40,0
DA:50,0
DA:51,0
DA:52,0
DA:56,0
DA:57,0
DA:58,0
DA:62,0
DA:63,0
DA:65,0
DA:69,0
DA:70,0
DA:72,0
DA:73,0
DA:76,0
DA:77,0
DA:80,0
DA:88,0
DA:89,0
DA:91,0
DA:94,0
LF:35
LH:0
BRDA:50,0,0,0
BRDA:50,0,1,0
BRDA:56,1,0,0
BRDA:56,1,1,0
BRDA:62,2,0,0
BRDA:62,2,1,0
BRDA:88,3,0,0
BRDA:88,3,1,0
BRF:8
BRH:0
end_of_record
TN:
SF:middleware/authMiddleware.js
FN:11,verifyFirebaseToken
FN:67,requireSubscription
FN:68,(anonymous_2)
FN:102,checkResumeLimit
FNF:4
FNH:4
FNDA:63,verifyFirebaseToken
FNDA:12,requireSubscription
FNDA:12,(anonymous_2)
FNDA:15,checkResumeLimit
DA:1,5
DA:2,5
DA:12,63
DA:14,63
DA:17,63
DA:18,63
DA:19,14
DA:25,49
DA:28,49
DA:31,43
DA:40,42
DA:42,7
DA:43,2
DA:49,5
DA:50,1
DA:56,4
DA:68,12
DA:69,12
DA:70,12
DA:75,10
DA:76,1
DA:82,9
DA:83,4
DA:90,5
DA:91,5
DA:93,2
DA:103,15
DA:104,15
DA:113,12
DA:114,1
DA:121,11
DA:122,5
DA:131,6
DA:132,6
DA:133,6
DA:135,3
DA:139,5
LF:37
LH:37
BRDA:18,0,0,14
BRDA:18,0,1,49
BRDA:18,1,0,63
BRDA:18,1,1,51
BRDA:34,2,0,42
BRDA:34,2,1,37
BRDA:42,3,0,2
BRDA:42,3,1,5
BRDA:49,4,0,1
BRDA:49,4,1,4
BRDA:75,5,0,1
BRDA:75,5,1,9
BRDA:82,6,0,4
BRDA:82,6,1,5
BRDA:113,7,0,1
BRDA:113,7,1,11
BRDA:121,8,0,5
BRDA:121,8,1,6
BRF:18
BRH:18
end_of_record
TN:
SF:middleware/devTools.js
FN:18,requireDevAdmin
FN:50,bypassResumeLimit
FN:89,resetResumeCount
FN:124,isDevelopment
FN:131,isDevAdminEnabled
FN:138,isDevUnlimitedEnabled
FNF:6
FNH:2
FNDA:0,requireDevAdmin
FNDA:0,bypassResumeLimit
FNDA:0,resetResumeCount
FNDA:3,isDevelopment
FNDA:0,isDevAdminEnabled
FNDA:3,isDevUnlimitedEnabled
DA:8,3
DA:9,3
DA:20,0
DA:21,0
DA:28,0
DA:29,0
DA:36,0
DA:41,0
DA:52,0
DA:53,0
DA:57,0
DA:58,0
DA:61,0
DA:63,0
DA:65,0
DA:73,0
DA:78,0
DA:80,0
DA:81,0
DA:90,0
DA:91,0
DA:93,0
DA:108,0
DA:112,0
DA:117,0
DA:125,3
DA:132,0
DA:139,3
DA:142,3
LF:29
LH:5
BRDA:20,0,0,0
BRDA:20,0,1,0
BRDA:28,1,0,0
BRDA:28,1,1,0
BRDA:52,2,0,0
BRDA:52,2,1,0
BRDA:57,3,0,0
BRDA:57,3,1,0
BRDA:132,4,0,0
BRDA:132,4,1,0
BRDA:139,5,0,3
BRDA:139,5,1,3
BRF:12
BRH:2
end_of_record
TN:
SF:middleware/errorHandler.js
FN:7,(anonymous_0)
FNF:1
FNH:1
FNDA:50,(anonymous_0)
DA:1,4
DA:7,4
DA:9,50
DA:18,50
DA:19,11
DA:21,4
DA:27,3
DA:32,4
DA:40,39
DA:41,6
DA:49,33
DA:50,3
DA:56,30
DA:57,1
DA:64,29
DA:65,4
DA:73,25
DA:74,6
DA:81,19
DA:89,4
LF:20
LH:20
BRDA:18,0,0,11
BRDA:18,0,1,39
BRDA:18,1,0,50
BRDA:18,1,1,18
BRDA:19,2,0,4
BRDA:19,2,1,3
BRDA:19,2,2,4
BRDA:40,3,0,6
BRDA:40,3,1,33
BRDA:40,4,0,39
BRDA:40,4,1,7
BRDA:49,5,0,3
BRDA:49,5,1,30
BRDA:56,6,0,1
BRDA:56,6,1,29
BRDA:64,7,0,4
BRDA:64,7,1,25
BRDA:73,8,0,6
BRDA:73,8,1,19
BRDA:75,9,0,6
BRDA:75,9,1,0
BRDA:83,10,0,2
BRDA:83,10,1,17
BRF:23
BRH:22
end_of_record
TN:
SF:middleware/security.js
FN:104,sanitizeInput
FN:107,(anonymous_1)
FN:129,sanitizeObject
FN:130,(anonymous_3)
FN:144,additionalSecurityHeaders
FNF:5
FNH:5
FNDA:32,sanitizeInput
FNDA:15,(anonymous_1)
FNDA:2610,sanitizeObject
FNDA:5176,(anonymous_3)
FNDA:14,additionalSecurityHeaders
DA:6,1
DA:7,1
DA:17,1
DA:47,1
DA:61,1
DA:75,1
DA:88,1
DA:106,32
DA:107,31
DA:108,15
DA:110,12
DA:119,32
DA:120,31
DA:123,31
DA:130,2610
DA:131,5176
DA:133,2589
DA:134,2587
DA:135,2579
DA:146,14
DA:149,14
DA:152,14
DA:155,14
DA:158,14
DA:160,14
DA:163,1
LF:26
LH:26
BRDA:106,0,0,31
BRDA:106,0,1,1
BRDA:108,1,0,12
BRDA:108,1,1,3
BRDA:119,2,0,31
BRDA:119,2,1,1
BRDA:119,3,0,32
BRDA:119,3,1,32
BRDA:131,4,0,2589
BRDA:131,4,1,2587
BRDA:134,5,0,2579
BRDA:134,5,1,8
BRDA:134,6,0,2587
BRDA:134,6,1,2582
BRF:14
BRH:14
end_of_record
TN:
SF:routes/auth.js
FN:12,(anonymous_0)
FN:43,(anonymous_1)
FN:57,(anonymous_2)
FN:152,(anonymous_3)
FN:208,(anonymous_4)
FN:247,(anonymous_5)
FN:282,(anonymous_6)
FN:350,(anonymous_7)
FNF:8
FNH:3
FNDA:0,(anonymous_0)
FNDA:0,(anonymous_1)
FNDA:2,(anonymous_2)
FNDA:0,(anonymous_3)
FNDA:0,(anonymous_4)
FNDA:1,(anonymous_5)
FNDA:1,(anonymous_6)
FNDA:0,(anonymous_7)
DA:1,3
DA:2,3
DA:3,3
DA:4,3
DA:6,3
DA:12,3
DA:13,0
DA:14,0
DA:15,0
DA:16,0
DA:17,0
DA:24,0
DA:30,0
DA:43,3
DA:44,0
DA:45,0
DA:57,3
DA:58,2
DA:59,2
DA:60,2
DA:62,2
DA:65,2
DA:66,2
DA:69,2
DA:71,2
DA:72,1
DA:73,1
DA:87,1
DA:88,1
DA:102,1
DA:121,1
DA:122,1
DA:134,0
DA:143,0
DA:152,3
DA:153,0
DA:154,0
DA:157,0
DA:166,0
DA:167,0
DA:184,0
DA:199,0
DA:208,3
DA:209,0
DA:210,0
DA:212,0
DA:226,0
DA:227,0
DA:233,0
DA:238,0
DA:247,3
DA:248,1
DA:249,1
DA:251,1
DA:256,1
DA:269,1
DA:273,0
DA:282,3
DA:283,1
DA:284,1
DA:285,1
DA:287,1
DA:289,1
DA:303,1
DA:305,1
DA:306,0
DA:312,1
DA:316,0
DA:322,0
DA:333,3
DA:335,3
DA:347,3
DA:351,0
DA:352,0
DA:354,0
DA:365,0
DA:370,0
DA:375,3
LF:78
LH:44
BRDA:71,0,0,1
BRDA:71,0,1,1
BRDA:166,1,0,0
BRDA:166,1,1,0
BRDA:226,2,0,0
BRDA:226,2,1,0
BRDA:256,3,0,1
BRDA:256,3,1,0
BRDA:305,4,0,0
BRDA:305,4,1,1
BRF:10
BRH:4
end_of_record
TN:
SF:routes/conversation.js
FN:22,(anonymous_0)
FN:117,(anonymous_1)
FN:252,(anonymous_2)
FN:296,(anonymous_3)
FN:331,(anonymous_4)
FN:375,(anonymous_5)
FNF:6
FNH:6
FNDA:6,(anonymous_0)
FNDA:9,(anonymous_1)
FNDA:4,(anonymous_2)
FNDA:3,(anonymous_3)
FNDA:6,(anonymous_4)
FNDA:37,(anonymous_5)
DA:1,4
DA:2,4
DA:3,4
DA:4,4
DA:6,4
DA:12,4
DA:13,4
DA:14,4
DA:16,4
DA:22,4
DA:23,6
DA:24,6
DA:26,6
DA:31,5
DA:32,1
DA:39,4
DA:42,4
DA:44,4
DA:45,1
DA:52,3
DA:61,3
DA:77,3
DA:92,3
DA:108,1
DA:109,1
DA:117,4
DA:118,9
DA:119,9
DA:120,9
DA:122,9
DA:123,2
DA:129,7
DA:134,7
DA:135,1
DA:141,6
DA:144,6
DA:152,5
DA:153,1
DA:160,4
DA:161,4
DA:164,4
DA:180,4
DA:181,4
DA:183,4
DA:185,1
DA:186,1
DA:189,3
DA:191,3
DA:192,2
DA:193,2
DA:196,1
DA:201,1
DA:206,4
DA:221,4
DA:222,4
DA:224,4
DA:243,1
DA:244,1
DA:252,4
DA:253,4
DA:254,4
DA:255,4
DA:257,4
DA:262,4
DA:263,1
DA:269,3
DA:286,3
DA:287,1
DA:294,2
DA:296,3
DA:298,2
DA:302,2
DA:304,2
DA:322,0
DA:323,0
DA:331,4
DA:332,6
DA:333,6
DA:334,6
DA:336,6
DA:337,1
DA:343,5
DA:348,5
DA:349,1
DA:356,4
DA:364,4
DA:365,1
DA:372,3
DA:375,37
DA:376,3
DA:379,3
DA:394,3
DA:428,3
DA:435,0
DA:436,0
DA:440,4
LF:96
LH:92
BRDA:31,0,0,1
BRDA:31,0,1,4
BRDA:44,1,0,1
BRDA:44,1,1,3
BRDA:52,2,0,3
BRDA:52,2,1,1
BRDA:122,3,0,2
BRDA:122,3,1,7
BRDA:122,4,0,9
BRDA:122,4,1,8
BRDA:134,5,0,1
BRDA:134,5,1,6
BRDA:152,6,0,1
BRDA:152,6,1,4
BRDA:160,7,0,4
BRDA:160,7,1,0
BRDA:161,8,0,4
BRDA:161,8,1,0
BRDA:172,9,0,4
BRDA:172,9,1,0
BRDA:183,10,0,1
BRDA:183,10,1,3
BRDA:191,11,0,2
BRDA:191,11,1,1
BRDA:213,12,0,4
BRDA:213,12,1,1
BRDA:214,13,0,4
BRDA:214,13,1,1
BRDA:227,14,0,3
BRDA:227,14,1,1
BRDA:262,15,0,1
BRDA:262,15,1,3
BRDA:286,16,0,1
BRDA:286,16,1,2
BRDA:298,17,0,2
BRDA:298,17,1,0
BRDA:302,18,0,2
BRDA:302,18,1,0
BRDA:307,19,0,2
BRDA:307,19,1,0
BRDA:336,20,0,1
BRDA:336,20,1,5
BRDA:348,21,0,1
BRDA:348,21,1,4
BRDA:364,22,0,1
BRDA:364,22,1,3
BRF:46
BRH:40
end_of_record
TN:
SF:routes/profile.js
FN:13,(anonymous_0)
FN:55,(anonymous_1)
FNF:2
FNH:0
FNDA:0,(anonymous_0)
FNDA:0,(anonymous_1)
DA:1,3
DA:2,3
DA:3,3
DA:4,3
DA:6,3
DA:13,3
DA:14,0
DA:15,0
DA:16,0
DA:19,0
DA:24,0
DA:25,0
DA:32,0
DA:41,0
DA:46,0
DA:55,3
DA:56,0
DA:57,0
DA:59,0
DA:64,0
DA:65,0
DA:71,0
DA:75,0
DA:79,3
LF:24
LH:8
BRDA:24,0,0,0
BRDA:24,0,1,0
BRDA:64,1,0,0
BRDA:64,1,1,0
BRF:4
BRH:0
end_of_record
TN:
SF:routes/proxy.js
FN:9,(anonymous_0)
FN:23,(anonymous_1)
FN:30,(anonymous_2)
FNF:3
FNH:0
FNDA:0,(anonymous_0)
FNDA:0,(anonymous_1)
FNDA:0,(anonymous_2)
DA:1,3
DA:2,3
DA:3,3
DA:9,3
DA:10,0
DA:11,0
DA:13,0
DA:14,0
DA:18,0
DA:19,0
DA:23,0
DA:25,0
DA:26,0
DA:29,0
DA:31,0
DA:32,0
DA:35,0
DA:36,0
DA:40,3
LF:19
LH:5
BRDA:13,0,0,0
BRDA:13,0,1,0
BRDA:18,1,0,0
BRDA:18,1,1,0
BRDA:25,2,0,0
BRDA:25,2,1,0
BRF:6
BRH:0
end_of_record
TN:
SF:routes/resume.js
FN:11,buildResumePrompt
FN:105,(anonymous_1)
FN:106,(anonymous_2)
FN:238,(anonymous_3)
FN:286,(anonymous_4)
FN:321,(anonymous_5)
FN:348,(anonymous_6)
FN:387,(anonymous_7)
FN:431,(anonymous_8)
FNF:9
FNH:9
FNDA:4,buildResumePrompt
FNDA:7,(anonymous_1)
FNDA:7,(anonymous_2)
FNDA:7,(anonymous_3)
FNDA:8,(anonymous_4)
FNDA:6,(anonymous_5)
FNDA:2,(anonymous_6)
FNDA:2,(anonymous_7)
FNDA:1,(anonymous_8)
DA:1,3
DA:2,3
DA:3,3
DA:4,3
DA:5,3
DA:6,3
DA:7,3
DA:8,3
DA:12,4
DA:14,4
DA:15,2
DA:27,4
DA:29,4
DA:100,3
DA:102,3
DA:105,7
DA:107,7
DA:108,7
DA:111,7
DA:116,7
DA:117,1
DA:125,6
DA:127,6
DA:128,2
DA:131,4
DA:134,4
DA:148,4
DA:149,1
DA:150,1
DA:153,1
DA:155,1
DA:170,4
DA:177,4
DA:178,4
DA:179,4
DA:180,4
DA:182,4
DA:183,4
DA:185,4
DA:186,4
DA:189,4
DA:205,4
DA:210,4
DA:212,4
DA:229,0
DA:230,0
DA:238,3
DA:239,7
DA:240,7
DA:242,7
DA:243,1
DA:247,6
DA:248,6
DA:250,6
DA:251,1
DA:254,5
DA:257,5
DA:259,5
DA:266,5
DA:277,0
DA:278,0
DA:286,3
DA:287,8
DA:288,8
DA:290,8
DA:291,2
DA:297,6
DA:299,6
DA:312,0
DA:313,0
DA:321,3
DA:322,6
DA:323,6
DA:325,6
DA:326,2
DA:329,4
DA:331,4
DA:338,0
DA:339,0
DA:348,3
DA:349,2
DA:350,2
DA:353,2
DA:358,2
DA:359,0
DA:362,2
DA:376,2
DA:378,0
DA:387,3
DA:388,2
DA:389,2
DA:390,2
DA:392,2
DA:397,2
DA:398,0
DA:405,2
DA:412,2
DA:413,1
DA:419,1
DA:423,0
DA:431,3
DA:432,1
DA:433,1
DA:434,1
DA:436,1
DA:440,1
DA:441,0
DA:445,1
DA:450,1
DA:455,0
DA:459,3
LF:111
LH:97
BRDA:14,0,0,2
BRDA:14,0,1,2
BRDA:17,1,0,2
BRDA:17,1,1,0
BRDA:18,2,0,2
BRDA:18,2,1,0
BRDA:19,3,0,0
BRDA:19,3,1,2
BRDA:20,4,0,2
BRDA:20,4,1,0
BRDA:21,5,0,2
BRDA:21,5,1,0
BRDA:27,6,0,4
BRDA:27,6,1,3
BRDA:27,6,2,3
BRDA:27,6,3,1
BRDA:37,7,0,4
BRDA:37,7,1,1
BRDA:40,8,0,4
BRDA:40,8,1,3
BRDA:43,9,0,4
BRDA:43,9,1,0
BRDA:46,10,0,2
BRDA:46,10,1,2
BRDA:105,11,0,0
BRDA:105,11,1,3
BRDA:116,12,0,1
BRDA:116,12,1,6
BRDA:127,13,0,2
BRDA:127,13,1,4
BRDA:127,14,0,6
BRDA:127,14,1,5
BRDA:127,14,2,4
BRDA:148,15,0,1
BRDA:148,15,1,3
BRDA:148,16,0,4
BRDA:148,16,1,3
BRDA:172,17,0,4
BRDA:172,17,1,0
BRDA:182,18,0,4
BRDA:182,18,1,0
BRDA:183,19,0,0
BRDA:183,19,1,4
BRDA:185,20,0,4
BRDA:185,20,1,0
BRDA:192,21,0,1
BRDA:192,21,1,3
BRDA:193,22,0,4
BRDA:193,22,1,3
BRDA:242,23,0,1
BRDA:242,23,1,6
BRDA:250,24,0,1
BRDA:250,24,1,5
BRDA:290,25,0,2
BRDA:290,25,1,6
BRDA:290,26,0,8
BRDA:290,26,1,7
BRDA:325,27,0,2
BRDA:325,27,1,4
BRDA:325,28,0,6
BRDA:325,28,1,5
BRDA:334,29,0,4
BRDA:334,29,1,2
BRDA:358,30,0,0
BRDA:358,30,1,2
BRDA:397,31,0,0
BRDA:397,31,1,2
BRDA:412,32,0,1
BRDA:412,32,1,1
BRDA:440,33,0,0
BRDA:440,33,1,1
BRF:71
BRH:57
end_of_record
TN:
SF:services/geminiService.js
FN:8,(anonymous_0)
FN:23,(anonymous_1)
FN:34,(anonymous_2)
FN:47,(anonymous_3)
FN:75,(anonymous_4)
FN:94,(anonymous_5)
FNF:6
FNH:0
FNDA:0,(anonymous_0)
FNDA:0,(anonymous_1)
FNDA:0,(anonymous_2)
FNDA:0,(anonymous_3)
FNDA:0,(anonymous_4)
FNDA:0,(anonymous_5)
DA:1,0
DA:9,0
DA:11,0
DA:12,0
DA:13,0
DA:15,0
DA:24,0
DA:25,0
DA:27,0
DA:35,0
DA:36,0
DA:38,0
DA:48,0
DA:51,0
DA:59,0
DA:60,0
DA:62,0
DA:76,0
DA:79,0
DA:81,0
DA:82,0
DA:84,0
DA:95,0
DA:114,0
DA:116,0
LF:25
LH:0
BRDA:11,0,0,0
BRDA:11,0,1,0
BRDA:24,1,0,0
BRDA:24,1,1,0
BRDA:35,2,0,0
BRDA:35,2,1,0
BRDA:47,3,0,0
BRDA:64,4,0,0
BRDA:64,4,1,0
BRDA:86,5,0,0
BRDA:86,5,1,0
BRF:11
BRH:0
end_of_record
TN:
SF:services/geminiServiceVertex.js
FN:9,(anonymous_0)
FN:29,(anonymous_1)
FN:41,(anonymous_2)
FN:53,(anonymous_3)
FN:76,(anonymous_4)
FN:89,(anonymous_5)
FNF:6
FNH:1
FNDA:2,(anonymous_0)
FNDA:0,(anonymous_1)
FNDA:0,(anonymous_2)
FNDA:0,(anonymous_3)
FNDA:0,(anonymous_4)
FNDA:0,(anonymous_5)
DA:6,2
DA:11,2
DA:12,2
DA:14,2
DA:15,2
DA:19,2
DA:21,0
DA:22,0
DA:30,0
DA:31,0
DA:33,0
DA:42,0
DA:43,0
DA:45,0
DA:54,0
DA:56,0
DA:64,0
DA:65,0
DA:67,0
DA:77,0
DA:78,0
DA:80,0
DA:81,0
DA:83,0
DA:90,0
DA:109,2
DA:110,2
LF:27
LH:8
BRDA:11,0,0,2
BRDA:11,0,1,1
BRDA:30,1,0,0
BRDA:30,1,1,0
BRDA:42,2,0,0
BRDA:42,2,1,0
BRDA:53,3,0,0
BRDA:69,4,0,0
BRDA:69,4,1,0
BRDA:85,5,0,0
BRDA:85,5,1,0
BRF:11
BRH:2
end_of_record
TN:
SF:services/jobDescriptionAnalyzer.js
FN:15,(anonymous_0)
FN:24,(anonymous_1)
FN:46,(anonymous_2)
FN:125,(anonymous_3)
FN:144,(anonymous_4)
FN:151,(anonymous_5)
FN:195,(anonymous_6)
FN:258,(anonymous_7)
FN:296,(anonymous_8)
FN:329,(anonymous_9)
FN:347,(anonymous_10)
FNF:11
FNH:11
FNDA:33,(anonymous_0)
FNDA:9,(anonymous_1)
FNDA:8,(anonymous_2)
FNDA:7,(anonymous_3)
FNDA:161,(anonymous_4)
FNDA:70,(anonymous_5)
FNDA:12,(anonymous_6)
FNDA:17,(anonymous_7)
FNDA:16,(anonymous_8)
FNDA:4,(anonymous_9)
FNDA:13,(anonymous_10)
DA:16,33
DA:25,9
DA:26,1
DA:30,8
DA:33,8
DA:35,8
DA:47,8
DA:95,8
DA:96,8
DA:97,8
DA:98,7
DA:101,7
DA:103,7
DA:105,7
DA:108,7
DA:109,0
DA:112,7
DA:115,1
DA:118,1
DA:126,7
DA:129,7
DA:130,7
DA:131,2
DA:132,5
DA:133,1
DA:134,4
DA:135,1
DA:139,7
DA:144,161
DA:147,7
DA:151,70
DA:154,7
DA:155,7
DA:157,7
DA:196,12
DA:199,12
DA:200,12
DA:201,12
DA:210,0
DA:221,12
DA:222,12
DA:223,12
DA:234,12
DA:235,12
DA:245,12
DA:246,12
DA:249,12
DA:250,12
DA:252,12
DA:259,17
DA:290,17
DA:297,16
DA:299,16
DA:300,16
DA:302,16
DA:303,12
DA:304,12
DA:305,4
DA:306,3
DA:307,3
DA:308,1
DA:309,1
DA:310,1
DA:312,0
DA:313,0
DA:316,16
DA:330,4
DA:332,4
DA:333,1
DA:336,3
DA:337,1
DA:341,2
DA:346,2
DA:347,13
DA:349,2
DA:350,1
DA:356,1
DA:360,3
LF:78
LH:74
BRDA:25,0,0,1
BRDA:25,0,1,8
BRDA:25,1,0,9
BRDA:25,1,1,9
BRDA:108,2,0,0
BRDA:108,2,1,7
BRDA:108,3,0,7
BRDA:108,3,1,7
BRDA:108,3,2,7
BRDA:130,4,0,2
BRDA:130,4,1,5
BRDA:130,5,0,7
BRDA:130,5,1,6
BRDA:130,5,2,5
BRDA:132,6,0,1
BRDA:132,6,1,4
BRDA:132,7,0,5
BRDA:132,7,1,4
BRDA:132,7,2,4
BRDA:134,8,0,1
BRDA:134,8,1,3
BRDA:134,9,0,4
BRDA:134,9,1,4
BRDA:134,9,2,3
BRDA:154,10,0,7
BRDA:154,10,1,6
BRDA:162,11,0,2
BRDA:162,11,1,5
BRDA:163,12,0,1
BRDA:163,12,1,6
BRDA:199,13,0,12
BRDA:199,13,1,0
BRDA:221,14,0,12
BRDA:221,14,1,0
BRDA:234,15,0,12
BRDA:234,15,1,0
BRDA:290,16,0,17
BRDA:290,16,1,1
BRDA:302,17,0,12
BRDA:302,17,1,4
BRDA:302,18,0,16
BRDA:302,18,1,12
BRDA:305,19,0,3
BRDA:305,19,1,1
BRDA:308,20,0,1
BRDA:308,20,1,0
BRDA:308,21,0,1
BRDA:308,21,1,0
BRDA:332,22,0,1
BRDA:332,22,1,3
BRDA:336,23,0,1
BRDA:336,23,1,2
BRDA:349,24,0,1
BRDA:349,24,1,1
BRF:54
BRH:48
end_of_record
TN:
SF:services/personalityInference.js
FN:162,countKeywordMatches
FN:164,(anonymous_1)
FN:173,calculateTraitScore
FN:189,determineWorkStyle
FN:211,determineLeadershipStyle
FN:222,(anonymous_5)
FN:227,(anonymous_6)
FN:233,determineCommunicationStyle
FN:241,(anonymous_8)
FN:247,determineMotivationType
FN:255,(anonymous_10)
FN:261,determineDecisionMaking
FN:277,calculateConfidence
FN:290,inferPersonality
FN:293,(anonymous_14)
FN:294,(anonymous_15)
FN:318,(anonymous_16)
FNF:17
FNH:17
FNDA:742,countKeywordMatches
FNDA:5185,(anonymous_1)
FNDA:153,calculateTraitScore
FNDA:33,determineWorkStyle
FNDA:34,determineLeadershipStyle
FNDA:88,(anonymous_5)
FNDA:20,(anonymous_6)
FNDA:34,determineCommunicationStyle
FNDA:102,(anonymous_8)
FNDA:33,determineMotivationType
FNDA:99,(anonymous_10)
FNDA:29,determineDecisionMaking
FNDA:29,calculateConfidence
FNDA:29,inferPersonality
FNDA:69,(anonymous_14)
FNDA:46,(anonymous_15)
FNDA:69,(anonymous_16)
DA:16,4
DA:125,4
DA:133,4
DA:142,4
DA:152,4
DA:163,742
DA:164,742
DA:165,5185
DA:174,153
DA:175,153
DA:180,153
DA:183,153
DA:190,33
DA:194,33
DA:199,33
DA:200,9
DA:201,24
DA:202,3
DA:204,21
DA:212,34
DA:222,88
DA:223,24
DA:227,20
DA:234,34
DA:241,102
DA:248,33
DA:255,99
DA:262,29
DA:263,1
DA:264,28
DA:265,1
DA:267,27
DA:279,29
DA:282,29
DA:292,29
DA:293,69
DA:294,46
DA:298,29
DA:299,29
DA:303,29
DA:304,29
DA:308,29
DA:311,29
DA:312,29
DA:313,29
DA:314,29
DA:315,29
DA:318,69
DA:319,29
DA:320,29
DA:322,29
DA:343,4
LF:52
LH:52
BRDA:165,0,0,188
BRDA:165,0,1,4997
BRDA:199,1,0,9
BRDA:199,1,1,24
BRDA:201,2,0,3
BRDA:201,2,1,21
BRDA:222,3,0,24
BRDA:222,3,1,10
BRDA:227,4,0,13
BRDA:227,4,1,7
BRDA:241,5,0,15
BRDA:241,5,1,87
BRDA:255,6,0,15
BRDA:255,6,1,84
BRDA:262,7,0,1
BRDA:262,7,1,28
BRDA:264,8,0,1
BRDA:264,8,1,27
BRF:18
BRH:18
end_of_record
TN:
SF:services/personalityQuestions.js
FN:125,getPersonalityQuestions
FN:126,(anonymous_1)
FN:132,getQuestionById
FN:133,(anonymous_3)
FN:139,validateAnswer
FN:167,getQuestionHint
FN:183,getFollowUpQuestion
FN:206,buildFullConversation
FN:220,(anonymous_8)
FN:237,(anonymous_9)
FN:243,(anonymous_10)
FNF:11
FNH:11
FNDA:13,getPersonalityQuestions
FNDA:65,(anonymous_1)
FNDA:33,getQuestionById
FNDA:104,(anonymous_3)
FNDA:6,validateAnswer
FNDA:68,getQuestionHint
FNDA:4,getFollowUpQuestion
FNDA:10,buildFullConversation
FNDA:50,(anonymous_8)
FNDA:60,(anonymous_9)
FNDA:80,(anonymous_10)
DA:16,3
DA:126,65
DA:133,104
DA:140,6
DA:141,6
DA:142,1
DA:145,5
DA:147,5
DA:148,2
DA:154,3
DA:155,1
DA:161,2
DA:168,68
DA:177,68
DA:184,4
DA:185,4
DA:187,3
DA:190,3
DA:191,3
DA:195,3
DA:196,1
DA:200,2
DA:208,10
DA:220,10
DA:221,50
DA:236,10
DA:237,10
DA:238,60
DA:243,80
DA:255,10
DA:264,10
DA:267,3
LF:32
LH:32
BRDA:141,0,0,1
BRDA:141,0,1,5
BRDA:147,1,0,2
BRDA:147,1,1,3
BRDA:154,2,0,1
BRDA:154,2,1,2
BRDA:177,3,0,68
BRDA:177,3,1,1
BRDA:185,4,0,1
BRDA:185,4,1,3
BRDA:191,5,0,3
BRDA:191,5,1,3
BRDA:191,5,2,2
BRDA:195,6,0,1
BRDA:195,6,1,2
BRDA:195,7,0,3
BRDA:195,7,1,2
BRDA:195,7,2,2
BRF:18
BRH:18
end_of_record
TN:
SF:services/questionFramework.js
FN:180,getNextQuestion
FN:182,(anonymous_1)
FN:195,getQuestionById
FN:196,(anonymous_3)
FN:202,getTotalQuestions
FN:203,(anonymous_5)
FN:209,getProgress
FNF:7
FNH:7
FNDA:94,getNextQuestion
FNDA:1692,(anonymous_1)
FNDA:40,getQuestionById
FNDA:368,(anonymous_3)
FNDA:89,getTotalQuestions
FNDA:1602,(anonymous_5)
FNDA:43,getProgress
DA:6,5
DA:14,5
DA:182,1692
DA:185,94
DA:186,7
DA:189,87
DA:196,368
DA:203,1602
DA:210,43
DA:211,43
DA:214,5
LF:11
LH:11
BRDA:180,0,0,93
BRDA:185,1,0,7
BRDA:185,1,1,87
BRF:3
BRH:3
end_of_record
TN:
SF:utils/docx-parser.js
FN:3,extractTextFromDocx
FNF:1
FNH:0
FNDA:0,extractTextFromDocx
DA:1,0
DA:4,0
DA:5,0
DA:6,0
DA:8,0
DA:9,0
DA:13,0
LF:7
LH:0
BRF:0
BRH:0
end_of_record
TN:
SF:utils/logger.js
FNF:0
FNH:0
DA:1,3
DA:4,3
DA:18,3
DA:19,3
DA:27,3
LF:5
LH:5
BRDA:5,0,0,3
BRDA:5,0,1,0
BRDA:18,1,0,3
BRDA:18,1,1,0
BRF:4
BRH:2
end_of_record
TN:
SF:utils/pdf-parser.js
FN:3,extractTextFromPdf
FNF:1
FNH:0
FNDA:0,extractTextFromPdf
DA:1,0
DA:4,0
DA:5,0
DA:6,0
DA:7,0
DA:9,0
DA:10,0
DA:14,0
LF:8
LH:0
BRF:0
BRH:0
end_of_record
