TN:
SF:generate-cv.js
FN:16,(anonymous_0)
FN:17,(anonymous_1)
FN:19,(anonymous_2)
FN:37,(anonymous_3)
FN:57,(anonymous_4)
FN:70,handler
FNF:6
FNH:0
FNDA:0,(anonymous_0)
FNDA:0,(anonymous_1)
FNDA:0,(anonymous_2)
FNDA:0,(anonymous_3)
FNDA:0,(anonymous_4)
FNDA:0,handler
DA:8,0
DA:10,0
DA:16,0
DA:17,0
DA:18,0
DA:19,0
DA:20,0
DA:21,0
DA:23,0
DA:24,0
DA:25,0
DA:27,0
DA:28,0
DA:29,0
DA:31,0
DA:37,0
DA:38,0
DA:39,0
DA:40,0
DA:41,0
DA:42,0
DA:44,0
DA:46,0
DA:47,0
DA:48,0
DA:49,0
DA:50,0
DA:51,0
DA:52,0
DA:53,0
DA:54,0
DA:55,0
DA:56,0
DA:57,0
DA:58,0
DA:60,0
DA:62,0
DA:65,0
DA:66,0
DA:71,0
DA:72,0
DA:75,0
DA:76,0
DA:77,0
DA:78,0
DA:80,0
DA:82,0
DA:83,0
DA:86,0
DA:87,0
DA:88,0
DA:90,0
DA:91,0
DA:92,0
DA:93,0
DA:94,0
DA:99,0
DA:101,0
DA:102,0
DA:104,0
DA:150,0
DA:151,0
DA:152,0
DA:154,0
DA:155,0
DA:156,0
DA:157,0
DA:158,0
DA:160,0
DA:161,0
DA:162,0
DA:165,0
DA:166,0
LF:73
LH:0
BRDA:20,0,0,0
BRDA:20,0,1,0
BRDA:25,1,0,0
BRDA:25,1,1,0
BRDA:29,2,0,0
BRDA:29,2,1,0
BRDA:40,3,0,0
BRDA:40,3,1,0
BRDA:46,4,0,0
BRDA:46,4,1,0
BRDA:49,5,0,0
BRDA:49,5,1,0
BRDA:71,6,0,0
BRDA:71,6,1,0
BRDA:78,7,0,0
BRDA:78,7,1,0
BRDA:80,8,0,0
BRDA:80,8,1,0
BRDA:82,9,0,0
BRDA:82,9,1,0
BRDA:82,10,0,0
BRDA:82,10,1,0
BRDA:82,10,2,0
BRDA:82,10,3,0
BRDA:87,11,0,0
BRDA:87,11,1,0
BRDA:93,12,0,0
BRDA:93,12,1,0
BRF:28
BRH:0
end_of_record
TN:
SF:index.js
FN:57,(anonymous_0)
FN:59,(anonymous_1)
FN:73,(anonymous_2)
FN:92,(anonymous_3)
FN:117,(anonymous_4)
FN:143,(anonymous_5)
FN:155,(anonymous_6)
FN:161,(anonymous_7)
FN:168,initializeApp
FN:183,(anonymous_9)
FN:199,(anonymous_10)
FNF:11
FNH:0
FNDA:0,(anonymous_0)
FNDA:0,(anonymous_1)
FNDA:0,(anonymous_2)
FNDA:0,(anonymous_3)
FNDA:0,(anonymous_4)
FNDA:0,(anonymous_5)
FNDA:0,(anonymous_6)
FNDA:0,(anonymous_7)
FNDA:0,initializeApp
FNDA:0,(anonymous_9)
FNDA:0,(anonymous_10)
DA:1,0
DA:2,0
DA:3,0
DA:4,0
DA:5,0
DA:6,0
DA:9,0
DA:10,0
DA:13,0
DA:14,0
DA:17,0
DA:20,0
DA:34,0
DA:38,0
DA:41,0
DA:50,0
DA:53,0
DA:54,0
DA:57,0
DA:58,0
DA:59,0
DA:60,0
DA:61,0
DA:69,0
DA:73,0
DA:74,0
DA:76,0
DA:83,0
DA:84,0
DA:92,0
DA:93,0
DA:99,0
DA:101,0
DA:102,0
DA:104,0
DA:105,0
DA:108,0
DA:110,0
DA:111,0
DA:113,0
DA:114,0
DA:117,0
DA:118,0
DA:120,0
DA:130,0
DA:131,0
DA:132,0
DA:133,0
DA:134,0
DA:136,0
DA:137,0
DA:138,0
DA:139,0
DA:140,0
DA:143,0
DA:144,0
DA:151,0
DA:152,0
DA:155,0
DA:156,0
DA:157,0
DA:158,0
DA:161,0
DA:162,0
DA:163,0
DA:164,0
DA:169,0
DA:171,0
DA:172,0
DA:173,0
DA:175,0
DA:179,0
DA:180,0
DA:183,0
DA:184,0
DA:185,0
DA:186,0
DA:189,0
DA:191,0
DA:192,0
DA:198,0
DA:199,0
DA:202,0
DA:206,0
LF:84
LH:0
BRDA:14,0,0,0
BRDA:14,0,1,0
BRDA:21,1,0,0
BRDA:21,1,1,0
BRDA:80,2,0,0
BRDA:80,2,1,0
BRDA:111,3,0,0
BRDA:111,3,1,0
BRDA:118,4,0,0
BRDA:118,4,1,0
BRDA:121,5,0,0
BRDA:121,5,1,0
BRDA:124,6,0,0
BRDA:124,6,1,0
BRDA:171,7,0,0
BRDA:171,7,1,0
BRDA:184,8,0,0
BRDA:184,8,1,0
BRDA:198,9,0,0
BRDA:198,9,1,0
BRF:20
BRH:0
end_of_record
TN:
SF:jest.config.js
FNF:0
FNH:0
DA:1,0
LF:1
LH:0
BRF:0
BRH:0
end_of_record
TN:
SF:run-as-postgres.js
FN:8,fixOwnership
FNF:1
FNH:0
FNDA:0,fixOwnership
DA:6,0
DA:9,0
DA:12,0
DA:14,0
DA:15,0
DA:17,0
DA:18,0
DA:19,0
DA:20,0
DA:24,0
DA:25,0
DA:31,0
DA:33,0
DA:36,0
DA:37,0
DA:39,0
DA:43,0
LF:17
LH:0
BRF:0
BRH:0
end_of_record
TN:
SF:run-migrations.js
FN:12,runMigrations
FN:35,(anonymous_1)
FN:36,(anonymous_2)
FN:60,main
FN:73,(anonymous_4)
FNF:5
FNH:0
FNDA:0,runMigrations
FNDA:0,(anonymous_1)
FNDA:0,(anonymous_2)
FNDA:0,main
FNDA:0,(anonymous_4)
DA:6,0
DA:7,0
DA:8,0
DA:10,0
DA:13,0
DA:15,0
DA:20,0
DA:21,0
DA:23,0
DA:24,0
DA:25,0
DA:28,0
DA:29,0
DA:31,0
DA:33,0
DA:35,0
DA:36,0
DA:38,0
DA:39,0
DA:40,0
DA:44,0
DA:47,0
DA:48,0
DA:50,0
DA:51,0
DA:52,0
DA:57,0
DA:61,0
DA:62,0
DA:65,0
DA:66,0
DA:73,0
DA:74,0
DA:77,0
DA:78,0
DA:80,0
DA:84,0
LF:37
LH:0
BRDA:23,0,0,0
BRDA:23,0,1,0
BRDA:36,1,0,0
BRDA:36,1,1,0
BRDA:39,2,0,0
BRDA:39,2,1,0
BRDA:47,3,0,0
BRDA:47,3,1,0
BRDA:47,4,0,0
BRDA:47,4,1,0
BRF:10
BRH:0
end_of_record
TN:
SF:config/database.js
FN:36,getDatabaseUrl
FN:71,(anonymous_1)
FNF:2
FNH:1
FNDA:1,getDatabaseUrl
FNDA:0,(anonymous_1)
DA:1,1
DA:17,1
DA:32,1
DA:33,1
DA:37,1
DA:38,1
DA:39,0
DA:43,1
DA:44,1
DA:47,0
DA:48,0
DA:51,1
DA:60,1
DA:61,0
DA:64,1
DA:65,1
DA:67,1
DA:71,1
DA:72,0
DA:75,1
LF:20
LH:15
BRDA:32,0,0,1
BRDA:32,0,1,0
BRDA:33,1,0,1
BRDA:33,1,1,0
BRDA:38,2,0,0
BRDA:38,2,1,1
BRDA:43,3,0,1
BRDA:43,3,1,0
BRDA:47,4,0,0
BRDA:47,4,1,0
BRDA:57,5,0,0
BRDA:57,5,1,1
BRDA:60,6,0,0
BRDA:60,6,1,1
BRDA:64,7,0,1
BRDA:64,7,1,0
BRF:16
BRH:7
end_of_record
TN:
SF:config/firebase.js
FN:12,initializeFromSecretManager
FN:53,initializeFirebase
FN:76,(anonymous_2)
FN:80,(anonymous_3)
FN:92,getFirebaseAdmin
FNF:5
FNH:0
FNDA:0,initializeFromSecretManager
FNDA:0,initializeFirebase
FNDA:0,(anonymous_2)
FNDA:0,(anonymous_3)
FNDA:0,getFirebaseAdmin
DA:1,0
DA:2,0
DA:5,0
DA:6,0
DA:13,0
DA:14,0
DA:18,0
DA:19,0
DA:22,0
DA:25,0
DA:28,0
DA:31,0
DA:36,0
DA:41,0
DA:42,0
DA:44,0
DA:45,0
DA:55,0
DA:56,0
DA:57,0
DA:61,0
DA:62,0
DA:63,0
DA:67,0
DA:68,0
DA:70,0
DA:74,0
DA:75,0
DA:77,0
DA:78,0
DA:81,0
DA:82,0
DA:85,0
DA:93,0
DA:94,0
DA:96,0
DA:99,0
LF:37
LH:0
BRDA:19,0,0,0
BRDA:19,0,1,0
BRDA:55,1,0,0
BRDA:55,1,1,0
BRDA:61,2,0,0
BRDA:61,2,1,0
BRDA:67,3,0,0
BRDA:67,3,1,0
BRDA:93,4,0,0
BRDA:93,4,1,0
BRF:10
BRH:0
end_of_record
TN:
SF:middleware/authMiddleware.js
FN:11,verifyFirebaseToken
FN:67,requireSubscription
FN:68,(anonymous_2)
FN:102,checkResumeLimit
FNF:4
FNH:0
FNDA:0,verifyFirebaseToken
FNDA:0,requireSubscription
FNDA:0,(anonymous_2)
FNDA:0,checkResumeLimit
DA:1,1
DA:2,1
DA:12,0
DA:14,0
DA:17,0
DA:18,0
DA:19,0
DA:25,0
DA:28,0
DA:31,0
DA:40,0
DA:42,0
DA:43,0
DA:49,0
DA:50,0
DA:56,0
DA:68,0
DA:69,0
DA:70,0
DA:75,0
DA:76,0
DA:82,0
DA:83,0
DA:90,0
DA:91,0
DA:93,0
DA:103,0
DA:104,0
DA:113,0
DA:114,0
DA:121,0
DA:122,0
DA:131,0
DA:132,0
DA:133,0
DA:135,0
DA:139,1
LF:37
LH:3
BRDA:18,0,0,0
BRDA:18,0,1,0
BRDA:18,1,0,0
BRDA:18,1,1,0
BRDA:34,2,0,0
BRDA:34,2,1,0
BRDA:42,3,0,0
BRDA:42,3,1,0
BRDA:49,4,0,0
BRDA:49,4,1,0
BRDA:75,5,0,0
BRDA:75,5,1,0
BRDA:82,6,0,0
BRDA:82,6,1,0
BRDA:113,7,0,0
BRDA:113,7,1,0
BRDA:121,8,0,0
BRDA:121,8,1,0
BRF:18
BRH:0
end_of_record
TN:
SF:middleware/devTools.js
FN:18,requireDevAdmin
FN:50,bypassResumeLimit
FN:89,resetResumeCount
FN:124,isDevelopment
FN:131,isDevAdminEnabled
FN:138,isDevUnlimitedEnabled
FNF:6
FNH:0
FNDA:0,requireDevAdmin
FNDA:0,bypassResumeLimit
FNDA:0,resetResumeCount
FNDA:0,isDevelopment
FNDA:0,isDevAdminEnabled
FNDA:0,isDevUnlimitedEnabled
DA:8,0
DA:9,0
DA:20,0
DA:21,0
DA:28,0
DA:29,0
DA:36,0
DA:41,0
DA:52,0
DA:53,0
DA:57,0
DA:58,0
DA:61,0
DA:63,0
DA:65,0
DA:73,0
DA:78,0
DA:80,0
DA:81,0
DA:90,0
DA:91,0
DA:93,0
DA:108,0
DA:112,0
DA:117,0
DA:125,0
DA:132,0
DA:139,0
DA:142,0
LF:29
LH:0
BRDA:20,0,0,0
BRDA:20,0,1,0
BRDA:28,1,0,0
BRDA:28,1,1,0
BRDA:52,2,0,0
BRDA:52,2,1,0
BRDA:57,3,0,0
BRDA:57,3,1,0
BRDA:132,4,0,0
BRDA:132,4,1,0
BRDA:139,5,0,0
BRDA:139,5,1,0
BRF:12
BRH:0
end_of_record
TN:
SF:middleware/errorHandler.js
FN:7,(anonymous_0)
FNF:1
FNH:0
FNDA:0,(anonymous_0)
DA:1,0
DA:7,0
DA:9,0
DA:18,0
DA:19,0
DA:21,0
DA:27,0
DA:32,0
DA:40,0
DA:41,0
DA:49,0
DA:50,0
DA:56,0
DA:57,0
DA:64,0
DA:65,0
DA:73,0
DA:74,0
DA:81,0
DA:89,0
LF:20
LH:0
BRDA:18,0,0,0
BRDA:18,0,1,0
BRDA:18,1,0,0
BRDA:18,1,1,0
BRDA:19,2,0,0
BRDA:19,2,1,0
BRDA:19,2,2,0
BRDA:40,3,0,0
BRDA:40,3,1,0
BRDA:40,4,0,0
BRDA:40,4,1,0
BRDA:49,5,0,0
BRDA:49,5,1,0
BRDA:56,6,0,0
BRDA:56,6,1,0
BRDA:64,7,0,0
BRDA:64,7,1,0
BRDA:73,8,0,0
BRDA:73,8,1,0
BRDA:75,9,0,0
BRDA:75,9,1,0
BRDA:83,10,0,0
BRDA:83,10,1,0
BRF:23
BRH:0
end_of_record
TN:
SF:middleware/security.js
FN:104,sanitizeInput
FN:107,(anonymous_1)
FN:129,sanitizeObject
FN:130,(anonymous_3)
FN:144,additionalSecurityHeaders
FNF:5
FNH:5
FNDA:32,sanitizeInput
FNDA:15,(anonymous_1)
FNDA:2610,sanitizeObject
FNDA:5176,(anonymous_3)
FNDA:14,additionalSecurityHeaders
DA:6,1
DA:7,1
DA:17,1
DA:47,1
DA:61,1
DA:75,1
DA:88,1
DA:106,32
DA:107,31
DA:108,15
DA:110,12
DA:119,32
DA:120,31
DA:123,31
DA:130,2610
DA:131,5176
DA:133,2589
DA:134,2587
DA:135,2579
DA:146,14
DA:149,14
DA:152,14
DA:155,14
DA:158,14
DA:160,14
DA:163,1
LF:26
LH:26
BRDA:106,0,0,31
BRDA:106,0,1,1
BRDA:108,1,0,12
BRDA:108,1,1,3
BRDA:119,2,0,31
BRDA:119,2,1,1
BRDA:119,3,0,32
BRDA:119,3,1,32
BRDA:131,4,0,2589
BRDA:131,4,1,2587
BRDA:134,5,0,2579
BRDA:134,5,1,8
BRDA:134,6,0,2587
BRDA:134,6,1,2582
BRF:14
BRH:14
end_of_record
TN:
SF:routes/auth.js
FN:12,(anonymous_0)
FN:43,(anonymous_1)
FN:57,(anonymous_2)
FN:152,(anonymous_3)
FN:208,(anonymous_4)
FN:247,(anonymous_5)
FN:282,(anonymous_6)
FN:350,(anonymous_7)
FNF:8
FNH:0
FNDA:0,(anonymous_0)
FNDA:0,(anonymous_1)
FNDA:0,(anonymous_2)
FNDA:0,(anonymous_3)
FNDA:0,(anonymous_4)
FNDA:0,(anonymous_5)
FNDA:0,(anonymous_6)
FNDA:0,(anonymous_7)
DA:1,0
DA:2,0
DA:3,0
DA:4,0
DA:6,0
DA:12,0
DA:13,0
DA:14,0
DA:15,0
DA:16,0
DA:17,0
DA:24,0
DA:30,0
DA:43,0
DA:44,0
DA:45,0
DA:57,0
DA:58,0
DA:59,0
DA:60,0
DA:62,0
DA:65,0
DA:66,0
DA:69,0
DA:71,0
DA:72,0
DA:73,0
DA:87,0
DA:88,0
DA:102,0
DA:121,0
DA:122,0
DA:134,0
DA:143,0
DA:152,0
DA:153,0
DA:154,0
DA:157,0
DA:166,0
DA:167,0
DA:184,0
DA:199,0
DA:208,0
DA:209,0
DA:210,0
DA:212,0
DA:226,0
DA:227,0
DA:233,0
DA:238,0
DA:247,0
DA:248,0
DA:249,0
DA:251,0
DA:256,0
DA:269,0
DA:273,0
DA:282,0
DA:283,0
DA:284,0
DA:285,0
DA:287,0
DA:289,0
DA:303,0
DA:305,0
DA:306,0
DA:312,0
DA:316,0
DA:322,0
DA:333,0
DA:335,0
DA:347,0
DA:351,0
DA:352,0
DA:354,0
DA:365,0
DA:370,0
DA:375,0
LF:78
LH:0
BRDA:71,0,0,0
BRDA:71,0,1,0
BRDA:166,1,0,0
BRDA:166,1,1,0
BRDA:226,2,0,0
BRDA:226,2,1,0
BRDA:256,3,0,0
BRDA:256,3,1,0
BRDA:305,4,0,0
BRDA:305,4,1,0
BRF:10
BRH:0
end_of_record
TN:
SF:routes/conversation.js
FN:28,(anonymous_0)
FN:194,(anonymous_1)
FN:376,(anonymous_2)
FN:424,(anonymous_3)
FN:472,(anonymous_4)
FN:526,(anonymous_5)
FNF:6
FNH:5
FNDA:14,(anonymous_0)
FNDA:9,(anonymous_1)
FNDA:4,(anonymous_2)
FNDA:3,(anonymous_3)
FNDA:6,(anonymous_4)
FNDA:0,(anonymous_5)
DA:1,1
DA:2,1
DA:3,1
DA:4,1
DA:6,1
DA:12,1
DA:13,1
DA:14,1
DA:15,1
DA:16,1
DA:18,1
DA:21,1
DA:28,1
DA:29,14
DA:30,14
DA:31,14
DA:33,8
DA:38,8
DA:39,0
DA:46,8
DA:49,8
DA:50,8
DA:54,8
DA:55,6
DA:56,6
DA:58,6
DA:59,3
DA:61,3
DA:64,6
DA:65,6
DA:67,6
DA:69,5
DA:70,5
DA:73,5
DA:83,5
DA:93,5
DA:95,5
DA:101,1
DA:103,1
DA:106,0
DA:108,0
DA:112,2
DA:115,8
DA:116,0
DA:123,8
DA:124,8
DA:126,8
DA:142,8
DA:164,8
DA:166,8
DA:184,6
DA:185,6
DA:194,1
DA:195,9
DA:196,9
DA:197,9
DA:199,9
DA:200,2
DA:206,7
DA:211,7
DA:212,1
DA:218,6
DA:223,6
DA:231,5
DA:232,1
DA:238,4
DA:239,4
DA:242,4
DA:243,4
DA:249,4
DA:251,0
DA:252,0
DA:253,0
DA:254,0
DA:257,4
DA:258,4
DA:259,4
DA:263,4
DA:275,4
DA:276,4
DA:278,4
DA:279,0
DA:280,0
DA:282,0
DA:283,0
DA:284,0
DA:292,0
DA:295,0
DA:300,0
DA:303,0
DA:306,4
DA:308,4
DA:309,3
DA:310,3
DA:313,1
DA:318,1
DA:323,4
DA:324,4
DA:336,4
DA:345,0
DA:346,0
DA:348,0
DA:367,5
DA:368,5
DA:376,1
DA:377,4
DA:378,4
DA:379,4
DA:381,4
DA:386,4
DA:387,1
DA:393,3
DA:410,3
DA:411,1
DA:418,2
DA:419,2
DA:422,2
DA:424,3
DA:430,2
DA:431,0
DA:432,0
DA:433,0
DA:434,0
DA:436,2
DA:439,2
DA:440,2
DA:443,2
DA:445,2
DA:463,0
DA:464,0
DA:472,1
DA:473,6
DA:474,6
DA:475,6
DA:477,6
DA:478,1
DA:484,5
DA:489,5
DA:490,1
DA:497,4
DA:505,0
DA:506,0
DA:512,0
DA:514,0
DA:515,0
DA:522,0
DA:523,0
DA:526,0
DA:529,0
DA:530,0
DA:531,0
DA:534,0
DA:535,0
DA:539,0
DA:554,0
DA:588,0
DA:595,4
DA:596,4
DA:601,1
DA:602,1
LF:160
LH:118
BRDA:38,0,0,0
BRDA:38,0,1,8
BRDA:54,1,0,6
BRDA:54,1,1,2
BRDA:54,2,0,8
BRDA:54,2,1,7
BRDA:56,3,0,6
BRDA:56,3,1,5
BRDA:58,4,0,3
BRDA:58,4,1,3
BRDA:67,5,0,5
BRDA:67,5,1,1
BRDA:69,6,0,5
BRDA:69,6,1,1
BRDA:78,7,0,5
BRDA:78,7,1,1
BRDA:115,8,0,0
BRDA:115,8,1,8
BRDA:126,9,0,8
BRDA:126,9,1,0
BRDA:130,10,0,5
BRDA:130,10,1,3
BRDA:131,11,0,4
BRDA:131,11,1,1
BRDA:132,12,0,4
BRDA:132,12,1,4
BRDA:137,13,0,4
BRDA:137,13,1,4
BRDA:164,14,0,5
BRDA:164,14,1,3
BRDA:170,15,0,8
BRDA:170,15,1,3
BRDA:199,16,0,2
BRDA:199,16,1,7
BRDA:199,17,0,9
BRDA:199,17,1,8
BRDA:211,18,0,1
BRDA:211,18,1,6
BRDA:231,19,0,1
BRDA:231,19,1,4
BRDA:239,20,0,4
BRDA:239,20,1,4
BRDA:249,21,0,0
BRDA:249,21,1,4
BRDA:257,22,0,4
BRDA:257,22,1,0
BRDA:258,23,0,4
BRDA:258,23,1,0
BRDA:269,24,0,4
BRDA:269,24,1,0
BRDA:269,24,2,0
BRDA:278,25,0,0
BRDA:278,25,1,4
BRDA:282,26,0,0
BRDA:282,26,1,0
BRDA:308,27,0,3
BRDA:308,27,1,1
BRDA:323,28,0,4
BRDA:323,28,1,0
BRDA:327,29,0,4
BRDA:327,29,1,1
BRDA:328,30,0,4
BRDA:328,30,1,1
BRDA:328,30,2,1
BRDA:329,31,0,0
BRDA:329,31,1,4
BRDA:351,32,0,0
BRDA:351,32,1,0
BRDA:354,33,0,0
BRDA:354,33,1,0
BRDA:355,34,0,0
BRDA:355,34,1,0
BRDA:356,35,0,0
BRDA:356,35,1,0
BRDA:386,36,0,1
BRDA:386,36,1,3
BRDA:410,37,0,1
BRDA:410,37,1,2
BRDA:430,38,0,0
BRDA:430,38,1,2
BRDA:436,39,0,2
BRDA:436,39,1,0
BRDA:439,40,0,2
BRDA:439,40,1,0
BRDA:448,41,0,2
BRDA:448,41,1,0
BRDA:451,42,0,2
BRDA:451,42,1,0
BRDA:452,43,0,2
BRDA:452,43,1,0
BRDA:453,44,0,2
BRDA:453,44,1,0
BRDA:477,45,0,1
BRDA:477,45,1,5
BRDA:489,46,0,1
BRDA:489,46,1,4
BRDA:505,47,0,0
BRDA:505,47,1,0
BRDA:512,48,0,0
BRDA:512,48,1,0
BRDA:514,49,0,0
BRDA:514,49,1,0
BRDA:530,50,0,0
BRDA:530,50,1,0
BRDA:534,51,0,0
BRDA:534,51,1,0
BRF:106
BRH:68
end_of_record
TN:
SF:routes/profile.js
FN:13,(anonymous_0)
FN:55,(anonymous_1)
FNF:2
FNH:0
FNDA:0,(anonymous_0)
FNDA:0,(anonymous_1)
DA:1,0
DA:2,0
DA:3,0
DA:4,0
DA:6,0
DA:13,0
DA:14,0
DA:15,0
DA:16,0
DA:19,0
DA:24,0
DA:25,0
DA:32,0
DA:41,0
DA:46,0
DA:55,0
DA:56,0
DA:57,0
DA:59,0
DA:64,0
DA:65,0
DA:71,0
DA:75,0
DA:79,0
LF:24
LH:0
BRDA:24,0,0,0
BRDA:24,0,1,0
BRDA:64,1,0,0
BRDA:64,1,1,0
BRF:4
BRH:0
end_of_record
TN:
SF:routes/proxy.js
FN:9,(anonymous_0)
FN:23,(anonymous_1)
FN:30,(anonymous_2)
FNF:3
FNH:0
FNDA:0,(anonymous_0)
FNDA:0,(anonymous_1)
FNDA:0,(anonymous_2)
DA:1,0
DA:2,0
DA:3,0
DA:9,0
DA:10,0
DA:11,0
DA:13,0
DA:14,0
DA:18,0
DA:19,0
DA:23,0
DA:25,0
DA:26,0
DA:29,0
DA:31,0
DA:32,0
DA:35,0
DA:36,0
DA:40,0
LF:19
LH:0
BRDA:13,0,0,0
BRDA:13,0,1,0
BRDA:18,1,0,0
BRDA:18,1,1,0
BRDA:25,2,0,0
BRDA:25,2,1,0
BRF:6
BRH:0
end_of_record
TN:
SF:routes/resume.js
FN:14,buildResumePrompt
FN:142,(anonymous_1)
FN:143,(anonymous_2)
FN:186,(anonymous_3)
FN:187,(anonymous_4)
FN:190,(anonymous_5)
FN:315,(anonymous_6)
FN:340,(anonymous_7)
FN:388,(anonymous_8)
FN:423,(anonymous_9)
FN:450,(anonymous_10)
FN:489,(anonymous_11)
FN:533,(anonymous_12)
FN:602,_calculateATSGrade
FN:619,(anonymous_14)
FN:629,(anonymous_15)
FN:744,(anonymous_16)
FN:758,(anonymous_17)
FN:829,(anonymous_18)
FN:918,(anonymous_19)
FN:970,(anonymous_20)
FNF:21
FNH:0
FNDA:0,buildResumePrompt
FNDA:0,(anonymous_1)
FNDA:0,(anonymous_2)
FNDA:0,(anonymous_3)
FNDA:0,(anonymous_4)
FNDA:0,(anonymous_5)
FNDA:0,(anonymous_6)
FNDA:0,(anonymous_7)
FNDA:0,(anonymous_8)
FNDA:0,(anonymous_9)
FNDA:0,(anonymous_10)
FNDA:0,(anonymous_11)
FNDA:0,(anonymous_12)
FNDA:0,_calculateATSGrade
FNDA:0,(anonymous_14)
FNDA:0,(anonymous_15)
FNDA:0,(anonymous_16)
FNDA:0,(anonymous_17)
FNDA:0,(anonymous_18)
FNDA:0,(anonymous_19)
FNDA:0,(anonymous_20)
DA:1,0
DA:2,0
DA:3,0
DA:4,0
DA:5,0
DA:6,0
DA:7,0
DA:8,0
DA:9,0
DA:10,0
DA:11,0
DA:15,0
DA:17,0
DA:18,0
DA:31,0
DA:32,0
DA:33,0
DA:57,0
DA:58,0
DA:60,0
DA:137,0
DA:139,0
DA:142,0
DA:144,0
DA:145,0
DA:148,0
DA:153,0
DA:154,0
DA:162,0
DA:164,0
DA:165,0
DA:168,0
DA:171,0
DA:173,0
DA:174,0
DA:175,0
DA:183,0
DA:185,0
DA:186,0
DA:187,0
DA:190,0
DA:192,0
DA:197,0
DA:215,0
DA:216,0
DA:220,0
DA:221,0
DA:223,0
DA:226,0
DA:227,0
DA:229,0
DA:230,0
DA:231,0
DA:233,0
DA:234,0
DA:240,0
DA:251,0
DA:252,0
DA:253,0
DA:254,0
DA:256,0
DA:257,0
DA:259,0
DA:260,0
DA:263,0
DA:264,0
DA:265,0
DA:266,0
DA:267,0
DA:269,0
DA:277,0
DA:293,0
DA:298,0
DA:300,0
DA:315,0
DA:331,0
DA:332,0
DA:340,0
DA:341,0
DA:342,0
DA:344,0
DA:345,0
DA:349,0
DA:350,0
DA:352,0
DA:353,0
DA:356,0
DA:359,0
DA:361,0
DA:368,0
DA:379,0
DA:380,0
DA:388,0
DA:389,0
DA:390,0
DA:392,0
DA:393,0
DA:399,0
DA:401,0
DA:414,0
DA:415,0
DA:423,0
DA:424,0
DA:425,0
DA:427,0
DA:428,0
DA:431,0
DA:433,0
DA:440,0
DA:441,0
DA:450,0
DA:451,0
DA:452,0
DA:455,0
DA:460,0
DA:461,0
DA:464,0
DA:478,0
DA:480,0
DA:489,0
DA:490,0
DA:491,0
DA:492,0
DA:494,0
DA:499,0
DA:500,0
DA:507,0
DA:514,0
DA:515,0
DA:521,0
DA:525,0
DA:533,0
DA:534,0
DA:535,0
DA:536,0
DA:539,0
DA:544,0
DA:553,0
DA:554,0
DA:558,0
DA:559,0
DA:560,0
DA:561,0
DA:563,0
DA:596,0
DA:597,0
DA:603,0
DA:605,0
DA:606,0
DA:607,0
DA:608,0
DA:609,0
DA:610,0
DA:611,0
DA:619,0
DA:620,0
DA:621,0
DA:622,0
DA:623,0
DA:626,0
DA:627,0
DA:629,0
DA:634,0
DA:639,0
DA:648,0
DA:649,0
DA:652,0
DA:655,0
DA:656,0
DA:657,0
DA:659,0
DA:662,0
DA:667,0
DA:668,0
DA:669,0
DA:670,0
DA:671,0
DA:679,0
DA:681,0
DA:688,0
DA:691,0
DA:705,0
DA:710,0
DA:722,0
DA:723,0
DA:724,0
DA:725,0
DA:727,0
DA:728,0
DA:729,0
DA:732,0
DA:735,0
DA:736,0
DA:744,0
DA:745,0
DA:746,0
DA:758,0
DA:759,0
DA:760,0
DA:761,0
DA:762,0
DA:765,0
DA:770,0
DA:780,0
DA:781,0
DA:784,0
DA:785,0
DA:792,0
DA:795,0
DA:799,0
DA:805,0
DA:810,0
DA:820,0
DA:821,0
DA:829,0
DA:830,0
DA:831,0
DA:832,0
DA:840,0
DA:843,0
DA:849,0
DA:854,0
DA:855,0
DA:859,0
DA:863,0
DA:864,0
DA:865,0
DA:866,0
DA:870,0
DA:871,0
DA:872,0
DA:873,0
DA:875,0
DA:876,0
DA:880,0
DA:881,0
DA:884,0
DA:900,0
DA:902,0
DA:909,0
DA:910,0
DA:918,0
DA:919,0
DA:920,0
DA:921,0
DA:924,0
DA:929,0
DA:950,0
DA:951,0
DA:954,0
DA:961,0
DA:962,0
DA:970,0
DA:971,0
DA:972,0
DA:973,0
DA:976,0
DA:981,0
DA:985,0
DA:986,0
DA:990,0
DA:999,0
DA:1004,0
DA:1008,0
LF:264
LH:0
BRDA:17,0,0,0
BRDA:17,0,1,0
BRDA:20,1,0,0
BRDA:20,1,1,0
BRDA:21,2,0,0
BRDA:21,2,1,0
BRDA:22,3,0,0
BRDA:22,3,1,0
BRDA:23,4,0,0
BRDA:23,4,1,0
BRDA:24,5,0,0
BRDA:24,5,1,0
BRDA:32,6,0,0
BRDA:32,6,1,0
BRDA:32,7,0,0
BRDA:32,7,1,0
BRDA:37,8,0,0
BRDA:37,8,1,0
BRDA:38,9,0,0
BRDA:38,9,1,0
BRDA:39,10,0,0
BRDA:39,10,1,0
BRDA:40,11,0,0
BRDA:40,11,1,0
BRDA:53,12,0,0
BRDA:53,12,1,0
BRDA:57,13,0,0
BRDA:57,13,1,0
BRDA:57,13,2,0
BRDA:57,13,3,0
BRDA:69,14,0,0
BRDA:69,14,1,0
BRDA:71,15,0,0
BRDA:71,15,1,0
BRDA:74,16,0,0
BRDA:74,16,1,0
BRDA:78,17,0,0
BRDA:78,17,1,0
BRDA:81,18,0,0
BRDA:81,18,1,0
BRDA:83,19,0,0
BRDA:83,19,1,0
BRDA:142,20,0,0
BRDA:142,20,1,0
BRDA:153,21,0,0
BRDA:153,21,1,0
BRDA:164,22,0,0
BRDA:164,22,1,0
BRDA:164,23,0,0
BRDA:164,23,1,0
BRDA:164,23,2,0
BRDA:173,24,0,0
BRDA:173,24,1,0
BRDA:183,25,0,0
BRDA:183,25,1,0
BRDA:183,26,0,0
BRDA:183,26,1,0
BRDA:215,27,0,0
BRDA:215,27,1,0
BRDA:223,28,0,0
BRDA:223,28,1,0
BRDA:229,29,0,0
BRDA:229,29,1,0
BRDA:233,30,0,0
BRDA:233,30,1,0
BRDA:244,31,0,0
BRDA:244,31,1,0
BRDA:256,32,0,0
BRDA:256,32,1,0
BRDA:257,33,0,0
BRDA:257,33,1,0
BRDA:259,34,0,0
BRDA:259,34,1,0
BRDA:280,35,0,0
BRDA:280,35,1,0
BRDA:281,36,0,0
BRDA:281,36,1,0
BRDA:315,37,0,0
BRDA:315,37,1,0
BRDA:344,38,0,0
BRDA:344,38,1,0
BRDA:352,39,0,0
BRDA:352,39,1,0
BRDA:392,40,0,0
BRDA:392,40,1,0
BRDA:392,41,0,0
BRDA:392,41,1,0
BRDA:427,42,0,0
BRDA:427,42,1,0
BRDA:427,43,0,0
BRDA:427,43,1,0
BRDA:436,44,0,0
BRDA:436,44,1,0
BRDA:460,45,0,0
BRDA:460,45,1,0
BRDA:499,46,0,0
BRDA:499,46,1,0
BRDA:514,47,0,0
BRDA:514,47,1,0
BRDA:553,48,0,0
BRDA:553,48,1,0
BRDA:605,49,0,0
BRDA:605,49,1,0
BRDA:606,50,0,0
BRDA:606,50,1,0
BRDA:607,51,0,0
BRDA:607,51,1,0
BRDA:608,52,0,0
BRDA:608,52,1,0
BRDA:609,53,0,0
BRDA:609,53,1,0
BRDA:610,54,0,0
BRDA:610,54,1,0
BRDA:623,55,0,0
BRDA:626,56,0,0
BRDA:626,56,1,0
BRDA:648,57,0,0
BRDA:648,57,1,0
BRDA:662,58,0,0
BRDA:662,58,1,0
BRDA:668,59,0,0
BRDA:668,59,1,0
BRDA:727,60,0,0
BRDA:727,60,1,0
BRDA:762,61,0,0
BRDA:780,62,0,0
BRDA:780,62,1,0
BRDA:784,63,0,0
BRDA:784,63,1,0
BRDA:792,64,0,0
BRDA:792,64,1,0
BRDA:854,65,0,0
BRDA:854,65,1,0
BRDA:863,66,0,0
BRDA:863,66,1,0
BRDA:865,67,0,0
BRDA:865,67,1,0
BRDA:865,68,0,0
BRDA:865,68,1,0
BRDA:870,69,0,0
BRDA:870,69,1,0
BRDA:872,70,0,0
BRDA:872,70,1,0
BRDA:872,71,0,0
BRDA:872,71,1,0
BRDA:875,72,0,0
BRDA:875,72,1,0
BRDA:875,73,0,0
BRDA:875,73,1,0
BRDA:880,74,0,0
BRDA:880,74,1,0
BRDA:950,75,0,0
BRDA:950,75,1,0
BRDA:985,76,0,0
BRDA:985,76,1,0
BRF:155
BRH:0
end_of_record
TN:
SF:services/atsOptimizer.js
FN:16,(anonymous_0)
FN:51,(anonymous_1)
FN:95,(anonymous_2)
FN:109,(anonymous_3)
FN:113,(anonymous_4)
FN:141,(anonymous_5)
FN:200,(anonymous_6)
FN:205,(anonymous_7)
FN:220,(anonymous_8)
FN:234,(anonymous_9)
FN:262,(anonymous_10)
FN:268,(anonymous_11)
FN:277,(anonymous_12)
FN:283,(anonymous_13)
FN:289,(anonymous_14)
FN:297,(anonymous_15)
FN:300,(anonymous_16)
FN:307,(anonymous_17)
FN:313,(anonymous_18)
FN:319,(anonymous_19)
FN:325,(anonymous_20)
FN:331,(anonymous_21)
FN:339,(anonymous_22)
FN:343,(anonymous_23)
FN:345,(anonymous_24)
FN:358,(anonymous_25)
FN:365,(anonymous_26)
FN:368,(anonymous_27)
FN:370,(anonymous_28)
FN:383,(anonymous_29)
FN:387,(anonymous_30)
FN:388,(anonymous_31)
FN:392,(anonymous_32)
FN:398,(anonymous_33)
FN:401,(anonymous_34)
FN:408,(anonymous_35)
FN:412,(anonymous_36)
FN:423,(anonymous_37)
FN:436,(anonymous_38)
FNF:39
FNH:0
FNDA:0,(anonymous_0)
FNDA:0,(anonymous_1)
FNDA:0,(anonymous_2)
FNDA:0,(anonymous_3)
FNDA:0,(anonymous_4)
FNDA:0,(anonymous_5)
FNDA:0,(anonymous_6)
FNDA:0,(anonymous_7)
FNDA:0,(anonymous_8)
FNDA:0,(anonymous_9)
FNDA:0,(anonymous_10)
FNDA:0,(anonymous_11)
FNDA:0,(anonymous_12)
FNDA:0,(anonymous_13)
FNDA:0,(anonymous_14)
FNDA:0,(anonymous_15)
FNDA:0,(anonymous_16)
FNDA:0,(anonymous_17)
FNDA:0,(anonymous_18)
FNDA:0,(anonymous_19)
FNDA:0,(anonymous_20)
FNDA:0,(anonymous_21)
FNDA:0,(anonymous_22)
FNDA:0,(anonymous_23)
FNDA:0,(anonymous_24)
FNDA:0,(anonymous_25)
FNDA:0,(anonymous_26)
FNDA:0,(anonymous_27)
FNDA:0,(anonymous_28)
FNDA:0,(anonymous_29)
FNDA:0,(anonymous_30)
FNDA:0,(anonymous_31)
FNDA:0,(anonymous_32)
FNDA:0,(anonymous_33)
FNDA:0,(anonymous_34)
FNDA:0,(anonymous_35)
FNDA:0,(anonymous_36)
FNDA:0,(anonymous_37)
FNDA:0,(anonymous_38)
DA:18,0
DA:37,0
DA:52,0
DA:53,0
DA:63,0
DA:66,0
DA:69,0
DA:72,0
DA:75,0
DA:76,0
DA:79,0
DA:81,0
DA:96,0
DA:97,0
DA:105,0
DA:106,0
DA:109,0
DA:110,0
DA:113,0
DA:114,0
DA:118,0
DA:123,0
DA:129,0
DA:142,0
DA:143,0
DA:146,0
DA:147,0
DA:150,0
DA:151,0
DA:154,0
DA:155,0
DA:159,0
DA:160,0
DA:162,0
DA:163,0
DA:166,0
DA:167,0
DA:171,0
DA:173,0
DA:174,0
DA:177,0
DA:178,0
DA:181,0
DA:182,0
DA:185,0
DA:186,0
DA:189,0
DA:201,0
DA:204,0
DA:205,0
DA:206,0
DA:209,0
DA:210,0
DA:220,0
DA:221,0
DA:224,0
DA:225,0
DA:234,0
DA:235,0
DA:238,0
DA:239,0
DA:248,0
DA:249,0
DA:257,0
DA:263,0
DA:266,0
DA:267,0
DA:268,0
DA:269,0
DA:270,0
DA:275,0
DA:276,0
DA:277,0
DA:281,0
DA:282,0
DA:283,0
DA:286,0
DA:290,0
DA:293,0
DA:297,0
DA:298,0
DA:299,0
DA:300,0
DA:304,0
DA:308,0
DA:311,0
DA:312,0
DA:313,0
DA:317,0
DA:318,0
DA:319,0
DA:323,0
DA:324,0
DA:325,0
DA:328,0
DA:332,0
DA:336,0
DA:339,0
DA:340,0
DA:342,0
DA:343,0
DA:344,0
DA:345,0
DA:346,0
DA:347,0
DA:355,0
DA:359,0
DA:363,0
DA:365,0
DA:366,0
DA:367,0
DA:368,0
DA:369,0
DA:370,0
DA:371,0
DA:372,0
DA:380,0
DA:384,0
DA:387,0
DA:390,0
DA:391,0
DA:392,0
DA:395,0
DA:399,0
DA:401,0
DA:402,0
DA:405,0
DA:409,0
DA:412,0
DA:413,0
DA:414,0
DA:423,0
DA:424,0
DA:425,0
DA:433,0
DA:437,0
DA:438,0
DA:439,0
DA:440,0
DA:445,0
DA:446,0
LF:141
LH:0
BRDA:52,0,0,0
BRDA:52,0,1,0
BRDA:52,1,0,0
BRDA:52,1,1,0
BRDA:96,2,0,0
BRDA:96,2,1,0
BRDA:96,3,0,0
BRDA:96,3,1,0
BRDA:100,4,0,0
BRDA:100,4,1,0
BRDA:106,5,0,0
BRDA:106,5,1,0
BRDA:118,6,0,0
BRDA:118,6,1,0
BRDA:125,7,0,0
BRDA:125,7,1,0
BRDA:126,8,0,0
BRDA:126,8,1,0
BRDA:134,9,0,0
BRDA:134,9,1,0
BRDA:146,10,0,0
BRDA:146,10,1,0
BRDA:146,11,0,0
BRDA:146,11,1,0
BRDA:150,12,0,0
BRDA:150,12,1,0
BRDA:150,13,0,0
BRDA:150,13,1,0
BRDA:154,14,0,0
BRDA:154,14,1,0
BRDA:162,15,0,0
BRDA:162,15,1,0
BRDA:166,16,0,0
BRDA:166,16,1,0
BRDA:171,17,0,0
BRDA:171,17,1,0
BRDA:174,18,0,0
BRDA:174,18,1,0
BRDA:177,19,0,0
BRDA:177,19,1,0
BRDA:181,20,0,0
BRDA:181,20,1,0
BRDA:185,21,0,0
BRDA:185,21,1,0
BRDA:204,22,0,0
BRDA:204,22,1,0
BRDA:205,23,0,0
BRDA:205,23,1,0
BRDA:209,24,0,0
BRDA:209,24,1,0
BRDA:220,25,0,0
BRDA:220,25,1,0
BRDA:224,26,0,0
BRDA:224,26,1,0
BRDA:234,27,0,0
BRDA:234,27,1,0
BRDA:238,28,0,0
BRDA:238,28,1,0
BRDA:248,29,0,0
BRDA:248,29,1,0
BRDA:267,30,0,0
BRDA:267,30,1,0
BRDA:276,31,0,0
BRDA:276,31,1,0
BRDA:282,32,0,0
BRDA:282,32,1,0
BRDA:299,33,0,0
BRDA:299,33,1,0
BRDA:312,34,0,0
BRDA:312,34,1,0
BRDA:318,35,0,0
BRDA:318,35,1,0
BRDA:324,36,0,0
BRDA:324,36,1,0
BRDA:340,37,0,0
BRDA:340,37,1,0
BRDA:344,38,0,0
BRDA:344,38,1,0
BRDA:346,39,0,0
BRDA:346,39,1,0
BRDA:366,40,0,0
BRDA:366,40,1,0
BRDA:369,41,0,0
BRDA:369,41,1,0
BRDA:371,42,0,0
BRDA:371,42,1,0
BRDA:391,43,0,0
BRDA:391,43,1,0
BRDA:391,43,2,0
BRDA:399,44,0,0
BRDA:399,44,1,0
BRDA:413,45,0,0
BRDA:413,45,1,0
BRDA:424,46,0,0
BRDA:424,46,1,0
BRDA:424,47,0,0
BRDA:424,47,1,0
BRF:97
BRH:0
end_of_record
TN:
SF:services/cloudStorage.js
FN:17,(anonymous_0)
FN:43,(anonymous_1)
FN:91,(anonymous_2)
FN:128,(anonymous_3)
FN:153,(anonymous_4)
FN:169,(anonymous_5)
FN:195,(anonymous_6)
FN:215,(anonymous_7)
FN:223,(anonymous_8)
FN:240,(anonymous_9)
FN:266,(anonymous_10)
FNF:11
FNH:0
FNDA:0,(anonymous_0)
FNDA:0,(anonymous_1)
FNDA:0,(anonymous_2)
FNDA:0,(anonymous_3)
FNDA:0,(anonymous_4)
FNDA:0,(anonymous_5)
FNDA:0,(anonymous_6)
FNDA:0,(anonymous_7)
FNDA:0,(anonymous_8)
FNDA:0,(anonymous_9)
FNDA:0,(anonymous_10)
DA:13,0
DA:14,0
DA:21,0
DA:26,0
DA:27,0
DA:30,0
DA:32,0
DA:44,0
DA:46,0
DA:47,0
DA:50,0
DA:53,0
DA:70,0
DA:72,0
DA:80,0
DA:81,0
DA:92,0
DA:93,0
DA:96,0
DA:97,0
DA:98,0
DA:102,0
DA:107,0
DA:113,0
DA:115,0
DA:118,0
DA:119,0
DA:129,0
DA:130,0
DA:133,0
DA:134,0
DA:135,0
DA:136,0
DA:139,0
DA:140,0
DA:143,0
DA:144,0
DA:154,0
DA:155,0
DA:156,0
DA:157,0
DA:159,0
DA:160,0
DA:170,0
DA:171,0
DA:172,0
DA:174,0
DA:185,0
DA:186,0
DA:196,0
DA:197,0
DA:198,0
DA:200,0
DA:201,0
DA:204,0
DA:205,0
DA:216,0
DA:217,0
DA:218,0
DA:223,0
DA:231,0
DA:232,0
DA:241,0
DA:242,0
DA:243,0
DA:244,0
DA:245,0
DA:249,0
DA:251,0
DA:252,0
DA:255,0
DA:256,0
DA:267,0
DA:275,0
DA:276,0
LF:75
LH:0
BRDA:22,0,0,0
BRDA:22,0,1,0
BRDA:26,1,0,0
BRDA:26,1,1,0
BRDA:30,2,0,0
BRDA:30,2,1,0
BRDA:91,3,0,0
BRDA:97,4,0,0
BRDA:97,4,1,0
BRDA:102,5,0,0
BRDA:102,5,1,0
BRDA:113,6,0,0
BRDA:113,6,1,0
BRDA:134,7,0,0
BRDA:134,7,1,0
BRDA:181,8,0,0
BRDA:181,8,1,0
BRDA:215,9,0,0
BRDA:243,10,0,0
BRDA:243,10,1,0
BRF:20
BRH:0
end_of_record
TN:
SF:services/geminiService.js
FN:8,(anonymous_0)
FN:23,(anonymous_1)
FN:34,(anonymous_2)
FN:47,(anonymous_3)
FN:75,(anonymous_4)
FN:94,(anonymous_5)
FNF:6
FNH:0
FNDA:0,(anonymous_0)
FNDA:0,(anonymous_1)
FNDA:0,(anonymous_2)
FNDA:0,(anonymous_3)
FNDA:0,(anonymous_4)
FNDA:0,(anonymous_5)
DA:1,0
DA:9,0
DA:11,0
DA:12,0
DA:13,0
DA:15,0
DA:24,0
DA:25,0
DA:27,0
DA:35,0
DA:36,0
DA:38,0
DA:48,0
DA:51,0
DA:59,0
DA:60,0
DA:62,0
DA:76,0
DA:79,0
DA:81,0
DA:82,0
DA:84,0
DA:95,0
DA:114,0
DA:116,0
LF:25
LH:0
BRDA:11,0,0,0
BRDA:11,0,1,0
BRDA:24,1,0,0
BRDA:24,1,1,0
BRDA:35,2,0,0
BRDA:35,2,1,0
BRDA:47,3,0,0
BRDA:64,4,0,0
BRDA:64,4,1,0
BRDA:86,5,0,0
BRDA:86,5,1,0
BRF:11
BRH:0
end_of_record
TN:
SF:services/geminiServiceVertex.js
FN:9,(anonymous_0)
FN:29,(anonymous_1)
FN:41,(anonymous_2)
FN:53,(anonymous_3)
FN:76,(anonymous_4)
FN:89,(anonymous_5)
FNF:6
FNH:2
FNDA:1,(anonymous_0)
FNDA:5,(anonymous_1)
FNDA:0,(anonymous_2)
FNDA:0,(anonymous_3)
FNDA:0,(anonymous_4)
FNDA:0,(anonymous_5)
DA:6,1
DA:11,1
DA:12,1
DA:14,1
DA:15,1
DA:19,1
DA:21,0
DA:22,0
DA:30,5
DA:31,0
DA:33,5
DA:42,0
DA:43,0
DA:45,0
DA:54,0
DA:56,0
DA:64,0
DA:65,0
DA:67,0
DA:77,0
DA:78,0
DA:80,0
DA:81,0
DA:83,0
DA:91,0
DA:93,0
DA:94,0
DA:97,0
DA:98,0
DA:99,0
DA:100,0
DA:102,0
DA:106,0
DA:107,0
DA:108,0
DA:109,0
DA:111,0
DA:115,0
DA:116,0
DA:117,0
DA:118,0
DA:120,0
DA:124,0
DA:125,0
DA:126,0
DA:127,0
DA:129,0
DA:133,0
DA:134,0
DA:135,0
DA:136,0
DA:138,0
DA:141,0
DA:164,0
DA:166,0
DA:245,1
DA:246,1
LF:57
LH:10
BRDA:11,0,0,1
BRDA:11,0,1,1
BRDA:30,1,0,0
BRDA:30,1,1,5
BRDA:42,2,0,0
BRDA:42,2,1,0
BRDA:53,3,0,0
BRDA:69,4,0,0
BRDA:69,4,1,0
BRDA:85,5,0,0
BRDA:85,5,1,0
BRDA:93,6,0,0
BRDA:93,6,1,0
BRDA:97,7,0,0
BRDA:97,7,1,0
BRDA:99,8,0,0
BRDA:99,8,1,0
BRDA:106,9,0,0
BRDA:106,9,1,0
BRDA:108,10,0,0
BRDA:108,10,1,0
BRDA:115,11,0,0
BRDA:115,11,1,0
BRDA:117,12,0,0
BRDA:117,12,1,0
BRDA:124,13,0,0
BRDA:124,13,1,0
BRDA:126,14,0,0
BRDA:126,14,1,0
BRDA:133,15,0,0
BRDA:133,15,1,0
BRDA:135,16,0,0
BRDA:135,16,1,0
BRDA:147,17,0,0
BRDA:147,17,1,0
BRDA:147,18,0,0
BRDA:147,18,1,0
BRDA:148,19,0,0
BRDA:148,19,1,0
BRDA:148,20,0,0
BRDA:148,20,1,0
BRDA:149,21,0,0
BRDA:149,21,1,0
BRDA:149,22,0,0
BRDA:149,22,1,0
BRDA:150,23,0,0
BRDA:150,23,1,0
BRDA:150,24,0,0
BRDA:150,24,1,0
BRDA:151,25,0,0
BRDA:151,25,1,0
BRDA:151,26,0,0
BRDA:151,26,1,0
BRDA:153,27,0,0
BRDA:153,27,1,0
BRDA:154,28,0,0
BRDA:154,28,1,0
BRDA:164,29,0,0
BRDA:164,29,1,0
BRDA:164,29,2,0
BRDA:164,29,3,0
BRDA:174,30,0,0
BRDA:174,30,1,0
BRDA:177,31,0,0
BRDA:177,31,1,0
BRDA:180,32,0,0
BRDA:180,32,1,0
BRDA:186,33,0,0
BRDA:186,33,1,0
BRF:69
BRH:3
end_of_record
TN:
SF:services/jobDescriptionAnalyzer.js
FN:15,(anonymous_0)
FN:25,(anonymous_1)
FN:52,(anonymous_2)
FN:238,(anonymous_3)
FN:257,(anonymous_4)
FN:264,(anonymous_5)
FN:308,(anonymous_6)
FN:371,(anonymous_7)
FN:409,(anonymous_8)
FN:442,(anonymous_9)
FN:460,(anonymous_10)
FNF:11
FNH:11
FNDA:46,(anonymous_0)
FNDA:21,(anonymous_1)
FNDA:20,(anonymous_2)
FNDA:26,(anonymous_3)
FNDA:598,(anonymous_4)
FNDA:260,(anonymous_5)
FNDA:24,(anonymous_6)
FNDA:29,(anonymous_7)
FNDA:28,(anonymous_8)
FNDA:10,(anonymous_9)
FNDA:30,(anonymous_10)
DA:16,46
DA:26,21
DA:27,1
DA:32,20
DA:38,20
DA:57,20
DA:74,20
DA:182,20
DA:183,20
DA:184,20
DA:185,14
DA:189,14
DA:191,14
DA:192,0
DA:194,0
DA:196,0
DA:199,14
DA:202,14
DA:204,14
DA:206,14
DA:211,14
DA:213,14
DA:214,14
DA:217,0
DA:218,0
DA:221,0
DA:223,0
DA:226,20
DA:227,20
DA:230,20
DA:231,20
DA:239,26
DA:242,26
DA:243,26
DA:244,9
DA:245,17
DA:246,13
DA:247,4
DA:248,1
DA:252,26
DA:257,598
DA:260,26
DA:264,260
DA:267,26
DA:268,26
DA:270,26
DA:309,24
DA:312,24
DA:313,24
DA:314,24
DA:323,0
DA:334,24
DA:335,24
DA:336,24
DA:347,24
DA:348,24
DA:358,24
DA:359,24
DA:362,24
DA:363,24
DA:365,24
DA:372,29
DA:403,29
DA:410,28
DA:412,28
DA:413,28
DA:415,28
DA:416,5
DA:417,5
DA:418,23
DA:419,22
DA:420,22
DA:421,1
DA:422,1
DA:423,1
DA:425,0
DA:426,0
DA:429,28
DA:443,10
DA:445,10
DA:446,1
DA:449,9
DA:450,1
DA:454,8
DA:459,8
DA:460,30
DA:462,8
DA:463,2
DA:469,6
DA:473,2
LF:90
LH:80
BRDA:25,0,0,11
BRDA:26,1,0,1
BRDA:26,1,1,20
BRDA:26,2,0,21
BRDA:26,2,1,21
BRDA:40,3,0,9
BRDA:40,3,1,11
BRDA:41,4,0,20
BRDA:41,4,1,20
BRDA:42,5,0,20
BRDA:42,5,1,20
BRDA:44,6,0,0
BRDA:44,6,1,20
BRDA:52,7,0,0
BRDA:57,8,0,9
BRDA:57,8,1,11
BRDA:189,9,0,14
BRDA:189,9,1,0
BRDA:192,10,0,0
BRDA:192,10,1,0
BRDA:192,11,0,0
BRDA:192,11,1,0
BRDA:211,12,0,14
BRDA:211,12,1,0
BRDA:211,13,0,14
BRDA:211,13,1,0
BRDA:211,13,2,0
BRDA:211,13,3,0
BRDA:218,14,0,0
BRDA:218,14,1,0
BRDA:222,15,0,0
BRDA:222,15,1,0
BRDA:243,16,0,9
BRDA:243,16,1,17
BRDA:243,17,0,26
BRDA:243,17,1,25
BRDA:243,17,2,17
BRDA:245,18,0,13
BRDA:245,18,1,4
BRDA:245,19,0,17
BRDA:245,19,1,4
BRDA:245,19,2,4
BRDA:247,20,0,1
BRDA:247,20,1,3
BRDA:247,21,0,4
BRDA:247,21,1,4
BRDA:247,21,2,3
BRDA:267,22,0,26
BRDA:267,22,1,25
BRDA:275,23,0,21
BRDA:275,23,1,5
BRDA:276,24,0,8
BRDA:276,24,1,18
BRDA:312,25,0,24
BRDA:312,25,1,0
BRDA:334,26,0,24
BRDA:334,26,1,0
BRDA:347,27,0,24
BRDA:347,27,1,0
BRDA:403,28,0,29
BRDA:403,28,1,1
BRDA:415,29,0,5
BRDA:415,29,1,23
BRDA:415,30,0,28
BRDA:415,30,1,5
BRDA:418,31,0,22
BRDA:418,31,1,1
BRDA:421,32,0,1
BRDA:421,32,1,0
BRDA:421,33,0,1
BRDA:421,33,1,0
BRDA:445,34,0,1
BRDA:445,34,1,9
BRDA:449,35,0,1
BRDA:449,35,1,8
BRDA:462,36,0,2
BRDA:462,36,1,6
BRF:77
BRH:57
end_of_record
TN:
SF:services/pdfGenerator.js
FN:18,(anonymous_0)
FN:33,(anonymous_1)
FN:52,(anonymous_2)
FN:66,(anonymous_3)
FN:108,(anonymous_4)
FN:132,(anonymous_5)
FN:346,(anonymous_6)
FN:353,(anonymous_7)
FN:384,(anonymous_8)
FN:389,(anonymous_9)
FNF:10
FNH:0
FNDA:0,(anonymous_0)
FNDA:0,(anonymous_1)
FNDA:0,(anonymous_2)
FNDA:0,(anonymous_3)
FNDA:0,(anonymous_4)
FNDA:0,(anonymous_5)
FNDA:0,(anonymous_6)
FNDA:0,(anonymous_7)
FNDA:0,(anonymous_8)
FNDA:0,(anonymous_9)
DA:13,0
DA:14,0
DA:15,0
DA:19,0
DA:22,0
DA:34,0
DA:35,0
DA:44,0
DA:46,0
DA:53,0
DA:54,0
DA:55,0
DA:56,0
DA:67,0
DA:68,0
DA:70,0
DA:72,0
DA:75,0
DA:78,0
DA:81,0
DA:86,0
DA:98,0
DA:101,0
DA:109,0
DA:133,0
DA:241,0
DA:340,0
DA:347,0
DA:354,0
DA:381,0
DA:384,0
DA:385,0
DA:386,0
DA:389,0
DA:390,0
DA:391,0
DA:394,0
LF:37
LH:0
BRDA:34,0,0,0
BRDA:34,0,1,0
BRDA:53,1,0,0
BRDA:53,1,1,0
BRDA:66,2,0,0
BRDA:340,3,0,0
BRDA:340,3,1,0
BRF:7
BRH:0
end_of_record
TN:
SF:services/personalityInference.js
FN:162,countKeywordMatches
FN:164,(anonymous_1)
FN:173,calculateTraitScore
FN:189,determineWorkStyle
FN:211,determineLeadershipStyle
FN:222,(anonymous_5)
FN:227,(anonymous_6)
FN:233,determineCommunicationStyle
FN:241,(anonymous_8)
FN:247,determineMotivationType
FN:255,(anonymous_10)
FN:261,determineDecisionMaking
FN:277,calculateConfidence
FN:290,inferPersonality
FN:293,(anonymous_14)
FN:294,(anonymous_15)
FN:318,(anonymous_16)
FNF:17
FNH:17
FNDA:742,countKeywordMatches
FNDA:5185,(anonymous_1)
FNDA:153,calculateTraitScore
FNDA:33,determineWorkStyle
FNDA:34,determineLeadershipStyle
FNDA:88,(anonymous_5)
FNDA:20,(anonymous_6)
FNDA:34,determineCommunicationStyle
FNDA:102,(anonymous_8)
FNDA:33,determineMotivationType
FNDA:99,(anonymous_10)
FNDA:29,determineDecisionMaking
FNDA:29,calculateConfidence
FNDA:29,inferPersonality
FNDA:69,(anonymous_14)
FNDA:46,(anonymous_15)
FNDA:69,(anonymous_16)
DA:16,2
DA:125,2
DA:133,2
DA:142,2
DA:152,2
DA:163,742
DA:164,742
DA:165,5185
DA:174,153
DA:175,153
DA:180,153
DA:183,153
DA:190,33
DA:194,33
DA:199,33
DA:200,9
DA:201,24
DA:202,3
DA:204,21
DA:212,34
DA:222,88
DA:223,24
DA:227,20
DA:234,34
DA:241,102
DA:248,33
DA:255,99
DA:262,29
DA:263,1
DA:264,28
DA:265,1
DA:267,27
DA:279,29
DA:282,29
DA:292,29
DA:293,69
DA:294,46
DA:298,29
DA:299,29
DA:303,29
DA:304,29
DA:308,29
DA:311,29
DA:312,29
DA:313,29
DA:314,29
DA:315,29
DA:318,69
DA:319,29
DA:320,29
DA:322,29
DA:343,2
LF:52
LH:52
BRDA:165,0,0,188
BRDA:165,0,1,4997
BRDA:199,1,0,9
BRDA:199,1,1,24
BRDA:201,2,0,3
BRDA:201,2,1,21
BRDA:222,3,0,24
BRDA:222,3,1,10
BRDA:227,4,0,13
BRDA:227,4,1,7
BRDA:241,5,0,15
BRDA:241,5,1,87
BRDA:255,6,0,15
BRDA:255,6,1,84
BRDA:262,7,0,1
BRDA:262,7,1,28
BRDA:264,8,0,1
BRDA:264,8,1,27
BRF:18
BRH:18
end_of_record
TN:
SF:services/personalityInferenceGemini.js
FN:13,buildBig5Prompt
FN:15,(anonymous_1)
FN:16,(anonymous_2)
FN:124,inferPersonalityWithGemini
FN:191,(anonymous_4)
FNF:5
FNH:0
FNDA:0,buildBig5Prompt
FNDA:0,(anonymous_1)
FNDA:0,(anonymous_2)
FNDA:0,inferPersonalityWithGemini
FNDA:0,(anonymous_4)
DA:6,1
DA:14,0
DA:15,0
DA:16,0
DA:19,0
DA:125,0
DA:126,0
DA:128,0
DA:130,0
DA:131,0
DA:132,0
DA:136,0
DA:137,0
DA:138,0
DA:139,0
DA:141,0
DA:144,0
DA:147,0
DA:148,0
DA:150,0
DA:153,0
DA:154,0
DA:158,0
DA:175,0
DA:182,0
DA:185,0
DA:186,0
DA:189,0
DA:190,0
DA:191,0
DA:198,1
LF:31
LH:2
BRDA:136,0,0,0
BRDA:136,0,1,0
BRDA:138,1,0,0
BRDA:138,1,1,0
BRDA:138,2,0,0
BRDA:138,2,1,0
BRDA:153,3,0,0
BRDA:153,3,1,0
BRDA:153,4,0,0
BRDA:153,4,1,0
BRF:10
BRH:0
end_of_record
TN:
SF:services/personalityQuestions.js
FN:125,getPersonalityQuestions
FN:126,(anonymous_1)
FN:132,getQuestionById
FN:133,(anonymous_3)
FN:139,validateAnswer
FN:167,getQuestionHint
FN:183,getFollowUpQuestion
FN:206,buildFullConversation
FN:220,(anonymous_8)
FN:237,(anonymous_9)
FN:243,(anonymous_10)
FNF:11
FNH:11
FNDA:13,getPersonalityQuestions
FNDA:65,(anonymous_1)
FNDA:33,getQuestionById
FNDA:104,(anonymous_3)
FNDA:6,validateAnswer
FNDA:68,getQuestionHint
FNDA:4,getFollowUpQuestion
FNDA:10,buildFullConversation
FNDA:50,(anonymous_8)
FNDA:60,(anonymous_9)
FNDA:80,(anonymous_10)
DA:16,1
DA:126,65
DA:133,104
DA:140,6
DA:141,6
DA:142,1
DA:145,5
DA:147,5
DA:148,2
DA:154,3
DA:155,1
DA:161,2
DA:168,68
DA:177,68
DA:184,4
DA:185,4
DA:187,3
DA:190,3
DA:191,3
DA:195,3
DA:196,1
DA:200,2
DA:208,10
DA:220,10
DA:221,50
DA:236,10
DA:237,10
DA:238,60
DA:243,80
DA:255,10
DA:264,10
DA:267,1
LF:32
LH:32
BRDA:141,0,0,1
BRDA:141,0,1,5
BRDA:147,1,0,2
BRDA:147,1,1,3
BRDA:154,2,0,1
BRDA:154,2,1,2
BRDA:177,3,0,68
BRDA:177,3,1,1
BRDA:185,4,0,1
BRDA:185,4,1,3
BRDA:191,5,0,3
BRDA:191,5,1,3
BRDA:191,5,2,2
BRDA:195,6,0,1
BRDA:195,6,1,2
BRDA:195,7,0,3
BRDA:195,7,1,2
BRDA:195,7,2,2
BRF:18
BRH:18
end_of_record
TN:
SF:services/questionFramework.js
FN:180,getNextQuestion
FN:182,(anonymous_1)
FN:195,getQuestionById
FN:196,(anonymous_3)
FN:202,getTotalQuestions
FN:203,(anonymous_5)
FN:209,getProgress
FNF:7
FNH:7
FNDA:94,getNextQuestion
FNDA:1692,(anonymous_1)
FNDA:40,getQuestionById
FNDA:368,(anonymous_3)
FNDA:89,getTotalQuestions
FNDA:1602,(anonymous_5)
FNDA:43,getProgress
DA:6,2
DA:14,2
DA:182,1692
DA:185,94
DA:186,7
DA:189,87
DA:196,368
DA:203,1602
DA:210,43
DA:211,43
DA:214,2
LF:11
LH:11
BRDA:180,0,0,93
BRDA:185,1,0,7
BRDA:185,1,1,87
BRF:3
BRH:3
end_of_record
TN:
SF:utils/docx-parser.js
FN:3,extractTextFromDocx
FNF:1
FNH:0
FNDA:0,extractTextFromDocx
DA:1,0
DA:4,0
DA:5,0
DA:6,0
DA:8,0
DA:9,0
DA:13,0
LF:7
LH:0
BRF:0
BRH:0
end_of_record
TN:
SF:utils/logger.js
FNF:0
FNH:0
DA:1,0
DA:4,0
DA:18,0
DA:19,0
DA:27,0
LF:5
LH:0
BRDA:5,0,0,0
BRDA:5,0,1,0
BRDA:18,1,0,0
BRDA:18,1,1,0
BRF:4
BRH:0
end_of_record
TN:
SF:utils/pdf-parser.js
FN:3,extractTextFromPdf
FNF:1
FNH:0
FNDA:0,extractTextFromPdf
DA:1,0
DA:4,0
DA:5,0
DA:6,0
DA:7,0
DA:9,0
DA:10,0
DA:14,0
LF:8
LH:0
BRF:0
BRH:0
end_of_record
